#
# There is insufficient memory for the Java Runtime Environment to continue.
# Native memory allocation (mmap) failed to map 62914560 bytes for G1 virtual space
# Possible reasons:
#   The system is out of physical RAM or swap space
#   The process is running with CompressedOops enabled, and the Java Heap may be blocking the growth of the native heap
# Possible solutions:
#   Reduce memory load on the system
#   Increase physical memory or swap space
#   Check if swap backing store is full
#   Decrease Java heap size (-Xmx/-Xms)
#   Decrease number of Java threads
#   Decrease Java thread stack sizes (-Xss)
#   Set larger code cache with -XX:ReservedCodeCacheSize=
#   JVM is running with Unscaled Compressed Oops mode in which the Java heap is
#     placed in the first 4GB address space. The Java Heap base address is the
#     maximum limit for the native heap growth. Please use -XX:HeapBaseMinAddress
#     to set the Java Heap base and to place the Java Heap above 4GB virtual address.
# This output file may be truncated or incomplete.
#
#  Out of Memory Error (os_windows.cpp:3600), pid=10580, tid=7092
#
# JRE version:  (21.0.2+13) (build )
# Java VM: Java HotSpot(TM) 64-Bit Server VM (21.0.2+13-LTS-58, mixed mode, sharing, tiered, compressed oops, compressed class ptrs, g1 gc, windows-amd64)
# No core dump will be written. Minidumps are not enabled by default on client versions of Windows
#

---------------  S U M M A R Y ------------

Command Line: -Dfile.encoding=UTF-8 --module-path=C:\Users\NIRWAN\OneDrive\Documents\NetBeansProjects\Student Results Management System\build\classes Interfaces.LoginStu

Host: AMD Ryzen 3 2200U with Radeon Vega Mobile Gfx  , 4 cores, 3G,  Windows 10 , 64 bit Build 19041 (10.0.19041.3636)
Time: Thu Apr 18 00:00:34 2024 Sri Lanka Standard Time elapsed time: 0.050347 seconds (0d 0h 0m 0s)

---------------  T H R E A D  ---------------

Current thread (0x00000209edceb1b0):  JavaThread "Unknown thread" [_thread_in_vm, id=7092, stack(0x00000021d1100000,0x00000021d1200000) (1024K)]

Stack: [0x00000021d1100000,0x00000021d1200000]
Native frames: (J=compiled Java code, j=interpreted, Vv=VM code, C=native code)
V  [jvm.dll+0x6cade9]
V  [jvm.dll+0x8569c1]
V  [jvm.dll+0x858d2e]
V  [jvm.dll+0x859413]
V  [jvm.dll+0x280e56]
V  [jvm.dll+0x6c74d5]
V  [jvm.dll+0x6bbeca]
V  [jvm.dll+0x355bca]
V  [jvm.dll+0x35d816]
V  [jvm.dll+0x3ae67e]
V  [jvm.dll+0x3ae928]
V  [jvm.dll+0x3295dc]
V  [jvm.dll+0x32a16b]
V  [jvm.dll+0x81efa9]
V  [jvm.dll+0x3bba01]
V  [jvm.dll+0x807928]
V  [jvm.dll+0x44f50e]
V  [jvm.dll+0x450e11]
C  [jli.dll+0x52a3]
C  [ucrtbase.dll+0x21bb2]
C  [KERNEL32.DLL+0x17344]
C  [ntdll.dll+0x526b1]


---------------  P R O C E S S  ---------------

Threads class SMR info:
_java_thread_list=0x00007ffb2026bb88, length=0, elements={
}

Java Threads: ( => current thread )
Total: 0

Other Threads:
  0x00000209efdeb570 WorkerThread "GC Thread#0"                     [id=2196, stack(0x00000021d1200000,0x00000021d1300000) (1024K)]
  0x00000209efdf4bf0 ConcurrentGCThread "G1 Main Marker"            [id=2284, stack(0x00000021d1300000,0x00000021d1400000) (1024K)]
  0x00000209efdf56f0 WorkerThread "G1 Conc#0"                       [id=6120, stack(0x00000021d1400000,0x00000021d1500000) (1024K)]

[error occurred during error reporting (printing all threads), id 0xc0000005, EXCEPTION_ACCESS_VIOLATION (0xc0000005) at pc=0x00007ffb1f9dc6a7]
VM state: not at safepoint (not fully initialized)

VM Mutex/Monitor currently owned by a thread:  ([mutex/lock_event])
[0x00007ffb202dce68] Heap_lock - owner thread: 0x00000209edceb1b0

Heap address: 0x00000000c5600000, size: 938 MB, Compressed Oops mode: 32-bit

CDS archive(s) mapped at: [0x0000000000000000-0x0000000000000000-0x0000000000000000), size 0, SharedBaseAddress: 0x0000000800000000, ArchiveRelocationMode: 1.
Narrow klass base: 0x0000000000000000, Narrow klass shift: 0, Narrow klass range: 0x0

GC Precious Log:
 CardTable entry size: 512
 Card Set container configuration: InlinePtr #cards 5 size 8 Array Of Cards #cards 12 size 40 Howl #buckets 4 coarsen threshold 1843 Howl Bitmap #cards 512 size 80 coarsen threshold 460 Card regions per heap region 1 cards per card region 2048

Heap:
 garbage-first heap   total 0K, used 0K [0x00000000c5600000, 0x0000000100000000)
  region size 1024K, 0 young (0K), 0 survivors (0K)

[error occurred during error reporting (printing heap information), id 0xc0000005, EXCEPTION_ACCESS_VIOLATION (0xc0000005) at pc=0x00007ffb1fdc39f9]
GC Heap History (0 events):
No events

Dll operation events (1 events):
Event: 0.029 Loaded shared library C:\Program Files\Java\jdk-21\bin\java.dll

Deoptimization events (0 events):
No events

Classes loaded (0 events):
No events

Classes unloaded (0 events):
No events

Classes redefined (0 events):
No events

Internal exceptions (0 events):
No events

ZGC Phase Switch (0 events):
No events

VM Operations (0 events):
No events

Events (0 events):
No events


Dynamic libraries:
0x00007ff76c930000 - 0x00007ff76c940000 	C:\Program Files\Java\jdk-21\bin\java.exe
0x00007ffb7bb90000 - 0x00007ffb7bd88000 	C:\WINDOWS\SYSTEM32\ntdll.dll
0x00007ffb7b670000 - 0x00007ffb7b72d000 	C:\WINDOWS\System32\KERNEL32.DLL
0x00007ffb79400000 - 0x00007ffb796f6000 	C:\WINDOWS\System32\KERNELBASE.dll
0x00007ffb79240000 - 0x00007ffb79340000 	C:\WINDOWS\System32\ucrtbase.dll
0x00007ffb73700000 - 0x00007ffb7371b000 	C:\Program Files\Java\jdk-21\bin\VCRUNTIME140.dll
0x00007ffb740f0000 - 0x00007ffb74109000 	C:\Program Files\Java\jdk-21\bin\jli.dll
0x00007ffb7b400000 - 0x00007ffb7b4b0000 	C:\WINDOWS\System32\ADVAPI32.dll
0x00007ffb79bc0000 - 0x00007ffb79c5e000 	C:\WINDOWS\System32\msvcrt.dll
0x00007ffb79c60000 - 0x00007ffb79d00000 	C:\WINDOWS\System32\sechost.dll
0x00007ffb7b730000 - 0x00007ffb7b853000 	C:\WINDOWS\System32\RPCRT4.dll
0x00007ffb79700000 - 0x00007ffb79727000 	C:\WINDOWS\System32\bcrypt.dll
0x00007ffb7adf0000 - 0x00007ffb7af8f000 	C:\WINDOWS\System32\USER32.dll
0x00007ffb683e0000 - 0x00007ffb6867a000 	C:\WINDOWS\WinSxS\amd64_microsoft.windows.common-controls_6595b64144ccf1df_6.0.19041.3636_none_60b6a03d71f818d5\COMCTL32.dll
0x00007ffb7b4b0000 - 0x00007ffb7b4db000 	C:\WINDOWS\System32\GDI32.dll
0x00007ffb79b90000 - 0x00007ffb79bb2000 	C:\WINDOWS\System32\win32u.dll
0x00007ffb797d0000 - 0x00007ffb798e7000 	C:\WINDOWS\System32\gdi32full.dll
0x00007ffb79730000 - 0x00007ffb797cd000 	C:\WINDOWS\System32\msvcp_win.dll
0x00007ffb72d20000 - 0x00007ffb72d2a000 	C:\WINDOWS\SYSTEM32\VERSION.dll
0x00007ffb7bab0000 - 0x00007ffb7bae2000 	C:\WINDOWS\System32\IMM32.DLL
0x00007ffb736f0000 - 0x00007ffb736fc000 	C:\Program Files\Java\jdk-21\bin\vcruntime140_1.dll
0x00007ffb69290000 - 0x00007ffb6931e000 	C:\Program Files\Java\jdk-21\bin\msvcp140.dll
0x00007ffb1f6a0000 - 0x00007ffb203b7000 	C:\Program Files\Java\jdk-21\bin\server\jvm.dll
0x00007ffb7acc0000 - 0x00007ffb7ad2b000 	C:\WINDOWS\System32\WS2_32.dll
0x00007ffb790a0000 - 0x00007ffb790eb000 	C:\WINDOWS\SYSTEM32\POWRPROF.dll
0x00007ffb70170000 - 0x00007ffb70197000 	C:\WINDOWS\SYSTEM32\WINMM.dll
0x00007ffb79080000 - 0x00007ffb79092000 	C:\WINDOWS\SYSTEM32\UMPDC.dll
0x00007ffb770d0000 - 0x00007ffb770e2000 	C:\WINDOWS\SYSTEM32\kernel.appcore.dll
0x00007ffb73550000 - 0x00007ffb7355a000 	C:\Program Files\Java\jdk-21\bin\jimage.dll
0x00007ffb6cef0000 - 0x00007ffb6d0d4000 	C:\WINDOWS\SYSTEM32\DBGHELP.DLL
0x00007ffb66880000 - 0x00007ffb668b4000 	C:\WINDOWS\SYSTEM32\dbgcore.DLL
0x00007ffb798f0000 - 0x00007ffb79972000 	C:\WINDOWS\System32\bcryptPrimitives.dll
0x00007ffb73580000 - 0x00007ffb7359f000 	C:\Program Files\Java\jdk-21\bin\java.dll

dbghelp: loaded successfully - version: 4.0.5 - missing functions: none
symbol engine: initialized successfully - sym options: 0x614 - pdb path: .;C:\Program Files\Java\jdk-21\bin;C:\WINDOWS\SYSTEM32;C:\WINDOWS\WinSxS\amd64_microsoft.windows.common-controls_6595b64144ccf1df_6.0.19041.3636_none_60b6a03d71f818d5;C:\Program Files\Java\jdk-21\bin\server

VM Arguments:
jvm_args: -Dfile.encoding=UTF-8 --module-path=C:\Users\NIRWAN\OneDrive\Documents\NetBeansProjects\Student Results Management System\build\classes 
java_command: Interfaces.LoginStu
java_class_path (initial): C:\Program Files\NetBeans-17\netbeans\java\modules\ext\AbsoluteLayout.jar;C:\Users\NIRWAN\OneDrive\Documents\NetBeansProjects\Student Results Management System\build\classes
Launcher Type: SUN_STANDARD

[Global flags]
     intx CICompilerCount                          = 3                                         {product} {ergonomic}
     uint ConcGCThreads                            = 1                                         {product} {ergonomic}
     uint G1ConcRefinementThreads                  = 4                                         {product} {ergonomic}
   size_t G1HeapRegionSize                         = 1048576                                   {product} {ergonomic}
    uintx GCDrainStackTargetSize                   = 64                                        {product} {ergonomic}
   size_t InitialHeapSize                          = 62914560                                  {product} {ergonomic}
   size_t MarkStackSize                            = 4194304                                   {product} {ergonomic}
   size_t MaxHeapSize                              = 983564288                                 {product} {ergonomic}
   size_t MinHeapDeltaBytes                        = 1048576                                   {product} {ergonomic}
   size_t MinHeapSize                              = 8388608                                   {product} {ergonomic}
    uintx NonNMethodCodeHeapSize                   = 5832780                                {pd product} {ergonomic}
    uintx NonProfiledCodeHeapSize                  = 122912730                              {pd product} {ergonomic}
    uintx ProfiledCodeHeapSize                     = 122912730                              {pd product} {ergonomic}
    uintx ReservedCodeCacheSize                    = 251658240                              {pd product} {ergonomic}
     bool SegmentedCodeCache                       = true                                      {product} {ergonomic}
   size_t SoftMaxHeapSize                          = 983564288                              {manageable} {ergonomic}
     bool UseCompressedOops                        = true                           {product lp64_product} {ergonomic}
     bool UseG1GC                                  = true                                      {product} {ergonomic}
     bool UseLargePagesIndividualAllocation        = false                                  {pd product} {ergonomic}

Logging:
Log output configuration:
 #0: stdout all=warning uptime,level,tags foldmultilines=false
 #1: stderr all=off uptime,level,tags foldmultilines=false

Environment Variables:
JAVA_HOME=C:\Program Files\Java\jdk-21
PATH=C:\Program Files\Common Files\Oracle\Java\javapath;C:\Program Files (x86)\NVIDIA Corporation\PhysX\Common;C:\WINDOWS\system32;C:\WINDOWS;C:\WINDOWS\System32\Wbem;C:\WINDOWS\System32\WindowsPowerShell\v1.0\;C:\WINDOWS\System32\OpenSSH\;C:\Program Files\Java\jdk-21\bin;C:\Program Files\MySQL\MySQL Server 8.0\bin;C:\Program Files\MySQL\MySQL Shell 8.0\bin\;C:\Users\NIRWAN\AppData\Local\Microsoft\WindowsApps;
USERNAME=NIRWAN
OS=Windows_NT
PROCESSOR_IDENTIFIER=AMD64 Family 23 Model 17 Stepping 0, AuthenticAMD
TMP=C:\Users\NIRWAN\AppData\Local\Temp
TEMP=C:\Users\NIRWAN\AppData\Local\Temp




Periodic native trim disabled

---------------  S Y S T E M  ---------------

OS:
 Windows 10 , 64 bit Build 19041 (10.0.19041.3636)
OS uptime: 0 days 14:13 hours

CPU: total 4 (initial active 4) (4 cores per cpu, 2 threads per core) family 23 model 17 stepping 0 microcode 0x0, cx8, cmov, fxsr, ht, mmx, 3dnowpref, sse, sse2, sse3, ssse3, sse4a, sse4.1, sse4.2, popcnt, lzcnt, tsc, tscinvbit, avx, avx2, aes, clmul, bmi1, bmi2, adx, sha, fma, vzeroupper, clflush, clflushopt, rdtscp, f16c
Processor Information for all 4 processors :
  Max Mhz: 2500, Current Mhz: 2500, Mhz Limit: 2500

Memory: 4k page, system-wide physical 3747M (283M free)
TotalPageFile size 6747M (AvailPageFile size 33M)
current process WorkingSet (physical memory assigned to process): 10M, peak: 10M
current process commit charge ("private bytes"): 51M, peak: 111M

vm_info: Java HotSpot(TM) 64-Bit Server VM (21.0.2+13-LTS-58) for windows-amd64 JRE (21.0.2+13-LTS-58), built on 2024-01-05T18:32:24Z by "mach5one" with MS VC++ 17.1 (VS2022)

END.
