#
# There is insufficient memory for the Java Runtime Environment to continue.
# Native memory allocation (mmap) failed to map 2097152 bytes for G1 virtual space
# Possible reasons:
#   The system is out of physical RAM or swap space
#   The process is running with CompressedOops enabled, and the Java Heap may be blocking the growth of the native heap
# Possible solutions:
#   Reduce memory load on the system
#   Increase physical memory or swap space
#   Check if swap backing store is full
#   Decrease Java heap size (-Xmx/-Xms)
#   Decrease number of Java threads
#   Decrease Java thread stack sizes (-Xss)
#   Set larger code cache with -XX:ReservedCodeCacheSize=
#   JVM is running with Unscaled Compressed Oops mode in which the Java heap is
#     placed in the first 4GB address space. The Java Heap base address is the
#     maximum limit for the native heap growth. Please use -XX:HeapBaseMinAddress
#     to set the Java Heap base and to place the Java Heap above 4GB virtual address.
# This output file may be truncated or incomplete.
#
#  Out of Memory Error (os_windows.cpp:3600), pid=4916, tid=9484
#
# JRE version: Java(TM) SE Runtime Environment (21.0.2+13) (build 21.0.2+13-LTS-58)
# Java VM: Java HotSpot(TM) 64-Bit Server VM (21.0.2+13-LTS-58, mixed mode, sharing, tiered, compressed oops, compressed class ptrs, g1 gc, windows-amd64)
# No core dump will be written. Minidumps are not enabled by default on client versions of Windows
#

---------------  S U M M A R Y ------------

Command Line: -Dapplication.home=C:\Program Files\Java\jdk-21 --add-modules=ALL-DEFAULT -Xms8m -Djdk.module.main=jdk.compiler jdk.compiler/com.sun.tools.javac.Main -d C:\Users\NIRWAN\OneDrive\Documents\NetBeansProjects\Student Results Management System\build\classes -classpath C:\Users\NIRWAN\OneDrive\Documents\NetBeansProjects\Student Results Management System\build\classes;C:\Program Files\NetBeans-17\netbeans\java\modules\ext\AbsoluteLayout.jar;C:\Users\NIRWAN\3D Objects\New Folder (3)\jcalendar-1.4\lib\jcalendar-1.4.jar;C:\Users\NIRWAN\Downloads\mysql-connector-j-8.3.0\mysql-connector-j-8.3.0\mysql-connector-j-8.3.0.jar;C:\Users\NIRWAN\OneDrive\Documents\mysql-connector-j-8.3.0.jar -sourcepath C:\Users\NIRWAN\OneDrive\Documents\NetBeansProjects\Student Results Management System\src -target 21 -encoding UTF-8 -g -processorpath C:\Program Files\NetBeans-17\netbeans\java\modules\ext\AbsoluteLayout.jar;C:\Users\NIRWAN\3D Objects\New Folder (3)\jcalendar-1.4\lib\jcalendar-1.4.jar;C:\Users\NIRWAN\Downloads\mysql-connector-j-8.3.0\mysql-connector-j-8.3.0\mysql-connector-j-8.3.0.jar;C:\Users\NIRWAN\OneDrive\Documents\mysql-connector-j-8.3.0.jar;C:\Users\NIRWAN\OneDrive\Documents\NetBeansProjects\Student Results Management System\build\empty -s C:\Users\NIRWAN\OneDrive\Documents\NetBeansProjects\Student Results Management System\build\generated-sources\ap-source-output -source 21 C:\Users\NIRWAN\OneDrive\Documents\NetBeansProjects\Student Results Management System\src\Interfaces\A5_ResultsStudent.java

Host: AMD Ryzen 3 2200U with Radeon Vega Mobile Gfx  , 4 cores, 3G,  Windows 10 , 64 bit Build 19041 (10.0.19041.3636)
Time: Wed May 29 18:33:49 2024 Sri Lanka Standard Time elapsed time: 2.573043 seconds (0d 0h 0m 2s)

---------------  T H R E A D  ---------------

Current thread (0x0000020a37605940):  VMThread "VM Thread"          [id=9484, stack(0x0000004bc9300000,0x0000004bc9400000) (1024K)]

Stack: [0x0000004bc9300000,0x0000004bc9400000]
Native frames: (J=compiled Java code, j=interpreted, Vv=VM code, C=native code)
V  [jvm.dll+0x6cade9]
V  [jvm.dll+0x8569c1]
V  [jvm.dll+0x858d2e]
V  [jvm.dll+0x859413]
V  [jvm.dll+0x280e56]
V  [jvm.dll+0x6c74d5]
V  [jvm.dll+0x6bbeca]
V  [jvm.dll+0x355bca]
V  [jvm.dll+0x35d816]
V  [jvm.dll+0x3ae67e]
V  [jvm.dll+0x3ae928]
V  [jvm.dll+0x3295dc]
V  [jvm.dll+0x32be86]
V  [jvm.dll+0x335dde]
V  [jvm.dll+0x36c045]
V  [jvm.dll+0x85ef18]
V  [jvm.dll+0x860014]
V  [jvm.dll+0x860550]
V  [jvm.dll+0x8607f3]
V  [jvm.dll+0x7ff568]
V  [jvm.dll+0x6c953d]
C  [ucrtbase.dll+0x21bb2]
C  [KERNEL32.DLL+0x17344]
C  [ntdll.dll+0x526b1]

VM_Operation (0x0000004bc8eff3c0): G1PauseRemark, mode: safepoint, requested by thread 0x0000020a375787b0


---------------  P R O C E S S  ---------------

Threads class SMR info:
_java_thread_list=0x0000020a9343c470, length=11, elements={
0x0000020a3753d850, 0x0000020a930f37b0, 0x0000020a930f6320, 0x0000020a930f9ee0,
0x0000020a930fd260, 0x0000020a930fe8f0, 0x0000020a930ff960, 0x0000020a93102bc0,
0x0000020a931316e0, 0x0000020a931fb220, 0x0000020a933c7ff0
}

Java Threads: ( => current thread )
  0x0000020a3753d850 JavaThread "main"                              [_thread_blocked, id=916, stack(0x0000004bc8c00000,0x0000004bc8d00000) (1024K)]
  0x0000020a930f37b0 JavaThread "Reference Handler"          daemon [_thread_blocked, id=11468, stack(0x0000004bc9400000,0x0000004bc9500000) (1024K)]
  0x0000020a930f6320 JavaThread "Finalizer"                  daemon [_thread_blocked, id=6088, stack(0x0000004bc9500000,0x0000004bc9600000) (1024K)]
  0x0000020a930f9ee0 JavaThread "Signal Dispatcher"          daemon [_thread_blocked, id=1940, stack(0x0000004bc9600000,0x0000004bc9700000) (1024K)]
  0x0000020a930fd260 JavaThread "Attach Listener"            daemon [_thread_blocked, id=11140, stack(0x0000004bc9700000,0x0000004bc9800000) (1024K)]
  0x0000020a930fe8f0 JavaThread "Service Thread"             daemon [_thread_blocked, id=9276, stack(0x0000004bc9800000,0x0000004bc9900000) (1024K)]
  0x0000020a930ff960 JavaThread "Monitor Deflation Thread"   daemon [_thread_blocked, id=840, stack(0x0000004bc9900000,0x0000004bc9a00000) (1024K)]
  0x0000020a93102bc0 JavaThread "C2 CompilerThread0"         daemon [_thread_blocked, id=8564, stack(0x0000004bc9a00000,0x0000004bc9b00000) (1024K)]
  0x0000020a931316e0 JavaThread "C1 CompilerThread0"         daemon [_thread_blocked, id=6736, stack(0x0000004bc9b00000,0x0000004bc9c00000) (1024K)]
  0x0000020a931fb220 JavaThread "Common-Cleaner"             daemon [_thread_blocked, id=7012, stack(0x0000004bc9c00000,0x0000004bc9d00000) (1024K)]
  0x0000020a933c7ff0 JavaThread "Notification Thread"        daemon [_thread_blocked, id=5196, stack(0x0000004bc9d00000,0x0000004bc9e00000) (1024K)]
Total: 11

Other Threads:
=>0x0000020a37605940 VMThread "VM Thread"                           [id=9484, stack(0x0000004bc9300000,0x0000004bc9400000) (1024K)]
  0x0000020a930dcb40 WatcherThread "VM Periodic Task Thread"        [id=1488, stack(0x0000004bc9200000,0x0000004bc9300000) (1024K)]
  0x0000020a3756f220 WorkerThread "GC Thread#0"                     [id=6348, stack(0x0000004bc8d00000,0x0000004bc8e00000) (1024K)]
  0x0000020a93588740 WorkerThread "GC Thread#1"                     [id=12204, stack(0x0000004bc9e00000,0x0000004bc9f00000) (1024K)]
  0x0000020a935b6720 WorkerThread "GC Thread#2"                     [id=7416, stack(0x0000004bc9f00000,0x0000004bca000000) (1024K)]
  0x0000020a935b6ac0 WorkerThread "GC Thread#3"                     [id=6600, stack(0x0000004bca000000,0x0000004bca100000) (1024K)]
  0x0000020a375787b0 ConcurrentGCThread "G1 Main Marker"            [id=9968, stack(0x0000004bc8e00000,0x0000004bc8f00000) (1024K)]
  0x0000020a375791c0 WorkerThread "G1 Conc#0"                       [id=10788, stack(0x0000004bc8f00000,0x0000004bc9000000) (1024K)]
  0x0000020a37593cb0 ConcurrentGCThread "G1 Refine#0"               [id=7768, stack(0x0000004bc9000000,0x0000004bc9100000) (1024K)]
  0x0000020a37594730 ConcurrentGCThread "G1 Service"                [id=8468, stack(0x0000004bc9100000,0x0000004bc9200000) (1024K)]
Total: 10

Threads with active compile tasks:
C2 CompilerThread0     2626  851       4       com.sun.tools.javac.parser.JavaTokenizer::scanIdent (639 bytes)
C1 CompilerThread0     2626 1465       2       jdk.internal.jimage.ImageReader::findNode (13 bytes)
Total: 2

VM state: at safepoint (normal execution)

VM Mutex/Monitor currently owned by a thread:  ([mutex/lock_event])
[0x00007fff7aa3cd68] Threads_lock - owner thread: 0x0000020a37605940
[0x00007fff7aa3ce68] Heap_lock - owner thread: 0x0000020a375787b0

Heap address: 0x00000000c5600000, size: 938 MB, Compressed Oops mode: 32-bit

CDS archive(s) mapped at: [0x0000020a52000000-0x0000020a52c90000-0x0000020a52c90000), size 13172736, SharedBaseAddress: 0x0000020a52000000, ArchiveRelocationMode: 1.
Compressed class space mapped at: 0x0000020a53000000-0x0000020a93000000, reserved size: 1073741824
Narrow klass base: 0x0000020a52000000, Narrow klass shift: 0, Narrow klass range: 0x100000000

GC Precious Log:
 CardTable entry size: 512
 Card Set container configuration: InlinePtr #cards 5 size 8 Array Of Cards #cards 12 size 40 Howl #buckets 4 coarsen threshold 1843 Howl Bitmap #cards 512 size 80 coarsen threshold 460 Card regions per heap region 1 cards per card region 2048
 CPUs: 4 total, 4 available
 Memory: 3747M
 Large Page Support: Disabled
 NUMA Support: Disabled
 Compressed Oops: Enabled (32-bit)
 Heap Region Size: 1M
 Heap Min Capacity: 8M
 Heap Initial Capacity: 8M
 Heap Max Capacity: 938M
 Pre-touch: Disabled
 Parallel Workers: 4
 Concurrent Workers: 1
 Concurrent Refinement Workers: 4
 Periodic GC: Disabled

Heap:
 garbage-first heap   total 10240K, used 5279K [0x00000000c5600000, 0x0000000100000000)
  region size 1024K, 2 young (2048K), 1 survivors (1024K)
 Metaspace       used 9285K, committed 9472K, reserved 1114112K
  class space    used 1020K, committed 1088K, reserved 1048576K

Heap Regions: E=young(eden), S=young(survivor), O=old, HS=humongous(starts), HC=humongous(continues), CS=collection set, F=free, TAMS=top-at-mark-start, PB=parsable bottom
|   0|0x00000000c5600000, 0x00000000c5700000, 0x00000000c5700000|100%| O|  |TAMS 0x00000000c5700000| PB 0x00000000c5700000| Untracked 
|   1|0x00000000c5700000, 0x00000000c5800000, 0x00000000c5800000|100%| O|  |TAMS 0x00000000c5800000| PB 0x00000000c5800000| Updating 
|   2|0x00000000c5800000, 0x00000000c5900000, 0x00000000c5900000|100%| O|  |TAMS 0x00000000c5900000| PB 0x00000000c5900000| Untracked 
|   3|0x00000000c5900000, 0x00000000c5a00000, 0x00000000c5a00000|100%| O|  |TAMS 0x00000000c5a00000| PB 0x00000000c5a00000| Untracked 
|   4|0x00000000c5a00000, 0x00000000c5ae5918, 0x00000000c5b00000| 89%| O|  |TAMS 0x00000000c5ae5918| PB 0x00000000c5ae5918| Updating 
|   5|0x00000000c5b00000, 0x00000000c5b00000, 0x00000000c5c00000|  0%| F|  |TAMS 0x00000000c5b00000| PB 0x00000000c5b00000| Untracked 
|   6|0x00000000c5c00000, 0x00000000c5c00000, 0x00000000c5d00000|  0%| F|  |TAMS 0x00000000c5c00000| PB 0x00000000c5c00000| Untracked 
|   7|0x00000000c5d00000, 0x00000000c5d42600, 0x00000000c5e00000| 25%| S|CS|TAMS 0x00000000c5d00000| PB 0x00000000c5d00000| Complete 
|   8|0x00000000c5e00000, 0x00000000c5e00000, 0x00000000c5f00000|  0%| F|  |TAMS 0x00000000c5e00000| PB 0x00000000c5e00000| Untracked 
|   9|0x00000000c5f00000, 0x00000000c5fb44d0, 0x00000000c6000000| 70%| E|  |TAMS 0x00000000c5f00000| PB 0x00000000c5f00000| Complete 

Card table byte_map: [0x0000020a4eb90000,0x0000020a4ed70000] _byte_map_base: 0x0000020a4e565000

Marking Bits: (CMBitMap*) 0x0000020a37570040
 Bits: [0x0000020a4ed70000, 0x0000020a4fc18000)

Polling page: 0x0000020a354f0000

Metaspace:

Usage:
  Non-class:      8.07 MB used.
      Class:   1020.29 KB used.
       Both:      9.07 MB used.

Virtual space:
  Non-class space:       64.00 MB reserved,       8.19 MB ( 13%) committed,  1 nodes.
      Class space:        1.00 GB reserved,       1.06 MB ( <1%) committed,  1 nodes.
             Both:        1.06 GB reserved,       9.25 MB ( <1%) committed. 

Chunk freelists:
   Non-Class:  5.84 MB
       Class:  14.91 MB
        Both:  20.76 MB

MaxMetaspaceSize: unlimited
CompressedClassSpaceSize: 1.00 GB
Initial GC threshold: 21.00 MB
Current GC threshold: 21.00 MB
CDS: on
 - commit_granule_bytes: 65536.
 - commit_granule_words: 8192.
 - virtual_space_node_default_size: 8388608.
 - enlarge_chunks_in_place: 1.
 - use_allocation_guard: 0.


Internal statistics:

num_allocs_failed_limit: 0.
num_arena_births: 60.
num_arena_deaths: 0.
num_vsnodes_births: 2.
num_vsnodes_deaths: 0.
num_space_committed: 148.
num_space_uncommitted: 0.
num_chunks_returned_to_freelist: 0.
num_chunks_taken_from_freelist: 353.
num_chunk_merges: 0.
num_chunk_splits: 250.
num_chunks_enlarged: 203.
num_inconsistent_stats: 0.

CodeHeap 'non-profiled nmethods': size=120000Kb used=370Kb max_used=370Kb free=119629Kb
 bounds [0x0000020a47480000, 0x0000020a476f0000, 0x0000020a4e9b0000]
CodeHeap 'profiled nmethods': size=120000Kb used=2858Kb max_used=2858Kb free=117141Kb
 bounds [0x0000020a3f9b0000, 0x0000020a3fc80000, 0x0000020a46ee0000]
CodeHeap 'non-nmethods': size=5760Kb used=1366Kb max_used=1400Kb free=4394Kb
 bounds [0x0000020a46ee0000, 0x0000020a47150000, 0x0000020a47480000]
 total_blobs=1911 nmethods=1442 adapters=374
 compilation: enabled
              stopped_count=0, restarted_count=0
 full_count=0

Compilation events (20 events):
Event: 2.556 Thread 0x0000020a931316e0 nmethod 1448 0x0000020a3fc76c10 code [0x0000020a3fc76de0, 0x0000020a3fc77078]
Event: 2.556 Thread 0x0000020a931316e0 1452       1       java.util.stream.Sink::cancellationRequested (2 bytes)
Event: 2.556 Thread 0x0000020a931316e0 nmethod 1452 0x0000020a474dc290 code [0x0000020a474dc420, 0x0000020a474dc4e8]
Event: 2.556 Thread 0x0000020a931316e0 1453       1       jdk.internal.jimage.ImageReader$Node::getNameString (5 bytes)
Event: 2.556 Thread 0x0000020a931316e0 nmethod 1453 0x0000020a474dc590 code [0x0000020a474dc720, 0x0000020a474dc7e8]
Event: 2.556 Thread 0x0000020a931316e0 1454       2       jdk.internal.jrtfs.JrtPath::getFileName (78 bytes)
Event: 2.558 Thread 0x0000020a931316e0 nmethod 1454 0x0000020a3fc77210 code [0x0000020a3fc77420, 0x0000020a3fc77990]
Event: 2.558 Thread 0x0000020a931316e0 1455   !   2       java.nio.file.Files$2::hasNext (23 bytes)
Event: 2.558 Thread 0x0000020a931316e0 nmethod 1455 0x0000020a3fc77c10 code [0x0000020a3fc77de0, 0x0000020a3fc78020]
Event: 2.558 Thread 0x0000020a931316e0 1461 %     3       jdk.internal.jrtfs.JrtPath::normalize @ 15 (97 bytes)
Event: 2.559 Thread 0x0000020a931316e0 nmethod 1461% 0x0000020a3fc78190 code [0x0000020a3fc78400, 0x0000020a3fc78eb8]
Event: 2.559 Thread 0x0000020a931316e0 1458       2       jdk.internal.jrtfs.JrtPath::<init> (23 bytes)
Event: 2.559 Thread 0x0000020a931316e0 nmethod 1458 0x0000020a3fc79290 code [0x0000020a3fc79440, 0x0000020a3fc79690]
Event: 2.559 Thread 0x0000020a931316e0 1462       2       jdk.internal.jrtfs.JrtPath::getResolvedPath (39 bytes)
Event: 2.560 Thread 0x0000020a931316e0 nmethod 1462 0x0000020a3fc79790 code [0x0000020a3fc79960, 0x0000020a3fc79ca8]
Event: 2.560 Thread 0x0000020a931316e0 1463   !   2       jdk.internal.jrtfs.JrtFileSystem::lookup (23 bytes)
Event: 2.560 Thread 0x0000020a931316e0 nmethod 1463 0x0000020a3fc79f10 code [0x0000020a3fc7a0e0, 0x0000020a3fc7a338]
Event: 2.560 Thread 0x0000020a931316e0 1464       2       jdk.internal.jrtfs.SystemImage$1::findNode (9 bytes)
Event: 2.561 Thread 0x0000020a931316e0 nmethod 1464 0x0000020a3fc7a490 code [0x0000020a3fc7a660, 0x0000020a3fc7a870]
Event: 2.561 Thread 0x0000020a931316e0 1465       2       jdk.internal.jimage.ImageReader::findNode (13 bytes)

GC Heap History (20 events):
Event: 1.189 GC heap before
{Heap before GC invocations=1 (full 0):
 garbage-first heap   total 8192K, used 2112K [0x00000000c5600000, 0x0000000100000000)
  region size 1024K, 2 young (2048K), 1 survivors (1024K)
 Metaspace       used 4257K, committed 4480K, reserved 1114112K
  class space    used 522K, committed 640K, reserved 1048576K
}
Event: 1.194 GC heap after
{Heap after GC invocations=2 (full 0):
 garbage-first heap   total 8192K, used 1799K [0x00000000c5600000, 0x0000000100000000)
  region size 1024K, 1 young (1024K), 1 survivors (1024K)
 Metaspace       used 4257K, committed 4480K, reserved 1114112K
  class space    used 522K, committed 640K, reserved 1048576K
}
Event: 1.504 GC heap before
{Heap before GC invocations=2 (full 0):
 garbage-first heap   total 8192K, used 2823K [0x00000000c5600000, 0x0000000100000000)
  region size 1024K, 2 young (2048K), 1 survivors (1024K)
 Metaspace       used 6551K, committed 6720K, reserved 1114112K
  class space    used 762K, committed 832K, reserved 1048576K
}
Event: 1.506 GC heap after
{Heap after GC invocations=3 (full 0):
 garbage-first heap   total 8192K, used 2213K [0x00000000c5600000, 0x0000000100000000)
  region size 1024K, 1 young (1024K), 1 survivors (1024K)
 Metaspace       used 6551K, committed 6720K, reserved 1114112K
  class space    used 762K, committed 832K, reserved 1048576K
}
Event: 1.688 GC heap before
{Heap before GC invocations=3 (full 0):
 garbage-first heap   total 8192K, used 3237K [0x00000000c5600000, 0x0000000100000000)
  region size 1024K, 2 young (2048K), 1 survivors (1024K)
 Metaspace       used 7854K, committed 8000K, reserved 1114112K
  class space    used 884K, committed 960K, reserved 1048576K
}
Event: 1.690 GC heap after
{Heap after GC invocations=4 (full 0):
 garbage-first heap   total 8192K, used 2802K [0x00000000c5600000, 0x0000000100000000)
  region size 1024K, 1 young (1024K), 1 survivors (1024K)
 Metaspace       used 7854K, committed 8000K, reserved 1114112K
  class space    used 884K, committed 960K, reserved 1048576K
}
Event: 1.853 GC heap before
{Heap before GC invocations=4 (full 0):
 garbage-first heap   total 8192K, used 3826K [0x00000000c5600000, 0x0000000100000000)
  region size 1024K, 2 young (2048K), 1 survivors (1024K)
 Metaspace       used 8050K, committed 8192K, reserved 1114112K
  class space    used 884K, committed 960K, reserved 1048576K
}
Event: 1.856 GC heap after
{Heap after GC invocations=5 (full 0):
 garbage-first heap   total 8192K, used 3063K [0x00000000c5600000, 0x0000000100000000)
  region size 1024K, 1 young (1024K), 1 survivors (1024K)
 Metaspace       used 8050K, committed 8192K, reserved 1114112K
  class space    used 884K, committed 960K, reserved 1048576K
}
Event: 2.025 GC heap before
{Heap before GC invocations=5 (full 0):
 garbage-first heap   total 8192K, used 4087K [0x00000000c5600000, 0x0000000100000000)
  region size 1024K, 2 young (2048K), 1 survivors (1024K)
 Metaspace       used 8197K, committed 8384K, reserved 1114112K
  class space    used 903K, committed 1024K, reserved 1048576K
}
Event: 2.027 GC heap after
{Heap after GC invocations=6 (full 0):
 garbage-first heap   total 8192K, used 3222K [0x00000000c5600000, 0x0000000100000000)
  region size 1024K, 1 young (1024K), 1 survivors (1024K)
 Metaspace       used 8197K, committed 8384K, reserved 1114112K
  class space    used 903K, committed 1024K, reserved 1048576K
}
Event: 2.104 GC heap before
{Heap before GC invocations=6 (full 0):
 garbage-first heap   total 8192K, used 4246K [0x00000000c5600000, 0x0000000100000000)
  region size 1024K, 2 young (2048K), 1 survivors (1024K)
 Metaspace       used 8465K, committed 8640K, reserved 1114112K
  class space    used 931K, committed 1024K, reserved 1048576K
}
Event: 2.107 GC heap after
{Heap after GC invocations=7 (full 0):
 garbage-first heap   total 8192K, used 3573K [0x00000000c5600000, 0x0000000100000000)
  region size 1024K, 1 young (1024K), 1 survivors (1024K)
 Metaspace       used 8465K, committed 8640K, reserved 1114112K
  class space    used 931K, committed 1024K, reserved 1048576K
}
Event: 2.234 GC heap before
{Heap before GC invocations=7 (full 0):
 garbage-first heap   total 8192K, used 4597K [0x00000000c5600000, 0x0000000100000000)
  region size 1024K, 2 young (2048K), 1 survivors (1024K)
 Metaspace       used 8834K, committed 8960K, reserved 1114112K
  class space    used 978K, committed 1024K, reserved 1048576K
}
Event: 2.239 GC heap after
{Heap after GC invocations=8 (full 0):
 garbage-first heap   total 10240K, used 4047K [0x00000000c5600000, 0x0000000100000000)
  region size 1024K, 1 young (1024K), 1 survivors (1024K)
 Metaspace       used 8834K, committed 8960K, reserved 1114112K
  class space    used 978K, committed 1024K, reserved 1048576K
}
Event: 2.348 GC heap before
{Heap before GC invocations=8 (full 0):
 garbage-first heap   total 10240K, used 6095K [0x00000000c5600000, 0x0000000100000000)
  region size 1024K, 3 young (3072K), 1 survivors (1024K)
 Metaspace       used 9055K, committed 9152K, reserved 1114112K
  class space    used 996K, committed 1024K, reserved 1048576K
}
Event: 2.352 GC heap after
{Heap after GC invocations=9 (full 0):
 garbage-first heap   total 10240K, used 4943K [0x00000000c5600000, 0x0000000100000000)
  region size 1024K, 1 young (1024K), 1 survivors (1024K)
 Metaspace       used 9055K, committed 9152K, reserved 1114112K
  class space    used 996K, committed 1024K, reserved 1048576K
}
Event: 2.479 GC heap before
{Heap before GC invocations=9 (full 0):
 garbage-first heap   total 10240K, used 5967K [0x00000000c5600000, 0x0000000100000000)
  region size 1024K, 2 young (2048K), 1 survivors (1024K)
 Metaspace       used 9159K, committed 9344K, reserved 1114112K
  class space    used 1005K, committed 1088K, reserved 1048576K
}
Event: 2.482 GC heap after
{Heap after GC invocations=10 (full 0):
 garbage-first heap   total 10240K, used 5191K [0x00000000c5600000, 0x0000000100000000)
  region size 1024K, 1 young (1024K), 1 survivors (1024K)
 Metaspace       used 9159K, committed 9344K, reserved 1114112K
  class space    used 1005K, committed 1088K, reserved 1048576K
}
Event: 2.546 GC heap before
{Heap before GC invocations=10 (full 0):
 garbage-first heap   total 10240K, used 6215K [0x00000000c5600000, 0x0000000100000000)
  region size 1024K, 2 young (2048K), 1 survivors (1024K)
 Metaspace       used 9269K, committed 9472K, reserved 1114112K
  class space    used 1020K, committed 1088K, reserved 1048576K
}
Event: 2.548 GC heap after
{Heap after GC invocations=11 (full 0):
 garbage-first heap   total 10240K, used 5279K [0x00000000c5600000, 0x0000000100000000)
  region size 1024K, 1 young (1024K), 1 survivors (1024K)
 Metaspace       used 9269K, committed 9472K, reserved 1114112K
  class space    used 1020K, committed 1088K, reserved 1048576K
}

Dll operation events (6 events):
Event: 0.021 Loaded shared library C:\Program Files\Java\jdk-21\bin\java.dll
Event: 0.090 Loaded shared library C:\Program Files\Java\jdk-21\bin\jsvml.dll
Event: 0.215 Loaded shared library C:\Program Files\Java\jdk-21\bin\jimage.dll
Event: 0.502 Loaded shared library C:\Program Files\Java\jdk-21\bin\net.dll
Event: 0.509 Loaded shared library C:\Program Files\Java\jdk-21\bin\nio.dll
Event: 0.592 Loaded shared library C:\Program Files\Java\jdk-21\bin\zip.dll

Deoptimization events (20 events):
Event: 2.295 Thread 0x0000020a3753d850 DEOPT PACKING pc=0x0000020a3fbef7ff sp=0x0000004bc8cfe180
Event: 2.295 Thread 0x0000020a3753d850 DEOPT UNPACKING pc=0x0000020a46f34e42 sp=0x0000004bc8cfd608 mode 0
Event: 2.295 Thread 0x0000020a3753d850 DEOPT PACKING pc=0x0000020a3fbefdb7 sp=0x0000004bc8cfe220
Event: 2.295 Thread 0x0000020a3753d850 DEOPT UNPACKING pc=0x0000020a46f34e42 sp=0x0000004bc8cfd6b0 mode 0
Event: 2.296 Thread 0x0000020a3753d850 DEOPT PACKING pc=0x0000020a3fbf0813 sp=0x0000004bc8cfe110
Event: 2.296 Thread 0x0000020a3753d850 DEOPT UNPACKING pc=0x0000020a46f34e42 sp=0x0000004bc8cfd6a8 mode 0
Event: 2.296 Thread 0x0000020a3753d850 DEOPT PACKING pc=0x0000020a3fbef7ff sp=0x0000004bc8cfe180
Event: 2.296 Thread 0x0000020a3753d850 DEOPT UNPACKING pc=0x0000020a46f34e42 sp=0x0000004bc8cfd608 mode 0
Event: 2.296 Thread 0x0000020a3753d850 DEOPT PACKING pc=0x0000020a3fbefdb7 sp=0x0000004bc8cfe220
Event: 2.296 Thread 0x0000020a3753d850 DEOPT UNPACKING pc=0x0000020a46f34e42 sp=0x0000004bc8cfd6b0 mode 0
Event: 2.297 Thread 0x0000020a3753d850 DEOPT PACKING pc=0x0000020a3fbf0813 sp=0x0000004bc8cfe110
Event: 2.297 Thread 0x0000020a3753d850 DEOPT UNPACKING pc=0x0000020a46f34e42 sp=0x0000004bc8cfd6a8 mode 0
Event: 2.299 Thread 0x0000020a3753d850 DEOPT PACKING pc=0x0000020a3fbf1aec sp=0x0000004bc8cfe110
Event: 2.299 Thread 0x0000020a3753d850 DEOPT UNPACKING pc=0x0000020a46f34e42 sp=0x0000004bc8cfd5a0 mode 0
Event: 2.319 Thread 0x0000020a3753d850 DEOPT PACKING pc=0x0000020a3fbf85a5 sp=0x0000004bc8cfe000
Event: 2.319 Thread 0x0000020a3753d850 DEOPT UNPACKING pc=0x0000020a46f34e42 sp=0x0000004bc8cfd498 mode 0
Event: 2.332 Thread 0x0000020a3753d850 DEOPT PACKING pc=0x0000020a3fbf5383 sp=0x0000004bc8cfe0b0
Event: 2.332 Thread 0x0000020a3753d850 DEOPT UNPACKING pc=0x0000020a46f34e42 sp=0x0000004bc8cfd578 mode 0
Event: 2.345 Thread 0x0000020a3753d850 DEOPT PACKING pc=0x0000020a3fbf1fc4 sp=0x0000004bc8cfe0c0
Event: 2.345 Thread 0x0000020a3753d850 DEOPT UNPACKING pc=0x0000020a46f34e42 sp=0x0000004bc8cfd540 mode 0

Classes loaded (20 events):
Event: 2.270 Loading class sun/nio/fs/WindowsFileStore
Event: 2.271 Loading class sun/nio/fs/WindowsFileStore done
Event: 2.362 Loading class java/util/ComparableTimSort
Event: 2.363 Loading class java/util/ComparableTimSort done
Event: 2.366 Loading class sun/nio/fs/WindowsDirectoryStream
Event: 2.366 Loading class sun/nio/fs/WindowsDirectoryStream done
Event: 2.367 Loading class sun/nio/fs/WindowsDirectoryStream$WindowsDirectoryIterator
Event: 2.367 Loading class sun/nio/fs/WindowsDirectoryStream$WindowsDirectoryIterator done
Event: 2.367 Loading class java/nio/file/Files$2
Event: 2.367 Loading class java/nio/file/Files$2 done
Event: 2.368 Loading class java/util/ImmutableCollections$Access
Event: 2.369 Loading class java/util/ImmutableCollections$Access done
Event: 2.369 Loading class java/util/ImmutableCollections$Access$1
Event: 2.369 Loading class jdk/internal/access/JavaUtilCollectionAccess
Event: 2.369 Loading class jdk/internal/access/JavaUtilCollectionAccess done
Event: 2.369 Loading class java/util/ImmutableCollections$Access$1 done
Event: 2.370 Loading class java/util/stream/Nodes$SpinedNodeBuilder
Event: 2.370 Loading class java/util/stream/Nodes$SpinedNodeBuilder done
Event: 2.374 Loading class sun/nio/fs/WindowsPath$WindowsPathWithAttributes
Event: 2.374 Loading class sun/nio/fs/WindowsPath$WindowsPathWithAttributes done

Classes unloaded (0 events):
No events

Classes redefined (0 events):
No events

Internal exceptions (16 events):
Event: 0.393 Thread 0x0000020a3753d850 Exception <a 'java/lang/NoSuchMethodError'{0x00000000c5cfc8f8}: 'void java.lang.invoke.DirectMethodHandle$Holder.invokeSpecial(java.lang.Object, java.lang.Object, java.lang.Object)'> (0x00000000c5cfc8f8) 
thrown [s\open\src\hotspot\share\interpreter\linkResolver.cpp, line 773]
Event: 0.541 Thread 0x0000020a3753d850 Exception <a 'java/lang/NoSuchMethodError'{0x00000000c5b4f7a8}: 'java.lang.Object java.lang.invoke.DirectMethodHandle$Holder.invokeVirtual(java.lang.Object, java.lang.Object, java.lang.Object)'> (0x00000000c5b4f7a8) 
thrown [s\open\src\hotspot\share\interpreter\linkResolver.cpp, line 773]
Event: 0.547 Thread 0x0000020a3753d850 Exception <a 'java/lang/NoSuchMethodError'{0x00000000c5b59118}: 'int java.lang.invoke.DirectMethodHandle$Holder.invokeInterface(java.lang.Object, java.lang.Object)'> (0x00000000c5b59118) 
thrown [s\open\src\hotspot\share\interpreter\linkResolver.cpp, line 773]
Event: 0.632 Thread 0x0000020a3753d850 Exception <a 'sun/nio/fs/WindowsException'{0x00000000c5bd86e0}> (0x00000000c5bd86e0) 
thrown [s\open\src\hotspot\share\prims\jni.cpp, line 520]
Event: 0.634 Thread 0x0000020a3753d850 Exception <a 'java/lang/NoSuchMethodError'{0x00000000c5bdc5c0}: 'int java.lang.invoke.DirectMethodHandle$Holder.invokeVirtual(java.lang.Object, java.lang.Object, java.lang.Object)'> (0x00000000c5bdc5c0) 
thrown [s\open\src\hotspot\share\interpreter\linkResolver.cpp, line 773]
Event: 0.635 Thread 0x0000020a3753d850 Exception <a 'java/lang/NoSuchMethodError'{0x00000000c5be2230}: 'void java.lang.invoke.DirectMethodHandle$Holder.invokeInterface(java.lang.Object, java.lang.Object, java.lang.Object)'> (0x00000000c5be2230) 
thrown [s\open\src\hotspot\share\interpreter\linkResolver.cpp, line 773]
Event: 1.178 Thread 0x0000020a3753d850 Exception <a 'java/lang/NoSuchMethodError'{0x00000000c5df76e8}: 'int java.lang.invoke.DirectMethodHandle$Holder.invokeStaticInit(java.lang.Object, java.lang.Object)'> (0x00000000c5df76e8) 
thrown [s\open\src\hotspot\share\interpreter\linkResolver.cpp, line 773]
Event: 1.405 Thread 0x0000020a3753d850 Exception <a 'java/lang/NoSuchMethodError'{0x00000000c5db01f8}: 'int java.lang.invoke.DirectMethodHandle$Holder.invokeVirtual(java.lang.Object, java.lang.Object)'> (0x00000000c5db01f8) 
thrown [s\open\src\hotspot\share\interpreter\linkResolver.cpp, line 773]
Event: 1.462 Thread 0x0000020a3753d850 Exception <a 'java/lang/NoSuchMethodError'{0x00000000c5dd2e48}: 'java.lang.Object java.lang.invoke.DirectMethodHandle$Holder.newInvokeSpecial(java.lang.Object, java.lang.Object, java.lang.Object, java.lang.Object, java.lang.Object)'> (0x00000000c5dd2e48) 
thrown [s\open\src\hotspot\share\interpreter\linkResolver.cpp, line 773]
Event: 1.475 Thread 0x0000020a3753d850 Exception <a 'java/lang/NoSuchMethodError'{0x00000000c5de02c8}: 'java.lang.Object java.lang.invoke.DirectMethodHandle$Holder.newInvokeSpecial(java.lang.Object, java.lang.Object, java.lang.Object, java.lang.Object, java.lang.Object, java.lang.Object)'> (0x00000000c5de02c8) 
thrown [s\open\src\hotspot\share\interpreter\linkResolver.cpp, line 773]
Event: 1.531 Thread 0x0000020a3753d850 Exception <a 'sun/nio/fs/WindowsException'{0x00000000c5d29488}> (0x00000000c5d29488) 
thrown [s\open\src\hotspot\share\prims\jni.cpp, line 520]
Event: 1.973 Thread 0x0000020a3753d850 Exception <a 'sun/nio/fs/WindowsException'{0x00000000c5da4f50}> (0x00000000c5da4f50) 
thrown [s\open\src\hotspot\share\prims\jni.cpp, line 520]
Event: 1.974 Thread 0x0000020a3753d850 Exception <a 'sun/nio/fs/WindowsException'{0x00000000c5da59a0}> (0x00000000c5da59a0) 
thrown [s\open\src\hotspot\share\prims\jni.cpp, line 520]
Event: 2.055 Thread 0x0000020a3753d850 Exception <a 'java/lang/NoSuchMethodError'{0x00000000c5d6a850}: 'java.lang.Object java.lang.invoke.DirectMethodHandle$Holder.invokeSpecial(java.lang.Object, java.lang.Object, java.lang.Object, int, int)'> (0x00000000c5d6a850) 
thrown [s\open\src\hotspot\share\interpreter\linkResolver.cpp, line 773]
Event: 2.057 Thread 0x0000020a3753d850 Exception <a 'java/lang/NoSuchMethodError'{0x00000000c5d70d70}: 'java.lang.Object java.lang.invoke.DirectMethodHandle$Holder.invokeVirtual(java.lang.Object, java.lang.Object, int)'> (0x00000000c5d70d70) 
thrown [s\open\src\hotspot\share\interpreter\linkResolver.cpp, line 773]
Event: 2.361 Thread 0x0000020a3753d850 Exception <a 'java/lang/NoSuchMethodError'{0x00000000c5f76978}: 'void java.lang.invoke.DirectMethodHandle$Holder.invokeStatic(java.lang.Object, java.lang.Object)'> (0x00000000c5f76978) 
thrown [s\open\src\hotspot\share\interpreter\linkResolver.cpp, line 773]

ZGC Phase Switch (0 events):
No events

VM Operations (20 events):
Event: 1.690 Executing VM operation: G1CollectForAllocation (G1 Evacuation Pause) done
Event: 1.853 Executing VM operation: G1CollectForAllocation (G1 Evacuation Pause)
Event: 1.856 Executing VM operation: G1CollectForAllocation (G1 Evacuation Pause) done
Event: 1.987 Executing VM operation: HandshakeAllThreads (Deoptimize)
Event: 1.987 Executing VM operation: HandshakeAllThreads (Deoptimize) done
Event: 2.025 Executing VM operation: G1CollectForAllocation (G1 Evacuation Pause)
Event: 2.027 Executing VM operation: G1CollectForAllocation (G1 Evacuation Pause) done
Event: 2.104 Executing VM operation: G1CollectForAllocation (G1 Evacuation Pause)
Event: 2.107 Executing VM operation: G1CollectForAllocation (G1 Evacuation Pause) done
Event: 2.234 Executing VM operation: G1CollectForAllocation (G1 Evacuation Pause)
Event: 2.239 Executing VM operation: G1CollectForAllocation (G1 Evacuation Pause) done
Event: 2.348 Executing VM operation: G1CollectForAllocation (G1 Evacuation Pause)
Event: 2.352 Executing VM operation: G1CollectForAllocation (G1 Evacuation Pause) done
Event: 2.375 Executing VM operation: HandshakeAllThreads (Deoptimize)
Event: 2.375 Executing VM operation: HandshakeAllThreads (Deoptimize) done
Event: 2.479 Executing VM operation: G1CollectForAllocation (G1 Evacuation Pause)
Event: 2.482 Executing VM operation: G1CollectForAllocation (G1 Evacuation Pause) done
Event: 2.545 Executing VM operation: G1CollectForAllocation (G1 Evacuation Pause)
Event: 2.548 Executing VM operation: G1CollectForAllocation (G1 Evacuation Pause) done
Event: 2.562 Executing VM operation: G1PauseRemark

Events (11 events):
Event: 0.050 Thread 0x0000020a3753d850 Thread added: 0x0000020a3753d850
Event: 0.086 Thread 0x0000020a930f37b0 Thread added: 0x0000020a930f37b0
Event: 0.086 Thread 0x0000020a930f6320 Thread added: 0x0000020a930f6320
Event: 0.086 Thread 0x0000020a930f9ee0 Thread added: 0x0000020a930f9ee0
Event: 0.087 Thread 0x0000020a930fd260 Thread added: 0x0000020a930fd260
Event: 0.087 Thread 0x0000020a930fe8f0 Thread added: 0x0000020a930fe8f0
Event: 0.087 Thread 0x0000020a930ff960 Thread added: 0x0000020a930ff960
Event: 0.087 Thread 0x0000020a93102bc0 Thread added: 0x0000020a93102bc0
Event: 0.089 Thread 0x0000020a931316e0 Thread added: 0x0000020a931316e0
Event: 0.145 Thread 0x0000020a931fb220 Thread added: 0x0000020a931fb220
Event: 0.208 Thread 0x0000020a933c7ff0 Thread added: 0x0000020a933c7ff0


Dynamic libraries:
0x00007ff660040000 - 0x00007ff660048000 	C:\Program Files\Java\jdk-21\bin\javac.exe
0x00007fffc8e90000 - 0x00007fffc9088000 	C:\WINDOWS\SYSTEM32\ntdll.dll
0x00007fffc71c0000 - 0x00007fffc727d000 	C:\WINDOWS\System32\KERNEL32.DLL
0x00007fffc6a90000 - 0x00007fffc6d86000 	C:\WINDOWS\System32\KERNELBASE.dll
0x00007fffc6990000 - 0x00007fffc6a90000 	C:\WINDOWS\System32\ucrtbase.dll
0x00007fff79de0000 - 0x00007fff79dfb000 	C:\Program Files\Java\jdk-21\bin\VCRUNTIME140.dll
0x00007fffc05d0000 - 0x00007fffc05e9000 	C:\Program Files\Java\jdk-21\bin\jli.dll
0x00007fffc7280000 - 0x00007fffc7330000 	C:\WINDOWS\System32\ADVAPI32.dll
0x00007fffc79b0000 - 0x00007fffc7a4e000 	C:\WINDOWS\System32\msvcrt.dll
0x00007fffc6f20000 - 0x00007fffc6fc0000 	C:\WINDOWS\System32\sechost.dll
0x00007fffc7880000 - 0x00007fffc79a3000 	C:\WINDOWS\System32\RPCRT4.dll
0x00007fffc6960000 - 0x00007fffc6987000 	C:\WINDOWS\System32\bcrypt.dll
0x00007fffc7ab0000 - 0x00007fffc7c4f000 	C:\WINDOWS\System32\USER32.dll
0x00007fffb26e0000 - 0x00007fffb297a000 	C:\WINDOWS\WinSxS\amd64_microsoft.windows.common-controls_6595b64144ccf1df_6.0.19041.4355_none_60b8b9eb71f62e16\COMCTL32.dll
0x00007fffc6930000 - 0x00007fffc6952000 	C:\WINDOWS\System32\win32u.dll
0x00007fffc7100000 - 0x00007fffc712b000 	C:\WINDOWS\System32\GDI32.dll
0x00007fffc6810000 - 0x00007fffc6927000 	C:\WINDOWS\System32\gdi32full.dll
0x00007fffc6e20000 - 0x00007fffc6ebd000 	C:\WINDOWS\System32\msvcp_win.dll
0x00007fffbe770000 - 0x00007fffbe77a000 	C:\WINDOWS\SYSTEM32\VERSION.dll
0x00007fffc7a50000 - 0x00007fffc7a82000 	C:\WINDOWS\System32\IMM32.DLL
0x00007fffb02c0000 - 0x00007fffb02cc000 	C:\Program Files\Java\jdk-21\bin\vcruntime140_1.dll
0x00007fff79a40000 - 0x00007fff79ace000 	C:\Program Files\Java\jdk-21\bin\msvcp140.dll
0x00007fff79e00000 - 0x00007fff7ab17000 	C:\Program Files\Java\jdk-21\bin\server\jvm.dll
0x00007fffc7690000 - 0x00007fffc76fb000 	C:\WINDOWS\System32\WS2_32.dll
0x00007fffc6390000 - 0x00007fffc63db000 	C:\WINDOWS\SYSTEM32\POWRPROF.dll
0x00007fffbd7c0000 - 0x00007fffbd7e7000 	C:\WINDOWS\SYSTEM32\WINMM.dll
0x00007fffc6370000 - 0x00007fffc6382000 	C:\WINDOWS\SYSTEM32\UMPDC.dll
0x00007fffc42e0000 - 0x00007fffc42f2000 	C:\WINDOWS\SYSTEM32\kernel.appcore.dll
0x00007fffb01a0000 - 0x00007fffb01aa000 	C:\Program Files\Java\jdk-21\bin\jimage.dll
0x00007fffba260000 - 0x00007fffba444000 	C:\WINDOWS\SYSTEM32\DBGHELP.DLL
0x00007fffb71e0000 - 0x00007fffb7214000 	C:\WINDOWS\SYSTEM32\dbgcore.DLL
0x00007fffc6d90000 - 0x00007fffc6e12000 	C:\WINDOWS\System32\bcryptPrimitives.dll
0x00007fff79d80000 - 0x00007fff79d9f000 	C:\Program Files\Java\jdk-21\bin\java.dll
0x00007fffc8140000 - 0x00007fffc88ab000 	C:\WINDOWS\System32\SHELL32.dll
0x00007fffc45c0000 - 0x00007fffc4d5d000 	C:\WINDOWS\SYSTEM32\windows.storage.dll
0x00007fffc7de0000 - 0x00007fffc8133000 	C:\WINDOWS\System32\combase.dll
0x00007fffc5e90000 - 0x00007fffc5ebe000 	C:\WINDOWS\SYSTEM32\Wldp.dll
0x00007fffc7c50000 - 0x00007fffc7d1d000 	C:\WINDOWS\System32\OLEAUT32.dll
0x00007fffc7700000 - 0x00007fffc77ad000 	C:\WINDOWS\System32\SHCORE.dll
0x00007fffc7d20000 - 0x00007fffc7d75000 	C:\WINDOWS\System32\shlwapi.dll
0x00007fffc6470000 - 0x00007fffc6494000 	C:\WINDOWS\SYSTEM32\profapi.dll
0x00007fff79ca0000 - 0x00007fff79d77000 	C:\Program Files\Java\jdk-21\bin\jsvml.dll
0x00007fffa1bf0000 - 0x00007fffa1c00000 	C:\Program Files\Java\jdk-21\bin\net.dll
0x00007fffbb1f0000 - 0x00007fffbb2fa000 	C:\WINDOWS\SYSTEM32\WINHTTP.dll
0x00007fffc5bf0000 - 0x00007fffc5c5a000 	C:\WINDOWS\system32\mswsock.dll
0x00007fff79c80000 - 0x00007fff79c96000 	C:\Program Files\Java\jdk-21\bin\nio.dll
0x00007fff79c60000 - 0x00007fff79c78000 	C:\Program Files\Java\jdk-21\bin\zip.dll

dbghelp: loaded successfully - version: 4.0.5 - missing functions: none
symbol engine: initialized successfully - sym options: 0x614 - pdb path: .;C:\Program Files\Java\jdk-21\bin;C:\WINDOWS\SYSTEM32;C:\WINDOWS\WinSxS\amd64_microsoft.windows.common-controls_6595b64144ccf1df_6.0.19041.4355_none_60b8b9eb71f62e16;C:\Program Files\Java\jdk-21\bin\server

VM Arguments:
jvm_args: -Dapplication.home=C:\Program Files\Java\jdk-21 --add-modules=ALL-DEFAULT -Xms8m -Djdk.module.main=jdk.compiler 
java_command: jdk.compiler/com.sun.tools.javac.Main -d C:\Users\NIRWAN\OneDrive\Documents\NetBeansProjects\Student Results Management System\build\classes -classpath C:\Users\NIRWAN\OneDrive\Documents\NetBeansProjects\Student Results Management System\build\classes;C:\Program Files\NetBeans-17\netbeans\java\modules\ext\AbsoluteLayout.jar;C:\Users\NIRWAN\3D Objects\New Folder (3)\jcalendar-1.4\lib\jcalendar-1.4.jar;C:\Users\NIRWAN\Downloads\mysql-connector-j-8.3.0\mysql-connector-j-8.3.0\mysql-connector-j-8.3.0.jar;C:\Users\NIRWAN\OneDrive\Documents\mysql-connector-j-8.3.0.jar -sourcepath C:\Users\NIRWAN\OneDrive\Documents\NetBeansProjects\Student Results Management System\src -target 21 -encoding UTF-8 -g -processorpath C:\Program Files\NetBeans-17\netbeans\java\modules\ext\AbsoluteLayout.jar;C:\Users\NIRWAN\3D Objects\New Folder (3)\jcalendar-1.4\lib\jcalendar-1.4.jar;C:\Users\NIRWAN\Downloads\mysql-connector-j-8.3.0\mysql-connector-j-8.3.0\mysql-connector-j-8.3.0.jar;C:\Users\NIRWAN\OneDrive\Documents\mysql-connector-j-8.3.0.jar;C:\Users\NIRWAN\OneDrive\Documents\NetBeansProjects\Student Results Management System\build\empty -s C:\Users\NIRWAN\OneDrive\Documents\NetBeansProjects\Student Results Management System\build\generated-sources\ap-source-output -source 21 C:\Users\NIRWAN\OneDrive\Documents\NetBeansProjects\Student Results Management System\src\Interfaces\A5_ResultsStudent.java
java_class_path (initial): <not set>
Launcher Type: SUN_STANDARD

[Global flags]
     intx CICompilerCount                          = 3                                         {product} {ergonomic}
     uint ConcGCThreads                            = 1                                         {product} {ergonomic}
     uint G1ConcRefinementThreads                  = 4                                         {product} {ergonomic}
   size_t G1HeapRegionSize                         = 1048576                                   {product} {ergonomic}
    uintx GCDrainStackTargetSize                   = 64                                        {product} {ergonomic}
   size_t InitialHeapSize                          = 8388608                                   {product} {command line}
   size_t MarkStackSize                            = 4194304                                   {product} {ergonomic}
   size_t MaxHeapSize                              = 983564288                                 {product} {ergonomic}
   size_t MaxNewSize                               = 589299712                                 {product} {ergonomic}
   size_t MinHeapDeltaBytes                        = 1048576                                   {product} {ergonomic}
   size_t MinHeapSize                              = 8388608                                   {product} {command line}
    uintx NonNMethodCodeHeapSize                   = 5832780                                {pd product} {ergonomic}
    uintx NonProfiledCodeHeapSize                  = 122912730                              {pd product} {ergonomic}
    uintx ProfiledCodeHeapSize                     = 122912730                              {pd product} {ergonomic}
    uintx ReservedCodeCacheSize                    = 251658240                              {pd product} {ergonomic}
     bool SegmentedCodeCache                       = true                                      {product} {ergonomic}
   size_t SoftMaxHeapSize                          = 983564288                              {manageable} {ergonomic}
     bool UseCompressedOops                        = true                           {product lp64_product} {ergonomic}
     bool UseG1GC                                  = true                                      {product} {ergonomic}
     bool UseLargePagesIndividualAllocation        = false                                  {pd product} {ergonomic}

Logging:
Log output configuration:
 #0: stdout all=warning uptime,level,tags foldmultilines=false
 #1: stderr all=off uptime,level,tags foldmultilines=false

Environment Variables:
JAVA_HOME=C:\Program Files\Java\jdk-21
PATH=C:\Program Files\Common Files\Oracle\Java\javapath;C:\Program Files (x86)\NVIDIA Corporation\PhysX\Common;C:\WINDOWS\system32;C:\WINDOWS;C:\WINDOWS\System32\Wbem;C:\WINDOWS\System32\WindowsPowerShell\v1.0\;C:\WINDOWS\System32\OpenSSH\;C:\Program Files\Java\jdk-21\bin;C:\Program Files\MySQL\MySQL Server 8.0\bin;C:\Program Files\MySQL\MySQL Server 8.0\bin;C:\Program Files\MySQL\MySQL Shell 8.0\bin\;C:\Users\NIRWAN\AppData\Local\Microsoft\WindowsApps;
USERNAME=NIRWAN
OS=Windows_NT
PROCESSOR_IDENTIFIER=AMD64 Family 23 Model 17 Stepping 0, AuthenticAMD
TMP=C:\Users\NIRWAN\AppData\Local\Temp
TEMP=C:\Users\NIRWAN\AppData\Local\Temp




Periodic native trim disabled

---------------  S Y S T E M  ---------------

OS:
 Windows 10 , 64 bit Build 19041 (10.0.19041.3636)
OS uptime: 0 days 1:21 hours

CPU: total 4 (initial active 4) (4 cores per cpu, 2 threads per core) family 23 model 17 stepping 0 microcode 0x0, cx8, cmov, fxsr, ht, mmx, 3dnowpref, sse, sse2, sse3, ssse3, sse4a, sse4.1, sse4.2, popcnt, lzcnt, tsc, tscinvbit, avx, avx2, aes, clmul, bmi1, bmi2, adx, sha, fma, vzeroupper, clflush, clflushopt, rdtscp, f16c
Processor Information for all 4 processors :
  Max Mhz: 2500, Current Mhz: 2500, Mhz Limit: 2500

Memory: 4k page, system-wide physical 3747M (180M free)
TotalPageFile size 6747M (AvailPageFile size 13M)
current process WorkingSet (physical memory assigned to process): 82M, peak: 82M
current process commit charge ("private bytes"): 108M, peak: 110M

vm_info: Java HotSpot(TM) 64-Bit Server VM (21.0.2+13-LTS-58) for windows-amd64 JRE (21.0.2+13-LTS-58), built on 2024-01-05T18:32:24Z by "mach5one" with MS VC++ 17.1 (VS2022)

END.
