#
# There is insufficient memory for the Java Runtime Environment to continue.
# Native memory allocation (malloc) failed to allocate 347968 bytes for Chunk::new
# Possible reasons:
#   The system is out of physical RAM or swap space
#   The process is running with CompressedOops enabled, and the Java Heap may be blocking the growth of the native heap
# Possible solutions:
#   Reduce memory load on the system
#   Increase physical memory or swap space
#   Check if swap backing store is full
#   Decrease Java heap size (-Xmx/-Xms)
#   Decrease number of Java threads
#   Decrease Java thread stack sizes (-Xss)
#   Set larger code cache with -XX:ReservedCodeCacheSize=
#   JVM is running with Unscaled Compressed Oops mode in which the Java heap is
#     placed in the first 4GB address space. The Java Heap base address is the
#     maximum limit for the native heap growth. Please use -XX:HeapBaseMinAddress
#     to set the Java Heap base and to place the Java Heap above 4GB virtual address.
# This output file may be truncated or incomplete.
#
#  Out of Memory Error (arena.cpp:168), pid=9976, tid=8184
#
# JRE version: Java(TM) SE Runtime Environment (21.0.2+13) (build 21.0.2+13-LTS-58)
# Java VM: Java HotSpot(TM) 64-Bit Server VM (21.0.2+13-LTS-58, mixed mode, sharing, tiered, compressed oops, compressed class ptrs, g1 gc, windows-amd64)
# No core dump will be written. Minidumps are not enabled by default on client versions of Windows
#

---------------  S U M M A R Y ------------

Command Line: -Dfile.encoding=UTF-8 -Djava.security.policy=applet.policy -agentlib:jdwp=transport=dt_shmem,address=javadebug Interfaces.AddStudentForm

Host: AMD Ryzen 3 2200U with Radeon Vega Mobile Gfx  , 4 cores, 3G,  Windows 10 , 64 bit Build 19041 (10.0.19041.3636)
Time: Thu May 23 21:58:55 2024 Sri Lanka Standard Time elapsed time: 2.504520 seconds (0d 0h 0m 2s)

---------------  T H R E A D  ---------------

Current thread (0x000002205948c020):  JavaThread "C2 CompilerThread0" daemon [_thread_in_native, id=8184, stack(0x000000b4c5200000,0x000000b4c5300000) (1024K)]


Current CompileTask:
C2:   2504  841 %     4       java.util.Properties$LineReader::readLine @ 224 (584 bytes)

Stack: [0x000000b4c5200000,0x000000b4c5300000]
Native frames: (J=compiled Java code, j=interpreted, Vv=VM code, C=native code)
V  [jvm.dll+0x6cade9]
V  [jvm.dll+0x8569c1]
V  [jvm.dll+0x858d2e]
V  [jvm.dll+0x859413]
V  [jvm.dll+0x280e56]
V  [jvm.dll+0xc3f3d]
V  [jvm.dll+0xc4473]
V  [jvm.dll+0x3b5c2c]
V  [jvm.dll+0x382855]
V  [jvm.dll+0x381cca]
V  [jvm.dll+0x249bd0]
V  [jvm.dll+0x2491b1]
V  [jvm.dll+0x1c9634]
V  [jvm.dll+0x258859]
V  [jvm.dll+0x256e3a]
V  [jvm.dll+0x3ef6c6]
V  [jvm.dll+0x7ff568]
V  [jvm.dll+0x6c953d]
C  [ucrtbase.dll+0x21bb2]
C  [KERNEL32.DLL+0x17344]
C  [ntdll.dll+0x526b1]


---------------  P R O C E S S  ---------------

Threads class SMR info:
_java_thread_list=0x000002209f9ba1e0, length=20, elements={
0x0000022059482720, 0x0000022059483530, 0x00000220594851a0, 0x0000022059487dc0,
0x0000022059488820, 0x000002205948b290, 0x000002205948c020, 0x00000220594917a0,
0x00000220596e6f90, 0x00000220596f06f0, 0x00000220596f0d70, 0x00000220596f9540,
0x00000220597035e0, 0x0000022059920fc0, 0x0000022059924c90, 0x0000022059925540,
0x00000220599d0880, 0x000002203c7a9070, 0x00000220599df730, 0x000002209f93cb20
}

Java Threads: ( => current thread )
  0x0000022059482720 JavaThread "Reference Handler"          daemon [_thread_blocked, id=4848, stack(0x000000b4c4c00000,0x000000b4c4d00000) (1024K)]
  0x0000022059483530 JavaThread "Finalizer"                  daemon [_thread_blocked, id=2808, stack(0x000000b4c4d00000,0x000000b4c4e00000) (1024K)]
  0x00000220594851a0 JavaThread "Signal Dispatcher"          daemon [_thread_blocked, id=12016, stack(0x000000b4c4e00000,0x000000b4c4f00000) (1024K)]
  0x0000022059487dc0 JavaThread "Attach Listener"            daemon [_thread_blocked, id=12000, stack(0x000000b4c4f00000,0x000000b4c5000000) (1024K)]
  0x0000022059488820 JavaThread "Service Thread"             daemon [_thread_blocked, id=11516, stack(0x000000b4c5000000,0x000000b4c5100000) (1024K)]
  0x000002205948b290 JavaThread "Monitor Deflation Thread"   daemon [_thread_blocked, id=5840, stack(0x000000b4c5100000,0x000000b4c5200000) (1024K)]
=>0x000002205948c020 JavaThread "C2 CompilerThread0"         daemon [_thread_in_native, id=8184, stack(0x000000b4c5200000,0x000000b4c5300000) (1024K)]
  0x00000220594917a0 JavaThread "C1 CompilerThread0"         daemon [_thread_blocked, id=11084, stack(0x000000b4c5300000,0x000000b4c5400000) (1024K)]
  0x00000220596e6f90 JavaThread "JDWP Transport Listener: dt_shmem" daemon [_thread_blocked, id=12032, stack(0x000000b4c5400000,0x000000b4c5500000) (1024K)]
  0x00000220596f06f0 JavaThread "JDWP Event Helper Thread"   daemon [_thread_in_native, id=588, stack(0x000000b4c5500000,0x000000b4c5600000) (1024K)]
  0x00000220596f0d70 JavaThread "JDWP Command Reader"        daemon [_thread_in_native, id=6616, stack(0x000000b4c5600000,0x000000b4c5700000) (1024K)]
  0x00000220596f9540 JavaThread "Notification Thread"        daemon [_thread_blocked, id=4296, stack(0x000000b4c5700000,0x000000b4c5800000) (1024K)]
  0x00000220597035e0 JavaThread "Common-Cleaner"             daemon [_thread_blocked, id=1072, stack(0x000000b4c5800000,0x000000b4c5900000) (1024K)]
  0x0000022059920fc0 JavaThread "Java2D Disposer"            daemon [_thread_blocked, id=5220, stack(0x000000b4c5900000,0x000000b4c5a00000) (1024K)]
  0x0000022059924c90 JavaThread "AWT-Shutdown"                      [_thread_blocked, id=11460, stack(0x000000b4c5a00000,0x000000b4c5b00000) (1024K)]
  0x0000022059925540 JavaThread "AWT-Windows"                daemon [_thread_in_native, id=10468, stack(0x000000b4c5b00000,0x000000b4c5c00000) (1024K)]
  0x00000220599d0880 JavaThread "AWT-EventQueue-0"                  [_thread_in_vm, id=9576, stack(0x000000b4c5c00000,0x000000b4c5d00000) (1024K)]
  0x000002203c7a9070 JavaThread "DestroyJavaVM"                     [_thread_blocked, id=10540, stack(0x000000b4c4400000,0x000000b4c4500000) (1024K)]
  0x00000220599df730 JavaThread "org.netbeans.modules.debugger.jpda.visual AWT Access Loop" daemon [_thread_blocked, id=904, stack(0x000000b4c5d00000,0x000000b4c5e00000) (1024K)]
  0x000002209f93cb20 JavaThread "mysql-cj-abandoned-connection-cleanup" daemon [_thread_blocked, id=11456, stack(0x000000b4c6400000,0x000000b4c6500000) (1024K)]
Total: 20

Other Threads:
  0x000002203eac3ff0 VMThread "VM Thread"                           [id=7924, stack(0x000000b4c4b00000,0x000000b4c4c00000) (1024K)]
  0x000002203eaaa800 WatcherThread "VM Periodic Task Thread"        [id=7808, stack(0x000000b4c4a00000,0x000000b4c4b00000) (1024K)]
  0x000002203ea3cec0 WorkerThread "GC Thread#0"                     [id=13180, stack(0x000000b4c4500000,0x000000b4c4600000) (1024K)]
  0x000002203ea47310 ConcurrentGCThread "G1 Main Marker"            [id=11508, stack(0x000000b4c4600000,0x000000b4c4700000) (1024K)]
  0x000002203ea47ed0 WorkerThread "G1 Conc#0"                       [id=10600, stack(0x000000b4c4700000,0x000000b4c4800000) (1024K)]
  0x000002203ea9adc0 ConcurrentGCThread "G1 Refine#0"               [id=11032, stack(0x000000b4c4800000,0x000000b4c4900000) (1024K)]
  0x000002203ea9bba0 ConcurrentGCThread "G1 Service"                [id=7336, stack(0x000000b4c4900000,0x000000b4c4a00000) (1024K)]
Total: 7

Threads with active compile tasks:
C2 CompilerThread0     2560  841 %     4       java.util.Properties$LineReader::readLine @ 224 (584 bytes)
Total: 1

VM state: not at safepoint (normal execution)

VM Mutex/Monitor currently owned by a thread: None

Heap address: 0x00000000c5600000, size: 938 MB, Compressed Oops mode: 32-bit

CDS archive(s) mapped at: [0x000002205a000000-0x000002205ac90000-0x000002205ac90000), size 13172736, SharedBaseAddress: 0x000002205a000000, ArchiveRelocationMode: 1.
Compressed class space mapped at: 0x000002205b000000-0x000002209b000000, reserved size: 1073741824
Narrow klass base: 0x000002205a000000, Narrow klass shift: 0, Narrow klass range: 0x100000000

GC Precious Log:
 CardTable entry size: 512
 Card Set container configuration: InlinePtr #cards 5 size 8 Array Of Cards #cards 12 size 40 Howl #buckets 4 coarsen threshold 1843 Howl Bitmap #cards 512 size 80 coarsen threshold 460 Card regions per heap region 1 cards per card region 2048
 CPUs: 4 total, 4 available
 Memory: 3747M
 Large Page Support: Disabled
 NUMA Support: Disabled
 Compressed Oops: Enabled (32-bit)
 Heap Region Size: 1M
 Heap Min Capacity: 8M
 Heap Initial Capacity: 60M
 Heap Max Capacity: 938M
 Pre-touch: Disabled
 Parallel Workers: 4
 Concurrent Workers: 1
 Concurrent Refinement Workers: 4
 Periodic GC: Disabled

Heap:
 garbage-first heap   total 61440K, used 11264K [0x00000000c5600000, 0x0000000100000000)
  region size 1024K, 12 young (12288K), 0 survivors (0K)
 Metaspace       used 9500K, committed 9728K, reserved 1114112K
  class space    used 1027K, committed 1152K, reserved 1048576K

Heap Regions: E=young(eden), S=young(survivor), O=old, HS=humongous(starts), HC=humongous(continues), CS=collection set, F=free, TAMS=top-at-mark-start, PB=parsable bottom
|   0|0x00000000c5600000, 0x00000000c5600000, 0x00000000c5700000|  0%| F|  |TAMS 0x00000000c5600000| PB 0x00000000c5600000| Untracked 
|   1|0x00000000c5700000, 0x00000000c5700000, 0x00000000c5800000|  0%| F|  |TAMS 0x00000000c5700000| PB 0x00000000c5700000| Untracked 
|   2|0x00000000c5800000, 0x00000000c5800000, 0x00000000c5900000|  0%| F|  |TAMS 0x00000000c5800000| PB 0x00000000c5800000| Untracked 
|   3|0x00000000c5900000, 0x00000000c5900000, 0x00000000c5a00000|  0%| F|  |TAMS 0x00000000c5900000| PB 0x00000000c5900000| Untracked 
|   4|0x00000000c5a00000, 0x00000000c5a00000, 0x00000000c5b00000|  0%| F|  |TAMS 0x00000000c5a00000| PB 0x00000000c5a00000| Untracked 
|   5|0x00000000c5b00000, 0x00000000c5b00000, 0x00000000c5c00000|  0%| F|  |TAMS 0x00000000c5b00000| PB 0x00000000c5b00000| Untracked 
|   6|0x00000000c5c00000, 0x00000000c5c00000, 0x00000000c5d00000|  0%| F|  |TAMS 0x00000000c5c00000| PB 0x00000000c5c00000| Untracked 
|   7|0x00000000c5d00000, 0x00000000c5d00000, 0x00000000c5e00000|  0%| F|  |TAMS 0x00000000c5d00000| PB 0x00000000c5d00000| Untracked 
|   8|0x00000000c5e00000, 0x00000000c5e00000, 0x00000000c5f00000|  0%| F|  |TAMS 0x00000000c5e00000| PB 0x00000000c5e00000| Untracked 
|   9|0x00000000c5f00000, 0x00000000c5f00000, 0x00000000c6000000|  0%| F|  |TAMS 0x00000000c5f00000| PB 0x00000000c5f00000| Untracked 
|  10|0x00000000c6000000, 0x00000000c6000000, 0x00000000c6100000|  0%| F|  |TAMS 0x00000000c6000000| PB 0x00000000c6000000| Untracked 
|  11|0x00000000c6100000, 0x00000000c6100000, 0x00000000c6200000|  0%| F|  |TAMS 0x00000000c6100000| PB 0x00000000c6100000| Untracked 
|  12|0x00000000c6200000, 0x00000000c6200000, 0x00000000c6300000|  0%| F|  |TAMS 0x00000000c6200000| PB 0x00000000c6200000| Untracked 
|  13|0x00000000c6300000, 0x00000000c6300000, 0x00000000c6400000|  0%| F|  |TAMS 0x00000000c6300000| PB 0x00000000c6300000| Untracked 
|  14|0x00000000c6400000, 0x00000000c6400000, 0x00000000c6500000|  0%| F|  |TAMS 0x00000000c6400000| PB 0x00000000c6400000| Untracked 
|  15|0x00000000c6500000, 0x00000000c6500000, 0x00000000c6600000|  0%| F|  |TAMS 0x00000000c6500000| PB 0x00000000c6500000| Untracked 
|  16|0x00000000c6600000, 0x00000000c6600000, 0x00000000c6700000|  0%| F|  |TAMS 0x00000000c6600000| PB 0x00000000c6600000| Untracked 
|  17|0x00000000c6700000, 0x00000000c6700000, 0x00000000c6800000|  0%| F|  |TAMS 0x00000000c6700000| PB 0x00000000c6700000| Untracked 
|  18|0x00000000c6800000, 0x00000000c6800000, 0x00000000c6900000|  0%| F|  |TAMS 0x00000000c6800000| PB 0x00000000c6800000| Untracked 
|  19|0x00000000c6900000, 0x00000000c6900000, 0x00000000c6a00000|  0%| F|  |TAMS 0x00000000c6900000| PB 0x00000000c6900000| Untracked 
|  20|0x00000000c6a00000, 0x00000000c6a00000, 0x00000000c6b00000|  0%| F|  |TAMS 0x00000000c6a00000| PB 0x00000000c6a00000| Untracked 
|  21|0x00000000c6b00000, 0x00000000c6b00000, 0x00000000c6c00000|  0%| F|  |TAMS 0x00000000c6b00000| PB 0x00000000c6b00000| Untracked 
|  22|0x00000000c6c00000, 0x00000000c6c00000, 0x00000000c6d00000|  0%| F|  |TAMS 0x00000000c6c00000| PB 0x00000000c6c00000| Untracked 
|  23|0x00000000c6d00000, 0x00000000c6d00000, 0x00000000c6e00000|  0%| F|  |TAMS 0x00000000c6d00000| PB 0x00000000c6d00000| Untracked 
|  24|0x00000000c6e00000, 0x00000000c6e00000, 0x00000000c6f00000|  0%| F|  |TAMS 0x00000000c6e00000| PB 0x00000000c6e00000| Untracked 
|  25|0x00000000c6f00000, 0x00000000c6f00000, 0x00000000c7000000|  0%| F|  |TAMS 0x00000000c6f00000| PB 0x00000000c6f00000| Untracked 
|  26|0x00000000c7000000, 0x00000000c7000000, 0x00000000c7100000|  0%| F|  |TAMS 0x00000000c7000000| PB 0x00000000c7000000| Untracked 
|  27|0x00000000c7100000, 0x00000000c7100000, 0x00000000c7200000|  0%| F|  |TAMS 0x00000000c7100000| PB 0x00000000c7100000| Untracked 
|  28|0x00000000c7200000, 0x00000000c7200000, 0x00000000c7300000|  0%| F|  |TAMS 0x00000000c7200000| PB 0x00000000c7200000| Untracked 
|  29|0x00000000c7300000, 0x00000000c7300000, 0x00000000c7400000|  0%| F|  |TAMS 0x00000000c7300000| PB 0x00000000c7300000| Untracked 
|  30|0x00000000c7400000, 0x00000000c7400000, 0x00000000c7500000|  0%| F|  |TAMS 0x00000000c7400000| PB 0x00000000c7400000| Untracked 
|  31|0x00000000c7500000, 0x00000000c7500000, 0x00000000c7600000|  0%| F|  |TAMS 0x00000000c7500000| PB 0x00000000c7500000| Untracked 
|  32|0x00000000c7600000, 0x00000000c7600000, 0x00000000c7700000|  0%| F|  |TAMS 0x00000000c7600000| PB 0x00000000c7600000| Untracked 
|  33|0x00000000c7700000, 0x00000000c7700000, 0x00000000c7800000|  0%| F|  |TAMS 0x00000000c7700000| PB 0x00000000c7700000| Untracked 
|  34|0x00000000c7800000, 0x00000000c7800000, 0x00000000c7900000|  0%| F|  |TAMS 0x00000000c7800000| PB 0x00000000c7800000| Untracked 
|  35|0x00000000c7900000, 0x00000000c7900000, 0x00000000c7a00000|  0%| F|  |TAMS 0x00000000c7900000| PB 0x00000000c7900000| Untracked 
|  36|0x00000000c7a00000, 0x00000000c7a00000, 0x00000000c7b00000|  0%| F|  |TAMS 0x00000000c7a00000| PB 0x00000000c7a00000| Untracked 
|  37|0x00000000c7b00000, 0x00000000c7b00000, 0x00000000c7c00000|  0%| F|  |TAMS 0x00000000c7b00000| PB 0x00000000c7b00000| Untracked 
|  38|0x00000000c7c00000, 0x00000000c7c00000, 0x00000000c7d00000|  0%| F|  |TAMS 0x00000000c7c00000| PB 0x00000000c7c00000| Untracked 
|  39|0x00000000c7d00000, 0x00000000c7d00000, 0x00000000c7e00000|  0%| F|  |TAMS 0x00000000c7d00000| PB 0x00000000c7d00000| Untracked 
|  40|0x00000000c7e00000, 0x00000000c7e00000, 0x00000000c7f00000|  0%| F|  |TAMS 0x00000000c7e00000| PB 0x00000000c7e00000| Untracked 
|  41|0x00000000c7f00000, 0x00000000c7f00000, 0x00000000c8000000|  0%| F|  |TAMS 0x00000000c7f00000| PB 0x00000000c7f00000| Untracked 
|  42|0x00000000c8000000, 0x00000000c8000000, 0x00000000c8100000|  0%| F|  |TAMS 0x00000000c8000000| PB 0x00000000c8000000| Untracked 
|  43|0x00000000c8100000, 0x00000000c8100000, 0x00000000c8200000|  0%| F|  |TAMS 0x00000000c8100000| PB 0x00000000c8100000| Untracked 
|  44|0x00000000c8200000, 0x00000000c8200000, 0x00000000c8300000|  0%| F|  |TAMS 0x00000000c8200000| PB 0x00000000c8200000| Untracked 
|  45|0x00000000c8300000, 0x00000000c8300000, 0x00000000c8400000|  0%| F|  |TAMS 0x00000000c8300000| PB 0x00000000c8300000| Untracked 
|  46|0x00000000c8400000, 0x00000000c8400000, 0x00000000c8500000|  0%| F|  |TAMS 0x00000000c8400000| PB 0x00000000c8400000| Untracked 
|  47|0x00000000c8500000, 0x00000000c8500000, 0x00000000c8600000|  0%| F|  |TAMS 0x00000000c8500000| PB 0x00000000c8500000| Untracked 
|  48|0x00000000c8600000, 0x00000000c86b2320, 0x00000000c8700000| 69%| E|  |TAMS 0x00000000c8600000| PB 0x00000000c8600000| Complete 
|  49|0x00000000c8700000, 0x00000000c8800000, 0x00000000c8800000|100%| E|CS|TAMS 0x00000000c8700000| PB 0x00000000c8700000| Complete 
|  50|0x00000000c8800000, 0x00000000c8900000, 0x00000000c8900000|100%| E|CS|TAMS 0x00000000c8800000| PB 0x00000000c8800000| Complete 
|  51|0x00000000c8900000, 0x00000000c8a00000, 0x00000000c8a00000|100%| E|CS|TAMS 0x00000000c8900000| PB 0x00000000c8900000| Complete 
|  52|0x00000000c8a00000, 0x00000000c8b00000, 0x00000000c8b00000|100%| E|CS|TAMS 0x00000000c8a00000| PB 0x00000000c8a00000| Complete 
|  53|0x00000000c8b00000, 0x00000000c8c00000, 0x00000000c8c00000|100%| E|CS|TAMS 0x00000000c8b00000| PB 0x00000000c8b00000| Complete 
|  54|0x00000000c8c00000, 0x00000000c8d00000, 0x00000000c8d00000|100%| E|CS|TAMS 0x00000000c8c00000| PB 0x00000000c8c00000| Complete 
|  55|0x00000000c8d00000, 0x00000000c8e00000, 0x00000000c8e00000|100%| E|CS|TAMS 0x00000000c8d00000| PB 0x00000000c8d00000| Complete 
|  56|0x00000000c8e00000, 0x00000000c8f00000, 0x00000000c8f00000|100%| E|CS|TAMS 0x00000000c8e00000| PB 0x00000000c8e00000| Complete 
|  57|0x00000000c8f00000, 0x00000000c9000000, 0x00000000c9000000|100%| E|CS|TAMS 0x00000000c8f00000| PB 0x00000000c8f00000| Complete 
|  58|0x00000000c9000000, 0x00000000c9100000, 0x00000000c9100000|100%| E|CS|TAMS 0x00000000c9000000| PB 0x00000000c9000000| Complete 
|  59|0x00000000c9100000, 0x00000000c9200000, 0x00000000c9200000|100%| E|CS|TAMS 0x00000000c9100000| PB 0x00000000c9100000| Complete 

Card table byte_map: [0x0000022055e80000,0x0000022056060000] _byte_map_base: 0x0000022055855000

Marking Bits: (CMBitMap*) 0x000002203ea3e4e0
 Bits: [0x0000022056060000, 0x0000022056f08000)

Polling page: 0x000002203c950000

Metaspace:

Usage:
  Non-class:      8.28 MB used.
      Class:      1.00 MB used.
       Both:      9.28 MB used.

Virtual space:
  Non-class space:       64.00 MB reserved,       8.38 MB ( 13%) committed,  1 nodes.
      Class space:        1.00 GB reserved,       1.12 MB ( <1%) committed,  1 nodes.
             Both:        1.06 GB reserved,       9.50 MB ( <1%) committed. 

Chunk freelists:
   Non-Class:  7.44 MB
       Class:  14.92 MB
        Both:  22.36 MB

MaxMetaspaceSize: unlimited
CompressedClassSpaceSize: 1.00 GB
Initial GC threshold: 21.00 MB
Current GC threshold: 21.00 MB
CDS: on
 - commit_granule_bytes: 65536.
 - commit_granule_words: 8192.
 - virtual_space_node_default_size: 8388608.
 - enlarge_chunks_in_place: 1.
 - use_allocation_guard: 0.


Internal statistics:

num_allocs_failed_limit: 0.
num_arena_births: 144.
num_arena_deaths: 0.
num_vsnodes_births: 2.
num_vsnodes_deaths: 0.
num_space_committed: 152.
num_space_uncommitted: 0.
num_chunks_returned_to_freelist: 0.
num_chunks_taken_from_freelist: 263.
num_chunk_merges: 0.
num_chunk_splits: 167.
num_chunks_enlarged: 97.
num_inconsistent_stats: 0.

CodeHeap 'non-profiled nmethods': size=120000Kb used=274Kb max_used=274Kb free=119726Kb
 bounds [0x000002204e950000, 0x000002204ebc0000, 0x0000022055e80000]
CodeHeap 'profiled nmethods': size=120000Kb used=1447Kb max_used=1447Kb free=118552Kb
 bounds [0x0000022046e80000, 0x00000220470f0000, 0x000002204e3b0000]
CodeHeap 'non-nmethods': size=5760Kb used=1586Kb max_used=1590Kb free=4173Kb
 bounds [0x000002204e3b0000, 0x000002204e620000, 0x000002204e950000]
 total_blobs=1452 nmethods=853 adapters=504
 compilation: enabled
              stopped_count=0, restarted_count=0
 full_count=0

Compilation events (20 events):
Event: 2.418 Thread 0x00000220594917a0 nmethod 833 0x0000022046fdd390 code [0x0000022046fdd560, 0x0000022046fdd7e8]
Event: 2.418 Thread 0x00000220594917a0  834       3       jdk.internal.module.SystemModuleFinders$SystemModuleReader::containsImageLocation (42 bytes)
Event: 2.419 Thread 0x00000220594917a0 nmethod 834 0x0000022046fdd910 code [0x0000022046fddb40, 0x0000022046fde220]
Event: 2.419 Thread 0x000002205948c020  835       4       java.lang.StringLatin1::inflate (34 bytes)
Event: 2.432 Thread 0x000002205948c020 nmethod 835 0x000002204e992a10 code [0x000002204e992ba0, 0x000002204e992eb8]
Event: 2.434 Thread 0x00000220594917a0  836       3       sun.invoke.util.Wrapper::isSubwordOrInt (20 bytes)
Event: 2.434 Thread 0x00000220594917a0 nmethod 836 0x0000022046fde510 code [0x0000022046fde6e0, 0x0000022046fdead8]
Event: 2.434 Thread 0x00000220594917a0  837       3       sun.invoke.util.Wrapper::isIntegral (23 bytes)
Event: 2.434 Thread 0x00000220594917a0 nmethod 837 0x0000022046fdec10 code [0x0000022046fdedc0, 0x0000022046fdf018]
Event: 2.434 Thread 0x00000220594917a0  838       3       sun.invoke.util.Wrapper::isNumeric (16 bytes)
Event: 2.434 Thread 0x00000220594917a0 nmethod 838 0x0000022046fdf110 code [0x0000022046fdf2a0, 0x0000022046fdf408]
Event: 2.469 Thread 0x000002205948c020  841 %     4       java.util.Properties$LineReader::readLine @ 224 (584 bytes)
Event: 2.473 Thread 0x00000220594917a0  842       1       java.util.concurrent.locks.AbstractOwnableSynchronizer::setExclusiveOwnerThread (6 bytes)
Event: 2.473 Thread 0x00000220594917a0 nmethod 842 0x000002204e993590 code [0x000002204e993720, 0x000002204e993830]
Event: 2.483 Thread 0x00000220594917a0  843       1       java.util.jar.Manifest::getMainAttributes (5 bytes)
Event: 2.484 Thread 0x00000220594917a0 nmethod 843 0x000002204e993890 code [0x000002204e993a20, 0x000002204e993ae8]
Event: 2.491 Thread 0x00000220594917a0  844       1       java.util.zip.ZipEntry::getCrc (5 bytes)
Event: 2.492 Thread 0x00000220594917a0 nmethod 844 0x000002204e993b90 code [0x000002204e993d20, 0x000002204e993de8]
Event: 2.496 Thread 0x00000220594917a0  845   !   3       java.util.concurrent.ConcurrentHashMap::computeIfAbsent (576 bytes)
Event: 2.500 Thread 0x00000220594917a0 nmethod 845 0x0000022046fdf490 code [0x0000022046fdf900, 0x0000022046fe2028]

GC Heap History (0 events):
No events

Dll operation events (10 events):
Event: 0.042 Loaded shared library C:\Program Files\Java\jdk-21\bin\java.dll
Event: 0.170 Loaded shared library C:\Program Files\Java\jdk-21\bin\jsvml.dll
Event: 0.622 Loaded shared library C:\Program Files\Java\jdk-21\bin\net.dll
Event: 0.625 Loaded shared library C:\Program Files\Java\jdk-21\bin\nio.dll
Event: 0.632 Loaded shared library C:\Program Files\Java\jdk-21\bin\zip.dll
Event: 0.772 Loaded shared library C:\Program Files\Java\jdk-21\bin\jimage.dll
Event: 0.864 Loaded shared library C:\Program Files\Java\jdk-21\bin\awt.dll
Event: 1.162 Loaded shared library C:\Program Files\Java\jdk-21\bin\freetype.dll
Event: 1.163 Loaded shared library C:\Program Files\Java\jdk-21\bin\fontmanager.dll
Event: 2.456 Loaded shared library C:\Program Files\Java\jdk-21\bin\extnet.dll

Deoptimization events (20 events):
Event: 1.839 Thread 0x00000220599d0880 DEOPT PACKING pc=0x000002204e97660c sp=0x000000b4c5cfd430
Event: 1.839 Thread 0x00000220599d0880 DEOPT UNPACKING pc=0x000002204e4046a2 sp=0x000000b4c5cfd3e0 mode 2
Event: 1.839 Thread 0x00000220599d0880 Uncommon trap: trap_request=0xffffffc6 fr.pc=0x000002204e97660c relative=0x0000000000000f8c
Event: 1.839 Thread 0x00000220599d0880 Uncommon trap: reason=bimorphic_or_optimized_type_check action=maybe_recompile pc=0x000002204e97660c method=java.util.HashMap.putVal(ILjava/lang/Object;Ljava/lang/Object;ZZ)Ljava/lang/Object; @ 152 c2
Event: 1.839 Thread 0x00000220599d0880 DEOPT PACKING pc=0x000002204e97660c sp=0x000000b4c5cfd430
Event: 1.840 Thread 0x00000220599d0880 DEOPT UNPACKING pc=0x000002204e4046a2 sp=0x000000b4c5cfd3e0 mode 2
Event: 1.840 Thread 0x00000220599d0880 Uncommon trap: trap_request=0xffffffc6 fr.pc=0x000002204e97660c relative=0x0000000000000f8c
Event: 1.840 Thread 0x00000220599d0880 Uncommon trap: reason=bimorphic_or_optimized_type_check action=maybe_recompile pc=0x000002204e97660c method=java.util.HashMap.putVal(ILjava/lang/Object;Ljava/lang/Object;ZZ)Ljava/lang/Object; @ 152 c2
Event: 1.840 Thread 0x00000220599d0880 DEOPT PACKING pc=0x000002204e97660c sp=0x000000b4c5cfd430
Event: 1.840 Thread 0x00000220599d0880 DEOPT UNPACKING pc=0x000002204e4046a2 sp=0x000000b4c5cfd3e0 mode 2
Event: 1.840 Thread 0x00000220599d0880 Uncommon trap: trap_request=0xffffffc6 fr.pc=0x000002204e97660c relative=0x0000000000000f8c
Event: 1.840 Thread 0x00000220599d0880 Uncommon trap: reason=bimorphic_or_optimized_type_check action=maybe_recompile pc=0x000002204e97660c method=java.util.HashMap.putVal(ILjava/lang/Object;Ljava/lang/Object;ZZ)Ljava/lang/Object; @ 152 c2
Event: 1.840 Thread 0x00000220599d0880 DEOPT PACKING pc=0x000002204e97660c sp=0x000000b4c5cfd430
Event: 1.840 Thread 0x00000220599d0880 DEOPT UNPACKING pc=0x000002204e4046a2 sp=0x000000b4c5cfd3e0 mode 2
Event: 1.874 Thread 0x00000220599d0880 DEOPT PACKING pc=0x0000022046e9ec73 sp=0x000000b4c5cfcc70
Event: 1.874 Thread 0x00000220599d0880 DEOPT UNPACKING pc=0x000002204e404e42 sp=0x000000b4c5cfc090 mode 0
Event: 2.038 Thread 0x00000220599d0880 DEOPT PACKING pc=0x0000022046e9d854 sp=0x000000b4c5cfe050
Event: 2.039 Thread 0x00000220599d0880 DEOPT UNPACKING pc=0x000002204e404e42 sp=0x000000b4c5cfd4b8 mode 0
Event: 2.420 Thread 0x00000220599d0880 DEOPT PACKING pc=0x0000022046f422c9 sp=0x000000b4c5cfd750
Event: 2.420 Thread 0x00000220599d0880 DEOPT UNPACKING pc=0x000002204e404e42 sp=0x000000b4c5cfcbf0 mode 0

Classes loaded (20 events):
Event: 2.469 Loading class sun/net/spi/DefaultProxySelector$NonProxyInfo
Event: 2.469 Loading class sun/net/spi/DefaultProxySelector$NonProxyInfo done
Event: 2.469 Loading class sun/net/spi/DefaultProxySelector$3
Event: 2.470 Loading class sun/net/spi/DefaultProxySelector$3 done
Event: 2.470 Loading class sun/net/NetHooks
Event: 2.470 Loading class sun/net/NetHooks done
Event: 2.470 Loading class sun/nio/ch/NativeThread
Event: 2.470 Loading class sun/nio/ch/NativeThread done
Event: 2.474 Loading class java/lang/IndexOutOfBoundsException
Event: 2.474 Loading class java/lang/IndexOutOfBoundsException done
Event: 2.478 Loading class java/net/Socket$SocketInputStream
Event: 2.479 Loading class java/net/Socket$SocketInputStream done
Event: 2.480 Loading class sun/nio/ch/NioSocketImpl$1
Event: 2.480 Loading class sun/nio/ch/NioSocketImpl$1 done
Event: 2.481 Loading class java/io/EOFException
Event: 2.481 Loading class java/io/EOFException done
Event: 2.482 Loading class java/net/Socket$SocketOutputStream
Event: 2.482 Loading class java/net/Socket$SocketOutputStream done
Event: 2.483 Loading class sun/nio/ch/NioSocketImpl$2
Event: 2.483 Loading class sun/nio/ch/NioSocketImpl$2 done

Classes unloaded (0 events):
No events

Classes redefined (0 events):
No events

Internal exceptions (20 events):
Event: 1.245 Thread 0x000002203c7a9070 Exception <a 'java/lang/ClassNotFoundException'{0x00000000c8c23ad0}: ToolBar> (0x00000000c8c23ad0) 
thrown [s\open\src\hotspot\share\classfile\systemDictionary.cpp, line 312]
Event: 1.245 Thread 0x000002203c7a9070 Exception <a 'java/lang/ClassNotFoundException'{0x00000000c8c23e30}: Button> (0x00000000c8c23e30) 
thrown [s\open\src\hotspot\share\classfile\systemDictionary.cpp, line 312]
Event: 1.245 Thread 0x000002203c7a9070 Exception <a 'java/lang/ClassNotFoundException'{0x00000000c8c242f8}: ToolBar> (0x00000000c8c242f8) 
thrown [s\open\src\hotspot\share\classfile\systemDictionary.cpp, line 312]
Event: 1.245 Thread 0x000002203c7a9070 Exception <a 'java/lang/ClassNotFoundException'{0x00000000c8c24668}: ToggleButton> (0x00000000c8c24668) 
thrown [s\open\src\hotspot\share\classfile\systemDictionary.cpp, line 312]
Event: 1.245 Thread 0x000002203c7a9070 Exception <a 'java/lang/ClassNotFoundException'{0x00000000c8c24aa8}: javax/swing/JToolBarSeparator> (0x00000000c8c24aa8) 
thrown [s\open\src\hotspot\share\classfile\systemDictionary.cpp, line 312]
Event: 1.245 Thread 0x000002203c7a9070 Exception <a 'java/lang/ClassNotFoundException'{0x00000000c8c24db8}: ToolBarSeparator> (0x00000000c8c24db8) 
thrown [s\open\src\hotspot\share\classfile\systemDictionary.cpp, line 312]
Event: 1.246 Thread 0x000002203c7a9070 Exception <a 'java/lang/ClassNotFoundException'{0x00000000c8c252c0}: ToolTip> (0x00000000c8c252c0) 
thrown [s\open\src\hotspot\share\classfile\systemDictionary.cpp, line 312]
Event: 1.248 Thread 0x000002203c7a9070 Exception <a 'java/lang/ClassNotFoundException'{0x00000000c8c25c00}: Tree> (0x00000000c8c25c00) 
thrown [s\open\src\hotspot\share\classfile\systemDictionary.cpp, line 312]
Event: 1.248 Thread 0x000002203c7a9070 Exception <a 'java/lang/ClassNotFoundException'{0x00000000c8c260f8}: Tree> (0x00000000c8c260f8) 
thrown [s\open\src\hotspot\share\classfile\systemDictionary.cpp, line 312]
Event: 1.248 Thread 0x000002203c7a9070 Exception <a 'java/lang/ClassNotFoundException'{0x00000000c8c26468}: javax/swing/JTreeCell> (0x00000000c8c26468) 
thrown [s\open\src\hotspot\share\classfile\systemDictionary.cpp, line 312]
Event: 1.248 Thread 0x000002203c7a9070 Exception <a 'java/lang/ClassNotFoundException'{0x00000000c8c26770}: TreeCell> (0x00000000c8c26770) 
thrown [s\open\src\hotspot\share\classfile\systemDictionary.cpp, line 312]
Event: 1.249 Thread 0x000002203c7a9070 Exception <a 'java/lang/ClassNotFoundException'{0x00000000c8c26f18}: RootPane> (0x00000000c8c26f18) 
thrown [s\open\src\hotspot\share\classfile\systemDictionary.cpp, line 312]
Event: 1.254 Thread 0x000002203c7a9070 Exception <a 'java/lang/ClassNotFoundException'{0x00000000c8c29ca8}: com/sun/swing/internal/plaf/metal/resources/spi/metalProvider> (0x00000000c8c29ca8) 
thrown [s\open\src\hotspot\share\classfile\systemDictionary.cpp, line 312]
Event: 1.256 Thread 0x000002203c7a9070 Exception <a 'java/lang/ClassNotFoundException'{0x00000000c8c2d908}: com/sun/swing/internal/plaf/basic/resources/spi/basicProvider> (0x00000000c8c2d908) 
thrown [s\open\src\hotspot\share\classfile\systemDictionary.cpp, line 312]
Event: 1.744 Thread 0x00000220599d0880 Exception <a 'java/lang/ClassNotFoundException'{0x00000000c8c9fb28}: com/sun/swing/internal/plaf/synth/resources/spi/synthProvider> (0x00000000c8c9fb28) 
thrown [s\open\src\hotspot\share\classfile\systemDictionary.cpp, line 312]
Event: 1.826 Thread 0x00000220599d0880 Exception <a 'java/lang/NoSuchMethodError'{0x00000000c8b1b3b8}: 'int java.lang.invoke.Invokers$Holder.invokeExact_MT(java.lang.Object, java.lang.Object)'> (0x00000000c8b1b3b8) 
thrown [s\open\src\hotspot\share\interpreter\linkResolver.cpp, line 773]
Event: 1.860 Thread 0x00000220599d0880 Exception <a 'java/lang/NoSuchMethodError'{0x00000000c8b44ba0}: 'void java.lang.invoke.DirectMethodHandle$Holder.invokeStatic(java.lang.Object, java.lang.Object)'> (0x00000000c8b44ba0) 
thrown [s\open\src\hotspot\share\interpreter\linkResolver.cpp, line 773]
Event: 2.051 Thread 0x00000220599d0880 Exception <a 'java/lang/NoSuchMethodError'{0x00000000c8a57c98}: 'java.lang.Object java.lang.invoke.DirectMethodHandle$Holder.invokeInterface(java.lang.Object, java.lang.Object)'> (0x00000000c8a57c98) 
thrown [s\open\src\hotspot\share\interpreter\linkResolver.cpp, line 773]
Event: 2.161 Thread 0x00000220599d0880 Exception <a 'java/lang/NoSuchMethodError'{0x00000000c8ad23f8}: 'void java.lang.invoke.DirectMethodHandle$Holder.invokeStatic(java.lang.Object, java.lang.Object, java.lang.Object)'> (0x00000000c8ad23f8) 
thrown [s\open\src\hotspot\share\interpreter\linkResolver.cpp, line 773]
Event: 2.167 Thread 0x00000220599d0880 Exception <a 'java/lang/NoSuchMethodError'{0x00000000c8adb4c0}: 'java.lang.Object java.lang.invoke.DirectMethodHandle$Holder.invokeVirtual(java.lang.Object, java.lang.Object, java.lang.Object)'> (0x00000000c8adb4c0) 
thrown [s\open\src\hotspot\share\interpreter\linkResolver.cpp, line 773]

ZGC Phase Switch (0 events):
No events

VM Operations (16 events):
Event: 0.719 Executing VM operation: HandshakeAllThreads (Deoptimize)
Event: 0.719 Executing VM operation: HandshakeAllThreads (Deoptimize) done
Event: 0.922 Executing VM operation: HandshakeAllThreads (Deoptimize)
Event: 0.922 Executing VM operation: HandshakeAllThreads (Deoptimize) done
Event: 1.055 Executing VM operation: ChangeBreakpoints
Event: 1.055 Executing VM operation: ChangeBreakpoints done
Event: 1.056 Executing VM operation: ChangeBreakpoints
Event: 1.056 Executing VM operation: ChangeBreakpoints done
Event: 1.286 Executing VM operation: ChangeBreakpoints
Event: 1.286 Executing VM operation: ChangeBreakpoints done
Event: 1.286 Executing VM operation: ChangeBreakpoints
Event: 1.286 Executing VM operation: ChangeBreakpoints done
Event: 1.602 Executing VM operation: HandshakeAllThreads (Deoptimize)
Event: 1.602 Executing VM operation: HandshakeAllThreads (Deoptimize) done
Event: 1.883 Executing VM operation: HandshakeAllThreads (Deoptimize)
Event: 1.883 Executing VM operation: HandshakeAllThreads (Deoptimize) done

Events (20 events):
Event: 0.155 Thread 0x0000022059483530 Thread added: 0x0000022059483530
Event: 0.155 Thread 0x00000220594851a0 Thread added: 0x00000220594851a0
Event: 0.155 Thread 0x0000022059487dc0 Thread added: 0x0000022059487dc0
Event: 0.156 Thread 0x0000022059488820 Thread added: 0x0000022059488820
Event: 0.156 Thread 0x000002205948b290 Thread added: 0x000002205948b290
Event: 0.156 Thread 0x000002205948c020 Thread added: 0x000002205948c020
Event: 0.161 Thread 0x00000220594917a0 Thread added: 0x00000220594917a0
Event: 0.582 Thread 0x00000220596e6f90 Thread added: 0x00000220596e6f90
Event: 0.582 Thread 0x00000220596f06f0 Thread added: 0x00000220596f06f0
Event: 0.585 Thread 0x00000220596f0d70 Thread added: 0x00000220596f0d70
Event: 0.608 Thread 0x00000220596f9540 Thread added: 0x00000220596f9540
Event: 0.613 Thread 0x00000220597035e0 Thread added: 0x00000220597035e0
Event: 0.999 Thread 0x0000022059920fc0 Thread added: 0x0000022059920fc0
Event: 1.005 Thread 0x0000022059924c90 Thread added: 0x0000022059924c90
Event: 1.009 Thread 0x0000022059925540 Thread added: 0x0000022059925540
Event: 1.279 Thread 0x00000220599d0880 Thread added: 0x00000220599d0880
Event: 1.284 Thread 0x000002203c7a9070 Thread exited: 0x000002203c7a9070
Event: 1.284 Thread 0x000002203c7a9070 Thread added: 0x000002203c7a9070
Event: 1.611 Thread 0x00000220599df730 Thread added: 0x00000220599df730
Event: 1.864 Thread 0x000002209f93cb20 Thread added: 0x000002209f93cb20


Dynamic libraries:
0x00007ff6ea0b0000 - 0x00007ff6ea0c0000 	C:\Program Files\Java\jdk-21\bin\java.exe
0x00007ffea63f0000 - 0x00007ffea65e8000 	C:\WINDOWS\SYSTEM32\ntdll.dll
0x00007ffea55c0000 - 0x00007ffea567d000 	C:\WINDOWS\System32\KERNEL32.DLL
0x00007ffea3dc0000 - 0x00007ffea40b6000 	C:\WINDOWS\System32\KERNELBASE.dll
0x00007ffea3b30000 - 0x00007ffea3c30000 	C:\WINDOWS\System32\ucrtbase.dll
0x00007ffe9b990000 - 0x00007ffe9b9ab000 	C:\Program Files\Java\jdk-21\bin\VCRUNTIME140.dll
0x00007ffe92f00000 - 0x00007ffe92f19000 	C:\Program Files\Java\jdk-21\bin\jli.dll
0x00007ffea56f0000 - 0x00007ffea57a0000 	C:\WINDOWS\System32\ADVAPI32.dll
0x00007ffea4420000 - 0x00007ffea44be000 	C:\WINDOWS\System32\msvcrt.dll
0x00007ffea52e0000 - 0x00007ffea5380000 	C:\WINDOWS\System32\sechost.dll
0x00007ffea4960000 - 0x00007ffea4a83000 	C:\WINDOWS\System32\RPCRT4.dll
0x00007ffea3c30000 - 0x00007ffea3c57000 	C:\WINDOWS\System32\bcrypt.dll
0x00007ffea5890000 - 0x00007ffea5a2f000 	C:\WINDOWS\System32\USER32.dll
0x00007ffea43a0000 - 0x00007ffea43c2000 	C:\WINDOWS\System32\win32u.dll
0x00007ffea5200000 - 0x00007ffea522b000 	C:\WINDOWS\System32\GDI32.dll
0x00007ffea41d0000 - 0x00007ffea42e7000 	C:\WINDOWS\System32\gdi32full.dll
0x00007ffea40c0000 - 0x00007ffea415d000 	C:\WINDOWS\System32\msvcp_win.dll
0x00007ffe926f0000 - 0x00007ffe9298a000 	C:\WINDOWS\WinSxS\amd64_microsoft.windows.common-controls_6595b64144ccf1df_6.0.19041.4355_none_60b8b9eb71f62e16\COMCTL32.dll
0x00007ffe99d50000 - 0x00007ffe99d5a000 	C:\WINDOWS\SYSTEM32\VERSION.dll
0x00007ffea48c0000 - 0x00007ffea48f2000 	C:\WINDOWS\System32\IMM32.DLL
0x00007ffe9f410000 - 0x00007ffe9f41c000 	C:\Program Files\Java\jdk-21\bin\vcruntime140_1.dll
0x00007ffe86210000 - 0x00007ffe8629e000 	C:\Program Files\Java\jdk-21\bin\msvcp140.dll
0x00007ffe76cc0000 - 0x00007ffe779d7000 	C:\Program Files\Java\jdk-21\bin\server\jvm.dll
0x00007ffea5ec0000 - 0x00007ffea5f2b000 	C:\WINDOWS\System32\WS2_32.dll
0x00007ffea38f0000 - 0x00007ffea393b000 	C:\WINDOWS\SYSTEM32\POWRPROF.dll
0x00007ffe99d20000 - 0x00007ffe99d47000 	C:\WINDOWS\SYSTEM32\WINMM.dll
0x00007ffea38d0000 - 0x00007ffea38e2000 	C:\WINDOWS\SYSTEM32\UMPDC.dll
0x00007ffea1920000 - 0x00007ffea1932000 	C:\WINDOWS\SYSTEM32\kernel.appcore.dll
0x00007ffe9ebf0000 - 0x00007ffe9ebfa000 	C:\Program Files\Java\jdk-21\bin\jimage.dll
0x00007ffe96e60000 - 0x00007ffe97044000 	C:\WINDOWS\SYSTEM32\DBGHELP.DLL
0x00007ffe8f680000 - 0x00007ffe8f6b4000 	C:\WINDOWS\SYSTEM32\dbgcore.DLL
0x00007ffea3aa0000 - 0x00007ffea3b22000 	C:\WINDOWS\System32\bcryptPrimitives.dll
0x00007ffe899f0000 - 0x00007ffe89a2c000 	C:\Program Files\Java\jdk-21\bin\jdwp.dll
0x00007ffe939c0000 - 0x00007ffe939df000 	C:\Program Files\Java\jdk-21\bin\java.dll
0x00007ffea4a90000 - 0x00007ffea51fb000 	C:\WINDOWS\System32\SHELL32.dll
0x00007ffea1b20000 - 0x00007ffea22bd000 	C:\WINDOWS\SYSTEM32\windows.storage.dll
0x00007ffea5a40000 - 0x00007ffea5d93000 	C:\WINDOWS\System32\combase.dll
0x00007ffea33f0000 - 0x00007ffea341e000 	C:\WINDOWS\SYSTEM32\Wldp.dll
0x00007ffea57a0000 - 0x00007ffea586d000 	C:\WINDOWS\System32\OLEAUT32.dll
0x00007ffea4580000 - 0x00007ffea462d000 	C:\WINDOWS\System32\SHCORE.dll
0x00007ffea5690000 - 0x00007ffea56e5000 	C:\WINDOWS\System32\shlwapi.dll
0x00007ffea39d0000 - 0x00007ffea39f4000 	C:\WINDOWS\SYSTEM32\profapi.dll
0x00007ffe89550000 - 0x00007ffe89627000 	C:\Program Files\Java\jdk-21\bin\jsvml.dll
0x00007ffe9f580000 - 0x00007ffe9f58b000 	C:\Program Files\Java\jdk-21\bin\dt_shmem.dll
0x00007ffe9e450000 - 0x00007ffe9e460000 	C:\Program Files\Java\jdk-21\bin\net.dll
0x00007ffe978e0000 - 0x00007ffe979ea000 	C:\WINDOWS\SYSTEM32\WINHTTP.dll
0x00007ffea3150000 - 0x00007ffea31ba000 	C:\WINDOWS\system32\mswsock.dll
0x00007ffe939a0000 - 0x00007ffe939b6000 	C:\Program Files\Java\jdk-21\bin\nio.dll
0x00007ffe93410000 - 0x00007ffe93428000 	C:\Program Files\Java\jdk-21\bin\zip.dll
0x00007ffe76b30000 - 0x00007ffe76cbf000 	C:\Program Files\Java\jdk-21\bin\awt.dll
0x00007ffea1190000 - 0x00007ffea1220000 	C:\WINDOWS\SYSTEM32\apphelp.dll
0x00007ffea1430000 - 0x00007ffea14ce000 	C:\WINDOWS\system32\uxtheme.dll
0x00007ffea5da0000 - 0x00007ffea5eb4000 	C:\WINDOWS\System32\MSCTF.dll
0x00007ffea5380000 - 0x00007ffea54ab000 	C:\WINDOWS\System32\ole32.dll
0x00007ffea1530000 - 0x00007ffea155f000 	C:\WINDOWS\system32\DWMAPI.DLL
0x00007ffe762f0000 - 0x00007ffe76377000 	C:\Program Files\Java\jdk-21\bin\freetype.dll
0x00007ffe76200000 - 0x00007ffe762e2000 	C:\Program Files\Java\jdk-21\bin\fontmanager.dll
0x00007ffe765a0000 - 0x00007ffe766c5000 	C:\WINDOWS\system32\opengl32.dll
0x00007ffe91840000 - 0x00007ffe9186c000 	C:\WINDOWS\SYSTEM32\GLU32.dll
0x00007ffe78490000 - 0x00007ffe7865e000 	C:\WINDOWS\system32\d3d9.dll
0x00007ffe99d60000 - 0x00007ffe99f18000 	C:\WINDOWS\System32\DriverStore\FileRepository\u0376209.inf_amd64_b3bdffadea4def3f\B374968\aticfx64.dll
0x00007ffe88860000 - 0x00007ffe88894000 	C:\WINDOWS\System32\DriverStore\FileRepository\u0376209.inf_amd64_b3bdffadea4def3f\B374968\atiu9p64.dll
0x00007ffe4a8f0000 - 0x00007ffe4b644000 	C:\WINDOWS\System32\DriverStore\FileRepository\u0376209.inf_amd64_b3bdffadea4def3f\B374968\atiumd64.dll
0x00000000731f0000 - 0x0000000074065000 	C:\WINDOWS\System32\DriverStore\FileRepository\u0376209.inf_amd64_b3bdffadea4def3f\B374968\atiumd6a.dll
0x00007ffea5f30000 - 0x00007ffea639e000 	C:\WINDOWS\System32\SETUPAPI.dll
0x00007ffea43d0000 - 0x00007ffea441e000 	C:\WINDOWS\System32\cfgmgr32.dll
0x00007ffe978b0000 - 0x00007ffe978e0000 	C:\WINDOWS\SYSTEM32\amdihk64.dll
0x00007ffe9a200000 - 0x00007ffe9a23b000 	C:\WINDOWS\SYSTEM32\dxcore.dll
0x00007ffea2e70000 - 0x00007ffea2f3b000 	C:\WINDOWS\SYSTEM32\DNSAPI.dll
0x00007ffea2e30000 - 0x00007ffea2e6b000 	C:\WINDOWS\SYSTEM32\IPHLPAPI.DLL
0x00007ffea63a0000 - 0x00007ffea63a8000 	C:\WINDOWS\System32\NSI.dll
0x00007ffe97af0000 - 0x00007ffe97afa000 	C:\Windows\System32\rasadhlp.dll
0x00007ffe92ba0000 - 0x00007ffe92c20000 	C:\WINDOWS\System32\fwpuclnt.dll
0x00007ffe9e280000 - 0x00007ffe9e289000 	C:\Program Files\Java\jdk-21\bin\extnet.dll

dbghelp: loaded successfully - version: 4.0.5 - missing functions: none
symbol engine: initialized successfully - sym options: 0x614 - pdb path: .;C:\Program Files\Java\jdk-21\bin;C:\WINDOWS\SYSTEM32;C:\WINDOWS\WinSxS\amd64_microsoft.windows.common-controls_6595b64144ccf1df_6.0.19041.4355_none_60b8b9eb71f62e16;C:\Program Files\Java\jdk-21\bin\server;C:\WINDOWS\System32\DriverStore\FileRepository\u0376209.inf_amd64_b3bdffadea4def3f\B374968

VM Arguments:
jvm_args: -Dfile.encoding=UTF-8 -Djava.security.policy=applet.policy -agentlib:jdwp=transport=dt_shmem,address=javadebug 
java_command: Interfaces.AddStudentForm
java_class_path (initial): C:\Program Files\NetBeans-17\netbeans\java\modules\ext\AbsoluteLayout.jar;C:\Users\NIRWAN\3D Objects\New Folder (3)\jcalendar-1.4\lib\jcalendar-1.4.jar;C:\Users\NIRWAN\Downloads\mysql-connector-j-8.3.0\mysql-connector-j-8.3.0\mysql-connector-j-8.3.0.jar;C:\Users\NIRWAN\OneDrive\Documents\mysql-connector-j-8.3.0.jar;C:\Users\NIRWAN\OneDrive\Documents\NetBeansProjects\Student Results Management System\build\classes
Launcher Type: SUN_STANDARD

[Global flags]
     intx CICompilerCount                          = 3                                         {product} {ergonomic}
     uint ConcGCThreads                            = 1                                         {product} {ergonomic}
     uint G1ConcRefinementThreads                  = 4                                         {product} {ergonomic}
   size_t G1HeapRegionSize                         = 1048576                                   {product} {ergonomic}
    uintx GCDrainStackTargetSize                   = 64                                        {product} {ergonomic}
   size_t InitialHeapSize                          = 62914560                                  {product} {ergonomic}
   size_t MarkStackSize                            = 4194304                                   {product} {ergonomic}
   size_t MaxHeapSize                              = 983564288                                 {product} {ergonomic}
   size_t MaxNewSize                               = 589299712                                 {product} {ergonomic}
   size_t MinHeapDeltaBytes                        = 1048576                                   {product} {ergonomic}
   size_t MinHeapSize                              = 8388608                                   {product} {ergonomic}
    uintx NonNMethodCodeHeapSize                   = 5832780                                {pd product} {ergonomic}
    uintx NonProfiledCodeHeapSize                  = 122912730                              {pd product} {ergonomic}
    uintx ProfiledCodeHeapSize                     = 122912730                              {pd product} {ergonomic}
    uintx ReservedCodeCacheSize                    = 251658240                              {pd product} {ergonomic}
     bool SegmentedCodeCache                       = true                                      {product} {ergonomic}
   size_t SoftMaxHeapSize                          = 983564288                              {manageable} {ergonomic}
     bool UseCompressedOops                        = true                           {product lp64_product} {ergonomic}
     bool UseG1GC                                  = true                                      {product} {ergonomic}
     bool UseLargePagesIndividualAllocation        = false                                  {pd product} {ergonomic}

Logging:
Log output configuration:
 #0: stdout all=warning uptime,level,tags foldmultilines=false
 #1: stderr all=off uptime,level,tags foldmultilines=false

Environment Variables:
JAVA_HOME=C:\Program Files\Java\jdk-21
PATH=C:\Program Files\Common Files\Oracle\Java\javapath;C:\Program Files (x86)\NVIDIA Corporation\PhysX\Common;C:\WINDOWS\system32;C:\WINDOWS;C:\WINDOWS\System32\Wbem;C:\WINDOWS\System32\WindowsPowerShell\v1.0\;C:\WINDOWS\System32\OpenSSH\;C:\Program Files\Java\jdk-21\bin;C:\Program Files\MySQL\MySQL Server 8.0\bin;C:\Program Files\MySQL\MySQL Server 8.0\bin;C:\Program Files\MySQL\MySQL Shell 8.0\bin\;C:\Users\NIRWAN\AppData\Local\Microsoft\WindowsApps;
USERNAME=NIRWAN
OS=Windows_NT
PROCESSOR_IDENTIFIER=AMD64 Family 23 Model 17 Stepping 0, AuthenticAMD
TMP=C:\Users\NIRWAN\AppData\Local\Temp
TEMP=C:\Users\NIRWAN\AppData\Local\Temp




Periodic native trim disabled

---------------  S Y S T E M  ---------------

OS:
 Windows 10 , 64 bit Build 19041 (10.0.19041.3636)
OS uptime: 0 days 7:16 hours

CPU: total 4 (initial active 4) (4 cores per cpu, 2 threads per core) family 23 model 17 stepping 0 microcode 0x0, cx8, cmov, fxsr, ht, mmx, 3dnowpref, sse, sse2, sse3, ssse3, sse4a, sse4.1, sse4.2, popcnt, lzcnt, tsc, tscinvbit, avx, avx2, aes, clmul, bmi1, bmi2, adx, sha, fma, vzeroupper, clflush, clflushopt, rdtscp, f16c
Processor Information for all 4 processors :
  Max Mhz: 2500, Current Mhz: 2500, Mhz Limit: 2500

Memory: 4k page, system-wide physical 3747M (236M free)
TotalPageFile size 6747M (AvailPageFile size 1M)
current process WorkingSet (physical memory assigned to process): 78M, peak: 78M
current process commit charge ("private bytes"): 163M, peak: 163M

vm_info: Java HotSpot(TM) 64-Bit Server VM (21.0.2+13-LTS-58) for windows-amd64 JRE (21.0.2+13-LTS-58), built on 2024-01-05T18:32:24Z by "mach5one" with MS VC++ 17.1 (VS2022)

END.
