#
# There is insufficient memory for the Java Runtime Environment to continue.
# Native memory allocation (mmap) failed to map 16777216 bytes for G1 virtual space
# Possible reasons:
#   The system is out of physical RAM or swap space
#   The process is running with CompressedOops enabled, and the Java Heap may be blocking the growth of the native heap
# Possible solutions:
#   Reduce memory load on the system
#   Increase physical memory or swap space
#   Check if swap backing store is full
#   Decrease Java heap size (-Xmx/-Xms)
#   Decrease number of Java threads
#   Decrease Java thread stack sizes (-Xss)
#   Set larger code cache with -XX:ReservedCodeCacheSize=
#   JVM is running with Unscaled Compressed Oops mode in which the Java heap is
#     placed in the first 4GB address space. The Java Heap base address is the
#     maximum limit for the native heap growth. Please use -XX:HeapBaseMinAddress
#     to set the Java Heap base and to place the Java Heap above 4GB virtual address.
# This output file may be truncated or incomplete.
#
#  Out of Memory Error (os_windows.cpp:3600), pid=5248, tid=12372
#
# JRE version: Java(TM) SE Runtime Environment (21.0.2+13) (build 21.0.2+13-LTS-58)
# Java VM: Java HotSpot(TM) 64-Bit Server VM (21.0.2+13-LTS-58, mixed mode, sharing, tiered, compressed oops, compressed class ptrs, g1 gc, windows-amd64)
# No core dump will be written. Minidumps are not enabled by default on client versions of Windows
#

---------------  S U M M A R Y ------------

Command Line: -Dapplication.home=C:\Program Files\Java\jdk-21 --add-modules=ALL-DEFAULT -Xms8m -Djdk.module.main=jdk.compiler jdk.compiler/com.sun.tools.javac.Main -d C:\Users\NIRWAN\OneDrive\Documents\NetBeansProjects\Student Results Management System\build\classes -classpath C:\Users\NIRWAN\OneDrive\Documents\NetBeansProjects\Student Results Management System\build\classes;C:\Program Files\NetBeans-17\netbeans\java\modules\ext\AbsoluteLayout.jar;C:\Users\NIRWAN\3D Objects\New Folder (3)\jcalendar-1.4\lib\jcalendar-1.4.jar;C:\Users\NIRWAN\Downloads\mysql-connector-j-8.3.0\mysql-connector-j-8.3.0\mysql-connector-j-8.3.0.jar;C:\Users\NIRWAN\OneDrive\Documents\mysql-connector-j-8.3.0.jar -sourcepath C:\Users\NIRWAN\OneDrive\Documents\NetBeansProjects\Student Results Management System\src -target 21 -encoding UTF-8 -g -processorpath C:\Program Files\NetBeans-17\netbeans\java\modules\ext\AbsoluteLayout.jar;C:\Users\NIRWAN\3D Objects\New Folder (3)\jcalendar-1.4\lib\jcalendar-1.4.jar;C:\Users\NIRWAN\Downloads\mysql-connector-j-8.3.0\mysql-connector-j-8.3.0\mysql-connector-j-8.3.0.jar;C:\Users\NIRWAN\OneDrive\Documents\mysql-connector-j-8.3.0.jar;C:\Users\NIRWAN\OneDrive\Documents\NetBeansProjects\Student Results Management System\build\empty -s C:\Users\NIRWAN\OneDrive\Documents\NetBeansProjects\Student Results Management System\build\generated-sources\ap-source-output -source 21 C:\Users\NIRWAN\OneDrive\Documents\NetBeansProjects\Student Results Management System\src\Interfaces\AddStudentForm.java

Host: AMD Ryzen 3 2200U with Radeon Vega Mobile Gfx  , 4 cores, 3G,  Windows 10 , 64 bit Build 19041 (10.0.19041.3636)
Time: Fri May 24 00:26:05 2024 Sri Lanka Standard Time elapsed time: 1.691855 seconds (0d 0h 0m 1s)

---------------  T H R E A D  ---------------

Current thread (0x00000285e3cd1bb0):  VMThread "VM Thread"          [id=12372, stack(0x000000b845700000,0x000000b845800000) (1024K)]

Stack: [0x000000b845700000,0x000000b845800000]
Native frames: (J=compiled Java code, j=interpreted, Vv=VM code, C=native code)
V  [jvm.dll+0x6cade9]
V  [jvm.dll+0x8569c1]
V  [jvm.dll+0x858d2e]
V  [jvm.dll+0x859413]
V  [jvm.dll+0x280e56]
V  [jvm.dll+0x6c74d5]
V  [jvm.dll+0x6bbeca]
V  [jvm.dll+0x355bca]
V  [jvm.dll+0x35d816]
V  [jvm.dll+0x3ae67e]
V  [jvm.dll+0x3ae928]
V  [jvm.dll+0x3295dc]
V  [jvm.dll+0x329667]
V  [jvm.dll+0x36df1c]
V  [jvm.dll+0x36c71d]
V  [jvm.dll+0x328d51]
V  [jvm.dll+0x36be2a]
V  [jvm.dll+0x85ef18]
V  [jvm.dll+0x860014]
V  [jvm.dll+0x860550]
V  [jvm.dll+0x8607f3]
V  [jvm.dll+0x7ff568]
V  [jvm.dll+0x6c953d]
C  [ucrtbase.dll+0x21bb2]
C  [KERNEL32.DLL+0x17344]
C  [ntdll.dll+0x526b1]

VM_Operation (0x000000b8450fe280): G1CollectForAllocation, mode: safepoint, requested by thread 0x00000285e39fadb0


---------------  P R O C E S S  ---------------

Threads class SMR info:
_java_thread_list=0x00000285fe957300, length=11, elements={
0x00000285e39fadb0, 0x00000285fe63f310, 0x00000285fe642490, 0x00000285fe6476b0,
0x00000285fe648110, 0x00000285fe648b70, 0x00000285fe6517f0, 0x00000285fe65a370,
0x00000285fe65baf0, 0x00000285fe73a4e0, 0x00000285fe961920
}

Java Threads: ( => current thread )
  0x00000285e39fadb0 JavaThread "main"                              [_thread_blocked, id=10912, stack(0x000000b845000000,0x000000b845100000) (1024K)]
  0x00000285fe63f310 JavaThread "Reference Handler"          daemon [_thread_blocked, id=9776, stack(0x000000b845800000,0x000000b845900000) (1024K)]
  0x00000285fe642490 JavaThread "Finalizer"                  daemon [_thread_blocked, id=11436, stack(0x000000b845900000,0x000000b845a00000) (1024K)]
  0x00000285fe6476b0 JavaThread "Signal Dispatcher"          daemon [_thread_blocked, id=7236, stack(0x000000b845a00000,0x000000b845b00000) (1024K)]
  0x00000285fe648110 JavaThread "Attach Listener"            daemon [_thread_blocked, id=12468, stack(0x000000b845b00000,0x000000b845c00000) (1024K)]
  0x00000285fe648b70 JavaThread "Service Thread"             daemon [_thread_blocked, id=11204, stack(0x000000b845c00000,0x000000b845d00000) (1024K)]
  0x00000285fe6517f0 JavaThread "Monitor Deflation Thread"   daemon [_thread_blocked, id=11216, stack(0x000000b845d00000,0x000000b845e00000) (1024K)]
  0x00000285fe65a370 JavaThread "C2 CompilerThread0"         daemon [_thread_in_native, id=5604, stack(0x000000b845e00000,0x000000b845f00000) (1024K)]
  0x00000285fe65baf0 JavaThread "C1 CompilerThread0"         daemon [_thread_blocked, id=12280, stack(0x000000b845f00000,0x000000b846000000) (1024K)]
  0x00000285fe73a4e0 JavaThread "Common-Cleaner"             daemon [_thread_blocked, id=3028, stack(0x000000b846000000,0x000000b846100000) (1024K)]
  0x00000285fe961920 JavaThread "Notification Thread"        daemon [_thread_blocked, id=2020, stack(0x000000b846100000,0x000000b846200000) (1024K)]
Total: 11

Other Threads:
=>0x00000285e3cd1bb0 VMThread "VM Thread"                           [id=12372, stack(0x000000b845700000,0x000000b845800000) (1024K)]
  0x00000285fe62ca00 WatcherThread "VM Periodic Task Thread"        [id=7344, stack(0x000000b845600000,0x000000b845700000) (1024K)]
  0x00000285e3c3f1d0 WorkerThread "GC Thread#0"                     [id=5088, stack(0x000000b845100000,0x000000b845200000) (1024K)]
  0x00000285feafed50 WorkerThread "GC Thread#1"                     [id=11468, stack(0x000000b846200000,0x000000b846300000) (1024K)]
  0x00000285feab5730 WorkerThread "GC Thread#2"                     [id=4784, stack(0x000000b846300000,0x000000b846400000) (1024K)]
  0x00000285feab5ad0 WorkerThread "GC Thread#3"                     [id=4800, stack(0x000000b846400000,0x000000b846500000) (1024K)]
  0x00000285e3c48760 ConcurrentGCThread "G1 Main Marker"            [id=10692, stack(0x000000b845200000,0x000000b845300000) (1024K)]
  0x00000285e3c49170 WorkerThread "G1 Conc#0"                       [id=1264, stack(0x000000b845300000,0x000000b845400000) (1024K)]
  0x00000285e3c691d0 ConcurrentGCThread "G1 Refine#0"               [id=10604, stack(0x000000b845400000,0x000000b845500000) (1024K)]
  0x00000285e3c6a460 ConcurrentGCThread "G1 Service"                [id=3504, stack(0x000000b845500000,0x000000b845600000) (1024K)]
Total: 10

Threads with active compile tasks:
C2 CompilerThread0     1735 1527       4       jdk.internal.jimage.ImageLocation::getFullName (109 bytes)
C1 CompilerThread0     1735 1682   !   2       com.sun.tools.javac.comp.Attr::attribTree (183 bytes)
Total: 2

VM state: at safepoint (normal execution)

VM Mutex/Monitor currently owned by a thread:  ([mutex/lock_event])
[0x00007ffe778fcd68] Threads_lock - owner thread: 0x00000285e3cd1bb0
[0x00007ffe778fce68] Heap_lock - owner thread: 0x00000285e39fadb0

Heap address: 0x00000000c5600000, size: 938 MB, Compressed Oops mode: 32-bit

CDS archive(s) mapped at: [0x0000028582000000-0x0000028582c90000-0x0000028582c90000), size 13172736, SharedBaseAddress: 0x0000028582000000, ArchiveRelocationMode: 1.
Compressed class space mapped at: 0x0000028583000000-0x00000285c3000000, reserved size: 1073741824
Narrow klass base: 0x0000028582000000, Narrow klass shift: 0, Narrow klass range: 0x100000000

GC Precious Log:
 CardTable entry size: 512
 Card Set container configuration: InlinePtr #cards 5 size 8 Array Of Cards #cards 12 size 40 Howl #buckets 4 coarsen threshold 1843 Howl Bitmap #cards 512 size 80 coarsen threshold 460 Card regions per heap region 1 cards per card region 2048
 CPUs: 4 total, 4 available
 Memory: 3747M
 Large Page Support: Disabled
 NUMA Support: Disabled
 Compressed Oops: Enabled (32-bit)
 Heap Region Size: 1M
 Heap Min Capacity: 8M
 Heap Initial Capacity: 8M
 Heap Max Capacity: 938M
 Pre-touch: Disabled
 Parallel Workers: 4
 Concurrent Workers: 1
 Concurrent Refinement Workers: 4
 Periodic GC: Disabled

Heap:
 garbage-first heap   total 16384K, used 8918K [0x00000000c5600000, 0x0000000100000000)
  region size 1024K, 1 young (1024K), 1 survivors (1024K)
 Metaspace       used 9498K, committed 9600K, reserved 1114112K
  class space    used 1047K, committed 1088K, reserved 1048576K

Heap Regions: E=young(eden), S=young(survivor), O=old, HS=humongous(starts), HC=humongous(continues), CS=collection set, F=free, TAMS=top-at-mark-start, PB=parsable bottom
|   0|0x00000000c5600000, 0x00000000c5700000, 0x00000000c5700000|100%| O|  |TAMS 0x00000000c5600000| PB 0x00000000c5600000| Untracked 
|   1|0x00000000c5700000, 0x00000000c5800000, 0x00000000c5800000|100%| O|  |TAMS 0x00000000c5700000| PB 0x00000000c5700000| Untracked 
|   2|0x00000000c5800000, 0x00000000c5900000, 0x00000000c5900000|100%| O|  |TAMS 0x00000000c5800000| PB 0x00000000c5800000| Untracked 
|   3|0x00000000c5900000, 0x00000000c5a00000, 0x00000000c5a00000|100%| O|  |TAMS 0x00000000c5900000| PB 0x00000000c5900000| Untracked 
|   4|0x00000000c5a00000, 0x00000000c5b00000, 0x00000000c5b00000|100%| O|  |TAMS 0x00000000c5a00000| PB 0x00000000c5a00000| Untracked 
|   5|0x00000000c5b00000, 0x00000000c5c00000, 0x00000000c5c00000|100%| O|  |TAMS 0x00000000c5b00000| PB 0x00000000c5b00000| Untracked 
|   6|0x00000000c5c00000, 0x00000000c5d00000, 0x00000000c5d00000|100%| O|  |TAMS 0x00000000c5c00000| PB 0x00000000c5c00000| Untracked 
|   7|0x00000000c5d00000, 0x00000000c5db59f0, 0x00000000c5e00000| 70%| O|  |TAMS 0x00000000c5d00000| PB 0x00000000c5d00000| Untracked 
|   8|0x00000000c5e00000, 0x00000000c5e00000, 0x00000000c5f00000|  0%| F|  |TAMS 0x00000000c5e00000| PB 0x00000000c5e00000| Untracked 
|   9|0x00000000c5f00000, 0x00000000c5f00000, 0x00000000c6000000|  0%| F|  |TAMS 0x00000000c5f00000| PB 0x00000000c5f00000| Untracked 
|  10|0x00000000c6000000, 0x00000000c6100000, 0x00000000c6100000|100%| S|CS|TAMS 0x00000000c6000000| PB 0x00000000c6000000| Complete 
|  11|0x00000000c6100000, 0x00000000c6100000, 0x00000000c6200000|  0%| F|  |TAMS 0x00000000c6100000| PB 0x00000000c6100000| Untracked 
|  12|0x00000000c6200000, 0x00000000c6200000, 0x00000000c6300000|  0%| F|  |TAMS 0x00000000c6200000| PB 0x00000000c6200000| Untracked 
|  13|0x00000000c6300000, 0x00000000c6300000, 0x00000000c6400000|  0%| F|  |TAMS 0x00000000c6300000| PB 0x00000000c6300000| Untracked 
|  14|0x00000000c6400000, 0x00000000c6400000, 0x00000000c6500000|  0%| F|  |TAMS 0x00000000c6400000| PB 0x00000000c6400000| Untracked 
|  15|0x00000000c6500000, 0x00000000c6500000, 0x00000000c6600000|  0%| F|  |TAMS 0x00000000c6500000| PB 0x00000000c6500000| Untracked 

Card table byte_map: [0x00000285fd060000,0x00000285fd240000] _byte_map_base: 0x00000285fca35000

Marking Bits: (CMBitMap*) 0x00000285e3c3fff0
 Bits: [0x00000285fd240000, 0x00000285fe0e8000)

Polling page: 0x00000285e3ce0000

Metaspace:

Usage:
  Non-class:      8.25 MB used.
      Class:      1.02 MB used.
       Both:      9.28 MB used.

Virtual space:
  Non-class space:       64.00 MB reserved,       8.31 MB ( 13%) committed,  1 nodes.
      Class space:        1.00 GB reserved,       1.06 MB ( <1%) committed,  1 nodes.
             Both:        1.06 GB reserved,       9.38 MB ( <1%) committed. 

Chunk freelists:
   Non-Class:  5.71 MB
       Class:  14.88 MB
        Both:  20.58 MB

MaxMetaspaceSize: unlimited
CompressedClassSpaceSize: 1.00 GB
Initial GC threshold: 21.00 MB
Current GC threshold: 21.00 MB
CDS: on
 - commit_granule_bytes: 65536.
 - commit_granule_words: 8192.
 - virtual_space_node_default_size: 8388608.
 - enlarge_chunks_in_place: 1.
 - use_allocation_guard: 0.


Internal statistics:

num_allocs_failed_limit: 0.
num_arena_births: 70.
num_arena_deaths: 0.
num_vsnodes_births: 2.
num_vsnodes_deaths: 0.
num_space_committed: 150.
num_space_uncommitted: 0.
num_chunks_returned_to_freelist: 0.
num_chunks_taken_from_freelist: 379.
num_chunk_merges: 0.
num_chunk_splits: 263.
num_chunks_enlarged: 206.
num_inconsistent_stats: 0.

CodeHeap 'non-profiled nmethods': size=120000Kb used=451Kb max_used=451Kb free=119548Kb
 bounds [0x00000285f5330000, 0x00000285f55a0000, 0x00000285fc860000]
CodeHeap 'profiled nmethods': size=120000Kb used=3362Kb max_used=3362Kb free=116637Kb
 bounds [0x00000285ed860000, 0x00000285edbb0000, 0x00000285f4d90000]
CodeHeap 'non-nmethods': size=5760Kb used=1367Kb max_used=1383Kb free=4392Kb
 bounds [0x00000285f4d90000, 0x00000285f5000000, 0x00000285f5330000]
 total_blobs=2129 nmethods=1660 adapters=373
 compilation: enabled
              stopped_count=0, restarted_count=0
 full_count=0

Compilation events (20 events):
Event: 1.678 Thread 0x00000285fe65baf0 nmethod 1668 0x00000285edba6b90 code [0x00000285edba6d20, 0x00000285edba6e30]
Event: 1.678 Thread 0x00000285fe65baf0 1672       2       com.sun.tools.javac.jvm.ClassReader::optPoolEntry (16 bytes)
Event: 1.678 Thread 0x00000285fe65baf0 nmethod 1672 0x00000285edba6f10 code [0x00000285edba70c0, 0x00000285edba7200]
Event: 1.678 Thread 0x00000285fe65baf0 1669       2       java.util.stream.Sink$ChainedReference::begin (11 bytes)
Event: 1.678 Thread 0x00000285fe65baf0 nmethod 1669 0x00000285edba7290 code [0x00000285edba7440, 0x00000285edba7578]
Event: 1.678 Thread 0x00000285fe65baf0 1675       2       com.sun.tools.javac.code.Attribute::<init> (10 bytes)
Event: 1.678 Thread 0x00000285fe65baf0 nmethod 1675 0x00000285edba7610 code [0x00000285edba77a0, 0x00000285edba78f0]
Event: 1.678 Thread 0x00000285fe65baf0 1677       2       com.sun.tools.javac.code.Source$Feature::allowedInSource (28 bytes)
Event: 1.678 Thread 0x00000285fe65baf0 nmethod 1677 0x00000285edba7990 code [0x00000285edba7b40, 0x00000285edba7cc0]
Event: 1.679 Thread 0x00000285fe65baf0 1676       1       com.sun.tools.javac.util.SharedNameTable$NameImpl::getIndex (5 bytes)
Event: 1.679 Thread 0x00000285fe65baf0 nmethod 1676 0x00000285f53a0990 code [0x00000285f53a0b20, 0x00000285f53a0be8]
Event: 1.679 Thread 0x00000285fe65baf0 1678       1       com.sun.tools.javac.code.Symbol::exists (2 bytes)
Event: 1.679 Thread 0x00000285fe65baf0 nmethod 1678 0x00000285f53a0c90 code [0x00000285f53a0e20, 0x00000285f53a0ee8]
Event: 1.679 Thread 0x00000285fe65baf0 1679       2       com.sun.tools.javac.comp.Attr$ResultInfo::<init> (32 bytes)
Event: 1.680 Thread 0x00000285fe65baf0 nmethod 1679 0x00000285edba7d90 code [0x00000285edba7f40, 0x00000285edba8210]
Event: 1.680 Thread 0x00000285fe65baf0 1680       2       com.sun.tools.javac.code.Kinds$KindSelector::<init> (11 bytes)
Event: 1.680 Thread 0x00000285fe65baf0 nmethod 1680 0x00000285edba8290 code [0x00000285edba8420, 0x00000285edba8528]
Event: 1.680 Thread 0x00000285fe65baf0 1681       2       com.sun.tools.javac.comp.Attr$ResultInfo::<init> (18 bytes)
Event: 1.680 Thread 0x00000285fe65baf0 nmethod 1681 0x00000285edba8610 code [0x00000285edba87c0, 0x00000285edba8ab0]
Event: 1.680 Thread 0x00000285fe65baf0 1682   !   2       com.sun.tools.javac.comp.Attr::attribTree (183 bytes)

GC Heap History (20 events):
Event: 0.909 GC heap after
{Heap after GC invocations=4 (full 0):
 garbage-first heap   total 8192K, used 2777K [0x00000000c5600000, 0x0000000100000000)
  region size 1024K, 1 young (1024K), 1 survivors (1024K)
 Metaspace       used 7775K, committed 7936K, reserved 1114112K
  class space    used 874K, committed 960K, reserved 1048576K
}
Event: 0.983 GC heap before
{Heap before GC invocations=4 (full 0):
 garbage-first heap   total 8192K, used 2777K [0x00000000c5600000, 0x0000000100000000)
  region size 1024K, 2 young (2048K), 1 survivors (1024K)
 Metaspace       used 7922K, committed 8064K, reserved 1114112K
  class space    used 880K, committed 960K, reserved 1048576K
}
Event: 0.986 GC heap after
{Heap after GC invocations=5 (full 0):
 garbage-first heap   total 10240K, used 3004K [0x00000000c5600000, 0x0000000100000000)
  region size 1024K, 1 young (1024K), 1 survivors (1024K)
 Metaspace       used 7922K, committed 8064K, reserved 1114112K
  class space    used 880K, committed 960K, reserved 1048576K
}
Event: 1.098 GC heap before
{Heap before GC invocations=5 (full 0):
 garbage-first heap   total 10240K, used 5052K [0x00000000c5600000, 0x0000000100000000)
  region size 1024K, 3 young (3072K), 1 survivors (1024K)
 Metaspace       used 8331K, committed 8512K, reserved 1114112K
  class space    used 928K, committed 1024K, reserved 1048576K
}
Event: 1.101 GC heap after
{Heap after GC invocations=6 (full 0):
 garbage-first heap   total 10240K, used 3608K [0x00000000c5600000, 0x0000000100000000)
  region size 1024K, 1 young (1024K), 1 survivors (1024K)
 Metaspace       used 8331K, committed 8512K, reserved 1114112K
  class space    used 928K, committed 1024K, reserved 1048576K
}
Event: 1.226 GC heap before
{Heap before GC invocations=6 (full 0):
 garbage-first heap   total 10240K, used 5656K [0x00000000c5600000, 0x0000000100000000)
  region size 1024K, 3 young (3072K), 1 survivors (1024K)
 Metaspace       used 8896K, committed 9024K, reserved 1114112K
  class space    used 990K, committed 1024K, reserved 1048576K
}
Event: 1.231 GC heap after
{Heap after GC invocations=7 (full 0):
 garbage-first heap   total 10240K, used 4543K [0x00000000c5600000, 0x0000000100000000)
  region size 1024K, 1 young (1024K), 1 survivors (1024K)
 Metaspace       used 8896K, committed 9024K, reserved 1114112K
  class space    used 990K, committed 1024K, reserved 1048576K
}
Event: 1.254 GC heap before
{Heap before GC invocations=7 (full 0):
 garbage-first heap   total 10240K, used 5567K [0x00000000c5600000, 0x0000000100000000)
  region size 1024K, 2 young (2048K), 1 survivors (1024K)
 Metaspace       used 8911K, committed 9024K, reserved 1114112K
  class space    used 990K, committed 1024K, reserved 1048576K
}
Event: 1.257 GC heap after
{Heap after GC invocations=8 (full 0):
 garbage-first heap   total 10240K, used 4986K [0x00000000c5600000, 0x0000000100000000)
  region size 1024K, 1 young (1024K), 1 survivors (1024K)
 Metaspace       used 8911K, committed 9024K, reserved 1114112K
  class space    used 990K, committed 1024K, reserved 1048576K
}
Event: 1.359 GC heap before
{Heap before GC invocations=8 (full 0):
 garbage-first heap   total 10240K, used 6010K [0x00000000c5600000, 0x0000000100000000)
  region size 1024K, 2 young (2048K), 1 survivors (1024K)
 Metaspace       used 9098K, committed 9280K, reserved 1114112K
  class space    used 1014K, committed 1088K, reserved 1048576K
}
Event: 1.361 GC heap after
{Heap after GC invocations=9 (full 0):
 garbage-first heap   total 16384K, used 4999K [0x00000000c5600000, 0x0000000100000000)
  region size 1024K, 1 young (1024K), 1 survivors (1024K)
 Metaspace       used 9098K, committed 9280K, reserved 1114112K
  class space    used 1014K, committed 1088K, reserved 1048576K
}
Event: 1.445 GC heap before
{Heap before GC invocations=10 (full 0):
 garbage-first heap   total 16384K, used 9095K [0x00000000c5600000, 0x0000000100000000)
  region size 1024K, 5 young (5120K), 1 survivors (1024K)
 Metaspace       used 9193K, committed 9408K, reserved 1114112K
  class space    used 1021K, committed 1088K, reserved 1048576K
}
Event: 1.448 GC heap after
{Heap after GC invocations=11 (full 0):
 garbage-first heap   total 16384K, used 5500K [0x00000000c5600000, 0x0000000100000000)
  region size 1024K, 1 young (1024K), 1 survivors (1024K)
 Metaspace       used 9193K, committed 9408K, reserved 1114112K
  class space    used 1021K, committed 1088K, reserved 1048576K
}
Event: 1.519 GC heap before
{Heap before GC invocations=11 (full 0):
 garbage-first heap   total 16384K, used 10620K [0x00000000c5600000, 0x0000000100000000)
  region size 1024K, 6 young (6144K), 1 survivors (1024K)
 Metaspace       used 9323K, committed 9472K, reserved 1114112K
  class space    used 1034K, committed 1088K, reserved 1048576K
}
Event: 1.525 GC heap after
{Heap after GC invocations=12 (full 0):
 garbage-first heap   total 16384K, used 6094K [0x00000000c5600000, 0x0000000100000000)
  region size 1024K, 1 young (1024K), 1 survivors (1024K)
 Metaspace       used 9323K, committed 9472K, reserved 1114112K
  class space    used 1034K, committed 1088K, reserved 1048576K
}
Event: 1.541 GC heap before
{Heap before GC invocations=12 (full 0):
 garbage-first heap   total 16384K, used 11214K [0x00000000c5600000, 0x0000000100000000)
  region size 1024K, 6 young (6144K), 1 survivors (1024K)
 Metaspace       used 9324K, committed 9472K, reserved 1114112K
  class space    used 1034K, committed 1088K, reserved 1048576K
}
Event: 1.546 GC heap after
{Heap after GC invocations=13 (full 0):
 garbage-first heap   total 16384K, used 6822K [0x00000000c5600000, 0x0000000100000000)
  region size 1024K, 1 young (1024K), 1 survivors (1024K)
 Metaspace       used 9324K, committed 9472K, reserved 1114112K
  class space    used 1034K, committed 1088K, reserved 1048576K
}
Event: 1.571 GC heap before
{Heap before GC invocations=13 (full 0):
 garbage-first heap   total 16384K, used 10918K [0x00000000c5600000, 0x0000000100000000)
  region size 1024K, 6 young (6144K), 1 survivors (1024K)
 Metaspace       used 9328K, committed 9472K, reserved 1114112K
  class space    used 1034K, committed 1088K, reserved 1048576K
}
Event: 1.575 GC heap after
{Heap after GC invocations=14 (full 0):
 garbage-first heap   total 16384K, used 7871K [0x00000000c5600000, 0x0000000100000000)
  region size 1024K, 1 young (1024K), 1 survivors (1024K)
 Metaspace       used 9328K, committed 9472K, reserved 1114112K
  class space    used 1034K, committed 1088K, reserved 1048576K
}
Event: 1.681 GC heap before
{Heap before GC invocations=14 (full 0):
 garbage-first heap   total 16384K, used 11967K [0x00000000c5600000, 0x0000000100000000)
  region size 1024K, 6 young (6144K), 1 survivors (1024K)
 Metaspace       used 9498K, committed 9600K, reserved 1114112K
  class space    used 1047K, committed 1088K, reserved 1048576K
}

Dll operation events (6 events):
Event: 0.029 Loaded shared library C:\Program Files\Java\jdk-21\bin\java.dll
Event: 0.128 Loaded shared library C:\Program Files\Java\jdk-21\bin\jsvml.dll
Event: 0.215 Loaded shared library C:\Program Files\Java\jdk-21\bin\jimage.dll
Event: 0.361 Loaded shared library C:\Program Files\Java\jdk-21\bin\net.dll
Event: 0.365 Loaded shared library C:\Program Files\Java\jdk-21\bin\nio.dll
Event: 0.416 Loaded shared library C:\Program Files\Java\jdk-21\bin\zip.dll

Deoptimization events (20 events):
Event: 1.129 Thread 0x00000285e39fadb0 Uncommon trap: trap_request=0xffffffc6 fr.pc=0x00000285f536e050 relative=0x0000000000000350
Event: 1.129 Thread 0x00000285e39fadb0 Uncommon trap: reason=bimorphic_or_optimized_type_check action=maybe_recompile pc=0x00000285f536e050 method=java.util.HashMap.getNode(Ljava/lang/Object;)Ljava/util/HashMap$Node; @ 63 c2
Event: 1.129 Thread 0x00000285e39fadb0 DEOPT PACKING pc=0x00000285f536e050 sp=0x000000b8450fe0a0
Event: 1.129 Thread 0x00000285e39fadb0 DEOPT UNPACKING pc=0x00000285f4de46a2 sp=0x000000b8450fe008 mode 2
Event: 1.231 Thread 0x00000285fe63f310 Uncommon trap: trap_request=0xffffff45 fr.pc=0x00000285f537c3e0 relative=0x0000000000000040
Event: 1.231 Thread 0x00000285fe63f310 Uncommon trap: reason=unstable_if action=reinterpret pc=0x00000285f537c3e0 method=java.util.concurrent.locks.AbstractQueuedSynchronizer.signalNext(Ljava/util/concurrent/locks/AbstractQueuedSynchronizer$Node;)V @ 1 c2
Event: 1.231 Thread 0x00000285fe63f310 DEOPT PACKING pc=0x00000285f537c3e0 sp=0x000000b8458ff370
Event: 1.231 Thread 0x00000285fe63f310 DEOPT UNPACKING pc=0x00000285f4de46a2 sp=0x000000b8458ff300 mode 2
Event: 1.231 Thread 0x00000285fe63f310 Uncommon trap: trap_request=0xffffff45 fr.pc=0x00000285f537c7f8 relative=0x0000000000000158
Event: 1.231 Thread 0x00000285fe63f310 Uncommon trap: reason=unstable_if action=reinterpret pc=0x00000285f537c7f8 method=java.util.concurrent.locks.ReentrantLock$NonfairSync.initialTryLock()Z @ 10 c2
Event: 1.231 Thread 0x00000285fe63f310 DEOPT PACKING pc=0x00000285f537c7f8 sp=0x000000b8458ff350
Event: 1.231 Thread 0x00000285fe63f310 DEOPT UNPACKING pc=0x00000285f4de46a2 sp=0x000000b8458ff2f8 mode 2
Event: 1.258 Thread 0x00000285e39fadb0 Uncommon trap: trap_request=0xffffffde fr.pc=0x00000285f537a144 relative=0x0000000000000884
Event: 1.258 Thread 0x00000285e39fadb0 Uncommon trap: reason=class_check action=maybe_recompile pc=0x00000285f537a144 method=java.util.HashMap.putVal(ILjava/lang/Object;Ljava/lang/Object;ZZ)Ljava/lang/Object; @ 203 c2
Event: 1.258 Thread 0x00000285e39fadb0 DEOPT PACKING pc=0x00000285f537a144 sp=0x000000b8450fe490
Event: 1.258 Thread 0x00000285e39fadb0 DEOPT UNPACKING pc=0x00000285f4de46a2 sp=0x000000b8450fe3c8 mode 2
Event: 1.469 Thread 0x00000285e39fadb0 Uncommon trap: trap_request=0xffffff45 fr.pc=0x00000285f5374d8c relative=0x000000000000006c
Event: 1.469 Thread 0x00000285e39fadb0 Uncommon trap: reason=unstable_if action=reinterpret pc=0x00000285f5374d8c method=com.sun.tools.javac.jvm.PoolReader.sizeof(I)I @ 1 c2
Event: 1.469 Thread 0x00000285e39fadb0 DEOPT PACKING pc=0x00000285f5374d8c sp=0x000000b8450fe0d0
Event: 1.469 Thread 0x00000285e39fadb0 DEOPT UNPACKING pc=0x00000285f4de46a2 sp=0x000000b8450fe060 mode 2

Classes loaded (20 events):
Event: 1.272 Loading class sun/nio/fs/WindowsDirectoryStream$WindowsDirectoryIterator
Event: 1.272 Loading class sun/nio/fs/WindowsDirectoryStream$WindowsDirectoryIterator done
Event: 1.272 Loading class java/nio/file/Files$2
Event: 1.272 Loading class java/nio/file/Files$2 done
Event: 1.273 Loading class java/util/ImmutableCollections$Access
Event: 1.273 Loading class java/util/ImmutableCollections$Access done
Event: 1.273 Loading class java/util/ImmutableCollections$Access$1
Event: 1.273 Loading class jdk/internal/access/JavaUtilCollectionAccess
Event: 1.273 Loading class jdk/internal/access/JavaUtilCollectionAccess done
Event: 1.273 Loading class java/util/ImmutableCollections$Access$1 done
Event: 1.274 Loading class java/util/stream/Nodes$SpinedNodeBuilder
Event: 1.275 Loading class java/util/stream/Nodes$SpinedNodeBuilder done
Event: 1.275 Loading class sun/nio/fs/WindowsPath$WindowsPathWithAttributes
Event: 1.275 Loading class sun/nio/fs/WindowsPath$WindowsPathWithAttributes done
Event: 1.472 Loading class java/lang/invoke/MethodHandle$1
Event: 1.472 Loading class java/lang/invoke/MethodHandle$1 done
Event: 1.593 Loading class java/util/LinkedList$Node
Event: 1.593 Loading class java/util/LinkedList$Node done
Event: 1.663 Loading class java/nio/file/FileTreeWalker$1
Event: 1.663 Loading class java/nio/file/FileTreeWalker$1 done

Classes unloaded (0 events):
No events

Classes redefined (0 events):
No events

Internal exceptions (20 events):
Event: 0.764 Thread 0x00000285e39fadb0 Exception <a 'java/lang/NoSuchMethodError'{0x00000000c5dd7f00}: 'java.lang.Object java.lang.invoke.DirectMethodHandle$Holder.newInvokeSpecial(java.lang.Object, java.lang.Object, java.lang.Object, java.lang.Object, java.lang.Object)'> (0x00000000c5dd7f00) 
thrown [s\open\src\hotspot\share\interpreter\linkResolver.cpp, line 773]
Event: 0.768 Thread 0x00000285e39fadb0 Exception <a 'java/lang/NoSuchMethodError'{0x00000000c5de5678}: 'java.lang.Object java.lang.invoke.DirectMethodHandle$Holder.newInvokeSpecial(java.lang.Object, java.lang.Object, java.lang.Object, java.lang.Object, java.lang.Object, java.lang.Object)'> (0x00000000c5de5678) 
thrown [s\open\src\hotspot\share\interpreter\linkResolver.cpp, line 773]
Event: 0.810 Thread 0x00000285e39fadb0 Exception <a 'sun/nio/fs/WindowsException'{0x00000000c5d37948}> (0x00000000c5d37948) 
thrown [s\open\src\hotspot\share\prims\jni.cpp, line 520]
Event: 0.993 Thread 0x00000285e39fadb0 Exception <a 'sun/nio/fs/WindowsException'{0x00000000c5f47808}> (0x00000000c5f47808) 
thrown [s\open\src\hotspot\share\prims\jni.cpp, line 520]
Event: 0.994 Thread 0x00000285e39fadb0 Exception <a 'sun/nio/fs/WindowsException'{0x00000000c5f48258}> (0x00000000c5f48258) 
thrown [s\open\src\hotspot\share\prims\jni.cpp, line 520]
Event: 1.047 Thread 0x00000285e39fadb0 Exception <a 'java/lang/NoSuchMethodError'{0x00000000c5e0cb10}: 'java.lang.Object java.lang.invoke.DirectMethodHandle$Holder.invokeSpecial(java.lang.Object, java.lang.Object, java.lang.Object, int, int)'> (0x00000000c5e0cb10) 
thrown [s\open\src\hotspot\share\interpreter\linkResolver.cpp, line 773]
Event: 1.049 Thread 0x00000285e39fadb0 Exception <a 'java/lang/NoSuchMethodError'{0x00000000c5e13020}: 'java.lang.Object java.lang.invoke.DirectMethodHandle$Holder.invokeVirtual(java.lang.Object, java.lang.Object, int)'> (0x00000000c5e13020) 
thrown [s\open\src\hotspot\share\interpreter\linkResolver.cpp, line 773]
Event: 1.260 Thread 0x00000285e39fadb0 Exception <a 'java/lang/NoSuchMethodError'{0x00000000c5f168f0}: 'void java.lang.invoke.DirectMethodHandle$Holder.invokeStatic(java.lang.Object, java.lang.Object)'> (0x00000000c5f168f0) 
thrown [s\open\src\hotspot\share\interpreter\linkResolver.cpp, line 773]
Event: 1.432 Thread 0x00000285e39fadb0 Exception <a 'java/lang/NoSuchMethodError'{0x00000000c6264230}: 'int java.lang.invoke.DirectMethodHandle$Holder.invokeSpecial(java.lang.Object, java.lang.Object, java.lang.Object)'> (0x00000000c6264230) 
thrown [s\open\src\hotspot\share\interpreter\linkResolver.cpp, line 773]
Event: 1.471 Thread 0x00000285e39fadb0 Exception <a 'java/lang/NoSuchMethodError'{0x00000000c634fe80}: 'java.lang.Object java.lang.invoke.DirectMethodHandle$Holder.invokeVirtual(java.lang.Object, java.lang.Object, java.lang.Object, int, int)'> (0x00000000c634fe80) 
thrown [s\open\src\hotspot\share\interpreter\linkResolver.cpp, line 773]
Event: 1.552 Thread 0x00000285e39fadb0 Exception <a 'sun/nio/fs/WindowsException'{0x00000000c6582e18}> (0x00000000c6582e18) 
thrown [s\open\src\hotspot\share\prims\jni.cpp, line 520]
Event: 1.552 Thread 0x00000285e39fadb0 Exception <a 'sun/nio/fs/WindowsException'{0x00000000c6583948}> (0x00000000c6583948) 
thrown [s\open\src\hotspot\share\prims\jni.cpp, line 520]
Event: 1.596 Thread 0x00000285e39fadb0 Exception <a 'java/lang/NoSuchMethodError'{0x00000000c65f3ee8}: 'java.lang.Object java.lang.invoke.DirectMethodHandle$Holder.invokeInterface(java.lang.Object, java.lang.Object)'> (0x00000000c65f3ee8) 
thrown [s\open\src\hotspot\share\interpreter\linkResolver.cpp, line 773]
Event: 1.643 Thread 0x00000285e39fadb0 Exception <a 'java/lang/NoSuchMethodError'{0x00000000c62c5b00}: 'void java.lang.invoke.DirectMethodHandle$Holder.invokeSpecial(java.lang.Object, java.lang.Object, java.lang.Object, java.lang.Object, java.lang.Object)'> (0x00000000c62c5b00) 
thrown [s\open\src\hotspot\share\interpreter\linkResolver.cpp, line 773]
Event: 1.663 Thread 0x00000285e39fadb0 Exception <a 'sun/nio/fs/WindowsException'{0x00000000c6156030}> (0x00000000c6156030) 
thrown [s\open\src\hotspot\share\prims\jni.cpp, line 520]
Event: 1.664 Thread 0x00000285e39fadb0 Exception <a 'sun/nio/fs/WindowsException'{0x00000000c61582f0}> (0x00000000c61582f0) 
thrown [s\open\src\hotspot\share\prims\jni.cpp, line 520]
Event: 1.665 Thread 0x00000285e39fadb0 Exception <a 'sun/nio/fs/WindowsException'{0x00000000c6159898}> (0x00000000c6159898) 
thrown [s\open\src\hotspot\share\prims\jni.cpp, line 520]
Event: 1.665 Thread 0x00000285e39fadb0 Exception <a 'sun/nio/fs/WindowsException'{0x00000000c615acd8}> (0x00000000c615acd8) 
thrown [s\open\src\hotspot\share\prims\jni.cpp, line 520]
Event: 1.665 Thread 0x00000285e39fadb0 Exception <a 'sun/nio/fs/WindowsException'{0x00000000c615c330}> (0x00000000c615c330) 
thrown [s\open\src\hotspot\share\prims\jni.cpp, line 520]
Event: 1.669 Thread 0x00000285e39fadb0 Exception <a 'sun/nio/fs/WindowsException'{0x00000000c6197678}> (0x00000000c6197678) 
thrown [s\open\src\hotspot\share\prims\jni.cpp, line 520]

ZGC Phase Switch (0 events):
No events

VM Operations (20 events):
Event: 1.257 Executing VM operation: G1CollectForAllocation (G1 Evacuation Pause) done
Event: 1.276 Executing VM operation: HandshakeAllThreads (Deoptimize)
Event: 1.276 Executing VM operation: HandshakeAllThreads (Deoptimize) done
Event: 1.359 Executing VM operation: G1CollectForAllocation (G1 Evacuation Pause)
Event: 1.361 Executing VM operation: G1CollectForAllocation (G1 Evacuation Pause) done
Event: 1.373 Executing VM operation: G1PauseRemark
Event: 1.376 Executing VM operation: G1PauseRemark done
Event: 1.381 Executing VM operation: G1PauseCleanup
Event: 1.381 Executing VM operation: G1PauseCleanup done
Event: 1.445 Executing VM operation: G1CollectForAllocation (G1 Evacuation Pause)
Event: 1.448 Executing VM operation: G1CollectForAllocation (G1 Evacuation Pause) done
Event: 1.508 Executing VM operation: HandshakeAllThreads (Deoptimize)
Event: 1.508 Executing VM operation: HandshakeAllThreads (Deoptimize) done
Event: 1.519 Executing VM operation: G1CollectForAllocation (G1 Evacuation Pause)
Event: 1.525 Executing VM operation: G1CollectForAllocation (G1 Evacuation Pause) done
Event: 1.541 Executing VM operation: G1CollectForAllocation (G1 Evacuation Pause)
Event: 1.546 Executing VM operation: G1CollectForAllocation (G1 Evacuation Pause) done
Event: 1.571 Executing VM operation: G1CollectForAllocation (G1 Evacuation Pause)
Event: 1.575 Executing VM operation: G1CollectForAllocation (G1 Evacuation Pause) done
Event: 1.681 Executing VM operation: G1CollectForAllocation (G1 Evacuation Pause)

Events (11 events):
Event: 0.071 Thread 0x00000285e39fadb0 Thread added: 0x00000285e39fadb0
Event: 0.118 Thread 0x00000285fe63f310 Thread added: 0x00000285fe63f310
Event: 0.118 Thread 0x00000285fe642490 Thread added: 0x00000285fe642490
Event: 0.119 Thread 0x00000285fe6476b0 Thread added: 0x00000285fe6476b0
Event: 0.119 Thread 0x00000285fe648110 Thread added: 0x00000285fe648110
Event: 0.119 Thread 0x00000285fe648b70 Thread added: 0x00000285fe648b70
Event: 0.119 Thread 0x00000285fe6517f0 Thread added: 0x00000285fe6517f0
Event: 0.120 Thread 0x00000285fe65a370 Thread added: 0x00000285fe65a370
Event: 0.120 Thread 0x00000285fe65baf0 Thread added: 0x00000285fe65baf0
Event: 0.166 Thread 0x00000285fe73a4e0 Thread added: 0x00000285fe73a4e0
Event: 0.208 Thread 0x00000285fe961920 Thread added: 0x00000285fe961920


Dynamic libraries:
0x00007ff661c30000 - 0x00007ff661c38000 	C:\Program Files\Java\jdk-21\bin\javac.exe
0x00007ffea63f0000 - 0x00007ffea65e8000 	C:\WINDOWS\SYSTEM32\ntdll.dll
0x00007ffea55c0000 - 0x00007ffea567d000 	C:\WINDOWS\System32\KERNEL32.DLL
0x00007ffea3dc0000 - 0x00007ffea40b6000 	C:\WINDOWS\System32\KERNELBASE.dll
0x00007ffea3b30000 - 0x00007ffea3c30000 	C:\WINDOWS\System32\ucrtbase.dll
0x00007ffe9b990000 - 0x00007ffe9b9ab000 	C:\Program Files\Java\jdk-21\bin\VCRUNTIME140.dll
0x00007ffe92f00000 - 0x00007ffe92f19000 	C:\Program Files\Java\jdk-21\bin\jli.dll
0x00007ffea56f0000 - 0x00007ffea57a0000 	C:\WINDOWS\System32\ADVAPI32.dll
0x00007ffea4420000 - 0x00007ffea44be000 	C:\WINDOWS\System32\msvcrt.dll
0x00007ffea52e0000 - 0x00007ffea5380000 	C:\WINDOWS\System32\sechost.dll
0x00007ffea4960000 - 0x00007ffea4a83000 	C:\WINDOWS\System32\RPCRT4.dll
0x00007ffea3c30000 - 0x00007ffea3c57000 	C:\WINDOWS\System32\bcrypt.dll
0x00007ffea5890000 - 0x00007ffea5a2f000 	C:\WINDOWS\System32\USER32.dll
0x00007ffea43a0000 - 0x00007ffea43c2000 	C:\WINDOWS\System32\win32u.dll
0x00007ffe926f0000 - 0x00007ffe9298a000 	C:\WINDOWS\WinSxS\amd64_microsoft.windows.common-controls_6595b64144ccf1df_6.0.19041.4355_none_60b8b9eb71f62e16\COMCTL32.dll
0x00007ffea5200000 - 0x00007ffea522b000 	C:\WINDOWS\System32\GDI32.dll
0x00007ffea41d0000 - 0x00007ffea42e7000 	C:\WINDOWS\System32\gdi32full.dll
0x00007ffea40c0000 - 0x00007ffea415d000 	C:\WINDOWS\System32\msvcp_win.dll
0x00007ffe99d50000 - 0x00007ffe99d5a000 	C:\WINDOWS\SYSTEM32\VERSION.dll
0x00007ffea48c0000 - 0x00007ffea48f2000 	C:\WINDOWS\System32\IMM32.DLL
0x00007ffe9f410000 - 0x00007ffe9f41c000 	C:\Program Files\Java\jdk-21\bin\vcruntime140_1.dll
0x00007ffe86210000 - 0x00007ffe8629e000 	C:\Program Files\Java\jdk-21\bin\msvcp140.dll
0x00007ffe76cc0000 - 0x00007ffe779d7000 	C:\Program Files\Java\jdk-21\bin\server\jvm.dll
0x00007ffea5ec0000 - 0x00007ffea5f2b000 	C:\WINDOWS\System32\WS2_32.dll
0x00007ffea38f0000 - 0x00007ffea393b000 	C:\WINDOWS\SYSTEM32\POWRPROF.dll
0x00007ffe99d20000 - 0x00007ffe99d47000 	C:\WINDOWS\SYSTEM32\WINMM.dll
0x00007ffea38d0000 - 0x00007ffea38e2000 	C:\WINDOWS\SYSTEM32\UMPDC.dll
0x00007ffea1920000 - 0x00007ffea1932000 	C:\WINDOWS\SYSTEM32\kernel.appcore.dll
0x00007ffe9ebf0000 - 0x00007ffe9ebfa000 	C:\Program Files\Java\jdk-21\bin\jimage.dll
0x00007ffe96e60000 - 0x00007ffe97044000 	C:\WINDOWS\SYSTEM32\DBGHELP.DLL
0x00007ffe8f680000 - 0x00007ffe8f6b4000 	C:\WINDOWS\SYSTEM32\dbgcore.DLL
0x00007ffea3aa0000 - 0x00007ffea3b22000 	C:\WINDOWS\System32\bcryptPrimitives.dll
0x00007ffe939c0000 - 0x00007ffe939df000 	C:\Program Files\Java\jdk-21\bin\java.dll
0x00007ffea4a90000 - 0x00007ffea51fb000 	C:\WINDOWS\System32\SHELL32.dll
0x00007ffea1b20000 - 0x00007ffea22bd000 	C:\WINDOWS\SYSTEM32\windows.storage.dll
0x00007ffea5a40000 - 0x00007ffea5d93000 	C:\WINDOWS\System32\combase.dll
0x00007ffea33f0000 - 0x00007ffea341e000 	C:\WINDOWS\SYSTEM32\Wldp.dll
0x00007ffea57a0000 - 0x00007ffea586d000 	C:\WINDOWS\System32\OLEAUT32.dll
0x00007ffea4580000 - 0x00007ffea462d000 	C:\WINDOWS\System32\SHCORE.dll
0x00007ffea5690000 - 0x00007ffea56e5000 	C:\WINDOWS\System32\shlwapi.dll
0x00007ffea39d0000 - 0x00007ffea39f4000 	C:\WINDOWS\SYSTEM32\profapi.dll
0x00007ffe89550000 - 0x00007ffe89627000 	C:\Program Files\Java\jdk-21\bin\jsvml.dll
0x00007ffe9e450000 - 0x00007ffe9e460000 	C:\Program Files\Java\jdk-21\bin\net.dll
0x00007ffe978e0000 - 0x00007ffe979ea000 	C:\WINDOWS\SYSTEM32\WINHTTP.dll
0x00007ffea3150000 - 0x00007ffea31ba000 	C:\WINDOWS\system32\mswsock.dll
0x00007ffe939a0000 - 0x00007ffe939b6000 	C:\Program Files\Java\jdk-21\bin\nio.dll
0x00007ffe93410000 - 0x00007ffe93428000 	C:\Program Files\Java\jdk-21\bin\zip.dll

dbghelp: loaded successfully - version: 4.0.5 - missing functions: none
symbol engine: initialized successfully - sym options: 0x614 - pdb path: .;C:\Program Files\Java\jdk-21\bin;C:\WINDOWS\SYSTEM32;C:\WINDOWS\WinSxS\amd64_microsoft.windows.common-controls_6595b64144ccf1df_6.0.19041.4355_none_60b8b9eb71f62e16;C:\Program Files\Java\jdk-21\bin\server

VM Arguments:
jvm_args: -Dapplication.home=C:\Program Files\Java\jdk-21 --add-modules=ALL-DEFAULT -Xms8m -Djdk.module.main=jdk.compiler 
java_command: jdk.compiler/com.sun.tools.javac.Main -d C:\Users\NIRWAN\OneDrive\Documents\NetBeansProjects\Student Results Management System\build\classes -classpath C:\Users\NIRWAN\OneDrive\Documents\NetBeansProjects\Student Results Management System\build\classes;C:\Program Files\NetBeans-17\netbeans\java\modules\ext\AbsoluteLayout.jar;C:\Users\NIRWAN\3D Objects\New Folder (3)\jcalendar-1.4\lib\jcalendar-1.4.jar;C:\Users\NIRWAN\Downloads\mysql-connector-j-8.3.0\mysql-connector-j-8.3.0\mysql-connector-j-8.3.0.jar;C:\Users\NIRWAN\OneDrive\Documents\mysql-connector-j-8.3.0.jar -sourcepath C:\Users\NIRWAN\OneDrive\Documents\NetBeansProjects\Student Results Management System\src -target 21 -encoding UTF-8 -g -processorpath C:\Program Files\NetBeans-17\netbeans\java\modules\ext\AbsoluteLayout.jar;C:\Users\NIRWAN\3D Objects\New Folder (3)\jcalendar-1.4\lib\jcalendar-1.4.jar;C:\Users\NIRWAN\Downloads\mysql-connector-j-8.3.0\mysql-connector-j-8.3.0\mysql-connector-j-8.3.0.jar;C:\Users\NIRWAN\OneDrive\Documents\mysql-connector-j-8.3.0.jar;C:\Users\NIRWAN\OneDrive\Documents\NetBeansProjects\Student Results Management System\build\empty -s C:\Users\NIRWAN\OneDrive\Documents\NetBeansProjects\Student Results Management System\build\generated-sources\ap-source-output -source 21 C:\Users\NIRWAN\OneDrive\Documents\NetBeansProjects\Student Results Management System\src\Interfaces\AddStudentForm.java
java_class_path (initial): <not set>
Launcher Type: SUN_STANDARD

[Global flags]
     intx CICompilerCount                          = 3                                         {product} {ergonomic}
     uint ConcGCThreads                            = 1                                         {product} {ergonomic}
     uint G1ConcRefinementThreads                  = 4                                         {product} {ergonomic}
   size_t G1HeapRegionSize                         = 1048576                                   {product} {ergonomic}
    uintx GCDrainStackTargetSize                   = 64                                        {product} {ergonomic}
   size_t InitialHeapSize                          = 8388608                                   {product} {command line}
   size_t MarkStackSize                            = 4194304                                   {product} {ergonomic}
   size_t MaxHeapSize                              = 983564288                                 {product} {ergonomic}
   size_t MaxNewSize                               = 589299712                                 {product} {ergonomic}
   size_t MinHeapDeltaBytes                        = 1048576                                   {product} {ergonomic}
   size_t MinHeapSize                              = 8388608                                   {product} {command line}
    uintx NonNMethodCodeHeapSize                   = 5832780                                {pd product} {ergonomic}
    uintx NonProfiledCodeHeapSize                  = 122912730                              {pd product} {ergonomic}
    uintx ProfiledCodeHeapSize                     = 122912730                              {pd product} {ergonomic}
    uintx ReservedCodeCacheSize                    = 251658240                              {pd product} {ergonomic}
     bool SegmentedCodeCache                       = true                                      {product} {ergonomic}
   size_t SoftMaxHeapSize                          = 983564288                              {manageable} {ergonomic}
     bool UseCompressedOops                        = true                           {product lp64_product} {ergonomic}
     bool UseG1GC                                  = true                                      {product} {ergonomic}
     bool UseLargePagesIndividualAllocation        = false                                  {pd product} {ergonomic}

Logging:
Log output configuration:
 #0: stdout all=warning uptime,level,tags foldmultilines=false
 #1: stderr all=off uptime,level,tags foldmultilines=false

Environment Variables:
JAVA_HOME=C:\Program Files\Java\jdk-21
PATH=C:\Program Files\Common Files\Oracle\Java\javapath;C:\Program Files (x86)\NVIDIA Corporation\PhysX\Common;C:\WINDOWS\system32;C:\WINDOWS;C:\WINDOWS\System32\Wbem;C:\WINDOWS\System32\WindowsPowerShell\v1.0\;C:\WINDOWS\System32\OpenSSH\;C:\Program Files\Java\jdk-21\bin;C:\Program Files\MySQL\MySQL Server 8.0\bin;C:\Program Files\MySQL\MySQL Server 8.0\bin;C:\Program Files\MySQL\MySQL Shell 8.0\bin\;C:\Users\NIRWAN\AppData\Local\Microsoft\WindowsApps;
USERNAME=NIRWAN
OS=Windows_NT
PROCESSOR_IDENTIFIER=AMD64 Family 23 Model 17 Stepping 0, AuthenticAMD
TMP=C:\Users\NIRWAN\AppData\Local\Temp
TEMP=C:\Users\NIRWAN\AppData\Local\Temp




Periodic native trim disabled

---------------  S Y S T E M  ---------------

OS:
 Windows 10 , 64 bit Build 19041 (10.0.19041.3636)
OS uptime: 0 days 9:43 hours

CPU: total 4 (initial active 4) (4 cores per cpu, 2 threads per core) family 23 model 17 stepping 0 microcode 0x0, cx8, cmov, fxsr, ht, mmx, 3dnowpref, sse, sse2, sse3, ssse3, sse4a, sse4.1, sse4.2, popcnt, lzcnt, tsc, tscinvbit, avx, avx2, aes, clmul, bmi1, bmi2, adx, sha, fma, vzeroupper, clflush, clflushopt, rdtscp, f16c
Processor Information for all 4 processors :
  Max Mhz: 2500, Current Mhz: 2500, Mhz Limit: 2500

Memory: 4k page, system-wide physical 3747M (280M free)
TotalPageFile size 6747M (AvailPageFile size 19M)
current process WorkingSet (physical memory assigned to process): 89M, peak: 91M
current process commit charge ("private bytes"): 114M, peak: 128M

vm_info: Java HotSpot(TM) 64-Bit Server VM (21.0.2+13-LTS-58) for windows-amd64 JRE (21.0.2+13-LTS-58), built on 2024-01-05T18:32:24Z by "mach5one" with MS VC++ 17.1 (VS2022)

END.
