#
# There is insufficient memory for the Java Runtime Environment to continue.
# Native memory allocation (mmap) failed to map 65536 bytes for Failed to commit metaspace.
# Possible reasons:
#   The system is out of physical RAM or swap space
#   The process is running with CompressedOops enabled, and the Java Heap may be blocking the growth of the native heap
# Possible solutions:
#   Reduce memory load on the system
#   Increase physical memory or swap space
#   Check if swap backing store is full
#   Decrease Java heap size (-Xmx/-Xms)
#   Decrease number of Java threads
#   Decrease Java thread stack sizes (-Xss)
#   Set larger code cache with -XX:ReservedCodeCacheSize=
#   JVM is running with Unscaled Compressed Oops mode in which the Java heap is
#     placed in the first 4GB address space. The Java Heap base address is the
#     maximum limit for the native heap growth. Please use -XX:HeapBaseMinAddress
#     to set the Java Heap base and to place the Java Heap above 4GB virtual address.
# This output file may be truncated or incomplete.
#
#  Out of Memory Error (virtualSpaceNode.cpp:112), pid=2744, tid=9864
#
# JRE version:  (21.0.2+13) (build )
# Java VM: Java HotSpot(TM) 64-Bit Server VM (21.0.2+13-LTS-58, mixed mode, tiered, compressed oops, compressed class ptrs, g1 gc, windows-amd64)
# No core dump will be written. Minidumps are not enabled by default on client versions of Windows
#

---------------  S U M M A R Y ------------

Command Line: -Dapplication.home=C:\Program Files\Java\jdk-21 --add-modules=ALL-DEFAULT -Xms8m -Djdk.module.main=jdk.compiler jdk.compiler/com.sun.tools.javac.Main -d C:\Users\NIRWAN\OneDrive\Documents\NetBeansProjects\Student Results Management System\build\classes -classpath C:\Users\NIRWAN\OneDrive\Documents\NetBeansProjects\Student Results Management System\build\classes;C:\Program Files\NetBeans-17\netbeans\java\modules\ext\AbsoluteLayout.jar;C:\Users\NIRWAN\3D Objects\New Folder (3)\jcalendar-1.4\lib\jcalendar-1.4.jar;C:\Users\NIRWAN\Downloads\mysql-connector-j-8.3.0\mysql-connector-j-8.3.0\mysql-connector-j-8.3.0.jar;C:\Users\NIRWAN\OneDrive\Documents\mysql-connector-j-8.3.0.jar -sourcepath C:\Users\NIRWAN\OneDrive\Documents\NetBeansProjects\Student Results Management System\src -target 21 -encoding UTF-8 -g -processorpath C:\Program Files\NetBeans-17\netbeans\java\modules\ext\AbsoluteLayout.jar;C:\Users\NIRWAN\3D Objects\New Folder (3)\jcalendar-1.4\lib\jcalendar-1.4.jar;C:\Users\NIRWAN\Downloads\mysql-connector-j-8.3.0\mysql-connector-j-8.3.0\mysql-connector-j-8.3.0.jar;C:\Users\NIRWAN\OneDrive\Documents\mysql-connector-j-8.3.0.jar;C:\Users\NIRWAN\OneDrive\Documents\NetBeansProjects\Student Results Management System\build\empty -s C:\Users\NIRWAN\OneDrive\Documents\NetBeansProjects\Student Results Management System\build\generated-sources\ap-source-output -source 21 C:\Users\NIRWAN\OneDrive\Documents\NetBeansProjects\Student Results Management System\src\Interfaces\AddStudentForm.java

Host: AMD Ryzen 3 2200U with Radeon Vega Mobile Gfx  , 4 cores, 3G,  Windows 10 , 64 bit Build 19041 (10.0.19041.3636)
Time: Wed May 22 01:47:57 2024 Sri Lanka Standard Time elapsed time: 0.166147 seconds (0d 0h 0m 0s)

---------------  T H R E A D  ---------------

Current thread (0x000001d43a923570):  JavaThread "Unknown thread" [_thread_in_vm, id=9864, stack(0x0000000100600000,0x0000000100700000) (1024K)]

Stack: [0x0000000100600000,0x0000000100700000]
Native frames: (J=compiled Java code, j=interpreted, Vv=VM code, C=native code)
V  [jvm.dll+0x6cade9]
V  [jvm.dll+0x8569c1]
V  [jvm.dll+0x858d2e]
V  [jvm.dll+0x859413]
V  [jvm.dll+0x280e56]
V  [jvm.dll+0x8526ee]
V  [jvm.dll+0x66e705]
V  [jvm.dll+0x66e76a]
V  [jvm.dll+0x670f96]
V  [jvm.dll+0x670e62]
V  [jvm.dll+0x66f0de]
V  [jvm.dll+0x26b47f]
V  [jvm.dll+0x679305]
V  [jvm.dll+0x217b73]
V  [jvm.dll+0x2180b5]
V  [jvm.dll+0x218ad1]
V  [jvm.dll+0x20dd9e]
V  [jvm.dll+0x5ad3dc]
V  [jvm.dll+0x21f76a]
V  [jvm.dll+0x7cec21]
V  [jvm.dll+0x7cfc85]
V  [jvm.dll+0x7d022f]
V  [jvm.dll+0x7cfed8]
V  [jvm.dll+0x8549e3]
V  [jvm.dll+0x85478a]
V  [jvm.dll+0x81d6c8]
V  [jvm.dll+0x81eecd]
V  [jvm.dll+0x3bb929]
V  [jvm.dll+0x807a28]
V  [jvm.dll+0x44f50e]
V  [jvm.dll+0x450e11]
C  [jli.dll+0x52a3]
C  [ucrtbase.dll+0x21bb2]
C  [KERNEL32.DLL+0x17344]
C  [ntdll.dll+0x526b1]


---------------  P R O C E S S  ---------------

Threads class SMR info:
_java_thread_list=0x000001d43a9c5a30, length=1, elements={
0x000001d43a923570
}

Java Threads: ( => current thread )
=>0x000001d43a923570 JavaThread "Unknown thread"             [_thread_in_vm, id=9864, stack(0x0000000100600000,0x0000000100700000) (1024K)]
Total: 1

Other Threads:
  0x000001d43a9c5f40 WatcherThread "VM Periodic Task Thread"        [id=4332, stack(0x0000000100c00000,0x0000000100d00000) (1024K)]
  0x000001d43a94fbb0 WorkerThread "GC Thread#0"                     [id=6540, stack(0x0000000100700000,0x0000000100800000) (1024K)]
  0x000001d43a9587f0 ConcurrentGCThread "G1 Main Marker"            [id=4356, stack(0x0000000100800000,0x0000000100900000) (1024K)]
  0x000001d43a9593b0 WorkerThread "G1 Conc#0"                       [id=8324, stack(0x0000000100900000,0x0000000100a00000) (1024K)]
  0x000001d43a9730a0 ConcurrentGCThread "G1 Refine#0"               [id=7964, stack(0x0000000100a00000,0x0000000100b00000) (1024K)]
  0x000001d43a9744e0 ConcurrentGCThread "G1 Service"                [id=11480, stack(0x0000000100b00000,0x0000000100c00000) (1024K)]
Total: 6

Threads with active compile tasks:
Total: 0

VM state: not at safepoint (not fully initialized)

VM Mutex/Monitor currently owned by a thread:  ([mutex/lock_event])
[0x00007ffcd5fbace8] Metaspace_lock - owner thread: 0x000001d43a923570

Heap address: 0x00000000c5600000, size: 938 MB, Compressed Oops mode: 32-bit

CDS archive(s) not mapped
Compressed class space mapped at: 0x000001d456000000-0x000001d496000000, reserved size: 1073741824
Narrow klass base: 0x000001d456000000, Narrow klass shift: 0, Narrow klass range: 0x40000000

GC Precious Log:
 CardTable entry size: 512
 Card Set container configuration: InlinePtr #cards 5 size 8 Array Of Cards #cards 12 size 40 Howl #buckets 4 coarsen threshold 1843 Howl Bitmap #cards 512 size 80 coarsen threshold 460 Card regions per heap region 1 cards per card region 2048
 CPUs: 4 total, 4 available
 Memory: 3747M
 Large Page Support: Disabled
 NUMA Support: Disabled
 Compressed Oops: Enabled (32-bit)
 Heap Region Size: 1M
 Heap Min Capacity: 8M
 Heap Initial Capacity: 8M
 Heap Max Capacity: 938M
 Pre-touch: Disabled
 Parallel Workers: 4
 Concurrent Workers: 1
 Concurrent Refinement Workers: 4
 Periodic GC: Disabled

Heap:
 garbage-first heap   total 8192K, used 0K [0x00000000c5600000, 0x0000000100000000)
  region size 1024K, 1 young (1024K), 0 survivors (0K)
 Metaspace       used 827K, committed 832K, reserved 1114112K
  class space    used 59K, committed 64K, reserved 1048576K

Heap Regions: E=young(eden), S=young(survivor), O=old, HS=humongous(starts), HC=humongous(continues), CS=collection set, F=free, TAMS=top-at-mark-start, PB=parsable bottom
|   0|0x00000000c5600000, 0x00000000c5600000, 0x00000000c5700000|  0%| F|  |TAMS 0x00000000c5600000| PB 0x00000000c5600000| Untracked 
|   1|0x00000000c5700000, 0x00000000c5700000, 0x00000000c5800000|  0%| F|  |TAMS 0x00000000c5700000| PB 0x00000000c5700000| Untracked 
|   2|0x00000000c5800000, 0x00000000c5800000, 0x00000000c5900000|  0%| F|  |TAMS 0x00000000c5800000| PB 0x00000000c5800000| Untracked 
|   3|0x00000000c5900000, 0x00000000c5900000, 0x00000000c5a00000|  0%| F|  |TAMS 0x00000000c5900000| PB 0x00000000c5900000| Untracked 
|   4|0x00000000c5a00000, 0x00000000c5a00000, 0x00000000c5b00000|  0%| F|  |TAMS 0x00000000c5a00000| PB 0x00000000c5a00000| Untracked 
|   5|0x00000000c5b00000, 0x00000000c5b00000, 0x00000000c5c00000|  0%| F|  |TAMS 0x00000000c5b00000| PB 0x00000000c5b00000| Untracked 
|   6|0x00000000c5c00000, 0x00000000c5c00000, 0x00000000c5d00000|  0%| F|  |TAMS 0x00000000c5c00000| PB 0x00000000c5c00000| Untracked 
|   7|0x00000000c5d00000, 0x00000000c5d0f630, 0x00000000c5e00000|  6%| E|  |TAMS 0x00000000c5d00000| PB 0x00000000c5d00000| Complete 

Card table byte_map: [0x000001d451d90000,0x000001d451f70000] _byte_map_base: 0x000001d451765000

Marking Bits: (CMBitMap*) 0x000001d43a9509d0
 Bits: [0x000001d451f70000, 0x000001d452e18000)

GC Heap History (0 events):
No events

Dll operation events (1 events):
Event: 0.025 Loaded shared library C:\Program Files\Java\jdk-21\bin\java.dll

Deoptimization events (0 events):
No events

Classes loaded (20 events):
Event: 0.146 Loading class jdk/internal/reflect/CallerSensitive done
Event: 0.146 Loading class jdk/internal/reflect/NativeConstructorAccessorImpl
Event: 0.147 Loading class jdk/internal/reflect/NativeConstructorAccessorImpl done
Event: 0.147 Loading class java/lang/invoke/DirectMethodHandle
Event: 0.148 Loading class java/lang/invoke/MethodHandle
Event: 0.151 Loading class java/lang/invoke/MethodHandle done
Event: 0.151 Loading class java/lang/invoke/DirectMethodHandle done
Event: 0.151 Loading class java/lang/invoke/VarHandle
Event: 0.154 Loading class java/lang/invoke/VarHandle done
Event: 0.154 Loading class java/lang/invoke/MemberName
Event: 0.154 Loading class java/lang/invoke/MemberName done
Event: 0.154 Loading class java/lang/invoke/ResolvedMethodName
Event: 0.155 Loading class java/lang/invoke/ResolvedMethodName done
Event: 0.155 Loading class java/lang/invoke/MethodHandleNatives
Event: 0.155 Loading class java/lang/invoke/MethodHandleNatives done
Event: 0.155 Loading class java/lang/invoke/LambdaForm
Event: 0.156 Loading class java/lang/invoke/LambdaForm done
Event: 0.156 Loading class java/lang/invoke/MethodType
Event: 0.157 Loading class java/lang/invoke/TypeDescriptor$OfMethod
Event: 0.157 Loading class java/lang/invoke/TypeDescriptor$OfMethod done

Classes unloaded (0 events):
No events

Classes redefined (0 events):
No events

Internal exceptions (0 events):
No events

ZGC Phase Switch (0 events):
No events

VM Operations (0 events):
No events

Events (1 events):
Event: 0.037 Thread 0x000001d43a923570 Thread added: 0x000001d43a923570


Dynamic libraries:
0x00007ff7a8850000 - 0x00007ff7a8858000 	C:\Program Files\Java\jdk-21\bin\javac.exe
0x00007ffd11990000 - 0x00007ffd11b88000 	C:\WINDOWS\SYSTEM32\ntdll.dll
0x00007ffd11340000 - 0x00007ffd113fd000 	C:\WINDOWS\System32\KERNEL32.DLL
0x00007ffd0f4c0000 - 0x00007ffd0f7b6000 	C:\WINDOWS\System32\KERNELBASE.dll
0x00007ffd0f040000 - 0x00007ffd0f140000 	C:\WINDOWS\System32\ucrtbase.dll
0x00007ffd07df0000 - 0x00007ffd07e0b000 	C:\Program Files\Java\jdk-21\bin\VCRUNTIME140.dll
0x00007ffd02740000 - 0x00007ffd02759000 	C:\Program Files\Java\jdk-21\bin\jli.dll
0x00007ffd118a0000 - 0x00007ffd11950000 	C:\WINDOWS\System32\ADVAPI32.dll
0x00007ffd11540000 - 0x00007ffd115de000 	C:\WINDOWS\System32\msvcrt.dll
0x00007ffd10900000 - 0x00007ffd109a0000 	C:\WINDOWS\System32\sechost.dll
0x00007ffd11400000 - 0x00007ffd11523000 	C:\WINDOWS\System32\RPCRT4.dll
0x00007ffd0f840000 - 0x00007ffd0f867000 	C:\WINDOWS\System32\bcrypt.dll
0x00007ffd109a0000 - 0x00007ffd10b3f000 	C:\WINDOWS\System32\USER32.dll
0x00007ffd0f7c0000 - 0x00007ffd0f7e2000 	C:\WINDOWS\System32\win32u.dll
0x00007ffd111c0000 - 0x00007ffd111eb000 	C:\WINDOWS\System32\GDI32.dll
0x00007ffd0f3a0000 - 0x00007ffd0f4b7000 	C:\WINDOWS\System32\gdi32full.dll
0x00007ffd0f870000 - 0x00007ffd0f90d000 	C:\WINDOWS\System32\msvcp_win.dll
0x00007ffcfdfb0000 - 0x00007ffcfe24a000 	C:\WINDOWS\WinSxS\amd64_microsoft.windows.common-controls_6595b64144ccf1df_6.0.19041.4355_none_60b8b9eb71f62e16\COMCTL32.dll
0x00007ffd05f70000 - 0x00007ffd05f7a000 	C:\WINDOWS\SYSTEM32\VERSION.dll
0x00007ffd10800000 - 0x00007ffd10832000 	C:\WINDOWS\System32\IMM32.DLL
0x00007ffd0a190000 - 0x00007ffd0a19c000 	C:\Program Files\Java\jdk-21\bin\vcruntime140_1.dll
0x00007ffcf37b0000 - 0x00007ffcf383e000 	C:\Program Files\Java\jdk-21\bin\msvcp140.dll
0x00007ffcd5380000 - 0x00007ffcd6097000 	C:\Program Files\Java\jdk-21\bin\server\jvm.dll
0x00007ffd110f0000 - 0x00007ffd1115b000 	C:\WINDOWS\System32\WS2_32.dll
0x00007ffd0ee90000 - 0x00007ffd0eedb000 	C:\WINDOWS\SYSTEM32\POWRPROF.dll
0x00007ffd05f40000 - 0x00007ffd05f67000 	C:\WINDOWS\SYSTEM32\WINMM.dll
0x00007ffd0ee70000 - 0x00007ffd0ee82000 	C:\WINDOWS\SYSTEM32\UMPDC.dll
0x00007ffd0cec0000 - 0x00007ffd0ced2000 	C:\WINDOWS\SYSTEM32\kernel.appcore.dll
0x00007ffd0a140000 - 0x00007ffd0a14a000 	C:\Program Files\Java\jdk-21\bin\jimage.dll
0x00007ffd02bd0000 - 0x00007ffd02db4000 	C:\WINDOWS\SYSTEM32\DBGHELP.DLL
0x00007ffcfd100000 - 0x00007ffcfd134000 	C:\WINDOWS\SYSTEM32\dbgcore.DLL
0x00007ffd0f1b0000 - 0x00007ffd0f232000 	C:\WINDOWS\System32\bcryptPrimitives.dll
0x00007ffd02860000 - 0x00007ffd0287f000 	C:\Program Files\Java\jdk-21\bin\java.dll

dbghelp: loaded successfully - version: 4.0.5 - missing functions: none
symbol engine: initialized successfully - sym options: 0x614 - pdb path: .;C:\Program Files\Java\jdk-21\bin;C:\WINDOWS\SYSTEM32;C:\WINDOWS\WinSxS\amd64_microsoft.windows.common-controls_6595b64144ccf1df_6.0.19041.4355_none_60b8b9eb71f62e16;C:\Program Files\Java\jdk-21\bin\server

VM Arguments:
jvm_args: -Dapplication.home=C:\Program Files\Java\jdk-21 --add-modules=ALL-DEFAULT -Xms8m -Djdk.module.main=jdk.compiler 
java_command: jdk.compiler/com.sun.tools.javac.Main -d C:\Users\NIRWAN\OneDrive\Documents\NetBeansProjects\Student Results Management System\build\classes -classpath C:\Users\NIRWAN\OneDrive\Documents\NetBeansProjects\Student Results Management System\build\classes;C:\Program Files\NetBeans-17\netbeans\java\modules\ext\AbsoluteLayout.jar;C:\Users\NIRWAN\3D Objects\New Folder (3)\jcalendar-1.4\lib\jcalendar-1.4.jar;C:\Users\NIRWAN\Downloads\mysql-connector-j-8.3.0\mysql-connector-j-8.3.0\mysql-connector-j-8.3.0.jar;C:\Users\NIRWAN\OneDrive\Documents\mysql-connector-j-8.3.0.jar -sourcepath C:\Users\NIRWAN\OneDrive\Documents\NetBeansProjects\Student Results Management System\src -target 21 -encoding UTF-8 -g -processorpath C:\Program Files\NetBeans-17\netbeans\java\modules\ext\AbsoluteLayout.jar;C:\Users\NIRWAN\3D Objects\New Folder (3)\jcalendar-1.4\lib\jcalendar-1.4.jar;C:\Users\NIRWAN\Downloads\mysql-connector-j-8.3.0\mysql-connector-j-8.3.0\mysql-connector-j-8.3.0.jar;C:\Users\NIRWAN\OneDrive\Documents\mysql-connector-j-8.3.0.jar;C:\Users\NIRWAN\OneDrive\Documents\NetBeansProjects\Student Results Management System\build\empty -s C:\Users\NIRWAN\OneDrive\Documents\NetBeansProjects\Student Results Management System\build\generated-sources\ap-source-output -source 21 C:\Users\NIRWAN\OneDrive\Documents\NetBeansProjects\Student Results Management System\src\Interfaces\AddStudentForm.java
java_class_path (initial): <not set>
Launcher Type: SUN_STANDARD

[Global flags]
     intx CICompilerCount                          = 3                                         {product} {ergonomic}
     uint ConcGCThreads                            = 1                                         {product} {ergonomic}
     uint G1ConcRefinementThreads                  = 4                                         {product} {ergonomic}
   size_t G1HeapRegionSize                         = 1048576                                   {product} {ergonomic}
    uintx GCDrainStackTargetSize                   = 64                                        {product} {ergonomic}
   size_t InitialHeapSize                          = 8388608                                   {product} {command line}
   size_t MarkStackSize                            = 4194304                                   {product} {ergonomic}
   size_t MaxHeapSize                              = 983564288                                 {product} {ergonomic}
   size_t MaxNewSize                               = 589299712                                 {product} {ergonomic}
   size_t MinHeapDeltaBytes                        = 1048576                                   {product} {ergonomic}
   size_t MinHeapSize                              = 8388608                                   {product} {command line}
    uintx NonNMethodCodeHeapSize                   = 5832780                                {pd product} {ergonomic}
    uintx NonProfiledCodeHeapSize                  = 122912730                              {pd product} {ergonomic}
    uintx ProfiledCodeHeapSize                     = 122912730                              {pd product} {ergonomic}
    uintx ReservedCodeCacheSize                    = 251658240                              {pd product} {ergonomic}
     bool SegmentedCodeCache                       = true                                      {product} {ergonomic}
   size_t SoftMaxHeapSize                          = 983564288                              {manageable} {ergonomic}
     bool UseCompressedOops                        = true                           {product lp64_product} {ergonomic}
     bool UseG1GC                                  = true                                      {product} {ergonomic}
     bool UseLargePagesIndividualAllocation        = false                                  {pd product} {ergonomic}

Logging:
Log output configuration:
 #0: stdout all=warning uptime,level,tags foldmultilines=false
 #1: stderr all=off uptime,level,tags foldmultilines=false

Environment Variables:
JAVA_HOME=C:\Program Files\Java\jdk-21
PATH=C:\Program Files\Common Files\Oracle\Java\javapath;C:\Program Files (x86)\NVIDIA Corporation\PhysX\Common;C:\WINDOWS\system32;C:\WINDOWS;C:\WINDOWS\System32\Wbem;C:\WINDOWS\System32\WindowsPowerShell\v1.0\;C:\WINDOWS\System32\OpenSSH\;C:\Program Files\Java\jdk-21\bin;C:\Program Files\MySQL\MySQL Server 8.0\bin;C:\Program Files\MySQL\MySQL Server 8.0\bin;C:\Program Files\MySQL\MySQL Shell 8.0\bin\;C:\Users\NIRWAN\AppData\Local\Microsoft\WindowsApps;
USERNAME=NIRWAN
OS=Windows_NT
PROCESSOR_IDENTIFIER=AMD64 Family 23 Model 17 Stepping 0, AuthenticAMD
TMP=C:\Users\NIRWAN\AppData\Local\Temp
TEMP=C:\Users\NIRWAN\AppData\Local\Temp




Periodic native trim disabled

---------------  S Y S T E M  ---------------

OS:
 Windows 10 , 64 bit Build 19041 (10.0.19041.3636)
OS uptime: 1 days 6:43 hours

CPU: total 4 (initial active 4) (4 cores per cpu, 2 threads per core) family 23 model 17 stepping 0 microcode 0x0, cx8, cmov, fxsr, ht, mmx, 3dnowpref, sse, sse2, sse3, ssse3, sse4a, sse4.1, sse4.2, popcnt, lzcnt, tsc, tscinvbit, avx, avx2, aes, clmul, bmi1, bmi2, adx, sha, fma, vzeroupper, clflush, clflushopt, rdtscp, f16c
Processor Information for all 4 processors :
  Max Mhz: 2500, Current Mhz: 2500, Mhz Limit: 2500

Memory: 4k page, system-wide physical 3747M (283M free)
TotalPageFile size 6747M (AvailPageFile size 4M)
current process WorkingSet (physical memory assigned to process): 14M, peak: 14M
current process commit charge ("private bytes"): 62M, peak: 64M

vm_info: Java HotSpot(TM) 64-Bit Server VM (21.0.2+13-LTS-58) for windows-amd64 JRE (21.0.2+13-LTS-58), built on 2024-01-05T18:32:24Z by "mach5one" with MS VC++ 17.1 (VS2022)

END.
