#
# There is insufficient memory for the Java Runtime Environment to continue.
# Native memory allocation (malloc) failed to allocate 972336 bytes for Chunk::new
# Possible reasons:
#   The system is out of physical RAM or swap space
#   The process is running with CompressedOops enabled, and the Java Heap may be blocking the growth of the native heap
# Possible solutions:
#   Reduce memory load on the system
#   Increase physical memory or swap space
#   Check if swap backing store is full
#   Decrease Java heap size (-Xmx/-Xms)
#   Decrease number of Java threads
#   Decrease Java thread stack sizes (-Xss)
#   Set larger code cache with -XX:ReservedCodeCacheSize=
#   JVM is running with Unscaled Compressed Oops mode in which the Java heap is
#     placed in the first 4GB address space. The Java Heap base address is the
#     maximum limit for the native heap growth. Please use -XX:HeapBaseMinAddress
#     to set the Java Heap base and to place the Java Heap above 4GB virtual address.
# This output file may be truncated or incomplete.
#
#  Out of Memory Error (arena.cpp:168), pid=2716, tid=10084
#
# JRE version: Java(TM) SE Runtime Environment (21.0.2+13) (build 21.0.2+13-LTS-58)
# Java VM: Java HotSpot(TM) 64-Bit Server VM (21.0.2+13-LTS-58, mixed mode, sharing, tiered, compressed oops, compressed class ptrs, g1 gc, windows-amd64)
# No core dump will be written. Minidumps are not enabled by default on client versions of Windows
#

---------------  S U M M A R Y ------------

Command Line: -Dfile.encoding=UTF-8 -Djava.security.policy=applet.policy Interfaces.A4_CourseSubject

Host: AMD Ryzen 3 2200U with Radeon Vega Mobile Gfx  , 4 cores, 3G,  Windows 10 , 64 bit Build 19041 (10.0.19041.3636)
Time: Thu May 30 06:00:00 2024 Sri Lanka Standard Time elapsed time: 25.308004 seconds (0d 0h 0m 25s)

---------------  T H R E A D  ---------------

Current thread (0x0000019e4f4f0850):  JavaThread "C2 CompilerThread0" daemon [_thread_in_native, id=10084, stack(0x0000006737c00000,0x0000006737d00000) (1024K)]


Current CompileTask:
C2:  25308 3539 %     4       sun.java2d.marlin.Renderer::_endRendering @ 272 (2646 bytes)

Stack: [0x0000006737c00000,0x0000006737d00000]
Native frames: (J=compiled Java code, j=interpreted, Vv=VM code, C=native code)
V  [jvm.dll+0x6cade9]
V  [jvm.dll+0x8569c1]
V  [jvm.dll+0x858d2e]
V  [jvm.dll+0x859413]
V  [jvm.dll+0x280e56]
V  [jvm.dll+0xc3f3d]
V  [jvm.dll+0xc4473]
V  [jvm.dll+0x3b5bf2]
V  [jvm.dll+0x1e2013]
V  [jvm.dll+0x249d22]
V  [jvm.dll+0x2491b1]
V  [jvm.dll+0x1c9634]
V  [jvm.dll+0x258859]
V  [jvm.dll+0x256e3a]
V  [jvm.dll+0x3ef6c6]
V  [jvm.dll+0x7ff568]
V  [jvm.dll+0x6c953d]
C  [ucrtbase.dll+0x21bb2]
C  [KERNEL32.DLL+0x17344]
C  [ntdll.dll+0x526b1]


---------------  P R O C E S S  ---------------

Threads class SMR info:
_java_thread_list=0x0000019e9a9a1510, length=18, elements={
0x0000019e4f4cdf30, 0x0000019e4f4cf6b0, 0x0000019e4f4d5320, 0x0000019e4f4d9da0,
0x0000019e4f4db810, 0x0000019e4f4dcbc0, 0x0000019e4f4f0850, 0x0000019e4f4f1a90,
0x0000019e4f4dbea0, 0x0000019e4f4dc530, 0x0000019e4f4dd8e0, 0x0000019e4f4de600,
0x0000019e4f4dd250, 0x0000019e4f4dec90, 0x0000019e4f4ddf70, 0x0000019e9598f1e0,
0x0000019e9598bd60, 0x0000019e95988250
}

Java Threads: ( => current thread )
  0x0000019e4f4cdf30 JavaThread "Reference Handler"          daemon [_thread_blocked, id=8424, stack(0x0000006737600000,0x0000006737700000) (1024K)]
  0x0000019e4f4cf6b0 JavaThread "Finalizer"                  daemon [_thread_blocked, id=8336, stack(0x0000006737700000,0x0000006737800000) (1024K)]
  0x0000019e4f4d5320 JavaThread "Signal Dispatcher"          daemon [_thread_blocked, id=1312, stack(0x0000006737800000,0x0000006737900000) (1024K)]
  0x0000019e4f4d9da0 JavaThread "Attach Listener"            daemon [_thread_blocked, id=1488, stack(0x0000006737900000,0x0000006737a00000) (1024K)]
  0x0000019e4f4db810 JavaThread "Service Thread"             daemon [_thread_blocked, id=9816, stack(0x0000006737a00000,0x0000006737b00000) (1024K)]
  0x0000019e4f4dcbc0 JavaThread "Monitor Deflation Thread"   daemon [_thread_blocked, id=10916, stack(0x0000006737b00000,0x0000006737c00000) (1024K)]
=>0x0000019e4f4f0850 JavaThread "C2 CompilerThread0"         daemon [_thread_in_native, id=10084, stack(0x0000006737c00000,0x0000006737d00000) (1024K)]
  0x0000019e4f4f1a90 JavaThread "C1 CompilerThread0"         daemon [_thread_blocked, id=3444, stack(0x0000006737d00000,0x0000006737e00000) (1024K)]
  0x0000019e4f4dbea0 JavaThread "Notification Thread"        daemon [_thread_blocked, id=8228, stack(0x0000006737e00000,0x0000006737f00000) (1024K)]
  0x0000019e4f4dc530 JavaThread "Common-Cleaner"             daemon [_thread_blocked, id=8784, stack(0x0000006737f00000,0x0000006738000000) (1024K)]
  0x0000019e4f4dd8e0 JavaThread "Java2D Disposer"            daemon [_thread_blocked, id=9984, stack(0x0000006738000000,0x0000006738100000) (1024K)]
  0x0000019e4f4de600 JavaThread "AWT-Shutdown"                      [_thread_blocked, id=4968, stack(0x0000006738100000,0x0000006738200000) (1024K)]
  0x0000019e4f4dd250 JavaThread "AWT-Windows"                daemon [_thread_in_native, id=8232, stack(0x0000006738200000,0x0000006738300000) (1024K)]
  0x0000019e4f4dec90 JavaThread "AWT-EventQueue-0"                  [_thread_blocked, id=2628, stack(0x0000006738300000,0x0000006738400000) (1024K)]
  0x0000019e4f4ddf70 JavaThread "DestroyJavaVM"                     [_thread_blocked, id=10408, stack(0x0000006736e00000,0x0000006736f00000) (1024K)]
  0x0000019e9598f1e0 JavaThread "mysql-cj-abandoned-connection-cleanup" daemon [_thread_blocked, id=5976, stack(0x0000006738a00000,0x0000006738b00000) (1024K)]
  0x0000019e9598bd60 JavaThread "D3D Screen Updater"         daemon [_thread_blocked, id=3432, stack(0x0000006739000000,0x0000006739100000) (1024K)]
  0x0000019e95988250 JavaThread "TimerQueue"                 daemon [_thread_blocked, id=3292, stack(0x0000006739100000,0x0000006739200000) (1024K)]
Total: 18

Other Threads:
  0x0000019e34b226c0 VMThread "VM Thread"                           [id=3360, stack(0x0000006737500000,0x0000006737600000) (1024K)]
  0x0000019e4f4ccb50 WatcherThread "VM Periodic Task Thread"        [id=8504, stack(0x0000006737400000,0x0000006737500000) (1024K)]
  0x0000019e34a9ba80 WorkerThread "GC Thread#0"                     [id=3256, stack(0x0000006736f00000,0x0000006737000000) (1024K)]
  0x0000019e95984eb0 WorkerThread "GC Thread#1"                     [id=9076, stack(0x0000006738b00000,0x0000006738c00000) (1024K)]
  0x0000019e95a00620 WorkerThread "GC Thread#2"                     [id=4016, stack(0x0000006738c00000,0x0000006738d00000) (1024K)]
  0x0000019e95a009c0 WorkerThread "GC Thread#3"                     [id=6888, stack(0x0000006738d00000,0x0000006738e00000) (1024K)]
  0x0000019e34aa4ec0 ConcurrentGCThread "G1 Main Marker"            [id=6680, stack(0x0000006737000000,0x0000006737100000) (1024K)]
  0x0000019e34aa5a80 WorkerThread "G1 Conc#0"                       [id=10452, stack(0x0000006737100000,0x0000006737200000) (1024K)]
  0x0000019e34af9880 ConcurrentGCThread "G1 Refine#0"               [id=3736, stack(0x0000006737200000,0x0000006737300000) (1024K)]
  0x0000019e34afa300 ConcurrentGCThread "G1 Service"                [id=2928, stack(0x0000006737300000,0x0000006737400000) (1024K)]
Total: 10

Threads with active compile tasks:
C2 CompilerThread0    25351 3539 %     4       sun.java2d.marlin.Renderer::_endRendering @ 272 (2646 bytes)
Total: 1

VM state: not at safepoint (normal execution)

VM Mutex/Monitor currently owned by a thread: None

Heap address: 0x00000000c5600000, size: 938 MB, Compressed Oops mode: 32-bit

CDS archive(s) mapped at: [0x0000019e50000000-0x0000019e50c90000-0x0000019e50c90000), size 13172736, SharedBaseAddress: 0x0000019e50000000, ArchiveRelocationMode: 1.
Compressed class space mapped at: 0x0000019e51000000-0x0000019e91000000, reserved size: 1073741824
Narrow klass base: 0x0000019e50000000, Narrow klass shift: 0, Narrow klass range: 0x100000000

GC Precious Log:
 CardTable entry size: 512
 Card Set container configuration: InlinePtr #cards 5 size 8 Array Of Cards #cards 12 size 40 Howl #buckets 4 coarsen threshold 1843 Howl Bitmap #cards 512 size 80 coarsen threshold 460 Card regions per heap region 1 cards per card region 2048
 CPUs: 4 total, 4 available
 Memory: 3747M
 Large Page Support: Disabled
 NUMA Support: Disabled
 Compressed Oops: Enabled (32-bit)
 Heap Region Size: 1M
 Heap Min Capacity: 8M
 Heap Initial Capacity: 60M
 Heap Max Capacity: 938M
 Pre-touch: Disabled
 Parallel Workers: 4
 Concurrent Workers: 1
 Concurrent Refinement Workers: 4
 Periodic GC: Disabled

Heap:
 garbage-first heap   total 27648K, used 16283K [0x00000000c5600000, 0x0000000100000000)
  region size 1024K, 13 young (13312K), 3 survivors (3072K)
 Metaspace       used 23534K, committed 23744K, reserved 1114112K
  class space    used 2641K, committed 2752K, reserved 1048576K

Heap Regions: E=young(eden), S=young(survivor), O=old, HS=humongous(starts), HC=humongous(continues), CS=collection set, F=free, TAMS=top-at-mark-start, PB=parsable bottom
|   0|0x00000000c5600000, 0x00000000c5700000, 0x00000000c5700000|100%| O|  |TAMS 0x00000000c5600000| PB 0x00000000c5600000| Untracked 
|   1|0x00000000c5700000, 0x00000000c5800000, 0x00000000c5800000|100%| O|  |TAMS 0x00000000c5700000| PB 0x00000000c5700000| Untracked 
|   2|0x00000000c5800000, 0x00000000c5900000, 0x00000000c5900000|100%| O|  |TAMS 0x00000000c5800000| PB 0x00000000c5800000| Untracked 
|   3|0x00000000c5900000, 0x00000000c59e6ed8, 0x00000000c5a00000| 90%| O|  |TAMS 0x00000000c5900000| PB 0x00000000c5900000| Untracked 
|   4|0x00000000c5a00000, 0x00000000c5a00000, 0x00000000c5b00000|  0%| F|  |TAMS 0x00000000c5a00000| PB 0x00000000c5a00000| Untracked 
|   5|0x00000000c5b00000, 0x00000000c5b00000, 0x00000000c5c00000|  0%| F|  |TAMS 0x00000000c5b00000| PB 0x00000000c5b00000| Untracked 
|   6|0x00000000c5c00000, 0x00000000c5c00000, 0x00000000c5d00000|  0%| F|  |TAMS 0x00000000c5c00000| PB 0x00000000c5c00000| Untracked 
|   7|0x00000000c5d00000, 0x00000000c5d00000, 0x00000000c5e00000|  0%| F|  |TAMS 0x00000000c5d00000| PB 0x00000000c5d00000| Untracked 
|   8|0x00000000c5e00000, 0x00000000c5e00000, 0x00000000c5f00000|  0%| F|  |TAMS 0x00000000c5e00000| PB 0x00000000c5e00000| Untracked 
|   9|0x00000000c5f00000, 0x00000000c5f00000, 0x00000000c6000000|  0%| F|  |TAMS 0x00000000c5f00000| PB 0x00000000c5f00000| Untracked 
|  10|0x00000000c6000000, 0x00000000c6000000, 0x00000000c6100000|  0%| F|  |TAMS 0x00000000c6000000| PB 0x00000000c6000000| Untracked 
|  11|0x00000000c6100000, 0x00000000c6100000, 0x00000000c6200000|  0%| F|  |TAMS 0x00000000c6100000| PB 0x00000000c6100000| Untracked 
|  12|0x00000000c6200000, 0x00000000c6200000, 0x00000000c6300000|  0%| F|  |TAMS 0x00000000c6200000| PB 0x00000000c6200000| Untracked 
|  13|0x00000000c6300000, 0x00000000c6300000, 0x00000000c6400000|  0%| F|  |TAMS 0x00000000c6300000| PB 0x00000000c6300000| Untracked 
|  14|0x00000000c6400000, 0x00000000c6500000, 0x00000000c6500000|100%| E|  |TAMS 0x00000000c6400000| PB 0x00000000c6400000| Complete 
|  15|0x00000000c6500000, 0x00000000c6600000, 0x00000000c6600000|100%| E|CS|TAMS 0x00000000c6500000| PB 0x00000000c6500000| Complete 
|  16|0x00000000c6600000, 0x00000000c6700000, 0x00000000c6700000|100%| E|CS|TAMS 0x00000000c6600000| PB 0x00000000c6600000| Complete 
|  17|0x00000000c6700000, 0x00000000c6800000, 0x00000000c6800000|100%| E|CS|TAMS 0x00000000c6700000| PB 0x00000000c6700000| Complete 
|  18|0x00000000c6800000, 0x00000000c6900000, 0x00000000c6900000|100%| E|CS|TAMS 0x00000000c6800000| PB 0x00000000c6800000| Complete 
|  19|0x00000000c6900000, 0x00000000c6a00000, 0x00000000c6a00000|100%| E|CS|TAMS 0x00000000c6900000| PB 0x00000000c6900000| Complete 
|  20|0x00000000c6a00000, 0x00000000c6b00000, 0x00000000c6b00000|100%| E|CS|TAMS 0x00000000c6a00000| PB 0x00000000c6a00000| Complete 
|  21|0x00000000c6b00000, 0x00000000c6c00000, 0x00000000c6c00000|100%| E|CS|TAMS 0x00000000c6b00000| PB 0x00000000c6b00000| Complete 
|  22|0x00000000c6c00000, 0x00000000c6d00000, 0x00000000c6d00000|100%| E|CS|TAMS 0x00000000c6c00000| PB 0x00000000c6c00000| Complete 
|  42|0x00000000c8000000, 0x00000000c8100000, 0x00000000c8100000|100%| S|CS|TAMS 0x00000000c8000000| PB 0x00000000c8000000| Complete 
|  43|0x00000000c8100000, 0x00000000c8200000, 0x00000000c8200000|100%| S|CS|TAMS 0x00000000c8100000| PB 0x00000000c8100000| Complete 
|  44|0x00000000c8200000, 0x00000000c8300000, 0x00000000c8300000|100%| S|CS|TAMS 0x00000000c8200000| PB 0x00000000c8200000| Complete 
|  59|0x00000000c9100000, 0x00000000c9200000, 0x00000000c9200000|100%| E|CS|TAMS 0x00000000c9100000| PB 0x00000000c9100000| Complete 

Card table byte_map: [0x0000019e4bee0000,0x0000019e4c0c0000] _byte_map_base: 0x0000019e4b8b5000

Marking Bits: (CMBitMap*) 0x0000019e34a9d0a0
 Bits: [0x0000019e4c0c0000, 0x0000019e4cf68000)

Polling page: 0x0000019e329d0000

Metaspace:

Usage:
  Non-class:     20.40 MB used.
      Class:      2.58 MB used.
       Both:     22.98 MB used.

Virtual space:
  Non-class space:       64.00 MB reserved,      20.50 MB ( 32%) committed,  1 nodes.
      Class space:        1.00 GB reserved,       2.69 MB ( <1%) committed,  1 nodes.
             Both:        1.06 GB reserved,      23.19 MB (  2%) committed. 

Chunk freelists:
   Non-Class:  10.94 MB
       Class:  13.16 MB
        Both:  24.10 MB

MaxMetaspaceSize: unlimited
CompressedClassSpaceSize: 1.00 GB
Initial GC threshold: 21.00 MB
Current GC threshold: 35.12 MB
CDS: on
 - commit_granule_bytes: 65536.
 - commit_granule_words: 8192.
 - virtual_space_node_default_size: 8388608.
 - enlarge_chunks_in_place: 1.
 - use_allocation_guard: 0.


Internal statistics:

num_allocs_failed_limit: 3.
num_arena_births: 208.
num_arena_deaths: 0.
num_vsnodes_births: 2.
num_vsnodes_deaths: 0.
num_space_committed: 371.
num_space_uncommitted: 0.
num_chunks_returned_to_freelist: 3.
num_chunks_taken_from_freelist: 466.
num_chunk_merges: 0.
num_chunk_splits: 271.
num_chunks_enlarged: 163.
num_inconsistent_stats: 0.

CodeHeap 'non-profiled nmethods': size=120000Kb used=1395Kb max_used=1395Kb free=118604Kb
 bounds [0x0000019e449b0000, 0x0000019e44c20000, 0x0000019e4bee0000]
CodeHeap 'profiled nmethods': size=120000Kb used=7522Kb max_used=7522Kb free=112477Kb
 bounds [0x0000019e3cee0000, 0x0000019e3d640000, 0x0000019e44410000]
CodeHeap 'non-nmethods': size=5760Kb used=1809Kb max_used=1838Kb free=3950Kb
 bounds [0x0000019e44410000, 0x0000019e44680000, 0x0000019e449b0000]
 total_blobs=4362 nmethods=3542 adapters=724
 compilation: enabled
              stopped_count=0, restarted_count=0
 full_count=0

Compilation events (20 events):
Event: 24.831 Thread 0x0000019e4f4f1a90 nmethod 3534 0x0000019e3d62ff10 code [0x0000019e3d630140, 0x0000019e3d630aa8]
Event: 25.219 Thread 0x0000019e4f4f0850 3535       4       java.awt.geom.AffineTransform::<init> (69 bytes)
Event: 25.219 Thread 0x0000019e4f4f1a90 3536       3       java.awt.image.PackedColorModel::<init> (136 bytes)
Event: 25.220 Thread 0x0000019e4f4f1a90 nmethod 3536 0x0000019e3d630d90 code [0x0000019e3d630fc0, 0x0000019e3d631840]
Event: 25.220 Thread 0x0000019e4f4f1a90 3537       3       java.awt.image.PackedColorModel::createBitsArray (150 bytes)
Event: 25.220 Thread 0x0000019e4f4f0850 nmethod 3535 0x0000019e44b0c990 code [0x0000019e44b0cb20, 0x0000019e44b0cc10]
Event: 25.221 Thread 0x0000019e4f4f0850 3539 %     4       sun.java2d.marlin.Renderer::_endRendering @ 272 (2646 bytes)
Event: 25.221 Thread 0x0000019e4f4f1a90 nmethod 3537 0x0000019e3d631b90 code [0x0000019e3d631e80, 0x0000019e3d632a10]
Event: 25.221 Thread 0x0000019e4f4f1a90 3538       3       java.awt.image.DirectColorModel::setFields (188 bytes)
Event: 25.221 Thread 0x0000019e4f4f1a90 nmethod 3538 0x0000019e3d632f10 code [0x0000019e3d6330e0, 0x0000019e3d6334e0]
Event: 25.222 Thread 0x0000019e4f4f1a90 3541       3       java.util.IdentityHashMap::clear (39 bytes)
Event: 25.223 Thread 0x0000019e4f4f1a90 nmethod 3541 0x0000019e3d633710 code [0x0000019e3d6338c0, 0x0000019e3d633c18]
Event: 25.245 Thread 0x0000019e4f4f1a90 3542       3       javax.swing.plaf.synth.SynthLabelUI::update (37 bytes)
Event: 25.247 Thread 0x0000019e4f4f1a90 nmethod 3542 0x0000019e3d633d10 code [0x0000019e3d634080, 0x0000019e3d635648]
Event: 25.247 Thread 0x0000019e4f4f1a90 3543       3       javax.swing.plaf.nimbus.SynthPainterImpl::paintLabelBackground (15 bytes)
Event: 25.247 Thread 0x0000019e4f4f1a90 nmethod 3543 0x0000019e3d635d90 code [0x0000019e3d635f40, 0x0000019e3d636088]
Event: 25.247 Thread 0x0000019e4f4f1a90 3544       3       javax.swing.plaf.synth.SynthLabelUI::paint (128 bytes)
Event: 25.249 Thread 0x0000019e4f4f1a90 nmethod 3544 0x0000019e3d636190 code [0x0000019e3d636480, 0x0000019e3d637c50]
Event: 25.274 Thread 0x0000019e4f4f1a90 3546       3       java.awt.Container::processEvent (22 bytes)
Event: 25.274 Thread 0x0000019e4f4f1a90 nmethod 3546 0x0000019e3d638190 code [0x0000019e3d638360, 0x0000019e3d6387a0]

GC Heap History (4 events):
Event: 1.423 GC heap before
{Heap before GC invocations=0 (full 0):
 garbage-first heap   total 61440K, used 13312K [0x00000000c5600000, 0x0000000100000000)
  region size 1024K, 13 young (13312K), 0 survivors (0K)
 Metaspace       used 9878K, committed 10048K, reserved 1114112K
  class space    used 1062K, committed 1152K, reserved 1048576K
}
Event: 1.435 GC heap after
{Heap after GC invocations=1 (full 0):
 garbage-first heap   total 61440K, used 3376K [0x00000000c5600000, 0x0000000100000000)
  region size 1024K, 2 young (2048K), 2 survivors (2048K)
 Metaspace       used 9878K, committed 10048K, reserved 1114112K
  class space    used 1062K, committed 1152K, reserved 1048576K
}
Event: 4.291 GC heap before
{Heap before GC invocations=1 (full 0):
 garbage-first heap   total 61440K, used 15664K [0x00000000c5600000, 0x0000000100000000)
  region size 1024K, 15 young (15360K), 2 survivors (2048K)
 Metaspace       used 21322K, committed 21504K, reserved 1114112K
  class space    used 2438K, committed 2496K, reserved 1048576K
}
Event: 4.303 GC heap after
{Heap after GC invocations=2 (full 0):
 garbage-first heap   total 61440K, used 7067K [0x00000000c5600000, 0x0000000100000000)
  region size 1024K, 3 young (3072K), 3 survivors (3072K)
 Metaspace       used 21322K, committed 21504K, reserved 1114112K
  class space    used 2438K, committed 2496K, reserved 1048576K
}

Dll operation events (13 events):
Event: 0.015 Loaded shared library C:\Program Files\Java\jdk-21\bin\java.dll
Event: 0.083 Loaded shared library C:\Program Files\Java\jdk-21\bin\jsvml.dll
Event: 0.128 Loaded shared library C:\Program Files\Java\jdk-21\bin\net.dll
Event: 0.131 Loaded shared library C:\Program Files\Java\jdk-21\bin\nio.dll
Event: 0.136 Loaded shared library C:\Program Files\Java\jdk-21\bin\zip.dll
Event: 0.191 Loaded shared library C:\Program Files\Java\jdk-21\bin\jimage.dll
Event: 0.222 Loaded shared library C:\Program Files\Java\jdk-21\bin\awt.dll
Event: 0.452 Loaded shared library C:\Program Files\Java\jdk-21\bin\freetype.dll
Event: 0.454 Loaded shared library C:\Program Files\Java\jdk-21\bin\fontmanager.dll
Event: 1.275 Loaded shared library C:\Program Files\Java\jdk-21\bin\extnet.dll
Event: 1.573 Loaded shared library C:\Program Files\Java\jdk-21\bin\sunmscapi.dll
Event: 3.440 Loaded shared library C:\Program Files\Java\jdk-21\bin\javajpeg.dll
Event: 16.690 Loaded shared library C:\Program Files\Java\jdk-21\bin\verify.dll

Deoptimization events (20 events):
Event: 16.987 Thread 0x0000019e4f4dec90 DEOPT PACKING pc=0x0000019e3d13ff4b sp=0x00000067383fd550
Event: 16.987 Thread 0x0000019e4f4dec90 DEOPT UNPACKING pc=0x0000019e44464e42 sp=0x00000067383fc980 mode 0
Event: 17.031 Thread 0x0000019e4f4dec90 DEOPT PACKING pc=0x0000019e3d3aaf94 sp=0x00000067383fc410
Event: 17.031 Thread 0x0000019e4f4dec90 DEOPT UNPACKING pc=0x0000019e44464e42 sp=0x00000067383fb898 mode 0
Event: 17.045 Thread 0x0000019e4f4dec90 DEOPT PACKING pc=0x0000019e3d3aaf94 sp=0x00000067383fc210
Event: 17.045 Thread 0x0000019e4f4dec90 DEOPT UNPACKING pc=0x0000019e44464e42 sp=0x00000067383fb698 mode 0
Event: 17.053 Thread 0x0000019e4f4dec90 DEOPT PACKING pc=0x0000019e3d3aaf94 sp=0x00000067383fc210
Event: 17.053 Thread 0x0000019e4f4dec90 DEOPT UNPACKING pc=0x0000019e44464e42 sp=0x00000067383fb698 mode 0
Event: 17.136 Thread 0x0000019e4f4dec90 DEOPT PACKING pc=0x0000019e3d3aaf94 sp=0x00000067383fbfb0
Event: 17.136 Thread 0x0000019e4f4dec90 DEOPT UNPACKING pc=0x0000019e44464e42 sp=0x00000067383fb438 mode 0
Event: 17.151 Thread 0x0000019e4f4dec90 DEOPT PACKING pc=0x0000019e3d3aaf94 sp=0x00000067383fbd00
Event: 17.151 Thread 0x0000019e4f4dec90 DEOPT UNPACKING pc=0x0000019e44464e42 sp=0x00000067383fb188 mode 0
Event: 17.175 Thread 0x0000019e4f4dec90 DEOPT PACKING pc=0x0000019e3d399bad sp=0x00000067383fc430
Event: 17.175 Thread 0x0000019e4f4dec90 DEOPT UNPACKING pc=0x0000019e44464e42 sp=0x00000067383fb870 mode 0
Event: 17.182 Thread 0x0000019e4f4dec90 DEOPT PACKING pc=0x0000019e3d3aaf94 sp=0x00000067383fbd00
Event: 17.182 Thread 0x0000019e4f4dec90 DEOPT UNPACKING pc=0x0000019e44464e42 sp=0x00000067383fb188 mode 0
Event: 25.220 Thread 0x0000019e4f4dec90 Uncommon trap: trap_request=0xffffff76 fr.pc=0x0000019e44acfc6c relative=0x00000000000027ac
Event: 25.220 Thread 0x0000019e4f4dec90 Uncommon trap: reason=predicate action=maybe_recompile pc=0x0000019e44acfc6c method=sun.java2d.marlin.Renderer._endRendering(II)V @ 1819 c2
Event: 25.220 Thread 0x0000019e4f4dec90 DEOPT PACKING pc=0x0000019e44acfc6c sp=0x00000067383fcf50
Event: 25.220 Thread 0x0000019e4f4dec90 DEOPT UNPACKING pc=0x0000019e444646a2 sp=0x00000067383fcd40 mode 2

Classes loaded (20 events):
Event: 16.844 Loading class sun/awt/image/GifImageDecoder
Event: 16.844 Loading class sun/awt/image/GifImageDecoder done
Event: 16.846 Loading class sun/awt/image/GifFrame
Event: 16.846 Loading class sun/awt/image/GifFrame done
Event: 16.847 Loading class java/awt/image/DataBufferByte
Event: 16.847 Loading class java/awt/image/DataBufferByte done
Event: 16.847 Loading class java/awt/image/PixelInterleavedSampleModel
Event: 16.847 Loading class java/awt/image/ComponentSampleModel
Event: 16.848 Loading class java/awt/image/ComponentSampleModel done
Event: 16.848 Loading class java/awt/image/PixelInterleavedSampleModel done
Event: 16.848 Loading class sun/awt/image/ByteInterleavedRaster
Event: 16.849 Loading class sun/awt/image/ByteComponentRaster
Event: 16.849 Loading class sun/awt/image/ByteComponentRaster done
Event: 16.849 Loading class sun/awt/image/ByteInterleavedRaster done
Event: 16.850 Loading class sun/awt/image/BytePackedRaster
Event: 16.851 Loading class sun/awt/image/BytePackedRaster done
Event: 16.916 Loading class javax/swing/KeyboardManager$ComponentKeyStrokePair
Event: 16.916 Loading class javax/swing/KeyboardManager$ComponentKeyStrokePair done
Event: 16.976 Loading class java/util/Formatter$FixedString
Event: 16.977 Loading class java/util/Formatter$FixedString done

Classes unloaded (0 events):
No events

Classes redefined (0 events):
No events

Internal exceptions (20 events):
Event: 0.946 Thread 0x0000019e4f4dec90 Exception <a 'java/lang/NoSuchMethodError'{0x00000000c8ce13c0}: 'int java.lang.invoke.Invokers$Holder.invokeExact_MT(java.lang.Object, java.lang.Object)'> (0x00000000c8ce13c0) 
thrown [s\open\src\hotspot\share\interpreter\linkResolver.cpp, line 773]
Event: 0.976 Thread 0x0000019e4f4dec90 Exception <a 'java/lang/NoSuchMethodError'{0x00000000c8b0d5a0}: 'void java.lang.invoke.DirectMethodHandle$Holder.invokeStatic(java.lang.Object, java.lang.Object)'> (0x00000000c8b0d5a0) 
thrown [s\open\src\hotspot\share\interpreter\linkResolver.cpp, line 773]
Event: 1.050 Thread 0x0000019e4f4dec90 Exception <a 'java/lang/NoSuchMethodError'{0x00000000c8a218b0}: 'java.lang.Object java.lang.invoke.DirectMethodHandle$Holder.invokeInterface(java.lang.Object, java.lang.Object)'> (0x00000000c8a218b0) 
thrown [s\open\src\hotspot\share\interpreter\linkResolver.cpp, line 773]
Event: 1.096 Thread 0x0000019e4f4dec90 Exception <a 'java/lang/NoSuchMethodError'{0x00000000c8a9c058}: 'void java.lang.invoke.DirectMethodHandle$Holder.invokeStatic(java.lang.Object, java.lang.Object, java.lang.Object)'> (0x00000000c8a9c058) 
thrown [s\open\src\hotspot\share\interpreter\linkResolver.cpp, line 773]
Event: 1.099 Thread 0x0000019e4f4dec90 Exception <a 'java/lang/NoSuchMethodError'{0x00000000c8aa5120}: 'java.lang.Object java.lang.invoke.DirectMethodHandle$Holder.invokeVirtual(java.lang.Object, java.lang.Object, java.lang.Object)'> (0x00000000c8aa5120) 
thrown [s\open\src\hotspot\share\interpreter\linkResolver.cpp, line 773]
Event: 1.474 Thread 0x0000019e4f4dec90 Exception <a 'java/lang/NoSuchMethodError'{0x00000000c918db00}: 'void java.lang.invoke.DirectMethodHandle$Holder.invokeStaticInit(java.lang.Object, java.lang.Object)'> (0x00000000c918db00) 
thrown [s\open\src\hotspot\share\interpreter\linkResolver.cpp, line 773]
Event: 1.698 Thread 0x0000019e4f4dec90 Exception <a 'sun/nio/fs/WindowsException'{0x00000000c90efff0}> (0x00000000c90efff0) 
thrown [s\open\src\hotspot\share\prims\jni.cpp, line 520]
Event: 1.839 Thread 0x0000019e4f4dec90 Exception <a 'java/lang/NoSuchMethodError'{0x00000000c8f9e040}: 'java.lang.Object java.lang.invoke.DirectMethodHandle$Holder.invokeStaticInit(java.lang.Object, int, int, int, int)'> (0x00000000c8f9e040) 
thrown [s\open\src\hotspot\share\interpreter\linkResolver.cpp, line 773]
Event: 2.084 Thread 0x0000019e4f4dec90 Exception <a 'java/lang/NoSuchMethodError'{0x00000000c8e601d8}: 'java.lang.Object java.lang.invoke.DirectMethodHandle$Holder.invokeStaticInit(java.lang.Object, java.lang.Object, int, int, int, int)'> (0x00000000c8e601d8) 
thrown [s\open\src\hotspot\share\interpreter\linkResolver.cpp, line 773]
Event: 2.208 Thread 0x0000019e4f4dec90 Exception <a 'java/lang/NoSuchMethodError'{0x00000000c8ed26d0}: 'int java.lang.invoke.DirectMethodHandle$Holder.invokeSpecial(java.lang.Object, java.lang.Object, java.lang.Object)'> (0x00000000c8ed26d0) 
thrown [s\open\src\hotspot\share\interpreter\linkResolver.cpp, line 773]
Event: 2.718 Thread 0x0000019e4f4dec90 Exception <a 'java/lang/NoSuchMethodError'{0x00000000c8de20a8}: 'void java.lang.invoke.DirectMethodHandle$Holder.invokeVirtual(java.lang.Object, java.lang.Object)'> (0x00000000c8de20a8) 
thrown [s\open\src\hotspot\share\interpreter\linkResolver.cpp, line 773]
Event: 3.030 Thread 0x0000019e4f4dec90 Exception <a 'java/lang/NoSuchMethodError'{0x00000000c8b19be0}: 'java.lang.Object java.lang.invoke.DirectMethodHandle$Holder.newInvokeSpecial(java.lang.Object, java.lang.Object, int)'> (0x00000000c8b19be0) 
thrown [s\open\src\hotspot\share\interpreter\linkResolver.cpp, line 773]
Event: 3.031 Thread 0x0000019e4f4dec90 Exception <a 'java/lang/NoSuchMethodError'{0x00000000c8b1e268}: 'int java.lang.invoke.DirectMethodHandle$Holder.invokeSpecial(java.lang.Object, java.lang.Object, java.lang.Object, int)'> (0x00000000c8b1e268) 
thrown [s\open\src\hotspot\share\interpreter\linkResolver.cpp, line 773]
Event: 3.034 Thread 0x0000019e4f4dec90 Exception <a 'java/lang/NoSuchMethodError'{0x00000000c8b30aa0}: 'java.lang.Object java.lang.invoke.DirectMethodHandle$Holder.invokeStatic(java.lang.Object, java.lang.Object, java.lang.Object, java.lang.Object, int)'> (0x00000000c8b30aa0) 
thrown [s\open\src\hotspot\share\interpreter\linkResolver.cpp, line 773]
Event: 3.374 Thread 0x0000019e959888e0 Implicit null exception at 0x0000019e449ff3a0 to 0x0000019e449ff950
Event: 3.374 Thread 0x0000019e959888e0 Implicit null exception at 0x0000019e449fe4a0 to 0x0000019e449fea4c
Event: 3.443 Thread 0x0000019e959888e0 Exception <a 'java/lang/NoSuchMethodError'{0x00000000c881d720}: 'java.lang.Object java.lang.invoke.DirectMethodHandle$Holder.newInvokeSpecial(java.lang.Object, java.lang.Object, java.lang.Object, int, int, int, int, int)'> (0x00000000c881d720) 
thrown [s\open\src\hotspot\share\interpreter\linkResolver.cpp, line 773]
Event: 3.555 Thread 0x0000019e4f4dec90 Exception <a 'java/lang/NoSuchMethodError'{0x00000000c886e390}: 'void java.lang.invoke.DirectMethodHandle$Holder.invokeStaticInit(java.lang.Object)'> (0x00000000c886e390) 
thrown [s\open\src\hotspot\share\interpreter\linkResolver.cpp, line 773]
Event: 15.287 Thread 0x0000019e4f4dec90 Exception <a 'java/io/IOException'{0x00000000c69ad728}> (0x00000000c69ad728) 
thrown [s\open\src\hotspot\share\prims\jni.cpp, line 520]
Event: 15.290 Thread 0x0000019e4f4dec90 Exception <a 'java/lang/NoSuchMethodError'{0x00000000c69b0eb8}: 'void java.lang.invoke.DirectMethodHandle$Holder.invokeInterface(java.lang.Object, java.lang.Object)'> (0x00000000c69b0eb8) 
thrown [s\open\src\hotspot\share\interpreter\linkResolver.cpp, line 773]

ZGC Phase Switch (0 events):
No events

VM Operations (20 events):
Event: 14.561 Executing VM operation: Cleanup
Event: 14.562 Executing VM operation: Cleanup done
Event: 15.575 Executing VM operation: Cleanup
Event: 15.575 Executing VM operation: Cleanup done
Event: 16.575 Executing VM operation: Cleanup
Event: 16.575 Executing VM operation: Cleanup done
Event: 16.694 Executing VM operation: HandshakeAllThreads (Deoptimize)
Event: 16.694 Executing VM operation: HandshakeAllThreads (Deoptimize) done
Event: 17.054 Executing VM operation: ICBufferFull
Event: 17.054 Executing VM operation: ICBufferFull done
Event: 18.060 Executing VM operation: Cleanup
Event: 18.061 Executing VM operation: Cleanup done
Event: 19.072 Executing VM operation: Cleanup
Event: 19.072 Executing VM operation: Cleanup done
Event: 21.080 Executing VM operation: Cleanup
Event: 21.080 Executing VM operation: Cleanup done
Event: 24.097 Executing VM operation: Cleanup
Event: 24.097 Executing VM operation: Cleanup done
Event: 25.111 Executing VM operation: Cleanup
Event: 25.111 Executing VM operation: Cleanup done

Events (20 events):
Event: 0.080 Thread 0x0000019e4f4d9da0 Thread added: 0x0000019e4f4d9da0
Event: 0.080 Thread 0x0000019e4f4db810 Thread added: 0x0000019e4f4db810
Event: 0.080 Thread 0x0000019e4f4dcbc0 Thread added: 0x0000019e4f4dcbc0
Event: 0.080 Thread 0x0000019e4f4f0850 Thread added: 0x0000019e4f4f0850
Event: 0.081 Thread 0x0000019e4f4f1a90 Thread added: 0x0000019e4f4f1a90
Event: 0.118 Thread 0x0000019e4f4dbea0 Thread added: 0x0000019e4f4dbea0
Event: 0.122 Thread 0x0000019e4f4dc530 Thread added: 0x0000019e4f4dc530
Event: 0.324 Thread 0x0000019e4f4dd8e0 Thread added: 0x0000019e4f4dd8e0
Event: 0.326 Thread 0x0000019e4f4de600 Thread added: 0x0000019e4f4de600
Event: 0.328 Thread 0x0000019e4f4dd250 Thread added: 0x0000019e4f4dd250
Event: 0.586 Thread 0x0000019e4f4dec90 Thread added: 0x0000019e4f4dec90
Event: 0.586 Thread 0x0000019e34a67800 Thread exited: 0x0000019e34a67800
Event: 0.587 Thread 0x0000019e4f4ddf70 Thread added: 0x0000019e4f4ddf70
Event: 0.978 Thread 0x0000019e9598f1e0 Thread added: 0x0000019e9598f1e0
Event: 3.367 Thread 0x0000019e959888e0 Thread added: 0x0000019e959888e0
Event: 4.120 Thread 0x0000019e9598bd60 Thread added: 0x0000019e9598bd60
Event: 4.646 Thread 0x0000019e95988250 Thread added: 0x0000019e95988250
Event: 8.463 Thread 0x0000019e959888e0 Thread exited: 0x0000019e959888e0
Event: 15.028 Thread 0x0000019e9598d110 Thread added: 0x0000019e9598d110
Event: 21.858 Thread 0x0000019e9598d110 Thread exited: 0x0000019e9598d110


Dynamic libraries:
0x00007ff6ae6a0000 - 0x00007ff6ae6b0000 	C:\Program Files\Java\jdk-21\bin\java.exe
0x00007ffe92c90000 - 0x00007ffe92e88000 	C:\WINDOWS\SYSTEM32\ntdll.dll
0x00007ffe912e0000 - 0x00007ffe9139d000 	C:\WINDOWS\System32\KERNEL32.DLL
0x00007ffe905d0000 - 0x00007ffe908c6000 	C:\WINDOWS\System32\KERNELBASE.dll
0x00007ffe90970000 - 0x00007ffe90a70000 	C:\WINDOWS\System32\ucrtbase.dll
0x00007ffe7e330000 - 0x00007ffe7e34b000 	C:\Program Files\Java\jdk-21\bin\VCRUNTIME140.dll
0x00007ffe8d980000 - 0x00007ffe8d999000 	C:\Program Files\Java\jdk-21\bin\jli.dll
0x00007ffe927f0000 - 0x00007ffe928a0000 	C:\WINDOWS\System32\ADVAPI32.dll
0x00007ffe91fe0000 - 0x00007ffe9207e000 	C:\WINDOWS\System32\msvcrt.dll
0x00007ffe92730000 - 0x00007ffe927d0000 	C:\WINDOWS\System32\sechost.dll
0x00007ffe92590000 - 0x00007ffe926b3000 	C:\WINDOWS\System32\RPCRT4.dll
0x00007ffe905a0000 - 0x00007ffe905c7000 	C:\WINDOWS\System32\bcrypt.dll
0x00007ffe7f0a0000 - 0x00007ffe7f33a000 	C:\WINDOWS\WinSxS\amd64_microsoft.windows.common-controls_6595b64144ccf1df_6.0.19041.4355_none_60b8b9eb71f62e16\COMCTL32.dll
0x00007ffe92080000 - 0x00007ffe920ab000 	C:\WINDOWS\System32\GDI32.dll
0x00007ffe90a70000 - 0x00007ffe90a92000 	C:\WINDOWS\System32\win32u.dll
0x00007ffe90340000 - 0x00007ffe90457000 	C:\WINDOWS\System32\gdi32full.dll
0x00007ffe908d0000 - 0x00007ffe9096d000 	C:\WINDOWS\System32\msvcp_win.dll
0x00007ffe92950000 - 0x00007ffe92aef000 	C:\WINDOWS\System32\USER32.dll
0x00007ffe871a0000 - 0x00007ffe871aa000 	C:\WINDOWS\SYSTEM32\VERSION.dll
0x00007ffe92c10000 - 0x00007ffe92c42000 	C:\WINDOWS\System32\IMM32.DLL
0x00007ffe86200000 - 0x00007ffe8620c000 	C:\Program Files\Java\jdk-21\bin\vcruntime140_1.dll
0x00007ffe60d60000 - 0x00007ffe60dee000 	C:\Program Files\Java\jdk-21\bin\msvcp140.dll
0x00007ffe61060000 - 0x00007ffe61d77000 	C:\Program Files\Java\jdk-21\bin\server\jvm.dll
0x00007ffe91ee0000 - 0x00007ffe91f4b000 	C:\WINDOWS\System32\WS2_32.dll
0x00007ffe87170000 - 0x00007ffe87197000 	C:\WINDOWS\SYSTEM32\WINMM.dll
0x00007ffe90190000 - 0x00007ffe901db000 	C:\WINDOWS\SYSTEM32\POWRPROF.dll
0x00007ffe90170000 - 0x00007ffe90182000 	C:\WINDOWS\SYSTEM32\UMPDC.dll
0x00007ffe8e1c0000 - 0x00007ffe8e1d2000 	C:\WINDOWS\SYSTEM32\kernel.appcore.dll
0x00007ffe85fe0000 - 0x00007ffe85fea000 	C:\Program Files\Java\jdk-21\bin\jimage.dll
0x00007ffe862e0000 - 0x00007ffe864c4000 	C:\WINDOWS\SYSTEM32\DBGHELP.DLL
0x00007ffe7db10000 - 0x00007ffe7db44000 	C:\WINDOWS\SYSTEM32\dbgcore.DLL
0x00007ffe90510000 - 0x00007ffe90592000 	C:\WINDOWS\System32\bcryptPrimitives.dll
0x00007ffe7e2e0000 - 0x00007ffe7e2ff000 	C:\Program Files\Java\jdk-21\bin\java.dll
0x00007ffe91540000 - 0x00007ffe91cab000 	C:\WINDOWS\System32\SHELL32.dll
0x00007ffe8e3c0000 - 0x00007ffe8eb5d000 	C:\WINDOWS\SYSTEM32\windows.storage.dll
0x00007ffe92230000 - 0x00007ffe92583000 	C:\WINDOWS\System32\combase.dll
0x00007ffe8fc90000 - 0x00007ffe8fcbe000 	C:\WINDOWS\SYSTEM32\Wldp.dll
0x00007ffe92160000 - 0x00007ffe9222d000 	C:\WINDOWS\System32\OLEAUT32.dll
0x00007ffe920b0000 - 0x00007ffe9215d000 	C:\WINDOWS\System32\SHCORE.dll
0x00007ffe913a0000 - 0x00007ffe913f5000 	C:\WINDOWS\System32\shlwapi.dll
0x00007ffe90270000 - 0x00007ffe90294000 	C:\WINDOWS\SYSTEM32\profapi.dll
0x00007ffe60f80000 - 0x00007ffe61057000 	C:\Program Files\Java\jdk-21\bin\jsvml.dll
0x00007ffe7e8f0000 - 0x00007ffe7e900000 	C:\Program Files\Java\jdk-21\bin\net.dll
0x00007ffe87370000 - 0x00007ffe8747a000 	C:\WINDOWS\SYSTEM32\WINHTTP.dll
0x00007ffe8f9f0000 - 0x00007ffe8fa5a000 	C:\WINDOWS\system32\mswsock.dll
0x00007ffe7e2a0000 - 0x00007ffe7e2b6000 	C:\Program Files\Java\jdk-21\bin\nio.dll
0x00007ffe779c0000 - 0x00007ffe779d8000 	C:\Program Files\Java\jdk-21\bin\zip.dll
0x00007ffe60df0000 - 0x00007ffe60f7f000 	C:\Program Files\Java\jdk-21\bin\awt.dll
0x00007ffe8db20000 - 0x00007ffe8dbb0000 	C:\WINDOWS\SYSTEM32\apphelp.dll
0x00007ffe8dcd0000 - 0x00007ffe8dd6e000 	C:\WINDOWS\system32\uxtheme.dll
0x00007ffe92af0000 - 0x00007ffe92c04000 	C:\WINDOWS\System32\MSCTF.dll
0x00007ffe911b0000 - 0x00007ffe912db000 	C:\WINDOWS\System32\ole32.dll
0x00007ffe8ded0000 - 0x00007ffe8deff000 	C:\WINDOWS\system32\DWMAPI.DLL
0x00007ffe8ad00000 - 0x00007ffe8ad87000 	C:\Program Files\Java\jdk-21\bin\freetype.dll
0x00007ffe8ac10000 - 0x00007ffe8acf2000 	C:\Program Files\Java\jdk-21\bin\fontmanager.dll
0x00007ffe8ae20000 - 0x00007ffe8af45000 	C:\WINDOWS\system32\opengl32.dll
0x00007ffe8b480000 - 0x00007ffe8b4ac000 	C:\WINDOWS\SYSTEM32\GLU32.dll
0x00007ffe80190000 - 0x00007ffe8035e000 	C:\WINDOWS\system32\d3d9.dll
0x00007ffe871b0000 - 0x00007ffe87368000 	C:\WINDOWS\System32\DriverStore\FileRepository\u0376209.inf_amd64_b3bdffadea4def3f\B374968\aticfx64.dll
0x00007ffe860e0000 - 0x00007ffe86114000 	C:\WINDOWS\System32\DriverStore\FileRepository\u0376209.inf_amd64_b3bdffadea4def3f\B374968\atiu9p64.dll
0x00007ffe63d70000 - 0x00007ffe64ac4000 	C:\WINDOWS\System32\DriverStore\FileRepository\u0376209.inf_amd64_b3bdffadea4def3f\B374968\atiumd64.dll
0x0000000076bd0000 - 0x0000000077a45000 	C:\WINDOWS\System32\DriverStore\FileRepository\u0376209.inf_amd64_b3bdffadea4def3f\B374968\atiumd6a.dll
0x00007ffe90ce0000 - 0x00007ffe9114e000 	C:\WINDOWS\System32\SETUPAPI.dll
0x00007ffe90c70000 - 0x00007ffe90cbe000 	C:\WINDOWS\System32\cfgmgr32.dll
0x00007ffe86f70000 - 0x00007ffe86fa0000 	C:\WINDOWS\SYSTEM32\amdihk64.dll
0x00007ffe875a0000 - 0x00007ffe875db000 	C:\WINDOWS\SYSTEM32\dxcore.dll
0x00007ffe8f710000 - 0x00007ffe8f7db000 	C:\WINDOWS\SYSTEM32\DNSAPI.dll
0x00007ffe8f6d0000 - 0x00007ffe8f70b000 	C:\WINDOWS\SYSTEM32\IPHLPAPI.DLL
0x00007ffe927e0000 - 0x00007ffe927e8000 	C:\WINDOWS\System32\NSI.dll
0x00007ffe84d90000 - 0x00007ffe84d9a000 	C:\Windows\System32\rasadhlp.dll
0x00007ffe80710000 - 0x00007ffe80790000 	C:\WINDOWS\System32\fwpuclnt.dll
0x00007ffe7e320000 - 0x00007ffe7e329000 	C:\Program Files\Java\jdk-21\bin\extnet.dll
0x00007ffe8d900000 - 0x00007ffe8d90e000 	C:\Program Files\Java\jdk-21\bin\sunmscapi.dll
0x00007ffe90aa0000 - 0x00007ffe90bfe000 	C:\WINDOWS\System32\CRYPT32.dll
0x00007ffe8fd00000 - 0x00007ffe8fd29000 	C:\WINDOWS\SYSTEM32\ncrypt.dll
0x00007ffe8fcc0000 - 0x00007ffe8fcfb000 	C:\WINDOWS\SYSTEM32\NTASN1.dll
0x00007ffe8fbe0000 - 0x00007ffe8fbf8000 	C:\WINDOWS\SYSTEM32\CRYPTSP.dll
0x00007ffe8f310000 - 0x00007ffe8f344000 	C:\WINDOWS\system32\rsaenh.dll
0x00007ffe90220000 - 0x00007ffe9024e000 	C:\WINDOWS\SYSTEM32\USERENV.dll
0x00007ffe8fc00000 - 0x00007ffe8fc0c000 	C:\WINDOWS\SYSTEM32\CRYPTBASE.dll
0x00007ffe86230000 - 0x00007ffe8625e000 	C:\Program Files\Java\jdk-21\bin\javajpeg.dll
0x00007ffe928a0000 - 0x00007ffe92949000 	C:\WINDOWS\System32\clbcatq.dll
0x00007ffe8a230000 - 0x00007ffe8a3e4000 	C:\WINDOWS\SYSTEM32\WindowsCodecs.dll
0x00007ffe70910000 - 0x00007ffe7094e000 	C:\WINDOWS\system32\dataexchange.dll
0x00007ffe8c5b0000 - 0x00007ffe8c813000 	C:\WINDOWS\system32\d3d11.dll
0x00007ffe8cf30000 - 0x00007ffe8d115000 	C:\WINDOWS\system32\dcomp.dll
0x00007ffe8ebc0000 - 0x00007ffe8ecb2000 	C:\WINDOWS\system32\dxgi.dll
0x00007ffe8a680000 - 0x00007ffe8a883000 	C:\WINDOWS\system32\twinapi.appcore.dll
0x00007ffe85b70000 - 0x00007ffe85c69000 	C:\WINDOWS\SYSTEM32\textinputframework.dll
0x00007ffe8d800000 - 0x00007ffe8d8f2000 	C:\WINDOWS\System32\CoreMessaging.dll
0x00007ffe8d4a0000 - 0x00007ffe8d7fb000 	C:\WINDOWS\System32\CoreUIComponents.dll
0x00007ffe8cdd0000 - 0x00007ffe8cf27000 	C:\WINDOWS\SYSTEM32\wintypes.dll
0x00007ffe8f430000 - 0x00007ffe8f463000 	C:\WINDOWS\SYSTEM32\ntmarta.dll
0x00007ffe7e770000 - 0x00007ffe7e780000 	C:\Program Files\Java\jdk-21\bin\verify.dll

dbghelp: loaded successfully - version: 4.0.5 - missing functions: none
symbol engine: initialized successfully - sym options: 0x614 - pdb path: .;C:\Program Files\Java\jdk-21\bin;C:\WINDOWS\SYSTEM32;C:\WINDOWS\WinSxS\amd64_microsoft.windows.common-controls_6595b64144ccf1df_6.0.19041.4355_none_60b8b9eb71f62e16;C:\Program Files\Java\jdk-21\bin\server;C:\WINDOWS\System32\DriverStore\FileRepository\u0376209.inf_amd64_b3bdffadea4def3f\B374968

VM Arguments:
jvm_args: -Dfile.encoding=UTF-8 -Djava.security.policy=applet.policy 
java_command: Interfaces.A4_CourseSubject
java_class_path (initial): C:\Program Files\NetBeans-17\netbeans\java\modules\ext\AbsoluteLayout.jar;C:\Users\NIRWAN\3D Objects\New Folder (3)\jcalendar-1.4\lib\jcalendar-1.4.jar;C:\Users\NIRWAN\Downloads\mysql-connector-j-8.3.0\mysql-connector-j-8.3.0\mysql-connector-j-8.3.0.jar;C:\Users\NIRWAN\OneDrive\Documents\mysql-connector-j-8.3.0.jar;C:\Users\NIRWAN\OneDrive\Documents\NetBeansProjects\Student Results Management System\build\classes
Launcher Type: SUN_STANDARD

[Global flags]
     intx CICompilerCount                          = 3                                         {product} {ergonomic}
     uint ConcGCThreads                            = 1                                         {product} {ergonomic}
     uint G1ConcRefinementThreads                  = 4                                         {product} {ergonomic}
   size_t G1HeapRegionSize                         = 1048576                                   {product} {ergonomic}
    uintx GCDrainStackTargetSize                   = 64                                        {product} {ergonomic}
   size_t InitialHeapSize                          = 62914560                                  {product} {ergonomic}
   size_t MarkStackSize                            = 4194304                                   {product} {ergonomic}
   size_t MaxHeapSize                              = 983564288                                 {product} {ergonomic}
   size_t MaxNewSize                               = 589299712                                 {product} {ergonomic}
   size_t MinHeapDeltaBytes                        = 1048576                                   {product} {ergonomic}
   size_t MinHeapSize                              = 8388608                                   {product} {ergonomic}
    uintx NonNMethodCodeHeapSize                   = 5832780                                {pd product} {ergonomic}
    uintx NonProfiledCodeHeapSize                  = 122912730                              {pd product} {ergonomic}
    uintx ProfiledCodeHeapSize                     = 122912730                              {pd product} {ergonomic}
    uintx ReservedCodeCacheSize                    = 251658240                              {pd product} {ergonomic}
     bool SegmentedCodeCache                       = true                                      {product} {ergonomic}
   size_t SoftMaxHeapSize                          = 983564288                              {manageable} {ergonomic}
     bool UseCompressedOops                        = true                           {product lp64_product} {ergonomic}
     bool UseG1GC                                  = true                                      {product} {ergonomic}
     bool UseLargePagesIndividualAllocation        = false                                  {pd product} {ergonomic}

Logging:
Log output configuration:
 #0: stdout all=warning uptime,level,tags foldmultilines=false
 #1: stderr all=off uptime,level,tags foldmultilines=false

Environment Variables:
JAVA_HOME=C:\Program Files\Java\jdk-21
PATH=C:\Program Files\Common Files\Oracle\Java\javapath;C:\Program Files (x86)\NVIDIA Corporation\PhysX\Common;C:\WINDOWS\system32;C:\WINDOWS;C:\WINDOWS\System32\Wbem;C:\WINDOWS\System32\WindowsPowerShell\v1.0\;C:\WINDOWS\System32\OpenSSH\;C:\Program Files\Java\jdk-21\bin;C:\Program Files\MySQL\MySQL Server 8.0\bin;C:\Program Files\MySQL\MySQL Server 8.0\bin;C:\Program Files\MySQL\MySQL Shell 8.0\bin\;C:\Users\NIRWAN\AppData\Local\Microsoft\WindowsApps;
USERNAME=NIRWAN
OS=Windows_NT
PROCESSOR_IDENTIFIER=AMD64 Family 23 Model 17 Stepping 0, AuthenticAMD
TMP=C:\Users\NIRWAN\AppData\Local\Temp
TEMP=C:\Users\NIRWAN\AppData\Local\Temp




Periodic native trim disabled

---------------  S Y S T E M  ---------------

OS:
 Windows 10 , 64 bit Build 19041 (10.0.19041.3636)
OS uptime: 0 days 0:29 hours

CPU: total 4 (initial active 4) (4 cores per cpu, 2 threads per core) family 23 model 17 stepping 0 microcode 0x0, cx8, cmov, fxsr, ht, mmx, 3dnowpref, sse, sse2, sse3, ssse3, sse4a, sse4.1, sse4.2, popcnt, lzcnt, tsc, tscinvbit, avx, avx2, aes, clmul, bmi1, bmi2, adx, sha, fma, vzeroupper, clflush, clflushopt, rdtscp, f16c
Processor Information for all 4 processors :
  Max Mhz: 2500, Current Mhz: 2500, Mhz Limit: 2500

Memory: 4k page, system-wide physical 3747M (158M free)
TotalPageFile size 6747M (AvailPageFile size 4M)
current process WorkingSet (physical memory assigned to process): 149M, peak: 154M
current process commit charge ("private bytes"): 213M, peak: 217M

vm_info: Java HotSpot(TM) 64-Bit Server VM (21.0.2+13-LTS-58) for windows-amd64 JRE (21.0.2+13-LTS-58), built on 2024-01-05T18:32:24Z by "mach5one" with MS VC++ 17.1 (VS2022)

END.
