#
# There is insufficient memory for the Java Runtime Environment to continue.
# Native memory allocation (malloc) failed to allocate 587296 bytes for Chunk::new
# Possible reasons:
#   The system is out of physical RAM or swap space
#   The process is running with CompressedOops enabled, and the Java Heap may be blocking the growth of the native heap
# Possible solutions:
#   Reduce memory load on the system
#   Increase physical memory or swap space
#   Check if swap backing store is full
#   Decrease Java heap size (-Xmx/-Xms)
#   Decrease number of Java threads
#   Decrease Java thread stack sizes (-Xss)
#   Set larger code cache with -XX:ReservedCodeCacheSize=
#   JVM is running with Unscaled Compressed Oops mode in which the Java heap is
#     placed in the first 4GB address space. The Java Heap base address is the
#     maximum limit for the native heap growth. Please use -XX:HeapBaseMinAddress
#     to set the Java Heap base and to place the Java Heap above 4GB virtual address.
# This output file may be truncated or incomplete.
#
#  Out of Memory Error (arena.cpp:168), pid=464, tid=3616
#
# JRE version: Java(TM) SE Runtime Environment (21.0.2+13) (build 21.0.2+13-LTS-58)
# Java VM: Java HotSpot(TM) 64-Bit Server VM (21.0.2+13-LTS-58, mixed mode, sharing, tiered, compressed oops, compressed class ptrs, g1 gc, windows-amd64)
# No core dump will be written. Minidumps are not enabled by default on client versions of Windows
#

---------------  S U M M A R Y ------------

Command Line: -Dfile.encoding=UTF-8 -Djava.security.policy=applet.policy Interfaces.A4_CourseSubject

Host: AMD Ryzen 3 2200U with Radeon Vega Mobile Gfx  , 4 cores, 3G,  Windows 10 , 64 bit Build 19041 (10.0.19041.3636)
Time: Sun May 26 01:56:00 2024 Sri Lanka Standard Time elapsed time: 230.065945 seconds (0d 0h 3m 50s)

---------------  T H R E A D  ---------------

Current thread (0x00000214ff06a6c0):  JavaThread "C2 CompilerThread0" daemon [_thread_in_native, id=3616, stack(0x000000875c400000,0x000000875c500000) (1024K)]


Current CompileTask:
C2: 230066 4792       4       sun.java2d.marlin.MarlinTileGenerator::getAlphaRLE (1749 bytes)

Stack: [0x000000875c400000,0x000000875c500000]
Native frames: (J=compiled Java code, j=interpreted, Vv=VM code, C=native code)
V  [jvm.dll+0x6cade9]
V  [jvm.dll+0x8569c1]
V  [jvm.dll+0x858d2e]
V  [jvm.dll+0x859413]
V  [jvm.dll+0x280e56]
V  [jvm.dll+0xc3f3d]
V  [jvm.dll+0xc4473]
V  [jvm.dll+0x2f437f]
V  [jvm.dll+0x5f5056]
V  [jvm.dll+0x252d7f]
V  [jvm.dll+0x25315f]
V  [jvm.dll+0x24b8e0]
V  [jvm.dll+0x2490a3]
V  [jvm.dll+0x1c9634]
V  [jvm.dll+0x258859]
V  [jvm.dll+0x256e3a]
V  [jvm.dll+0x3ef6c6]
V  [jvm.dll+0x7ff568]
V  [jvm.dll+0x6c953d]
C  [ucrtbase.dll+0x21bb2]
C  [KERNEL32.DLL+0x17344]
C  [ntdll.dll+0x526b1]


---------------  P R O C E S S  ---------------

Threads class SMR info:
_java_thread_list=0x00000214d928e4e0, length=18, elements={
0x00000214f16fe280, 0x00000214ff053630, 0x00000214ff058040, 0x00000214ff05cac0,
0x00000214ff060070, 0x00000214ff05d6d0, 0x00000214ff06a6c0, 0x00000214ff06ed90,
0x00000214ff2a8c50, 0x00000214ff2aa690, 0x00000214ff2aad20, 0x00000214ff2ab3b0,
0x00000214ff2a7f30, 0x00000214ff2aa000, 0x00000214ff2a85c0, 0x00000214ff2a9970,
0x00000214d9301d10, 0x00000214d93023a0
}

Java Threads: ( => current thread )
  0x00000214f16fe280 JavaThread "Reference Handler"          daemon [_thread_blocked, id=1704, stack(0x000000875be00000,0x000000875bf00000) (1024K)]
  0x00000214ff053630 JavaThread "Finalizer"                  daemon [_thread_blocked, id=9644, stack(0x000000875bf00000,0x000000875c000000) (1024K)]
  0x00000214ff058040 JavaThread "Signal Dispatcher"          daemon [_thread_blocked, id=3112, stack(0x000000875c000000,0x000000875c100000) (1024K)]
  0x00000214ff05cac0 JavaThread "Attach Listener"            daemon [_thread_blocked, id=1360, stack(0x000000875c100000,0x000000875c200000) (1024K)]
  0x00000214ff060070 JavaThread "Service Thread"             daemon [_thread_blocked, id=3336, stack(0x000000875c200000,0x000000875c300000) (1024K)]
  0x00000214ff05d6d0 JavaThread "Monitor Deflation Thread"   daemon [_thread_blocked, id=10832, stack(0x000000875c300000,0x000000875c400000) (1024K)]
=>0x00000214ff06a6c0 JavaThread "C2 CompilerThread0"         daemon [_thread_in_native, id=3616, stack(0x000000875c400000,0x000000875c500000) (1024K)]
  0x00000214ff06ed90 JavaThread "C1 CompilerThread0"         daemon [_thread_blocked, id=9380, stack(0x000000875c500000,0x000000875c600000) (1024K)]
  0x00000214ff2a8c50 JavaThread "Notification Thread"        daemon [_thread_blocked, id=2768, stack(0x000000875c600000,0x000000875c700000) (1024K)]
  0x00000214ff2aa690 JavaThread "Common-Cleaner"             daemon [_thread_blocked, id=6100, stack(0x000000875c700000,0x000000875c800000) (1024K)]
  0x00000214ff2aad20 JavaThread "Java2D Disposer"            daemon [_thread_blocked, id=2504, stack(0x000000875c800000,0x000000875c900000) (1024K)]
  0x00000214ff2ab3b0 JavaThread "AWT-Shutdown"                      [_thread_blocked, id=1880, stack(0x000000875c900000,0x000000875ca00000) (1024K)]
  0x00000214ff2a7f30 JavaThread "AWT-Windows"                daemon [_thread_in_native, id=9488, stack(0x000000875ca00000,0x000000875cb00000) (1024K)]
  0x00000214ff2aa000 JavaThread "AWT-EventQueue-0"                  [_thread_in_native, id=4116, stack(0x000000875cb00000,0x000000875cc00000) (1024K)]
  0x00000214ff2a85c0 JavaThread "DestroyJavaVM"                     [_thread_blocked, id=5208, stack(0x000000875b600000,0x000000875b700000) (1024K)]
  0x00000214ff2a9970 JavaThread "mysql-cj-abandoned-connection-cleanup" daemon [_thread_blocked, id=4772, stack(0x000000875d200000,0x000000875d300000) (1024K)]
  0x00000214d9301d10 JavaThread "D3D Screen Updater"         daemon [_thread_blocked, id=10884, stack(0x000000875d900000,0x000000875da00000) (1024K)]
  0x00000214d93023a0 JavaThread "TimerQueue"                 daemon [_thread_blocked, id=4488, stack(0x000000875da00000,0x000000875db00000) (1024K)]
Total: 18

Other Threads:
  0x00000214f16e6780 VMThread "VM Thread"                           [id=6416, stack(0x000000875bd00000,0x000000875be00000) (1024K)]
  0x00000214ff04cb50 WatcherThread "VM Periodic Task Thread"        [id=5932, stack(0x000000875bc00000,0x000000875bd00000) (1024K)]
  0x00000214f165d190 WorkerThread "GC Thread#0"                     [id=10188, stack(0x000000875b700000,0x000000875b800000) (1024K)]
  0x00000214d46bbbe0 WorkerThread "GC Thread#1"                     [id=10964, stack(0x000000875d400000,0x000000875d500000) (1024K)]
  0x00000214d46bbf80 WorkerThread "GC Thread#2"                     [id=3640, stack(0x000000875d500000,0x000000875d600000) (1024K)]
  0x00000214d46bc320 WorkerThread "GC Thread#3"                     [id=9140, stack(0x000000875d600000,0x000000875d700000) (1024K)]
  0x00000214f1666de0 ConcurrentGCThread "G1 Main Marker"            [id=4280, stack(0x000000875b800000,0x000000875b900000) (1024K)]
  0x00000214f16677f0 WorkerThread "G1 Conc#0"                       [id=9800, stack(0x000000875b900000,0x000000875ba00000) (1024K)]
  0x00000214f16bf430 ConcurrentGCThread "G1 Refine#0"               [id=392, stack(0x000000875ba00000,0x000000875bb00000) (1024K)]
  0x00000214f16bfeb0 ConcurrentGCThread "G1 Service"                [id=1256, stack(0x000000875bb00000,0x000000875bc00000) (1024K)]
Total: 10

Threads with active compile tasks:
C2 CompilerThread0   230115 4792       4       sun.java2d.marlin.MarlinTileGenerator::getAlphaRLE (1749 bytes)
Total: 1

VM state: not at safepoint (normal execution)

VM Mutex/Monitor currently owned by a thread: None

Heap address: 0x00000000c5600000, size: 938 MB, Compressed Oops mode: 32-bit

CDS archive(s) mapped at: [0x000002148f000000-0x000002148fc90000-0x000002148fc90000), size 13172736, SharedBaseAddress: 0x000002148f000000, ArchiveRelocationMode: 1.
Compressed class space mapped at: 0x0000021490000000-0x00000214d0000000, reserved size: 1073741824
Narrow klass base: 0x000002148f000000, Narrow klass shift: 0, Narrow klass range: 0x100000000

GC Precious Log:
 CardTable entry size: 512
 Card Set container configuration: InlinePtr #cards 5 size 8 Array Of Cards #cards 12 size 40 Howl #buckets 4 coarsen threshold 1843 Howl Bitmap #cards 512 size 80 coarsen threshold 460 Card regions per heap region 1 cards per card region 2048
 CPUs: 4 total, 4 available
 Memory: 3747M
 Large Page Support: Disabled
 NUMA Support: Disabled
 Compressed Oops: Enabled (32-bit)
 Heap Region Size: 1M
 Heap Min Capacity: 8M
 Heap Initial Capacity: 60M
 Heap Max Capacity: 938M
 Pre-touch: Disabled
 Parallel Workers: 4
 Concurrent Workers: 1
 Concurrent Refinement Workers: 4
 Periodic GC: Disabled

Heap:
 garbage-first heap   total 30720K, used 20484K [0x00000000c5600000, 0x0000000100000000)
  region size 1024K, 10 young (10240K), 1 survivors (1024K)
 Metaspace       used 24788K, committed 25024K, reserved 1114112K
  class space    used 2719K, committed 2816K, reserved 1048576K

Heap Regions: E=young(eden), S=young(survivor), O=old, HS=humongous(starts), HC=humongous(continues), CS=collection set, F=free, TAMS=top-at-mark-start, PB=parsable bottom
|   0|0x00000000c5600000, 0x00000000c5700000, 0x00000000c5700000|100%| O|  |TAMS 0x00000000c5600000| PB 0x00000000c5600000| Untracked 
|   1|0x00000000c5700000, 0x00000000c5800000, 0x00000000c5800000|100%| O|  |TAMS 0x00000000c5700000| PB 0x00000000c5700000| Untracked 
|   2|0x00000000c5800000, 0x00000000c5900000, 0x00000000c5900000|100%| O|  |TAMS 0x00000000c5800000| PB 0x00000000c5800000| Untracked 
|   3|0x00000000c5900000, 0x00000000c5a00000, 0x00000000c5a00000|100%| O|  |TAMS 0x00000000c5900000| PB 0x00000000c5900000| Untracked 
|   4|0x00000000c5a00000, 0x00000000c5a00000, 0x00000000c5b00000|  0%| F|  |TAMS 0x00000000c5a00000| PB 0x00000000c5a00000| Untracked 
|   5|0x00000000c5b00000, 0x00000000c5c00000, 0x00000000c5c00000|100%| O|  |TAMS 0x00000000c5b00000| PB 0x00000000c5b00000| Untracked 
|   6|0x00000000c5c00000, 0x00000000c5d00000, 0x00000000c5d00000|100%| O|  |TAMS 0x00000000c5c00000| PB 0x00000000c5c00000| Untracked 
|   7|0x00000000c5d00000, 0x00000000c5e00000, 0x00000000c5e00000|100%| O|  |TAMS 0x00000000c5d00000| PB 0x00000000c5d00000| Untracked 
|   8|0x00000000c5e00000, 0x00000000c5f00000, 0x00000000c5f00000|100%| O|  |TAMS 0x00000000c5e00000| PB 0x00000000c5e00000| Untracked 
|   9|0x00000000c5f00000, 0x00000000c5f358d0, 0x00000000c6000000| 20%| O|  |TAMS 0x00000000c5f00000| PB 0x00000000c5f00000| Untracked 
|  10|0x00000000c6000000, 0x00000000c6100000, 0x00000000c6100000|100%|HS|  |TAMS 0x00000000c6000000| PB 0x00000000c6000000| Complete 
|  11|0x00000000c6100000, 0x00000000c6200000, 0x00000000c6200000|100%|HC|  |TAMS 0x00000000c6100000| PB 0x00000000c6100000| Complete 
|  12|0x00000000c6200000, 0x00000000c6300000, 0x00000000c6300000|100%|HC|  |TAMS 0x00000000c6200000| PB 0x00000000c6200000| Complete 
|  13|0x00000000c6300000, 0x00000000c6400000, 0x00000000c6400000|100%|HC|  |TAMS 0x00000000c6300000| PB 0x00000000c6300000| Complete 
|  14|0x00000000c6400000, 0x00000000c6400000, 0x00000000c6500000|  0%| F|  |TAMS 0x00000000c6400000| PB 0x00000000c6400000| Untracked 
|  15|0x00000000c6500000, 0x00000000c6500000, 0x00000000c6600000|  0%| F|  |TAMS 0x00000000c6500000| PB 0x00000000c6500000| Untracked 
|  16|0x00000000c6600000, 0x00000000c6600000, 0x00000000c6700000|  0%| F|  |TAMS 0x00000000c6600000| PB 0x00000000c6600000| Untracked 
|  17|0x00000000c6700000, 0x00000000c6700000, 0x00000000c6800000|  0%| F|  |TAMS 0x00000000c6700000| PB 0x00000000c6700000| Untracked 
|  18|0x00000000c6800000, 0x00000000c68cb818, 0x00000000c6900000| 79%| S|CS|TAMS 0x00000000c6800000| PB 0x00000000c6800000| Complete 
|  19|0x00000000c6900000, 0x00000000c6900000, 0x00000000c6a00000|  0%| F|  |TAMS 0x00000000c6900000| PB 0x00000000c6900000| Untracked 
|  20|0x00000000c6a00000, 0x00000000c6a00000, 0x00000000c6b00000|  0%| F|  |TAMS 0x00000000c6a00000| PB 0x00000000c6a00000| Untracked 
|  21|0x00000000c6b00000, 0x00000000c6b69670, 0x00000000c6c00000| 41%| E|  |TAMS 0x00000000c6b00000| PB 0x00000000c6b00000| Complete 
|  22|0x00000000c6c00000, 0x00000000c6d00000, 0x00000000c6d00000|100%| E|CS|TAMS 0x00000000c6c00000| PB 0x00000000c6c00000| Complete 
|  23|0x00000000c6d00000, 0x00000000c6e00000, 0x00000000c6e00000|100%| E|  |TAMS 0x00000000c6d00000| PB 0x00000000c6d00000| Complete 
|  24|0x00000000c6e00000, 0x00000000c6f00000, 0x00000000c6f00000|100%| E|CS|TAMS 0x00000000c6e00000| PB 0x00000000c6e00000| Complete 
|  25|0x00000000c6f00000, 0x00000000c7000000, 0x00000000c7000000|100%| E|CS|TAMS 0x00000000c6f00000| PB 0x00000000c6f00000| Complete 
|  42|0x00000000c8000000, 0x00000000c8100000, 0x00000000c8100000|100%| E|CS|TAMS 0x00000000c8000000| PB 0x00000000c8000000| Complete 
|  43|0x00000000c8100000, 0x00000000c8200000, 0x00000000c8200000|100%| E|CS|TAMS 0x00000000c8100000| PB 0x00000000c8100000| Complete 
|  44|0x00000000c8200000, 0x00000000c8300000, 0x00000000c8300000|100%| E|CS|TAMS 0x00000000c8200000| PB 0x00000000c8200000| Complete 
|  59|0x00000000c9100000, 0x00000000c9200000, 0x00000000c9200000|100%| E|CS|TAMS 0x00000000c9100000| PB 0x00000000c9100000| Complete 

Card table byte_map: [0x00000214fba60000,0x00000214fbc40000] _byte_map_base: 0x00000214fb435000

Marking Bits: (CMBitMap*) 0x00000214f165e7b0
 Bits: [0x00000214fbc40000, 0x00000214fcae8000)

Polling page: 0x00000214f1480000

Metaspace:

Usage:
  Non-class:     21.55 MB used.
      Class:      2.66 MB used.
       Both:     24.21 MB used.

Virtual space:
  Non-class space:       64.00 MB reserved,      21.69 MB ( 34%) committed,  1 nodes.
      Class space:        1.00 GB reserved,       2.75 MB ( <1%) committed,  1 nodes.
             Both:        1.06 GB reserved,      24.44 MB (  2%) committed. 

Chunk freelists:
   Non-Class:  10.27 MB
       Class:  13.15 MB
        Both:  23.42 MB

MaxMetaspaceSize: unlimited
CompressedClassSpaceSize: 1.00 GB
Initial GC threshold: 21.00 MB
Current GC threshold: 35.12 MB
CDS: on
 - commit_granule_bytes: 65536.
 - commit_granule_words: 8192.
 - virtual_space_node_default_size: 8388608.
 - enlarge_chunks_in_place: 1.
 - use_allocation_guard: 0.


Internal statistics:

num_allocs_failed_limit: 3.
num_arena_births: 214.
num_arena_deaths: 0.
num_vsnodes_births: 2.
num_vsnodes_deaths: 0.
num_space_committed: 391.
num_space_uncommitted: 0.
num_chunks_returned_to_freelist: 3.
num_chunks_taken_from_freelist: 472.
num_chunk_merges: 0.
num_chunk_splits: 283.
num_chunks_enlarged: 167.
num_inconsistent_stats: 0.

CodeHeap 'non-profiled nmethods': size=120000Kb used=2522Kb max_used=2522Kb free=117477Kb
 bounds [0x0000021487ad0000, 0x0000021487d50000, 0x000002148f000000]
CodeHeap 'profiled nmethods': size=120000Kb used=10094Kb max_used=10094Kb free=109905Kb
 bounds [0x0000021480000000, 0x00000214809e0000, 0x0000021487530000]
CodeHeap 'non-nmethods': size=5760Kb used=1820Kb max_used=1862Kb free=3939Kb
 bounds [0x0000021487530000, 0x00000214877a0000, 0x0000021487ad0000]
 total_blobs=5619 nmethods=4791 adapters=729
 compilation: enabled
              stopped_count=0, restarted_count=0
 full_count=0

Compilation events (20 events):
Event: 229.916 Thread 0x00000214ff06ed90 nmethod 4782 0x00000214809d5b10 code [0x00000214809d5cc0, 0x00000214809d5ed8]
Event: 229.916 Thread 0x00000214ff06ed90 4783       3       javax.swing.plaf.nimbus.NimbusStyle::getForegroundPainter (158 bytes)
Event: 229.917 Thread 0x00000214ff06ed90 nmethod 4783 0x00000214809d6010 code [0x00000214809d62c0, 0x00000214809d70a8]
Event: 229.924 Thread 0x00000214ff06ed90 4784       3       sun.java2d.d3d.D3DGraphicsDevice::getDefaultConfiguration (42 bytes)
Event: 229.925 Thread 0x00000214ff06ed90 nmethod 4784 0x00000214809d7590 code [0x00000214809d77a0, 0x00000214809d80f0]
Event: 229.925 Thread 0x00000214ff06ed90 4785       3       javax.swing.plaf.basic.BasicLabelUI::propertyChange (82 bytes)
Event: 229.926 Thread 0x00000214ff06ed90 nmethod 4785 0x00000214809d8390 code [0x00000214809d85a0, 0x00000214809d8e18]
Event: 229.927 Thread 0x00000214ff06ed90 4786       3       javax.swing.JComboBox::getSelectedItem (10 bytes)
Event: 229.927 Thread 0x00000214ff06ed90 nmethod 4786 0x00000214809d9010 code [0x00000214809d91c0, 0x00000214809d9340]
Event: 229.941 Thread 0x00000214ff06a6c0 4787       4       javax.swing.plaf.synth.SynthContext::getPainter (19 bytes)
Event: 229.942 Thread 0x00000214ff06a6c0 nmethod 4787 0x0000021487d46510 code [0x0000021487d466a0, 0x0000021487d46790]
Event: 229.970 Thread 0x00000214ff06ed90 4788       3       javax.swing.plaf.synth.SynthArrowButton$SynthArrowButtonUI::paintBackground (20 bytes)
Event: 229.972 Thread 0x00000214ff06ed90 nmethod 4788 0x00000214809d9410 code [0x00000214809d9600, 0x00000214809d9ba0]
Event: 229.972 Thread 0x00000214ff06ed90 4789       3       javax.swing.plaf.nimbus.SynthPainterImpl::paintArrowButtonBackground (83 bytes)
Event: 229.973 Thread 0x00000214ff06ed90 nmethod 4789 0x00000214809d9d90 code [0x00000214809d9fe0, 0x00000214809da598]
Event: 229.973 Thread 0x00000214ff06ed90 4790       3       javax.swing.plaf.synth.SynthArrowButton$SynthArrowButtonUI::paint (32 bytes)
Event: 229.975 Thread 0x00000214ff06ed90 nmethod 4790 0x00000214809da810 code [0x00000214809daa00, 0x00000214809db160]
Event: 229.996 Thread 0x00000214ff06ed90 4791       3       sun.font.TrueTypeFont::getMapper (24 bytes)
Event: 229.996 Thread 0x00000214ff06ed90 nmethod 4791 0x00000214809db390 code [0x00000214809db540, 0x00000214809db780]
Event: 230.011 Thread 0x00000214ff06a6c0 4792       4       sun.java2d.marlin.MarlinTileGenerator::getAlphaRLE (1749 bytes)

GC Heap History (8 events):
Event: 0.938 GC heap before
{Heap before GC invocations=0 (full 0):
 garbage-first heap   total 61440K, used 13312K [0x00000000c5600000, 0x0000000100000000)
  region size 1024K, 13 young (13312K), 0 survivors (0K)
 Metaspace       used 9897K, committed 10112K, reserved 1114112K
  class space    used 1068K, committed 1152K, reserved 1048576K
}
Event: 0.945 GC heap after
{Heap after GC invocations=1 (full 0):
 garbage-first heap   total 61440K, used 3408K [0x00000000c5600000, 0x0000000100000000)
  region size 1024K, 2 young (2048K), 2 survivors (2048K)
 Metaspace       used 9897K, committed 10112K, reserved 1114112K
  class space    used 1068K, committed 1152K, reserved 1048576K
}
Event: 2.834 GC heap before
{Heap before GC invocations=1 (full 0):
 garbage-first heap   total 61440K, used 15696K [0x00000000c5600000, 0x0000000100000000)
  region size 1024K, 15 young (15360K), 2 survivors (2048K)
 Metaspace       used 21254K, committed 21504K, reserved 1114112K
  class space    used 2413K, committed 2560K, reserved 1048576K
}
Event: 2.852 GC heap after
{Heap after GC invocations=2 (full 0):
 garbage-first heap   total 61440K, used 7333K [0x00000000c5600000, 0x0000000100000000)
  region size 1024K, 3 young (3072K), 3 survivors (3072K)
 Metaspace       used 21254K, committed 21504K, reserved 1114112K
  class space    used 2413K, committed 2560K, reserved 1048576K
}
Event: 46.024 GC heap before
{Heap before GC invocations=3 (full 0):
 garbage-first heap   total 30720K, used 22693K [0x00000000c5600000, 0x0000000100000000)
  region size 1024K, 18 young (18432K), 3 survivors (3072K)
 Metaspace       used 24026K, committed 24320K, reserved 1114112K
  class space    used 2668K, committed 2816K, reserved 1048576K
}
Event: 46.031 GC heap after
{Heap after GC invocations=4 (full 0):
 garbage-first heap   total 30720K, used 8586K [0x00000000c5600000, 0x0000000100000000)
  region size 1024K, 2 young (2048K), 2 survivors (2048K)
 Metaspace       used 24026K, committed 24320K, reserved 1114112K
  class space    used 2668K, committed 2816K, reserved 1048576K
}
Event: 93.943 GC heap before
{Heap before GC invocations=4 (full 0):
 garbage-first heap   total 30720K, used 19850K [0x00000000c5600000, 0x0000000100000000)
  region size 1024K, 13 young (13312K), 2 survivors (2048K)
 Metaspace       used 24635K, committed 24896K, reserved 1114112K
  class space    used 2717K, committed 2816K, reserved 1048576K
}
Event: 93.946 GC heap after
{Heap after GC invocations=5 (full 0):
 garbage-first heap   total 30720K, used 9220K [0x00000000c5600000, 0x0000000100000000)
  region size 1024K, 1 young (1024K), 1 survivors (1024K)
 Metaspace       used 24635K, committed 24896K, reserved 1114112K
  class space    used 2717K, committed 2816K, reserved 1048576K
}

Dll operation events (13 events):
Event: 0.010 Loaded shared library C:\Program Files\Java\jdk-21\bin\java.dll
Event: 0.058 Loaded shared library C:\Program Files\Java\jdk-21\bin\jsvml.dll
Event: 0.098 Loaded shared library C:\Program Files\Java\jdk-21\bin\net.dll
Event: 0.100 Loaded shared library C:\Program Files\Java\jdk-21\bin\nio.dll
Event: 0.104 Loaded shared library C:\Program Files\Java\jdk-21\bin\zip.dll
Event: 0.149 Loaded shared library C:\Program Files\Java\jdk-21\bin\jimage.dll
Event: 0.173 Loaded shared library C:\Program Files\Java\jdk-21\bin\awt.dll
Event: 0.349 Loaded shared library C:\Program Files\Java\jdk-21\bin\freetype.dll
Event: 0.350 Loaded shared library C:\Program Files\Java\jdk-21\bin\fontmanager.dll
Event: 0.811 Loaded shared library C:\Program Files\Java\jdk-21\bin\extnet.dll
Event: 1.032 Loaded shared library C:\Program Files\Java\jdk-21\bin\sunmscapi.dll
Event: 2.016 Loaded shared library C:\Program Files\Java\jdk-21\bin\javajpeg.dll
Event: 7.784 Loaded shared library C:\Program Files\Java\jdk-21\bin\verify.dll

Deoptimization events (20 events):
Event: 228.218 Thread 0x00000214ff2aa000 DEOPT PACKING pc=0x0000021487ce8eb0 sp=0x000000875cbfde00
Event: 228.218 Thread 0x00000214ff2aa000 DEOPT UNPACKING pc=0x00000214875846a2 sp=0x000000875cbfdd88 mode 2
Event: 228.227 Thread 0x00000214d9301d10 Uncommon trap: trap_request=0xffffffcc fr.pc=0x0000021487d3a8ac relative=0x000000000000036c
Event: 228.234 Thread 0x00000214d9301d10 Uncommon trap: reason=intrinsic_or_type_checked_inlining action=make_not_entrant pc=0x0000021487d3a8ac method=java.util.ArrayList.toArray([Ljava/lang/Object;)[Ljava/lang/Object; @ 36 c2
Event: 228.234 Thread 0x00000214d9301d10 DEOPT PACKING pc=0x0000021487d3a8ac sp=0x000000875d9ff4f0
Event: 228.234 Thread 0x00000214d9301d10 DEOPT UNPACKING pc=0x00000214875846a2 sp=0x000000875d9ff4d0 mode 2
Event: 228.241 Thread 0x00000214ff2aa000 Uncommon trap: trap_request=0xffffffc6 fr.pc=0x0000021487c800c4 relative=0x00000000000001e4
Event: 228.241 Thread 0x00000214ff2aa000 Uncommon trap: reason=bimorphic_or_optimized_type_check action=maybe_recompile pc=0x0000021487c800c4 method=sun.java2d.SunGraphics2D.validateColor()V @ 95 c2
Event: 228.241 Thread 0x00000214ff2aa000 DEOPT PACKING pc=0x0000021487c800c4 sp=0x000000875cbfe6d0
Event: 228.241 Thread 0x00000214ff2aa000 DEOPT UNPACKING pc=0x00000214875846a2 sp=0x000000875cbfe640 mode 2
Event: 228.242 Thread 0x00000214ff2aa000 Uncommon trap: trap_request=0xffffffc6 fr.pc=0x0000021487c94580 relative=0x0000000000000480
Event: 228.242 Thread 0x00000214ff2aa000 Uncommon trap: reason=bimorphic_or_optimized_type_check action=maybe_recompile pc=0x0000021487c94580 method=sun.java2d.SunGraphics2D.validateColor()V @ 95 c2
Event: 228.242 Thread 0x00000214ff2aa000 DEOPT PACKING pc=0x0000021487c94580 sp=0x000000875cbfe8d0
Event: 228.242 Thread 0x00000214ff2aa000 DEOPT UNPACKING pc=0x00000214875846a2 sp=0x000000875cbfe818 mode 2
Event: 229.621 Thread 0x00000214ff2aa000 Uncommon trap: trap_request=0xffffff45 fr.pc=0x0000021487cc3bcc relative=0x00000000000027ac
Event: 229.621 Thread 0x00000214ff2aa000 Uncommon trap: reason=unstable_if action=reinterpret pc=0x0000021487cc3bcc method=sun.java2d.pipe.BufferedContext.validate(Lsun/java2d/pipe/hw/AccelSurface;Lsun/java2d/pipe/hw/AccelSurface;Lsun/java2d/pipe/Region;Ljava/awt/Composite;Ljava/awt/geom/AffineT
Event: 229.621 Thread 0x00000214ff2aa000 DEOPT PACKING pc=0x0000021487cc3bcc sp=0x000000875cbfdee0
Event: 229.621 Thread 0x00000214ff2aa000 DEOPT UNPACKING pc=0x00000214875846a2 sp=0x000000875cbfde60 mode 2
Event: 230.011 Thread 0x00000214ff2aa000 DEOPT PACKING pc=0x00000214809795ec sp=0x000000875cbfc360
Event: 230.011 Thread 0x00000214ff2aa000 DEOPT UNPACKING pc=0x0000021487584e42 sp=0x000000875cbfb760 mode 0

Classes loaded (20 events):
Event: 48.714 Loading class javax/swing/plaf/nimbus/OptionPanePainter
Event: 48.714 Loading class javax/swing/plaf/nimbus/OptionPanePainter done
Event: 48.715 Loading class java/awt/geom/EllipseIterator
Event: 48.716 Loading class java/awt/geom/EllipseIterator done
Event: 49.740 Loading class sun/awt/SunToolkit$1
Event: 49.740 Loading class sun/awt/SunToolkit$1 done
Event: 65.562 Loading class java/util/RegularEnumSet$EnumSetIterator
Event: 65.562 Loading class java/util/RegularEnumSet$EnumSetIterator done
Event: 65.577 Loading class javax/swing/SwingHeavyWeight
Event: 65.577 Loading class javax/swing/SwingHeavyWeight done
Event: 67.120 Loading class javax/swing/plaf/nimbus/TreeCellPainter
Event: 67.128 Loading class javax/swing/plaf/nimbus/TreeCellPainter done
Event: 88.276 Loading class java/security/DomainCombiner
Event: 88.276 Loading class java/security/DomainCombiner done
Event: 227.542 Loading class java/util/WeakHashMap$KeyIterator
Event: 227.543 Loading class java/util/WeakHashMap$HashIterator
Event: 227.544 Loading class java/util/WeakHashMap$HashIterator done
Event: 227.544 Loading class java/util/WeakHashMap$KeyIterator done
Event: 228.204 Loading class javax/swing/RepaintManager$DisplayChangedRunnable
Event: 228.205 Loading class javax/swing/RepaintManager$DisplayChangedRunnable done

Classes unloaded (0 events):
No events

Classes redefined (0 events):
No events

Internal exceptions (20 events):
Event: 0.967 Thread 0x00000214ff2aa000 Exception <a 'java/lang/NoSuchMethodError'{0x00000000c9188910}: 'void java.lang.invoke.DirectMethodHandle$Holder.invokeStaticInit(java.lang.Object, java.lang.Object)'> (0x00000000c9188910) 
thrown [s\open\src\hotspot\share\interpreter\linkResolver.cpp, line 773]
Event: 1.122 Thread 0x00000214ff2aa000 Exception <a 'sun/nio/fs/WindowsException'{0x00000000c90e9408}> (0x00000000c90e9408) 
thrown [s\open\src\hotspot\share\prims\jni.cpp, line 520]
Event: 1.213 Thread 0x00000214ff2aa000 Exception <a 'java/lang/NoSuchMethodError'{0x00000000c8f97b58}: 'java.lang.Object java.lang.invoke.DirectMethodHandle$Holder.invokeStaticInit(java.lang.Object, int, int, int, int)'> (0x00000000c8f97b58) 
thrown [s\open\src\hotspot\share\interpreter\linkResolver.cpp, line 773]
Event: 1.252 Thread 0x00000214ff2aa000 Exception <a 'java/lang/NoSuchMethodError'{0x00000000c8e33e08}: 'java.lang.Object java.lang.invoke.DirectMethodHandle$Holder.invokeStaticInit(java.lang.Object, java.lang.Object, int, int, int, int)'> (0x00000000c8e33e08) 
thrown [s\open\src\hotspot\share\interpreter\linkResolver.cpp, line 773]
Event: 1.329 Thread 0x00000214ff2aa000 Exception <a 'java/lang/NoSuchMethodError'{0x00000000c8ea7fc0}: 'int java.lang.invoke.DirectMethodHandle$Holder.invokeSpecial(java.lang.Object, java.lang.Object, java.lang.Object)'> (0x00000000c8ea7fc0) 
thrown [s\open\src\hotspot\share\interpreter\linkResolver.cpp, line 773]
Event: 1.514 Thread 0x00000214ff2aa000 Exception <a 'java/lang/NoSuchMethodError'{0x00000000c8db7b50}: 'void java.lang.invoke.DirectMethodHandle$Holder.invokeVirtual(java.lang.Object, java.lang.Object)'> (0x00000000c8db7b50) 
thrown [s\open\src\hotspot\share\interpreter\linkResolver.cpp, line 773]
Event: 1.660 Thread 0x00000214ff2aa000 Exception <a 'java/lang/NoSuchMethodError'{0x00000000c8cefed8}: 'java.lang.Object java.lang.invoke.DirectMethodHandle$Holder.newInvokeSpecial(java.lang.Object, java.lang.Object, int)'> (0x00000000c8cefed8) 
thrown [s\open\src\hotspot\share\interpreter\linkResolver.cpp, line 773]
Event: 1.661 Thread 0x00000214ff2aa000 Exception <a 'java/lang/NoSuchMethodError'{0x00000000c8cf4560}: 'int java.lang.invoke.DirectMethodHandle$Holder.invokeSpecial(java.lang.Object, java.lang.Object, java.lang.Object, int)'> (0x00000000c8cf4560) 
thrown [s\open\src\hotspot\share\interpreter\linkResolver.cpp, line 773]
Event: 1.663 Thread 0x00000214ff2aa000 Exception <a 'java/lang/NoSuchMethodError'{0x00000000c8b07058}: 'java.lang.Object java.lang.invoke.DirectMethodHandle$Holder.invokeStatic(java.lang.Object, java.lang.Object, java.lang.Object, java.lang.Object, int)'> (0x00000000c8b07058) 
thrown [s\open\src\hotspot\share\interpreter\linkResolver.cpp, line 773]
Event: 1.938 Thread 0x00000214d9304b00 Implicit null exception at 0x0000021487b20220 to 0x0000021487b207d0
Event: 1.939 Thread 0x00000214d9304b00 Implicit null exception at 0x0000021487b1f620 to 0x0000021487b1fbcc
Event: 2.017 Thread 0x00000214d9304b00 Exception <a 'java/lang/NoSuchMethodError'{0x00000000c89ef048}: 'java.lang.Object java.lang.invoke.DirectMethodHandle$Holder.newInvokeSpecial(java.lang.Object, java.lang.Object, java.lang.Object, int, int, int, int, int)'> (0x00000000c89ef048) 
thrown [s\open\src\hotspot\share\interpreter\linkResolver.cpp, line 773]
Event: 2.093 Thread 0x00000214ff2aa000 Exception <a 'java/lang/NoSuchMethodError'{0x00000000c8835bb8}: 'void java.lang.invoke.DirectMethodHandle$Holder.invokeStaticInit(java.lang.Object)'> (0x00000000c8835bb8) 
thrown [s\open\src\hotspot\share\interpreter\linkResolver.cpp, line 773]
Event: 5.806 Thread 0x00000214ff2aa000 Implicit null exception at 0x0000021487b7f55e to 0x0000021487b7f5ba
Event: 48.707 Thread 0x00000214ff2aa000 Exception <a 'java/lang/NoSuchMethodError'{0x00000000c8202348}: 'int java.lang.invoke.DirectMethodHandle$Holder.invokeStatic(java.lang.Object)'> (0x00000000c8202348) 
thrown [s\open\src\hotspot\share\interpreter\linkResolver.cpp, line 773]
Event: 48.718 Thread 0x00000214ff2aa000 Implicit null exception at 0x0000021487c47f46 to 0x0000021487c49ab4
Event: 48.737 Thread 0x00000214ff2aa000 Implicit null exception at 0x0000021487ca36d2 to 0x0000021487ca3c9a
Event: 48.737 Thread 0x00000214ff2aa000 Implicit null exception at 0x0000021487ca36d2 to 0x0000021487ca3c9a
Event: 48.737 Thread 0x00000214ff2aa000 Implicit null exception at 0x0000021487ca36d2 to 0x0000021487ca3c9a
Event: 49.478 Thread 0x00000214ff2aa000 Implicit null exception at 0x0000021487ca36d2 to 0x0000021487ca3c9a

ZGC Phase Switch (0 events):
No events

VM Operations (20 events):
Event: 102.007 Executing VM operation: Cleanup
Event: 102.007 Executing VM operation: Cleanup done
Event: 103.015 Executing VM operation: Cleanup
Event: 103.015 Executing VM operation: Cleanup done
Event: 105.037 Executing VM operation: Cleanup
Event: 105.037 Executing VM operation: Cleanup done
Event: 106.050 Executing VM operation: Cleanup
Event: 106.050 Executing VM operation: Cleanup done
Event: 107.062 Executing VM operation: Cleanup
Event: 107.062 Executing VM operation: Cleanup done
Event: 108.066 Executing VM operation: Cleanup
Event: 108.067 Executing VM operation: Cleanup done
Event: 111.082 Executing VM operation: Cleanup
Event: 111.082 Executing VM operation: Cleanup done
Event: 120.388 Executing VM operation: HandshakeAllThreads (HandshakeForDeflation)
Event: 120.388 Executing VM operation: HandshakeAllThreads (HandshakeForDeflation) done
Event: 120.388 Executing VM operation: RendezvousGCThreads
Event: 120.388 Executing VM operation: RendezvousGCThreads done
Event: 228.257 Executing VM operation: Cleanup
Event: 228.257 Executing VM operation: Cleanup done

Events (20 events):
Event: 0.093 Thread 0x00000214ff2aa690 Thread added: 0x00000214ff2aa690
Event: 0.252 Thread 0x00000214ff2aad20 Thread added: 0x00000214ff2aad20
Event: 0.255 Thread 0x00000214ff2ab3b0 Thread added: 0x00000214ff2ab3b0
Event: 0.256 Thread 0x00000214ff2a7f30 Thread added: 0x00000214ff2a7f30
Event: 0.422 Thread 0x00000214ff2aa000 Thread added: 0x00000214ff2aa000
Event: 0.422 Thread 0x00000214f152a6a0 Thread exited: 0x00000214f152a6a0
Event: 0.422 Thread 0x00000214ff2a85c0 Thread added: 0x00000214ff2a85c0
Event: 0.539 Thread 0x00000214ff2a9970 Thread added: 0x00000214ff2a9970
Event: 0.616 Thread 0x00000214d42d0070 Thread added: 0x00000214d42d0070
Event: 1.932 Thread 0x00000214d9304b00 Thread added: 0x00000214d9304b00
Event: 2.416 Thread 0x00000214d9301d10 Thread added: 0x00000214d9301d10
Event: 2.858 Thread 0x00000214d93023a0 Thread added: 0x00000214d93023a0
Event: 3.375 Thread 0x00000214d42d0070 Thread exited: 0x00000214d42d0070
Event: 7.733 Thread 0x00000214ff0c7e80 Thread added: 0x00000214ff0c7e80
Event: 8.964 Thread 0x00000214ff0c7e80 Thread exited: 0x00000214ff0c7e80
Event: 12.957 Thread 0x00000214d9304b00 Thread exited: 0x00000214d9304b00
Event: 24.119 Thread 0x00000214d8f7ea70 Thread added: 0x00000214d8f7ea70
Event: 24.656 Thread 0x00000214d8f7ea70 Thread exited: 0x00000214d8f7ea70
Event: 106.256 Thread 0x00000214d4441660 Thread added: 0x00000214d4441660
Event: 107.308 Thread 0x00000214d4441660 Thread exited: 0x00000214d4441660


Dynamic libraries:
0x00007ff727cf0000 - 0x00007ff727d00000 	C:\Program Files\Java\jdk-21\bin\java.exe
0x00007ffce9d50000 - 0x00007ffce9f48000 	C:\WINDOWS\SYSTEM32\ntdll.dll
0x00007ffce8b40000 - 0x00007ffce8bfd000 	C:\WINDOWS\System32\KERNEL32.DLL
0x00007ffce76a0000 - 0x00007ffce7996000 	C:\WINDOWS\System32\KERNELBASE.dll
0x00007ffce79d0000 - 0x00007ffce7ad0000 	C:\WINDOWS\System32\ucrtbase.dll
0x00007ffce0c10000 - 0x00007ffce0c2b000 	C:\Program Files\Java\jdk-21\bin\VCRUNTIME140.dll
0x00007ffce0ec0000 - 0x00007ffce0ed9000 	C:\Program Files\Java\jdk-21\bin\jli.dll
0x00007ffce8c00000 - 0x00007ffce8cb0000 	C:\WINDOWS\System32\ADVAPI32.dll
0x00007ffce8a80000 - 0x00007ffce8b1e000 	C:\WINDOWS\System32\msvcrt.dll
0x00007ffce84f0000 - 0x00007ffce8590000 	C:\WINDOWS\System32\sechost.dll
0x00007ffce9210000 - 0x00007ffce9333000 	C:\WINDOWS\System32\RPCRT4.dll
0x00007ffce74b0000 - 0x00007ffce74d7000 	C:\WINDOWS\System32\bcrypt.dll
0x00007ffce9460000 - 0x00007ffce95ff000 	C:\WINDOWS\System32\USER32.dll
0x00007ffce79a0000 - 0x00007ffce79c2000 	C:\WINDOWS\System32\win32u.dll
0x00007ffce88c0000 - 0x00007ffce88eb000 	C:\WINDOWS\System32\GDI32.dll
0x00007ffcd5960000 - 0x00007ffcd5bfa000 	C:\WINDOWS\WinSxS\amd64_microsoft.windows.common-controls_6595b64144ccf1df_6.0.19041.4355_none_60b8b9eb71f62e16\COMCTL32.dll
0x00007ffce74e0000 - 0x00007ffce75f7000 	C:\WINDOWS\System32\gdi32full.dll
0x00007ffce7600000 - 0x00007ffce769d000 	C:\WINDOWS\System32\msvcp_win.dll
0x00007ffcddbb0000 - 0x00007ffcddbba000 	C:\WINDOWS\SYSTEM32\VERSION.dll
0x00007ffce9110000 - 0x00007ffce9142000 	C:\WINDOWS\System32\IMM32.DLL
0x00007ffce1310000 - 0x00007ffce131c000 	C:\Program Files\Java\jdk-21\bin\vcruntime140_1.dll
0x00007ffcae620000 - 0x00007ffcae6ae000 	C:\Program Files\Java\jdk-21\bin\msvcp140.dll
0x00007ffcae840000 - 0x00007ffcaf557000 	C:\Program Files\Java\jdk-21\bin\server\jvm.dll
0x00007ffce93f0000 - 0x00007ffce945b000 	C:\WINDOWS\System32\WS2_32.dll
0x00007ffce7250000 - 0x00007ffce729b000 	C:\WINDOWS\SYSTEM32\POWRPROF.dll
0x00007ffcddb80000 - 0x00007ffcddba7000 	C:\WINDOWS\SYSTEM32\WINMM.dll
0x00007ffce7230000 - 0x00007ffce7242000 	C:\WINDOWS\SYSTEM32\UMPDC.dll
0x00007ffce5280000 - 0x00007ffce5292000 	C:\WINDOWS\SYSTEM32\kernel.appcore.dll
0x00007ffce11f0000 - 0x00007ffce11fa000 	C:\Program Files\Java\jdk-21\bin\jimage.dll
0x00007ffcd72c0000 - 0x00007ffcd74a4000 	C:\WINDOWS\SYSTEM32\DBGHELP.DLL
0x00007ffcd3cd0000 - 0x00007ffcd3d04000 	C:\WINDOWS\SYSTEM32\dbgcore.DLL
0x00007ffce7cf0000 - 0x00007ffce7d72000 	C:\WINDOWS\System32\bcryptPrimitives.dll
0x00007ffcdfde0000 - 0x00007ffcdfdff000 	C:\Program Files\Java\jdk-21\bin\java.dll
0x00007ffce7d80000 - 0x00007ffce84eb000 	C:\WINDOWS\System32\SHELL32.dll
0x00007ffce5480000 - 0x00007ffce5c1d000 	C:\WINDOWS\SYSTEM32\windows.storage.dll
0x00007ffce8db0000 - 0x00007ffce9103000 	C:\WINDOWS\System32\combase.dll
0x00007ffce6d50000 - 0x00007ffce6d7e000 	C:\WINDOWS\SYSTEM32\Wldp.dll
0x00007ffce88f0000 - 0x00007ffce89bd000 	C:\WINDOWS\System32\OLEAUT32.dll
0x00007ffce9340000 - 0x00007ffce93ed000 	C:\WINDOWS\System32\SHCORE.dll
0x00007ffce9600000 - 0x00007ffce9655000 	C:\WINDOWS\System32\shlwapi.dll
0x00007ffce7330000 - 0x00007ffce7354000 	C:\WINDOWS\SYSTEM32\profapi.dll
0x00007ffcdfd00000 - 0x00007ffcdfdd7000 	C:\Program Files\Java\jdk-21\bin\jsvml.dll
0x00007ffce0a60000 - 0x00007ffce0a70000 	C:\Program Files\Java\jdk-21\bin\net.dll
0x00007ffcdb810000 - 0x00007ffcdb91a000 	C:\WINDOWS\SYSTEM32\WINHTTP.dll
0x00007ffce6ab0000 - 0x00007ffce6b1a000 	C:\WINDOWS\system32\mswsock.dll
0x00007ffcd4ef0000 - 0x00007ffcd4f06000 	C:\Program Files\Java\jdk-21\bin\nio.dll
0x00007ffcd4ed0000 - 0x00007ffcd4ee8000 	C:\Program Files\Java\jdk-21\bin\zip.dll
0x00007ffcae6b0000 - 0x00007ffcae83f000 	C:\Program Files\Java\jdk-21\bin\awt.dll
0x00007ffce4bd0000 - 0x00007ffce4c60000 	C:\WINDOWS\SYSTEM32\apphelp.dll
0x00007ffce4d70000 - 0x00007ffce4e0e000 	C:\WINDOWS\system32\uxtheme.dll
0x00007ffce86c0000 - 0x00007ffce87d4000 	C:\WINDOWS\System32\MSCTF.dll
0x00007ffce8590000 - 0x00007ffce86bb000 	C:\WINDOWS\System32\ole32.dll
0x00007ffce4e90000 - 0x00007ffce4ebf000 	C:\WINDOWS\system32\DWMAPI.DLL
0x00007ffcae430000 - 0x00007ffcae4b7000 	C:\Program Files\Java\jdk-21\bin\freetype.dll
0x00007ffcae340000 - 0x00007ffcae422000 	C:\Program Files\Java\jdk-21\bin\fontmanager.dll
0x00007ffcae4f0000 - 0x00007ffcae615000 	C:\WINDOWS\system32\opengl32.dll
0x00007ffcae4c0000 - 0x00007ffcae4ec000 	C:\WINDOWS\SYSTEM32\GLU32.dll
0x00007ffcb94a0000 - 0x00007ffcb966e000 	C:\WINDOWS\system32\d3d9.dll
0x00007ffcddbc0000 - 0x00007ffcddd78000 	C:\WINDOWS\System32\DriverStore\FileRepository\u0376209.inf_amd64_b3bdffadea4def3f\B374968\aticfx64.dll
0x00007ffcc8aa0000 - 0x00007ffcc8ad4000 	C:\WINDOWS\System32\DriverStore\FileRepository\u0376209.inf_amd64_b3bdffadea4def3f\B374968\atiu9p64.dll
0x00007ffca7560000 - 0x00007ffca82b4000 	C:\WINDOWS\System32\DriverStore\FileRepository\u0376209.inf_amd64_b3bdffadea4def3f\B374968\atiumd64.dll
0x00000000732a0000 - 0x0000000074115000 	C:\WINDOWS\System32\DriverStore\FileRepository\u0376209.inf_amd64_b3bdffadea4def3f\B374968\atiumd6a.dll
0x00007ffce9810000 - 0x00007ffce9c7e000 	C:\WINDOWS\System32\SETUPAPI.dll
0x00007ffce7ad0000 - 0x00007ffce7b1e000 	C:\WINDOWS\System32\cfgmgr32.dll
0x00007ffcdd810000 - 0x00007ffcdd840000 	C:\WINDOWS\SYSTEM32\amdihk64.dll
0x00007ffcddf10000 - 0x00007ffcddf4b000 	C:\WINDOWS\SYSTEM32\dxcore.dll
0x00007ffce67d0000 - 0x00007ffce689b000 	C:\WINDOWS\SYSTEM32\DNSAPI.dll
0x00007ffce6790000 - 0x00007ffce67cb000 	C:\WINDOWS\SYSTEM32\IPHLPAPI.DLL
0x00007ffce8da0000 - 0x00007ffce8da8000 	C:\WINDOWS\System32\NSI.dll
0x00007ffcdcf60000 - 0x00007ffcdcf6a000 	C:\Windows\System32\rasadhlp.dll
0x00007ffcd64f0000 - 0x00007ffcd6570000 	C:\WINDOWS\System32\fwpuclnt.dll
0x00007ffcd4ec0000 - 0x00007ffcd4ec9000 	C:\Program Files\Java\jdk-21\bin\extnet.dll
0x00007ffce2e30000 - 0x00007ffce2e3e000 	C:\Program Files\Java\jdk-21\bin\sunmscapi.dll
0x00007ffce7b90000 - 0x00007ffce7cee000 	C:\WINDOWS\System32\CRYPT32.dll
0x00007ffce6dc0000 - 0x00007ffce6de9000 	C:\WINDOWS\SYSTEM32\ncrypt.dll
0x00007ffce6d80000 - 0x00007ffce6dbb000 	C:\WINDOWS\SYSTEM32\NTASN1.dll
0x00007ffce6ca0000 - 0x00007ffce6cb8000 	C:\WINDOWS\SYSTEM32\CRYPTSP.dll
0x00007ffce63d0000 - 0x00007ffce6404000 	C:\WINDOWS\system32\rsaenh.dll
0x00007ffce72e0000 - 0x00007ffce730e000 	C:\WINDOWS\SYSTEM32\USERENV.dll
0x00007ffce6cc0000 - 0x00007ffce6ccc000 	C:\WINDOWS\SYSTEM32\CRYPTBASE.dll
0x00007ffcdd190000 - 0x00007ffcdd1be000 	C:\Program Files\Java\jdk-21\bin\javajpeg.dll
0x00007ffce89d0000 - 0x00007ffce8a79000 	C:\WINDOWS\System32\clbcatq.dll
0x00007ffce1a30000 - 0x00007ffce1be4000 	C:\WINDOWS\SYSTEM32\WindowsCodecs.dll
0x00007ffcc7930000 - 0x00007ffcc796e000 	C:\WINDOWS\system32\dataexchange.dll
0x00007ffce37c0000 - 0x00007ffce3a23000 	C:\WINDOWS\system32\d3d11.dll
0x00007ffce3ff0000 - 0x00007ffce41d5000 	C:\WINDOWS\system32\dcomp.dll
0x00007ffce5da0000 - 0x00007ffce5e92000 	C:\WINDOWS\system32\dxgi.dll
0x00007ffce1bf0000 - 0x00007ffce1df3000 	C:\WINDOWS\system32\twinapi.appcore.dll
0x00007ffcdc800000 - 0x00007ffcdc8f9000 	C:\WINDOWS\SYSTEM32\textinputframework.dll
0x00007ffce48c0000 - 0x00007ffce49b2000 	C:\WINDOWS\System32\CoreMessaging.dll
0x00007ffce4560000 - 0x00007ffce48bb000 	C:\WINDOWS\System32\CoreUIComponents.dll
0x00007ffce64f0000 - 0x00007ffce6523000 	C:\WINDOWS\SYSTEM32\ntmarta.dll
0x00007ffce3200000 - 0x00007ffce3357000 	C:\WINDOWS\SYSTEM32\wintypes.dll
0x00007ffcdfcf0000 - 0x00007ffcdfd00000 	C:\Program Files\Java\jdk-21\bin\verify.dll
0x00007ffcd63e0000 - 0x00007ffcd648c000 	C:\WINDOWS\SYSTEM32\TextShaping.dll

dbghelp: loaded successfully - version: 4.0.5 - missing functions: none
symbol engine: initialized successfully - sym options: 0x614 - pdb path: .;C:\Program Files\Java\jdk-21\bin;C:\WINDOWS\SYSTEM32;C:\WINDOWS\WinSxS\amd64_microsoft.windows.common-controls_6595b64144ccf1df_6.0.19041.4355_none_60b8b9eb71f62e16;C:\Program Files\Java\jdk-21\bin\server;C:\WINDOWS\System32\DriverStore\FileRepository\u0376209.inf_amd64_b3bdffadea4def3f\B374968

VM Arguments:
jvm_args: -Dfile.encoding=UTF-8 -Djava.security.policy=applet.policy 
java_command: Interfaces.A4_CourseSubject
java_class_path (initial): C:\Program Files\NetBeans-17\netbeans\java\modules\ext\AbsoluteLayout.jar;C:\Users\NIRWAN\3D Objects\New Folder (3)\jcalendar-1.4\lib\jcalendar-1.4.jar;C:\Users\NIRWAN\Downloads\mysql-connector-j-8.3.0\mysql-connector-j-8.3.0\mysql-connector-j-8.3.0.jar;C:\Users\NIRWAN\OneDrive\Documents\mysql-connector-j-8.3.0.jar;C:\Users\NIRWAN\OneDrive\Documents\NetBeansProjects\Student Results Management System\build\classes
Launcher Type: SUN_STANDARD

[Global flags]
     intx CICompilerCount                          = 3                                         {product} {ergonomic}
     uint ConcGCThreads                            = 1                                         {product} {ergonomic}
     uint G1ConcRefinementThreads                  = 4                                         {product} {ergonomic}
   size_t G1HeapRegionSize                         = 1048576                                   {product} {ergonomic}
    uintx GCDrainStackTargetSize                   = 64                                        {product} {ergonomic}
   size_t InitialHeapSize                          = 62914560                                  {product} {ergonomic}
   size_t MarkStackSize                            = 4194304                                   {product} {ergonomic}
   size_t MaxHeapSize                              = 983564288                                 {product} {ergonomic}
   size_t MaxNewSize                               = 589299712                                 {product} {ergonomic}
   size_t MinHeapDeltaBytes                        = 1048576                                   {product} {ergonomic}
   size_t MinHeapSize                              = 8388608                                   {product} {ergonomic}
    uintx NonNMethodCodeHeapSize                   = 5832780                                {pd product} {ergonomic}
    uintx NonProfiledCodeHeapSize                  = 122912730                              {pd product} {ergonomic}
    uintx ProfiledCodeHeapSize                     = 122912730                              {pd product} {ergonomic}
    uintx ReservedCodeCacheSize                    = 251658240                              {pd product} {ergonomic}
     bool SegmentedCodeCache                       = true                                      {product} {ergonomic}
   size_t SoftMaxHeapSize                          = 983564288                              {manageable} {ergonomic}
     bool UseCompressedOops                        = true                           {product lp64_product} {ergonomic}
     bool UseG1GC                                  = true                                      {product} {ergonomic}
     bool UseLargePagesIndividualAllocation        = false                                  {pd product} {ergonomic}

Logging:
Log output configuration:
 #0: stdout all=warning uptime,level,tags foldmultilines=false
 #1: stderr all=off uptime,level,tags foldmultilines=false

Environment Variables:
JAVA_HOME=C:\Program Files\Java\jdk-21
PATH=C:\Program Files\Common Files\Oracle\Java\javapath;C:\Program Files (x86)\NVIDIA Corporation\PhysX\Common;C:\WINDOWS\system32;C:\WINDOWS;C:\WINDOWS\System32\Wbem;C:\WINDOWS\System32\WindowsPowerShell\v1.0\;C:\WINDOWS\System32\OpenSSH\;C:\Program Files\Java\jdk-21\bin;C:\Program Files\MySQL\MySQL Server 8.0\bin;C:\Program Files\MySQL\MySQL Server 8.0\bin;C:\Program Files\MySQL\MySQL Shell 8.0\bin\;C:\Users\NIRWAN\AppData\Local\Microsoft\WindowsApps;
USERNAME=NIRWAN
OS=Windows_NT
PROCESSOR_IDENTIFIER=AMD64 Family 23 Model 17 Stepping 0, AuthenticAMD
TMP=C:\Users\NIRWAN\AppData\Local\Temp
TEMP=C:\Users\NIRWAN\AppData\Local\Temp




Periodic native trim disabled

---------------  S Y S T E M  ---------------

OS:
 Windows 10 , 64 bit Build 19041 (10.0.19041.3636)
OS uptime: 0 days 6:58 hours

CPU: total 4 (initial active 4) (4 cores per cpu, 2 threads per core) family 23 model 17 stepping 0 microcode 0x0, cx8, cmov, fxsr, ht, mmx, 3dnowpref, sse, sse2, sse3, ssse3, sse4a, sse4.1, sse4.2, popcnt, lzcnt, tsc, tscinvbit, avx, avx2, aes, clmul, bmi1, bmi2, adx, sha, fma, vzeroupper, clflush, clflushopt, rdtscp, f16c
Processor Information for all 4 processors :
  Max Mhz: 2500, Current Mhz: 2500, Mhz Limit: 2500

Memory: 4k page, system-wide physical 3747M (196M free)
TotalPageFile size 6747M (AvailPageFile size 2M)
current process WorkingSet (physical memory assigned to process): 127M, peak: 182M
current process commit charge ("private bytes"): 219M, peak: 237M

vm_info: Java HotSpot(TM) 64-Bit Server VM (21.0.2+13-LTS-58) for windows-amd64 JRE (21.0.2+13-LTS-58), built on 2024-01-05T18:32:24Z by "mach5one" with MS VC++ 17.1 (VS2022)

END.
