#
# There is insufficient memory for the Java Runtime Environment to continue.
# Native memory allocation (malloc) failed to allocate 830896 bytes for Chunk::new
# Possible reasons:
#   The system is out of physical RAM or swap space
#   The process is running with CompressedOops enabled, and the Java Heap may be blocking the growth of the native heap
# Possible solutions:
#   Reduce memory load on the system
#   Increase physical memory or swap space
#   Check if swap backing store is full
#   Decrease Java heap size (-Xmx/-Xms)
#   Decrease number of Java threads
#   Decrease Java thread stack sizes (-Xss)
#   Set larger code cache with -XX:ReservedCodeCacheSize=
#   JVM is running with Unscaled Compressed Oops mode in which the Java heap is
#     placed in the first 4GB address space. The Java Heap base address is the
#     maximum limit for the native heap growth. Please use -XX:HeapBaseMinAddress
#     to set the Java Heap base and to place the Java Heap above 4GB virtual address.
# This output file may be truncated or incomplete.
#
#  Out of Memory Error (arena.cpp:168), pid=12080, tid=11636
#
# JRE version: Java(TM) SE Runtime Environment (21.0.2+13) (build 21.0.2+13-LTS-58)
# Java VM: Java HotSpot(TM) 64-Bit Server VM (21.0.2+13-LTS-58, mixed mode, sharing, tiered, compressed oops, compressed class ptrs, g1 gc, windows-amd64)
# No core dump will be written. Minidumps are not enabled by default on client versions of Windows
#

---------------  S U M M A R Y ------------

Command Line: -Dfile.encoding=UTF-8 -Djava.security.policy=applet.policy --module-path=C:\Users\NIRWAN\OneDrive\Documents\NetBeansProjects\Student Results Management System\build\classes Interfaces.AddStudentForm

Host: AMD Ryzen 3 2200U with Radeon Vega Mobile Gfx  , 4 cores, 3G,  Windows 10 , 64 bit Build 19041 (10.0.19041.3636)
Time: Wed Apr 24 02:20:43 2024 Sri Lanka Standard Time elapsed time: 1.192090 seconds (0d 0h 0m 1s)

---------------  T H R E A D  ---------------

Current thread (0x00000249319c75b0):  JavaThread "C2 CompilerThread0" daemon [_thread_in_native, id=11636, stack(0x000000e052100000,0x000000e052200000) (1024K)]


Current CompileTask:
C2:   1192 1363       4       sun.security.ec.ECOperations::setDouble (463 bytes)

Stack: [0x000000e052100000,0x000000e052200000]
Native frames: (J=compiled Java code, j=interpreted, Vv=VM code, C=native code)
V  [jvm.dll+0x6cade9]
V  [jvm.dll+0x8569c1]
V  [jvm.dll+0x858d2e]
V  [jvm.dll+0x859413]
V  [jvm.dll+0x280e56]
V  [jvm.dll+0xc3f3d]
V  [jvm.dll+0xc4473]
V  [jvm.dll+0x2f437f]
V  [jvm.dll+0x5f5056]
V  [jvm.dll+0x252d7f]
V  [jvm.dll+0x25315f]
V  [jvm.dll+0x24b8e0]
V  [jvm.dll+0x2490a3]
V  [jvm.dll+0x1c9634]
V  [jvm.dll+0x258859]
V  [jvm.dll+0x256e3a]
V  [jvm.dll+0x3ef6c6]
V  [jvm.dll+0x7ff568]
V  [jvm.dll+0x6c953d]
C  [ucrtbase.dll+0x21bb2]
C  [KERNEL32.DLL+0x17344]
C  [ntdll.dll+0x526b1]


---------------  P R O C E S S  ---------------

Threads class SMR info:
_java_thread_list=0x0000024977ce6690, length=17, elements={
0x00000249319a2520, 0x000002491700d0f0, 0x00000249319a8240, 0x00000249319aacb0,
0x00000249319ae150, 0x00000249319af920, 0x00000249319c75b0, 0x00000249319cbc80,
0x00000249319af290, 0x00000249319b1360, 0x0000024931d6f010, 0x00000249319affb0,
0x00000249319b0640, 0x00000249319aec00, 0x00000249319b2080, 0x00000249319b19f0,
0x00000249319b0cd0
}

Java Threads: ( => current thread )
  0x00000249319a2520 JavaThread "Reference Handler"          daemon [_thread_blocked, id=12196, stack(0x000000e051b00000,0x000000e051c00000) (1024K)]
  0x000002491700d0f0 JavaThread "Finalizer"                  daemon [_thread_blocked, id=5752, stack(0x000000e051c00000,0x000000e051d00000) (1024K)]
  0x00000249319a8240 JavaThread "Signal Dispatcher"          daemon [_thread_blocked, id=7340, stack(0x000000e051d00000,0x000000e051e00000) (1024K)]
  0x00000249319aacb0 JavaThread "Attach Listener"            daemon [_thread_blocked, id=8464, stack(0x000000e051e00000,0x000000e051f00000) (1024K)]
  0x00000249319ae150 JavaThread "Service Thread"             daemon [_thread_blocked, id=8944, stack(0x000000e051f00000,0x000000e052000000) (1024K)]
  0x00000249319af920 JavaThread "Monitor Deflation Thread"   daemon [_thread_blocked, id=7976, stack(0x000000e052000000,0x000000e052100000) (1024K)]
=>0x00000249319c75b0 JavaThread "C2 CompilerThread0"         daemon [_thread_in_native, id=11636, stack(0x000000e052100000,0x000000e052200000) (1024K)]
  0x00000249319cbc80 JavaThread "C1 CompilerThread0"         daemon [_thread_blocked, id=1128, stack(0x000000e052200000,0x000000e052300000) (1024K)]
  0x00000249319af290 JavaThread "Common-Cleaner"             daemon [_thread_blocked, id=2704, stack(0x000000e052300000,0x000000e052400000) (1024K)]
  0x00000249319b1360 JavaThread "Notification Thread"        daemon [_thread_blocked, id=10444, stack(0x000000e052400000,0x000000e052500000) (1024K)]
  0x0000024931d6f010 JavaThread "C2 CompilerThread1"         daemon [_thread_blocked, id=10592, stack(0x000000e052500000,0x000000e052600000) (1024K)]
  0x00000249319affb0 JavaThread "Java2D Disposer"            daemon [_thread_blocked, id=3200, stack(0x000000e052600000,0x000000e052700000) (1024K)]
  0x00000249319b0640 JavaThread "AWT-Shutdown"                      [_thread_blocked, id=3420, stack(0x000000e052700000,0x000000e052800000) (1024K)]
  0x00000249319aec00 JavaThread "AWT-Windows"                daemon [_thread_in_native, id=256, stack(0x000000e052800000,0x000000e052900000) (1024K)]
  0x00000249319b2080 JavaThread "AWT-EventQueue-0"                  [_thread_in_Java, id=7972, stack(0x000000e052900000,0x000000e052a00000) (1024K)]
  0x00000249319b19f0 JavaThread "DestroyJavaVM"                     [_thread_blocked, id=2712, stack(0x000000e051300000,0x000000e051400000) (1024K)]
  0x00000249319b0cd0 JavaThread "mysql-cj-abandoned-connection-cleanup" daemon [_thread_blocked, id=11904, stack(0x000000e053000000,0x000000e053100000) (1024K)]
Total: 17

Other Threads:
  0x0000024916ff55d0 VMThread "VM Thread"                           [id=8940, stack(0x000000e051a00000,0x000000e051b00000) (1024K)]
  0x0000024916fe0310 WatcherThread "VM Periodic Task Thread"        [id=8816, stack(0x000000e051900000,0x000000e051a00000) (1024K)]
  0x0000024916f6d130 WorkerThread "GC Thread#0"                     [id=9540, stack(0x000000e051400000,0x000000e051500000) (1024K)]
  0x0000024977eb3160 WorkerThread "GC Thread#1"                     [id=11440, stack(0x000000e053100000,0x000000e053200000) (1024K)]
  0x000002497c789670 WorkerThread "GC Thread#2"                     [id=11092, stack(0x000000e053200000,0x000000e053300000) (1024K)]
  0x000002497c789a10 WorkerThread "GC Thread#3"                     [id=3264, stack(0x000000e053300000,0x000000e053400000) (1024K)]
  0x0000024916f75650 ConcurrentGCThread "G1 Main Marker"            [id=10288, stack(0x000000e051500000,0x000000e051600000) (1024K)]
  0x0000024916f76300 WorkerThread "G1 Conc#0"                       [id=588, stack(0x000000e051600000,0x000000e051700000) (1024K)]
  0x0000024916fcb200 ConcurrentGCThread "G1 Refine#0"               [id=9808, stack(0x000000e051700000,0x000000e051800000) (1024K)]
  0x0000024916fcbd70 ConcurrentGCThread "G1 Service"                [id=1584, stack(0x000000e051800000,0x000000e051900000) (1024K)]
Total: 10

Threads with active compile tasks:
C2 CompilerThread0     1217 1363       4       sun.security.ec.ECOperations::setDouble (463 bytes)
C1 CompilerThread0     1217 1452       3       java.util.zip.Checksum::update (11 bytes)
Total: 2

VM state: not at safepoint (normal execution)

VM Mutex/Monitor currently owned by a thread:  ([mutex/lock_event])
[0x00007ff911b3b8e8] MethodCompileQueue_lock - owner thread: 0x0000000000000000

Heap address: 0x00000000c5600000, size: 938 MB, Compressed Oops mode: 32-bit

CDS archive(s) mapped at: [0x0000024932000000-0x0000024932c90000-0x0000024932c90000), size 13172736, SharedBaseAddress: 0x0000024932000000, ArchiveRelocationMode: 1.
Compressed class space mapped at: 0x0000024933000000-0x0000024973000000, reserved size: 1073741824
Narrow klass base: 0x0000024932000000, Narrow klass shift: 0, Narrow klass range: 0x100000000

GC Precious Log:
 CardTable entry size: 512
 Card Set container configuration: InlinePtr #cards 5 size 8 Array Of Cards #cards 12 size 40 Howl #buckets 4 coarsen threshold 1843 Howl Bitmap #cards 512 size 80 coarsen threshold 460 Card regions per heap region 1 cards per card region 2048
 CPUs: 4 total, 4 available
 Memory: 3747M
 Large Page Support: Disabled
 NUMA Support: Disabled
 Compressed Oops: Enabled (32-bit)
 Heap Region Size: 1M
 Heap Min Capacity: 8M
 Heap Initial Capacity: 60M
 Heap Max Capacity: 938M
 Pre-touch: Disabled
 Parallel Workers: 4
 Concurrent Workers: 1
 Concurrent Refinement Workers: 4
 Periodic GC: Disabled

Heap:
 garbage-first heap   total 61440K, used 8288K [0x00000000c5600000, 0x0000000100000000)
  region size 1024K, 8 young (8192K), 2 survivors (2048K)
 Metaspace       used 15491K, committed 15680K, reserved 1114112K
  class space    used 1726K, committed 1792K, reserved 1048576K

Heap Regions: E=young(eden), S=young(survivor), O=old, HS=humongous(starts), HC=humongous(continues), CS=collection set, F=free, TAMS=top-at-mark-start, PB=parsable bottom
|   0|0x00000000c5600000, 0x00000000c5700000, 0x00000000c5700000|100%| O|  |TAMS 0x00000000c5600000| PB 0x00000000c5600000| Untracked 
|   1|0x00000000c5700000, 0x00000000c5718000, 0x00000000c5800000|  9%| O|  |TAMS 0x00000000c5700000| PB 0x00000000c5700000| Untracked 
|   2|0x00000000c5800000, 0x00000000c5800000, 0x00000000c5900000|  0%| F|  |TAMS 0x00000000c5800000| PB 0x00000000c5800000| Untracked 
|   3|0x00000000c5900000, 0x00000000c5900000, 0x00000000c5a00000|  0%| F|  |TAMS 0x00000000c5900000| PB 0x00000000c5900000| Untracked 
|   4|0x00000000c5a00000, 0x00000000c5a00000, 0x00000000c5b00000|  0%| F|  |TAMS 0x00000000c5a00000| PB 0x00000000c5a00000| Untracked 
|   5|0x00000000c5b00000, 0x00000000c5b00000, 0x00000000c5c00000|  0%| F|  |TAMS 0x00000000c5b00000| PB 0x00000000c5b00000| Untracked 
|   6|0x00000000c5c00000, 0x00000000c5c00000, 0x00000000c5d00000|  0%| F|  |TAMS 0x00000000c5c00000| PB 0x00000000c5c00000| Untracked 
|   7|0x00000000c5d00000, 0x00000000c5d00000, 0x00000000c5e00000|  0%| F|  |TAMS 0x00000000c5d00000| PB 0x00000000c5d00000| Untracked 
|   8|0x00000000c5e00000, 0x00000000c5e00000, 0x00000000c5f00000|  0%| F|  |TAMS 0x00000000c5e00000| PB 0x00000000c5e00000| Untracked 
|   9|0x00000000c5f00000, 0x00000000c5f00000, 0x00000000c6000000|  0%| F|  |TAMS 0x00000000c5f00000| PB 0x00000000c5f00000| Untracked 
|  10|0x00000000c6000000, 0x00000000c6000000, 0x00000000c6100000|  0%| F|  |TAMS 0x00000000c6000000| PB 0x00000000c6000000| Untracked 
|  11|0x00000000c6100000, 0x00000000c6100000, 0x00000000c6200000|  0%| F|  |TAMS 0x00000000c6100000| PB 0x00000000c6100000| Untracked 
|  12|0x00000000c6200000, 0x00000000c6200000, 0x00000000c6300000|  0%| F|  |TAMS 0x00000000c6200000| PB 0x00000000c6200000| Untracked 
|  13|0x00000000c6300000, 0x00000000c6300000, 0x00000000c6400000|  0%| F|  |TAMS 0x00000000c6300000| PB 0x00000000c6300000| Untracked 
|  14|0x00000000c6400000, 0x00000000c6400000, 0x00000000c6500000|  0%| F|  |TAMS 0x00000000c6400000| PB 0x00000000c6400000| Untracked 
|  15|0x00000000c6500000, 0x00000000c6500000, 0x00000000c6600000|  0%| F|  |TAMS 0x00000000c6500000| PB 0x00000000c6500000| Untracked 
|  16|0x00000000c6600000, 0x00000000c6600000, 0x00000000c6700000|  0%| F|  |TAMS 0x00000000c6600000| PB 0x00000000c6600000| Untracked 
|  17|0x00000000c6700000, 0x00000000c6700000, 0x00000000c6800000|  0%| F|  |TAMS 0x00000000c6700000| PB 0x00000000c6700000| Untracked 
|  18|0x00000000c6800000, 0x00000000c6800000, 0x00000000c6900000|  0%| F|  |TAMS 0x00000000c6800000| PB 0x00000000c6800000| Untracked 
|  19|0x00000000c6900000, 0x00000000c6900000, 0x00000000c6a00000|  0%| F|  |TAMS 0x00000000c6900000| PB 0x00000000c6900000| Untracked 
|  20|0x00000000c6a00000, 0x00000000c6a00000, 0x00000000c6b00000|  0%| F|  |TAMS 0x00000000c6a00000| PB 0x00000000c6a00000| Untracked 
|  21|0x00000000c6b00000, 0x00000000c6b00000, 0x00000000c6c00000|  0%| F|  |TAMS 0x00000000c6b00000| PB 0x00000000c6b00000| Untracked 
|  22|0x00000000c6c00000, 0x00000000c6c00000, 0x00000000c6d00000|  0%| F|  |TAMS 0x00000000c6c00000| PB 0x00000000c6c00000| Untracked 
|  23|0x00000000c6d00000, 0x00000000c6d00000, 0x00000000c6e00000|  0%| F|  |TAMS 0x00000000c6d00000| PB 0x00000000c6d00000| Untracked 
|  24|0x00000000c6e00000, 0x00000000c6e00000, 0x00000000c6f00000|  0%| F|  |TAMS 0x00000000c6e00000| PB 0x00000000c6e00000| Untracked 
|  25|0x00000000c6f00000, 0x00000000c6f00000, 0x00000000c7000000|  0%| F|  |TAMS 0x00000000c6f00000| PB 0x00000000c6f00000| Untracked 
|  26|0x00000000c7000000, 0x00000000c7000000, 0x00000000c7100000|  0%| F|  |TAMS 0x00000000c7000000| PB 0x00000000c7000000| Untracked 
|  27|0x00000000c7100000, 0x00000000c7100000, 0x00000000c7200000|  0%| F|  |TAMS 0x00000000c7100000| PB 0x00000000c7100000| Untracked 
|  28|0x00000000c7200000, 0x00000000c7200000, 0x00000000c7300000|  0%| F|  |TAMS 0x00000000c7200000| PB 0x00000000c7200000| Untracked 
|  29|0x00000000c7300000, 0x00000000c7300000, 0x00000000c7400000|  0%| F|  |TAMS 0x00000000c7300000| PB 0x00000000c7300000| Untracked 
|  30|0x00000000c7400000, 0x00000000c7400000, 0x00000000c7500000|  0%| F|  |TAMS 0x00000000c7400000| PB 0x00000000c7400000| Untracked 
|  31|0x00000000c7500000, 0x00000000c7500000, 0x00000000c7600000|  0%| F|  |TAMS 0x00000000c7500000| PB 0x00000000c7500000| Untracked 
|  32|0x00000000c7600000, 0x00000000c7600000, 0x00000000c7700000|  0%| F|  |TAMS 0x00000000c7600000| PB 0x00000000c7600000| Untracked 
|  33|0x00000000c7700000, 0x00000000c7700000, 0x00000000c7800000|  0%| F|  |TAMS 0x00000000c7700000| PB 0x00000000c7700000| Untracked 
|  34|0x00000000c7800000, 0x00000000c7800000, 0x00000000c7900000|  0%| F|  |TAMS 0x00000000c7800000| PB 0x00000000c7800000| Untracked 
|  35|0x00000000c7900000, 0x00000000c7900000, 0x00000000c7a00000|  0%| F|  |TAMS 0x00000000c7900000| PB 0x00000000c7900000| Untracked 
|  36|0x00000000c7a00000, 0x00000000c7a00000, 0x00000000c7b00000|  0%| F|  |TAMS 0x00000000c7a00000| PB 0x00000000c7a00000| Untracked 
|  37|0x00000000c7b00000, 0x00000000c7b00000, 0x00000000c7c00000|  0%| F|  |TAMS 0x00000000c7b00000| PB 0x00000000c7b00000| Untracked 
|  38|0x00000000c7c00000, 0x00000000c7c00000, 0x00000000c7d00000|  0%| F|  |TAMS 0x00000000c7c00000| PB 0x00000000c7c00000| Untracked 
|  39|0x00000000c7d00000, 0x00000000c7d00000, 0x00000000c7e00000|  0%| F|  |TAMS 0x00000000c7d00000| PB 0x00000000c7d00000| Untracked 
|  40|0x00000000c7e00000, 0x00000000c7e00000, 0x00000000c7f00000|  0%| F|  |TAMS 0x00000000c7e00000| PB 0x00000000c7e00000| Untracked 
|  41|0x00000000c7f00000, 0x00000000c7f00000, 0x00000000c8000000|  0%| F|  |TAMS 0x00000000c7f00000| PB 0x00000000c7f00000| Untracked 
|  42|0x00000000c8000000, 0x00000000c8000000, 0x00000000c8100000|  0%| F|  |TAMS 0x00000000c8000000| PB 0x00000000c8000000| Untracked 
|  43|0x00000000c8100000, 0x00000000c8100000, 0x00000000c8200000|  0%| F|  |TAMS 0x00000000c8100000| PB 0x00000000c8100000| Untracked 
|  44|0x00000000c8200000, 0x00000000c8200000, 0x00000000c8300000|  0%| F|  |TAMS 0x00000000c8200000| PB 0x00000000c8200000| Untracked 
|  45|0x00000000c8300000, 0x00000000c8400000, 0x00000000c8400000|100%| S|CS|TAMS 0x00000000c8300000| PB 0x00000000c8300000| Complete 
|  46|0x00000000c8400000, 0x00000000c8500000, 0x00000000c8500000|100%| S|CS|TAMS 0x00000000c8400000| PB 0x00000000c8400000| Complete 
|  47|0x00000000c8500000, 0x00000000c8500000, 0x00000000c8600000|  0%| F|  |TAMS 0x00000000c8500000| PB 0x00000000c8500000| Untracked 
|  48|0x00000000c8600000, 0x00000000c8600000, 0x00000000c8700000|  0%| F|  |TAMS 0x00000000c8600000| PB 0x00000000c8600000| Untracked 
|  49|0x00000000c8700000, 0x00000000c8700000, 0x00000000c8800000|  0%| F|  |TAMS 0x00000000c8700000| PB 0x00000000c8700000| Untracked 
|  50|0x00000000c8800000, 0x00000000c8800000, 0x00000000c8900000|  0%| F|  |TAMS 0x00000000c8800000| PB 0x00000000c8800000| Untracked 
|  51|0x00000000c8900000, 0x00000000c8900000, 0x00000000c8a00000|  0%| F|  |TAMS 0x00000000c8900000| PB 0x00000000c8900000| Untracked 
|  52|0x00000000c8a00000, 0x00000000c8a00000, 0x00000000c8b00000|  0%| F|  |TAMS 0x00000000c8a00000| PB 0x00000000c8a00000| Untracked 
|  53|0x00000000c8b00000, 0x00000000c8b00000, 0x00000000c8c00000|  0%| F|  |TAMS 0x00000000c8b00000| PB 0x00000000c8b00000| Untracked 
|  54|0x00000000c8c00000, 0x00000000c8cdbc80, 0x00000000c8d00000| 85%| E|  |TAMS 0x00000000c8c00000| PB 0x00000000c8c00000| Complete 
|  55|0x00000000c8d00000, 0x00000000c8e00000, 0x00000000c8e00000|100%| E|CS|TAMS 0x00000000c8d00000| PB 0x00000000c8d00000| Complete 
|  56|0x00000000c8e00000, 0x00000000c8f00000, 0x00000000c8f00000|100%| E|CS|TAMS 0x00000000c8e00000| PB 0x00000000c8e00000| Complete 
|  57|0x00000000c8f00000, 0x00000000c9000000, 0x00000000c9000000|100%| E|CS|TAMS 0x00000000c8f00000| PB 0x00000000c8f00000| Complete 
|  58|0x00000000c9000000, 0x00000000c9100000, 0x00000000c9100000|100%| E|CS|TAMS 0x00000000c9000000| PB 0x00000000c9000000| Complete 
|  59|0x00000000c9100000, 0x00000000c9200000, 0x00000000c9200000|100%| E|CS|TAMS 0x00000000c9100000| PB 0x00000000c9100000| Complete 

Card table byte_map: [0x000002492e3b0000,0x000002492e590000] _byte_map_base: 0x000002492dd85000

Marking Bits: (CMBitMap*) 0x0000024916f6d830
 Bits: [0x000002492e590000, 0x000002492f438000)

Polling page: 0x0000024914e00000

Metaspace:

Usage:
  Non-class:     13.48 MB used.
      Class:      1.69 MB used.
       Both:     15.17 MB used.

Virtual space:
  Non-class space:       64.00 MB reserved,      13.62 MB ( 21%) committed,  1 nodes.
      Class space:        1.00 GB reserved,       1.81 MB ( <1%) committed,  1 nodes.
             Both:        1.06 GB reserved,      15.44 MB (  1%) committed. 

Chunk freelists:
   Non-Class:  2.23 MB
       Class:  14.17 MB
        Both:  16.41 MB

MaxMetaspaceSize: unlimited
CompressedClassSpaceSize: 1.00 GB
Initial GC threshold: 21.00 MB
Current GC threshold: 21.00 MB
CDS: on
 - commit_granule_bytes: 65536.
 - commit_granule_words: 8192.
 - virtual_space_node_default_size: 8388608.
 - enlarge_chunks_in_place: 1.
 - use_allocation_guard: 0.


Internal statistics:

num_allocs_failed_limit: 0.
num_arena_births: 158.
num_arena_deaths: 0.
num_vsnodes_births: 2.
num_vsnodes_deaths: 0.
num_space_committed: 247.
num_space_uncommitted: 0.
num_chunks_returned_to_freelist: 0.
num_chunks_taken_from_freelist: 333.
num_chunk_merges: 0.
num_chunk_splits: 206.
num_chunks_enlarged: 129.
num_inconsistent_stats: 0.

CodeHeap 'non-profiled nmethods': size=120000Kb used=498Kb max_used=498Kb free=119501Kb
 bounds [0x0000024926e80000, 0x00000249270f0000, 0x000002492e3b0000]
CodeHeap 'profiled nmethods': size=120000Kb used=2520Kb max_used=2520Kb free=117479Kb
 bounds [0x000002491f3b0000, 0x000002491f630000, 0x00000249268e0000]
CodeHeap 'non-nmethods': size=5760Kb used=1606Kb max_used=1632Kb free=4153Kb
 bounds [0x00000249268e0000, 0x0000024926b50000, 0x0000024926e80000]
 total_blobs=2119 nmethods=1462 adapters=562
 compilation: enabled
              stopped_count=0, restarted_count=0
 full_count=0

Compilation events (20 events):
Event: 1.177 Thread 0x00000249319cbc80 nmethod 1417 0x000002491f610410 code [0x000002491f6105c0, 0x000002491f6107f0]
Event: 1.180 Thread 0x0000024931d6f010 nmethod 1416 0x0000024926ef9f10 code [0x0000024926efa0a0, 0x0000024926efa338]
Event: 1.180 Thread 0x0000024931d6f010 1418       4       java.lang.Long::reverseBytes (46 bytes)
Event: 1.181 Thread 0x0000024931d6f010 nmethod 1418 0x0000024926efa490 code [0x0000024926efa600, 0x0000024926efa6b8]
Event: 1.183 Thread 0x00000249319cbc80 1419       3       java.lang.StringBuilder::append (8 bytes)
Event: 1.183 Thread 0x00000249319cbc80 nmethod 1419 0x000002491f610990 code [0x000002491f610b40, 0x000002491f610c90]
Event: 1.183 Thread 0x00000249319cbc80 1420       3       java.lang.AbstractStringBuilder::append (55 bytes)
Event: 1.183 Thread 0x00000249319cbc80 nmethod 1420 0x000002491f610d10 code [0x000002491f610f00, 0x000002491f611258]
Event: 1.183 Thread 0x00000249319cbc80 1421       3       java.util.LinkedHashMap::afterNodeInsertion (40 bytes)
Event: 1.184 Thread 0x00000249319cbc80 nmethod 1421 0x000002491f611390 code [0x000002491f611580, 0x000002491f6119f8]
Event: 1.184 Thread 0x0000024931d6f010 1422       4       sun.security.provider.SHA5::lf_sigma1 (21 bytes)
Event: 1.185 Thread 0x0000024931d6f010 nmethod 1422 0x0000024926efa790 code [0x0000024926efa900, 0x0000024926efa980]
Event: 1.185 Thread 0x0000024931d6f010 1423       4       sun.security.provider.SHA5::lf_sigma0 (21 bytes)
Event: 1.185 Thread 0x0000024931d6f010 nmethod 1423 0x0000024926efaa90 code [0x0000024926efac00, 0x0000024926efac80]
Event: 1.186 Thread 0x0000024931d6f010 1424       4       jdk.internal.misc.Unsafe::convEndian (16 bytes)
Event: 1.186 Thread 0x0000024931d6f010 nmethod 1424 0x0000024926efad90 code [0x0000024926efaf20, 0x0000024926efafa8]
Event: 1.187 Thread 0x0000024931d6f010 1425       4       sun.security.provider.SHA5::lf_delta1 (21 bytes)
Event: 1.187 Thread 0x0000024931d6f010 nmethod 1425 0x0000024926efb090 code [0x0000024926efb200, 0x0000024926efb280]
Event: 1.187 Thread 0x0000024931d6f010 1426       4       sun.security.provider.SHA5::lf_delta0 (20 bytes)
Event: 1.188 Thread 0x0000024931d6f010 nmethod 1426 0x0000024926efb390 code [0x0000024926efb500, 0x0000024926efb580]

GC Heap History (2 events):
Event: 0.706 GC heap before
{Heap before GC invocations=0 (full 0):
 garbage-first heap   total 61440K, used 13312K [0x00000000c5600000, 0x0000000100000000)
  region size 1024K, 13 young (13312K), 0 survivors (0K)
 Metaspace       used 9919K, committed 10112K, reserved 1114112K
  class space    used 1071K, committed 1152K, reserved 1048576K
}
Event: 0.712 GC heap after
{Heap after GC invocations=1 (full 0):
 garbage-first heap   total 61440K, used 3168K [0x00000000c5600000, 0x0000000100000000)
  region size 1024K, 2 young (2048K), 2 survivors (2048K)
 Metaspace       used 9919K, committed 10112K, reserved 1114112K
  class space    used 1071K, committed 1152K, reserved 1048576K
}

Dll operation events (11 events):
Event: 0.015 Loaded shared library C:\Program Files\Java\jdk-21\bin\java.dll
Event: 0.062 Loaded shared library C:\Program Files\Java\jdk-21\bin\jsvml.dll
Event: 0.103 Loaded shared library C:\Program Files\Java\jdk-21\bin\net.dll
Event: 0.105 Loaded shared library C:\Program Files\Java\jdk-21\bin\nio.dll
Event: 0.131 Loaded shared library C:\Program Files\Java\jdk-21\bin\zip.dll
Event: 0.158 Loaded shared library C:\Program Files\Java\jdk-21\bin\jimage.dll
Event: 0.178 Loaded shared library C:\Program Files\Java\jdk-21\bin\awt.dll
Event: 0.320 Loaded shared library C:\Program Files\Java\jdk-21\bin\freetype.dll
Event: 0.321 Loaded shared library C:\Program Files\Java\jdk-21\bin\fontmanager.dll
Event: 0.633 Loaded shared library C:\Program Files\Java\jdk-21\bin\extnet.dll
Event: 0.951 Loaded shared library C:\Program Files\Java\jdk-21\bin\sunmscapi.dll

Deoptimization events (20 events):
Event: 0.483 Thread 0x00000249319b2080 Uncommon trap: trap_request=0xffffffde fr.pc=0x0000024926eac804 relative=0x00000000000002a4
Event: 0.483 Thread 0x00000249319b2080 Uncommon trap: reason=class_check action=maybe_recompile pc=0x0000024926eac804 method=java.util.HashMap.getNode(Ljava/lang/Object;)Ljava/util/HashMap$Node; @ 63 c2
Event: 0.483 Thread 0x00000249319b2080 DEOPT PACKING pc=0x0000024926eac804 sp=0x000000e0529fe370
Event: 0.483 Thread 0x00000249319b2080 DEOPT UNPACKING pc=0x00000249269346a2 sp=0x000000e0529fe2d8 mode 2
Event: 0.495 Thread 0x00000249319b2080 DEOPT PACKING pc=0x000002491f3b94d8 sp=0x000000e0529f94a0
Event: 0.495 Thread 0x00000249319b2080 DEOPT UNPACKING pc=0x0000024926934e42 sp=0x000000e0529f8908 mode 0
Event: 0.515 Thread 0x00000249319b2080 Uncommon trap: trap_request=0xffffffde fr.pc=0x0000024926eac804 relative=0x00000000000002a4
Event: 0.515 Thread 0x00000249319b2080 Uncommon trap: reason=class_check action=maybe_recompile pc=0x0000024926eac804 method=java.util.HashMap.getNode(Ljava/lang/Object;)Ljava/util/HashMap$Node; @ 63 c2
Event: 0.515 Thread 0x00000249319b2080 DEOPT PACKING pc=0x0000024926eac804 sp=0x000000e0529fb8f0
Event: 0.515 Thread 0x00000249319b2080 DEOPT UNPACKING pc=0x00000249269346a2 sp=0x000000e0529fb858 mode 2
Event: 0.636 Thread 0x00000249319b2080 Uncommon trap: trap_request=0xffffffde fr.pc=0x0000024926eac804 relative=0x00000000000002a4
Event: 0.636 Thread 0x00000249319b2080 Uncommon trap: reason=class_check action=maybe_recompile pc=0x0000024926eac804 method=java.util.HashMap.getNode(Ljava/lang/Object;)Ljava/util/HashMap$Node; @ 63 c2
Event: 0.636 Thread 0x00000249319b2080 DEOPT PACKING pc=0x0000024926eac804 sp=0x000000e0529fe670
Event: 0.636 Thread 0x00000249319b2080 DEOPT UNPACKING pc=0x00000249269346a2 sp=0x000000e0529fe5d8 mode 2
Event: 0.910 Thread 0x00000249319b2080 DEOPT PACKING pc=0x000002491f593ffc sp=0x000000e0529fd0a0
Event: 0.910 Thread 0x00000249319b2080 DEOPT UNPACKING pc=0x0000024926934e42 sp=0x000000e0529fc4d8 mode 0
Event: 0.978 Thread 0x00000249319b2080 Uncommon trap: trap_request=0xffffff45 fr.pc=0x0000024926ea4130 relative=0x0000000000000190
Event: 0.978 Thread 0x00000249319b2080 Uncommon trap: reason=unstable_if action=reinterpret pc=0x0000024926ea4130 method=jdk.internal.util.ArraysSupport.vectorizedHashCode(Ljava/lang/Object;IIII)I @ 2 c2
Event: 0.978 Thread 0x00000249319b2080 DEOPT PACKING pc=0x0000024926ea4130 sp=0x000000e0529fbc30
Event: 0.978 Thread 0x00000249319b2080 DEOPT UNPACKING pc=0x00000249269346a2 sp=0x000000e0529fbbe0 mode 2

Classes loaded (20 events):
Event: 1.179 Loading class sun/security/ssl/Finished$FinishedMessage
Event: 1.180 Loading class sun/security/ssl/Finished$FinishedMessage done
Event: 1.180 Loading class sun/security/ssl/Finished$VerifyDataScheme
Event: 1.180 Loading class sun/security/ssl/Finished$VerifyDataScheme done
Event: 1.180 Loading class sun/security/ssl/Finished$S30VerifyDataGenerator
Event: 1.180 Loading class sun/security/ssl/Finished$VerifyDataGenerator
Event: 1.181 Loading class sun/security/ssl/Finished$VerifyDataGenerator done
Event: 1.181 Loading class sun/security/ssl/Finished$S30VerifyDataGenerator done
Event: 1.181 Loading class sun/security/ssl/Finished$T10VerifyDataGenerator
Event: 1.181 Loading class sun/security/ssl/Finished$T10VerifyDataGenerator done
Event: 1.181 Loading class sun/security/ssl/Finished$T12VerifyDataGenerator
Event: 1.181 Loading class sun/security/ssl/Finished$T12VerifyDataGenerator done
Event: 1.181 Loading class sun/security/ssl/Finished$T13VerifyDataGenerator
Event: 1.181 Loading class sun/security/ssl/Finished$T13VerifyDataGenerator done
Event: 1.181 Loading class sun/security/ssl/Finished$1
Event: 1.181 Loading class sun/security/ssl/Finished$1 done
Event: 1.181 Loading class sun/security/ssl/SSLBasicKeyDerivation
Event: 1.181 Loading class sun/security/ssl/SSLBasicKeyDerivation done
Event: 1.182 Loading class sun/security/ssl/SSLBasicKeyDerivation$SecretSizeSpec
Event: 1.182 Loading class sun/security/ssl/SSLBasicKeyDerivation$SecretSizeSpec done

Classes unloaded (0 events):
No events

Classes redefined (0 events):
No events

Internal exceptions (20 events):
Event: 0.362 Thread 0x0000024914e6a430 Exception <a 'java/lang/ClassNotFoundException'{0x00000000c8c831a8}: ToolTip> (0x00000000c8c831a8) 
thrown [s\open\src\hotspot\share\classfile\systemDictionary.cpp, line 312]
Event: 0.363 Thread 0x0000024914e6a430 Exception <a 'java/lang/ClassNotFoundException'{0x00000000c8c83ae8}: Tree> (0x00000000c8c83ae8) 
thrown [s\open\src\hotspot\share\classfile\systemDictionary.cpp, line 312]
Event: 0.363 Thread 0x0000024914e6a430 Exception <a 'java/lang/ClassNotFoundException'{0x00000000c8c83fe0}: Tree> (0x00000000c8c83fe0) 
thrown [s\open\src\hotspot\share\classfile\systemDictionary.cpp, line 312]
Event: 0.363 Thread 0x0000024914e6a430 Exception <a 'java/lang/ClassNotFoundException'{0x00000000c8c84350}: javax/swing/JTreeCell> (0x00000000c8c84350) 
thrown [s\open\src\hotspot\share\classfile\systemDictionary.cpp, line 312]
Event: 0.363 Thread 0x0000024914e6a430 Exception <a 'java/lang/ClassNotFoundException'{0x00000000c8c84658}: TreeCell> (0x00000000c8c84658) 
thrown [s\open\src\hotspot\share\classfile\systemDictionary.cpp, line 312]
Event: 0.364 Thread 0x0000024914e6a430 Exception <a 'java/lang/ClassNotFoundException'{0x00000000c8c84e00}: RootPane> (0x00000000c8c84e00) 
thrown [s\open\src\hotspot\share\classfile\systemDictionary.cpp, line 312]
Event: 0.366 Thread 0x0000024914e6a430 Exception <a 'java/lang/ClassNotFoundException'{0x00000000c8c87e28}: com/sun/swing/internal/plaf/metal/resources/spi/metalProvider> (0x00000000c8c87e28) 
thrown [s\open\src\hotspot\share\classfile\systemDictionary.cpp, line 312]
Event: 0.367 Thread 0x0000024914e6a430 Exception <a 'java/lang/ClassNotFoundException'{0x00000000c8c8ba88}: com/sun/swing/internal/plaf/basic/resources/spi/basicProvider> (0x00000000c8c8ba88) 
thrown [s\open\src\hotspot\share\classfile\systemDictionary.cpp, line 312]
Event: 0.439 Thread 0x00000249319b2080 Exception <a 'java/lang/ClassNotFoundException'{0x00000000c8b58878}: com/sun/swing/internal/plaf/synth/resources/spi/synthProvider> (0x00000000c8b58878) 
thrown [s\open\src\hotspot\share\classfile\systemDictionary.cpp, line 312]
Event: 0.460 Thread 0x00000249319b2080 Exception <a 'java/lang/NoSuchMethodError'{0x00000000c8b9b720}: 'int java.lang.invoke.Invokers$Holder.invokeExact_MT(java.lang.Object, java.lang.Object)'> (0x00000000c8b9b720) 
thrown [s\open\src\hotspot\share\interpreter\linkResolver.cpp, line 773]
Event: 0.471 Thread 0x00000249319b2080 Exception <a 'java/lang/NoSuchMethodError'{0x00000000c8bc2b08}: 'void java.lang.invoke.DirectMethodHandle$Holder.invokeStatic(java.lang.Object, java.lang.Object)'> (0x00000000c8bc2b08) 
thrown [s\open\src\hotspot\share\interpreter\linkResolver.cpp, line 773]
Event: 0.510 Thread 0x00000249319b2080 Exception <a 'java/lang/NoSuchMethodError'{0x00000000c8a90430}: 'java.lang.Object java.lang.invoke.DirectMethodHandle$Holder.invokeInterface(java.lang.Object, java.lang.Object)'> (0x00000000c8a90430) 
thrown [s\open\src\hotspot\share\interpreter\linkResolver.cpp, line 773]
Event: 0.540 Thread 0x00000249319b2080 Exception <a 'java/lang/NoSuchMethodError'{0x00000000c89102a0}: 'void java.lang.invoke.DirectMethodHandle$Holder.invokeStatic(java.lang.Object, java.lang.Object, java.lang.Object)'> (0x00000000c89102a0) 
thrown [s\open\src\hotspot\share\interpreter\linkResolver.cpp, line 773]
Event: 0.542 Thread 0x00000249319b2080 Exception <a 'java/lang/NoSuchMethodError'{0x00000000c8918f88}: 'java.lang.Object java.lang.invoke.DirectMethodHandle$Holder.invokeVirtual(java.lang.Object, java.lang.Object, java.lang.Object)'> (0x00000000c8918f88) 
thrown [s\open\src\hotspot\share\interpreter\linkResolver.cpp, line 773]
Event: 0.742 Thread 0x00000249319b2080 Exception <a 'java/lang/NoSuchMethodError'{0x00000000c91e2e80}: 'void java.lang.invoke.DirectMethodHandle$Holder.invokeStaticInit(java.lang.Object, java.lang.Object)'> (0x00000000c91e2e80) 
thrown [s\open\src\hotspot\share\interpreter\linkResolver.cpp, line 773]
Event: 0.827 Thread 0x00000249319b2080 Exception <a 'sun/nio/fs/WindowsException'{0x00000000c8f181c8}> (0x00000000c8f181c8) 
thrown [s\open\src\hotspot\share\prims\jni.cpp, line 520]
Event: 0.885 Thread 0x00000249319b2080 Exception <a 'java/lang/NoSuchMethodError'{0x00000000c8fc5dc0}: 'java.lang.Object java.lang.invoke.DirectMethodHandle$Holder.invokeStaticInit(java.lang.Object, int, int, int, int)'> (0x00000000c8fc5dc0) 
thrown [s\open\src\hotspot\share\interpreter\linkResolver.cpp, line 773]
Event: 0.915 Thread 0x00000249319b2080 Exception <a 'java/lang/NoSuchMethodError'{0x00000000c8e4f6e0}: 'java.lang.Object java.lang.invoke.DirectMethodHandle$Holder.invokeStaticInit(java.lang.Object, java.lang.Object, int, int, int, int)'> (0x00000000c8e4f6e0) 
thrown [s\open\src\hotspot\share\interpreter\linkResolver.cpp, line 773]
Event: 0.990 Thread 0x00000249319b2080 Exception <a 'java/lang/NoSuchMethodError'{0x00000000c8ed56b8}: 'int java.lang.invoke.DirectMethodHandle$Holder.invokeSpecial(java.lang.Object, java.lang.Object, java.lang.Object)'> (0x00000000c8ed56b8) 
thrown [s\open\src\hotspot\share\interpreter\linkResolver.cpp, line 773]
Event: 1.130 Thread 0x00000249319b2080 Exception <a 'java/lang/NoSuchMethodError'{0x00000000c8de10c8}: 'void java.lang.invoke.DirectMethodHandle$Holder.invokeVirtual(java.lang.Object, java.lang.Object)'> (0x00000000c8de10c8) 
thrown [s\open\src\hotspot\share\interpreter\linkResolver.cpp, line 773]

ZGC Phase Switch (0 events):
No events

VM Operations (14 events):
Event: 0.111 Executing VM operation: HandshakeAllThreads (Deoptimize)
Event: 0.111 Executing VM operation: HandshakeAllThreads (Deoptimize) done
Event: 0.213 Executing VM operation: HandshakeAllThreads (Deoptimize)
Event: 0.213 Executing VM operation: HandshakeAllThreads (Deoptimize) done
Event: 0.486 Executing VM operation: HandshakeAllThreads (Deoptimize)
Event: 0.486 Executing VM operation: HandshakeAllThreads (Deoptimize) done
Event: 0.706 Executing VM operation: G1CollectForAllocation (G1 Evacuation Pause)
Event: 0.712 Executing VM operation: G1CollectForAllocation (G1 Evacuation Pause) done
Event: 0.750 Executing VM operation: HandshakeAllThreads (Deoptimize)
Event: 0.750 Executing VM operation: HandshakeAllThreads (Deoptimize) done
Event: 0.842 Executing VM operation: HandshakeAllThreads (Deoptimize)
Event: 0.842 Executing VM operation: HandshakeAllThreads (Deoptimize) done
Event: 1.150 Executing VM operation: HandshakeAllThreads (Deoptimize)
Event: 1.150 Executing VM operation: HandshakeAllThreads (Deoptimize) done

Events (19 events):
Event: 0.041 Thread 0x0000024914e6a430 Thread added: 0x0000024914e6a430
Event: 0.060 Thread 0x00000249319a2520 Thread added: 0x00000249319a2520
Event: 0.060 Thread 0x000002491700d0f0 Thread added: 0x000002491700d0f0
Event: 0.060 Thread 0x00000249319a8240 Thread added: 0x00000249319a8240
Event: 0.060 Thread 0x00000249319aacb0 Thread added: 0x00000249319aacb0
Event: 0.061 Thread 0x00000249319ae150 Thread added: 0x00000249319ae150
Event: 0.061 Thread 0x00000249319af920 Thread added: 0x00000249319af920
Event: 0.061 Thread 0x00000249319c75b0 Thread added: 0x00000249319c75b0
Event: 0.061 Thread 0x00000249319cbc80 Thread added: 0x00000249319cbc80
Event: 0.091 Thread 0x00000249319af290 Thread added: 0x00000249319af290
Event: 0.126 Thread 0x00000249319b1360 Thread added: 0x00000249319b1360
Event: 0.135 Thread 0x0000024931d6f010 Thread added: 0x0000024931d6f010
Event: 0.245 Thread 0x00000249319affb0 Thread added: 0x00000249319affb0
Event: 0.246 Thread 0x00000249319b0640 Thread added: 0x00000249319b0640
Event: 0.247 Thread 0x00000249319aec00 Thread added: 0x00000249319aec00
Event: 0.380 Thread 0x00000249319b2080 Thread added: 0x00000249319b2080
Event: 0.381 Thread 0x0000024914e6a430 Thread exited: 0x0000024914e6a430
Event: 0.381 Thread 0x00000249319b19f0 Thread added: 0x00000249319b19f0
Event: 0.472 Thread 0x00000249319b0cd0 Thread added: 0x00000249319b0cd0


Dynamic libraries:
0x00007ff6c72a0000 - 0x00007ff6c72b0000 	C:\Program Files\Java\jdk-21\bin\java.exe
0x00007ff967b10000 - 0x00007ff967d08000 	C:\WINDOWS\SYSTEM32\ntdll.dll
0x00007ff965be0000 - 0x00007ff965c9d000 	C:\WINDOWS\System32\KERNEL32.DLL
0x00007ff965420000 - 0x00007ff965716000 	C:\WINDOWS\System32\KERNELBASE.dll
0x00007ff965720000 - 0x00007ff965820000 	C:\WINDOWS\System32\ucrtbase.dll
0x00007ff910ee0000 - 0x00007ff910efb000 	C:\Program Files\Java\jdk-21\bin\VCRUNTIME140.dll
0x00007ff93a010000 - 0x00007ff93a029000 	C:\Program Files\Java\jdk-21\bin\jli.dll
0x00007ff967480000 - 0x00007ff967530000 	C:\WINDOWS\System32\ADVAPI32.dll
0x00007ff965b40000 - 0x00007ff965bde000 	C:\WINDOWS\System32\msvcrt.dll
0x00007ff9677e0000 - 0x00007ff967880000 	C:\WINDOWS\System32\sechost.dll
0x00007ff9679a0000 - 0x00007ff967ac3000 	C:\WINDOWS\System32\RPCRT4.dll
0x00007ff9659f0000 - 0x00007ff965a17000 	C:\WINDOWS\System32\bcrypt.dll
0x00007ff966df0000 - 0x00007ff966f8f000 	C:\WINDOWS\System32\USER32.dll
0x00007ff9651c0000 - 0x00007ff9651e2000 	C:\WINDOWS\System32\win32u.dll
0x00007ff9664a0000 - 0x00007ff9664cb000 	C:\WINDOWS\System32\GDI32.dll
0x00007ff951050000 - 0x00007ff9512ea000 	C:\WINDOWS\WinSxS\amd64_microsoft.windows.common-controls_6595b64144ccf1df_6.0.19041.3636_none_60b6a03d71f818d5\COMCTL32.dll
0x00007ff965a20000 - 0x00007ff965b37000 	C:\WINDOWS\System32\gdi32full.dll
0x00007ff965380000 - 0x00007ff96541d000 	C:\WINDOWS\System32\msvcp_win.dll
0x00007ff95d260000 - 0x00007ff95d26a000 	C:\WINDOWS\SYSTEM32\VERSION.dll
0x00007ff967880000 - 0x00007ff9678b2000 	C:\WINDOWS\System32\IMM32.DLL
0x00007ff925cf0000 - 0x00007ff925cfc000 	C:\Program Files\Java\jdk-21\bin\vcruntime140_1.dll
0x00007ff910b30000 - 0x00007ff910bbe000 	C:\Program Files\Java\jdk-21\bin\msvcp140.dll
0x00007ff910f00000 - 0x00007ff911c17000 	C:\Program Files\Java\jdk-21\bin\server\jvm.dll
0x00007ff9678c0000 - 0x00007ff96792b000 	C:\WINDOWS\System32\WS2_32.dll
0x00007ff965020000 - 0x00007ff96506b000 	C:\WINDOWS\SYSTEM32\POWRPROF.dll
0x00007ff95c120000 - 0x00007ff95c147000 	C:\WINDOWS\SYSTEM32\WINMM.dll
0x00007ff965000000 - 0x00007ff965012000 	C:\WINDOWS\SYSTEM32\UMPDC.dll
0x00007ff963050000 - 0x00007ff963062000 	C:\WINDOWS\SYSTEM32\kernel.appcore.dll
0x00007ff91e270000 - 0x00007ff91e27a000 	C:\Program Files\Java\jdk-21\bin\jimage.dll
0x00007ff958d80000 - 0x00007ff958f64000 	C:\WINDOWS\SYSTEM32\DBGHELP.DLL
0x00007ff956140000 - 0x00007ff956174000 	C:\WINDOWS\SYSTEM32\dbgcore.DLL
0x00007ff965240000 - 0x00007ff9652c2000 	C:\WINDOWS\System32\bcryptPrimitives.dll
0x00007ff910e80000 - 0x00007ff910e9f000 	C:\Program Files\Java\jdk-21\bin\java.dll
0x00007ff9664d0000 - 0x00007ff966c3b000 	C:\WINDOWS\System32\SHELL32.dll
0x00007ff963250000 - 0x00007ff9639ee000 	C:\WINDOWS\SYSTEM32\windows.storage.dll
0x00007ff967120000 - 0x00007ff967473000 	C:\WINDOWS\System32\combase.dll
0x00007ff964b20000 - 0x00007ff964b4e000 	C:\WINDOWS\SYSTEM32\Wldp.dll
0x00007ff967050000 - 0x00007ff96711d000 	C:\WINDOWS\System32\OLEAUT32.dll
0x00007ff965ca0000 - 0x00007ff965d4d000 	C:\WINDOWS\System32\SHCORE.dll
0x00007ff967650000 - 0x00007ff9676a5000 	C:\WINDOWS\System32\shlwapi.dll
0x00007ff9650f0000 - 0x00007ff965113000 	C:\WINDOWS\SYSTEM32\profapi.dll
0x00007ff910da0000 - 0x00007ff910e77000 	C:\Program Files\Java\jdk-21\bin\jsvml.dll
0x00007ff91ac50000 - 0x00007ff91ac60000 	C:\Program Files\Java\jdk-21\bin\net.dll
0x00007ff959e20000 - 0x00007ff959f2a000 	C:\WINDOWS\SYSTEM32\WINHTTP.dll
0x00007ff964880000 - 0x00007ff9648ea000 	C:\WINDOWS\system32\mswsock.dll
0x00007ff910d80000 - 0x00007ff910d96000 	C:\Program Files\Java\jdk-21\bin\nio.dll
0x00007ff910d60000 - 0x00007ff910d78000 	C:\Program Files\Java\jdk-21\bin\zip.dll
0x00007ff910bc0000 - 0x00007ff910d4f000 	C:\Program Files\Java\jdk-21\bin\awt.dll
0x00007ff9629a0000 - 0x00007ff962a30000 	C:\WINDOWS\SYSTEM32\apphelp.dll
0x00007ff962b60000 - 0x00007ff962bfe000 	C:\WINDOWS\system32\uxtheme.dll
0x00007ff967530000 - 0x00007ff967645000 	C:\WINDOWS\System32\MSCTF.dll
0x00007ff9676b0000 - 0x00007ff9677db000 	C:\WINDOWS\System32\ole32.dll
0x00007ff962d60000 - 0x00007ff962d8f000 	C:\WINDOWS\system32\DWMAPI.DLL
0x00007ff910940000 - 0x00007ff9109c7000 	C:\Program Files\Java\jdk-21\bin\freetype.dll
0x00007ff910850000 - 0x00007ff910932000 	C:\Program Files\Java\jdk-21\bin\fontmanager.dll
0x00007ff910a00000 - 0x00007ff910b25000 	C:\WINDOWS\system32\opengl32.dll
0x00007ff960030000 - 0x00007ff96005c000 	C:\WINDOWS\SYSTEM32\GLU32.dll
0x00007ff93a110000 - 0x00007ff93a2dd000 	C:\WINDOWS\system32\d3d9.dll
0x00007ff95c150000 - 0x00007ff95c308000 	C:\WINDOWS\System32\DriverStore\FileRepository\u0376209.inf_amd64_b3bdffadea4def3f\B374968\aticfx64.dll
0x00007ff931020000 - 0x00007ff931054000 	C:\WINDOWS\System32\DriverStore\FileRepository\u0376209.inf_amd64_b3bdffadea4def3f\B374968\atiu9p64.dll
0x00007ff913370000 - 0x00007ff9140c4000 	C:\WINDOWS\System32\DriverStore\FileRepository\u0376209.inf_amd64_b3bdffadea4def3f\B374968\atiumd64.dll
0x0000000074560000 - 0x00000000753d5000 	C:\WINDOWS\System32\DriverStore\FileRepository\u0376209.inf_amd64_b3bdffadea4def3f\B374968\atiumd6a.dll
0x00007ff965e10000 - 0x00007ff96627e000 	C:\WINDOWS\System32\SETUPAPI.dll
0x00007ff9651f0000 - 0x00007ff96523e000 	C:\WINDOWS\System32\cfgmgr32.dll
0x00007ff959df0000 - 0x00007ff959e20000 	C:\WINDOWS\SYSTEM32\amdihk64.dll
0x00007ff95c3b0000 - 0x00007ff95c3eb000 	C:\WINDOWS\SYSTEM32\dxcore.dll
0x00007ff9645a0000 - 0x00007ff96466b000 	C:\WINDOWS\SYSTEM32\DNSAPI.dll
0x00007ff964560000 - 0x00007ff96459b000 	C:\WINDOWS\SYSTEM32\IPHLPAPI.DLL
0x00007ff967930000 - 0x00007ff967938000 	C:\WINDOWS\System32\NSI.dll
0x00007ff9571c0000 - 0x00007ff9571ca000 	C:\Windows\System32\rasadhlp.dll
0x00007ff957360000 - 0x00007ff9573e0000 	C:\WINDOWS\System32\fwpuclnt.dll
0x00007ff960060000 - 0x00007ff960069000 	C:\Program Files\Java\jdk-21\bin\extnet.dll
0x00007ff964a70000 - 0x00007ff964a88000 	C:\WINDOWS\SYSTEM32\CRYPTSP.dll
0x00007ff9641a0000 - 0x00007ff9641d4000 	C:\WINDOWS\system32\rsaenh.dll
0x00007ff965070000 - 0x00007ff96509e000 	C:\WINDOWS\SYSTEM32\USERENV.dll
0x00007ff964a90000 - 0x00007ff964a9c000 	C:\WINDOWS\SYSTEM32\CRYPTBASE.dll
0x00007ff95fb30000 - 0x00007ff95fb3e000 	C:\Program Files\Java\jdk-21\bin\sunmscapi.dll
0x00007ff965890000 - 0x00007ff9659ee000 	C:\WINDOWS\System32\CRYPT32.dll
0x00007ff964b90000 - 0x00007ff964bb8000 	C:\WINDOWS\SYSTEM32\ncrypt.dll
0x00007ff964b50000 - 0x00007ff964b8b000 	C:\WINDOWS\SYSTEM32\NTASN1.dll

dbghelp: loaded successfully - version: 4.0.5 - missing functions: none
symbol engine: initialized successfully - sym options: 0x614 - pdb path: .;C:\Program Files\Java\jdk-21\bin;C:\WINDOWS\SYSTEM32;C:\WINDOWS\WinSxS\amd64_microsoft.windows.common-controls_6595b64144ccf1df_6.0.19041.3636_none_60b6a03d71f818d5;C:\Program Files\Java\jdk-21\bin\server;C:\WINDOWS\System32\DriverStore\FileRepository\u0376209.inf_amd64_b3bdffadea4def3f\B374968

VM Arguments:
jvm_args: -Dfile.encoding=UTF-8 -Djava.security.policy=applet.policy --module-path=C:\Users\NIRWAN\OneDrive\Documents\NetBeansProjects\Student Results Management System\build\classes 
java_command: Interfaces.AddStudentForm
java_class_path (initial): C:\Program Files\NetBeans-17\netbeans\java\modules\ext\AbsoluteLayout.jar;C:\Users\NIRWAN\3D Objects\New Folder (3)\jcalendar-1.4\lib\jcalendar-1.4.jar;C:\Users\NIRWAN\Downloads\mysql-connector-j-8.3.0\mysql-connector-j-8.3.0\mysql-connector-j-8.3.0.jar;C:\Users\NIRWAN\OneDrive\Documents\mysql-connector-j-8.3.0.jar;C:\Users\NIRWAN\OneDrive\Documents\NetBeansProjects\Student Results Management System\build\classes
Launcher Type: SUN_STANDARD

[Global flags]
     intx CICompilerCount                          = 3                                         {product} {ergonomic}
     uint ConcGCThreads                            = 1                                         {product} {ergonomic}
     uint G1ConcRefinementThreads                  = 4                                         {product} {ergonomic}
   size_t G1HeapRegionSize                         = 1048576                                   {product} {ergonomic}
    uintx GCDrainStackTargetSize                   = 64                                        {product} {ergonomic}
   size_t InitialHeapSize                          = 62914560                                  {product} {ergonomic}
   size_t MarkStackSize                            = 4194304                                   {product} {ergonomic}
   size_t MaxHeapSize                              = 983564288                                 {product} {ergonomic}
   size_t MaxNewSize                               = 589299712                                 {product} {ergonomic}
   size_t MinHeapDeltaBytes                        = 1048576                                   {product} {ergonomic}
   size_t MinHeapSize                              = 8388608                                   {product} {ergonomic}
    uintx NonNMethodCodeHeapSize                   = 5832780                                {pd product} {ergonomic}
    uintx NonProfiledCodeHeapSize                  = 122912730                              {pd product} {ergonomic}
    uintx ProfiledCodeHeapSize                     = 122912730                              {pd product} {ergonomic}
    uintx ReservedCodeCacheSize                    = 251658240                              {pd product} {ergonomic}
     bool SegmentedCodeCache                       = true                                      {product} {ergonomic}
   size_t SoftMaxHeapSize                          = 983564288                              {manageable} {ergonomic}
     bool UseCompressedOops                        = true                           {product lp64_product} {ergonomic}
     bool UseG1GC                                  = true                                      {product} {ergonomic}
     bool UseLargePagesIndividualAllocation        = false                                  {pd product} {ergonomic}

Logging:
Log output configuration:
 #0: stdout all=warning uptime,level,tags foldmultilines=false
 #1: stderr all=off uptime,level,tags foldmultilines=false

Environment Variables:
JAVA_HOME=C:\Program Files\Java\jdk-21
PATH=C:\Program Files\Common Files\Oracle\Java\javapath;C:\Program Files (x86)\NVIDIA Corporation\PhysX\Common;C:\WINDOWS\system32;C:\WINDOWS;C:\WINDOWS\System32\Wbem;C:\WINDOWS\System32\WindowsPowerShell\v1.0\;C:\WINDOWS\System32\OpenSSH\;C:\Program Files\Java\jdk-21\bin;C:\Program Files\MySQL\MySQL Server 8.0\bin;C:\Program Files\MySQL\MySQL Server 8.0\bin;C:\Program Files\MySQL\MySQL Shell 8.0\bin\;C:\Users\NIRWAN\AppData\Local\Microsoft\WindowsApps;
USERNAME=NIRWAN
OS=Windows_NT
PROCESSOR_IDENTIFIER=AMD64 Family 23 Model 17 Stepping 0, AuthenticAMD
TMP=C:\Users\NIRWAN\AppData\Local\Temp
TEMP=C:\Users\NIRWAN\AppData\Local\Temp




Periodic native trim disabled

---------------  S Y S T E M  ---------------

OS:
 Windows 10 , 64 bit Build 19041 (10.0.19041.3636)
OS uptime: 0 days 6:59 hours

CPU: total 4 (initial active 4) (4 cores per cpu, 2 threads per core) family 23 model 17 stepping 0 microcode 0x0, cx8, cmov, fxsr, ht, mmx, 3dnowpref, sse, sse2, sse3, ssse3, sse4a, sse4.1, sse4.2, popcnt, lzcnt, tsc, tscinvbit, avx, avx2, aes, clmul, bmi1, bmi2, adx, sha, fma, vzeroupper, clflush, clflushopt, rdtscp, f16c
Processor Information for all 4 processors :
  Max Mhz: 2500, Current Mhz: 2500, Mhz Limit: 2500

Memory: 4k page, system-wide physical 3747M (405M free)
TotalPageFile size 6747M (AvailPageFile size 3M)
current process WorkingSet (physical memory assigned to process): 97M, peak: 97M
current process commit charge ("private bytes"): 174M, peak: 175M

vm_info: Java HotSpot(TM) 64-Bit Server VM (21.0.2+13-LTS-58) for windows-amd64 JRE (21.0.2+13-LTS-58), built on 2024-01-05T18:32:24Z by "mach5one" with MS VC++ 17.1 (VS2022)

END.
