#
# There is insufficient memory for the Java Runtime Environment to continue.
# Native memory allocation (malloc) failed to allocate 94096 bytes for Chunk::new
# Possible reasons:
#   The system is out of physical RAM or swap space
#   The process is running with CompressedOops enabled, and the Java Heap may be blocking the growth of the native heap
# Possible solutions:
#   Reduce memory load on the system
#   Increase physical memory or swap space
#   Check if swap backing store is full
#   Decrease Java heap size (-Xmx/-Xms)
#   Decrease number of Java threads
#   Decrease Java thread stack sizes (-Xss)
#   Set larger code cache with -XX:ReservedCodeCacheSize=
#   JVM is running with Unscaled Compressed Oops mode in which the Java heap is
#     placed in the first 4GB address space. The Java Heap base address is the
#     maximum limit for the native heap growth. Please use -XX:HeapBaseMinAddress
#     to set the Java Heap base and to place the Java Heap above 4GB virtual address.
# This output file may be truncated or incomplete.
#
#  Out of Memory Error (arena.cpp:168), pid=3108, tid=4688
#
# JRE version: Java(TM) SE Runtime Environment (21.0.2+13) (build 21.0.2+13-LTS-58)
# Java VM: Java HotSpot(TM) 64-Bit Server VM (21.0.2+13-LTS-58, mixed mode, sharing, tiered, compressed oops, compressed class ptrs, g1 gc, windows-amd64)
# No core dump will be written. Minidumps are not enabled by default on client versions of Windows
#

---------------  S U M M A R Y ------------

Command Line: -Dfile.encoding=UTF-8 -Djava.security.policy=applet.policy Interfaces.A5_ResultsStudent

Host: AMD Ryzen 3 2200U with Radeon Vega Mobile Gfx  , 4 cores, 3G,  Windows 10 , 64 bit Build 19041 (10.0.19041.3636)
Time: Wed May 29 23:58:58 2024 Sri Lanka Standard Time elapsed time: 110.593408 seconds (0d 0h 1m 50s)

---------------  T H R E A D  ---------------

Current thread (0x000002052eb68ce0):  JavaThread "C2 CompilerThread0" daemon [_thread_in_native, id=4688, stack(0x000000a48bc00000,0x000000a48bd00000) (1024K)]


Current CompileTask:
C2: 110593 3169   !   4       jdk.internal.logger.LazyLoggers$LazyLoggerAccessor::platform (107 bytes)

Stack: [0x000000a48bc00000,0x000000a48bd00000]
Native frames: (J=compiled Java code, j=interpreted, Vv=VM code, C=native code)
V  [jvm.dll+0x6cade9]
V  [jvm.dll+0x8569c1]
V  [jvm.dll+0x858d2e]
V  [jvm.dll+0x859413]
V  [jvm.dll+0x280e56]
V  [jvm.dll+0xc3f3d]
V  [jvm.dll+0xc4473]
V  [jvm.dll+0x3b5bf2]
V  [jvm.dll+0x382855]
V  [jvm.dll+0x381cca]
V  [jvm.dll+0x249bd0]
V  [jvm.dll+0x2491b1]
V  [jvm.dll+0x1c9634]
V  [jvm.dll+0x258859]
V  [jvm.dll+0x256e3a]
V  [jvm.dll+0x3ef6c6]
V  [jvm.dll+0x7ff568]
V  [jvm.dll+0x6c953d]
C  [ucrtbase.dll+0x21bb2]
C  [KERNEL32.DLL+0x17344]
C  [ntdll.dll+0x526b1]


---------------  P R O C E S S  ---------------

Threads class SMR info:
_java_thread_list=0x0000020579df2bf0, length=18, elements={
0x000002052eb52500, 0x00000205141bcb60, 0x000002052eb56f90, 0x000002052eb59c80,
0x000002052eb5a890, 0x000002052eb5b4a0, 0x000002052eb68ce0, 0x000002052eb98780,
0x00000205740a5d50, 0x00000205740a6990, 0x000002057429b1d0, 0x000002057429da80,
0x00000205742a66e0, 0x000002057430e900, 0x0000020511eab260, 0x0000020574d065b0,
0x0000020579cf14b0, 0x000002057999aa00
}

Java Threads: ( => current thread )
  0x000002052eb52500 JavaThread "Reference Handler"          daemon [_thread_blocked, id=1588, stack(0x000000a48b600000,0x000000a48b700000) (1024K)]
  0x00000205141bcb60 JavaThread "Finalizer"                  daemon [_thread_blocked, id=7808, stack(0x000000a48b700000,0x000000a48b800000) (1024K)]
  0x000002052eb56f90 JavaThread "Signal Dispatcher"          daemon [_thread_blocked, id=6240, stack(0x000000a48b800000,0x000000a48b900000) (1024K)]
  0x000002052eb59c80 JavaThread "Attach Listener"            daemon [_thread_blocked, id=7712, stack(0x000000a48b900000,0x000000a48ba00000) (1024K)]
  0x000002052eb5a890 JavaThread "Service Thread"             daemon [_thread_blocked, id=5232, stack(0x000000a48ba00000,0x000000a48bb00000) (1024K)]
  0x000002052eb5b4a0 JavaThread "Monitor Deflation Thread"   daemon [_thread_blocked, id=8388, stack(0x000000a48bb00000,0x000000a48bc00000) (1024K)]
=>0x000002052eb68ce0 JavaThread "C2 CompilerThread0"         daemon [_thread_in_native, id=4688, stack(0x000000a48bc00000,0x000000a48bd00000) (1024K)]
  0x000002052eb98780 JavaThread "C1 CompilerThread0"         daemon [_thread_blocked, id=9296, stack(0x000000a48bd00000,0x000000a48be00000) (1024K)]
  0x00000205740a5d50 JavaThread "Notification Thread"        daemon [_thread_blocked, id=10728, stack(0x000000a48be00000,0x000000a48bf00000) (1024K)]
  0x00000205740a6990 JavaThread "Common-Cleaner"             daemon [_thread_blocked, id=9672, stack(0x000000a48bf00000,0x000000a48c000000) (1024K)]
  0x000002057429b1d0 JavaThread "Java2D Disposer"            daemon [_thread_blocked, id=11180, stack(0x000000a48c000000,0x000000a48c100000) (1024K)]
  0x000002057429da80 JavaThread "AWT-Shutdown"                      [_thread_blocked, id=9644, stack(0x000000a48c100000,0x000000a48c200000) (1024K)]
  0x00000205742a66e0 JavaThread "AWT-Windows"                daemon [_thread_in_native, id=10932, stack(0x000000a48c200000,0x000000a48c300000) (1024K)]
  0x000002057430e900 JavaThread "AWT-EventQueue-0"                  [_thread_in_Java, id=9052, stack(0x000000a48c300000,0x000000a48c400000) (1024K)]
  0x0000020511eab260 JavaThread "DestroyJavaVM"                     [_thread_blocked, id=996, stack(0x000000a48ae00000,0x000000a48af00000) (1024K)]
  0x0000020574d065b0 JavaThread "mysql-cj-abandoned-connection-cleanup" daemon [_thread_blocked, id=8236, stack(0x000000a48ca00000,0x000000a48cb00000) (1024K)]
  0x0000020579cf14b0 JavaThread "TimerQueue"                 daemon [_thread_blocked, id=600, stack(0x000000a48d000000,0x000000a48d100000) (1024K)]
  0x000002057999aa00 JavaThread "D3D Screen Updater"         daemon [_thread_blocked, id=6028, stack(0x000000a48d200000,0x000000a48d300000) (1024K)]
Total: 18

Other Threads:
  0x00000205141a2f40 VMThread "VM Thread"                           [id=9956, stack(0x000000a48b500000,0x000000a48b600000) (1024K)]
  0x000002052eb4cc70 WatcherThread "VM Periodic Task Thread"        [id=7748, stack(0x000000a48b400000,0x000000a48b500000) (1024K)]
  0x000002051411ab10 WorkerThread "GC Thread#0"                     [id=1044, stack(0x000000a48af00000,0x000000a48b000000) (1024K)]
  0x0000020574dd4dc0 WorkerThread "GC Thread#1"                     [id=1912, stack(0x000000a48cc00000,0x000000a48cd00000) (1024K)]
  0x0000020574dd5160 WorkerThread "GC Thread#2"                     [id=3048, stack(0x000000a48cd00000,0x000000a48ce00000) (1024K)]
  0x0000020574dd5500 WorkerThread "GC Thread#3"                     [id=3340, stack(0x000000a48ce00000,0x000000a48cf00000) (1024K)]
  0x0000020514124910 ConcurrentGCThread "G1 Main Marker"            [id=9864, stack(0x000000a48b000000,0x000000a48b100000) (1024K)]
  0x0000020514125ac0 WorkerThread "G1 Conc#0"                       [id=6044, stack(0x000000a48b100000,0x000000a48b200000) (1024K)]
  0x0000020514179130 ConcurrentGCThread "G1 Refine#0"               [id=7544, stack(0x000000a48b200000,0x000000a48b300000) (1024K)]
  0x0000020514179bb0 ConcurrentGCThread "G1 Service"                [id=9704, stack(0x000000a48b300000,0x000000a48b400000) (1024K)]
Total: 10

Threads with active compile tasks:
C2 CompilerThread0   110678 3169   !   4       jdk.internal.logger.LazyLoggers$LazyLoggerAccessor::platform (107 bytes)
Total: 1

VM state: not at safepoint (normal execution)

VM Mutex/Monitor currently owned by a thread: None

Heap address: 0x00000000c5600000, size: 938 MB, Compressed Oops mode: 32-bit

CDS archive(s) mapped at: [0x000002052f000000-0x000002052fc90000-0x000002052fc90000), size 13172736, SharedBaseAddress: 0x000002052f000000, ArchiveRelocationMode: 1.
Compressed class space mapped at: 0x0000020530000000-0x0000020570000000, reserved size: 1073741824
Narrow klass base: 0x000002052f000000, Narrow klass shift: 0, Narrow klass range: 0x100000000

GC Precious Log:
 CardTable entry size: 512
 Card Set container configuration: InlinePtr #cards 5 size 8 Array Of Cards #cards 12 size 40 Howl #buckets 4 coarsen threshold 1843 Howl Bitmap #cards 512 size 80 coarsen threshold 460 Card regions per heap region 1 cards per card region 2048
 CPUs: 4 total, 4 available
 Memory: 3747M
 Large Page Support: Disabled
 NUMA Support: Disabled
 Compressed Oops: Enabled (32-bit)
 Heap Region Size: 1M
 Heap Min Capacity: 8M
 Heap Initial Capacity: 60M
 Heap Max Capacity: 938M
 Pre-touch: Disabled
 Parallel Workers: 4
 Concurrent Workers: 1
 Concurrent Refinement Workers: 4
 Periodic GC: Disabled

Heap:
 garbage-first heap   total 30720K, used 18486K [0x00000000c5600000, 0x0000000100000000)
  region size 1024K, 11 young (11264K), 3 survivors (3072K)
 Metaspace       used 22681K, committed 22912K, reserved 1114112K
  class space    used 2539K, committed 2624K, reserved 1048576K

Heap Regions: E=young(eden), S=young(survivor), O=old, HS=humongous(starts), HC=humongous(continues), CS=collection set, F=free, TAMS=top-at-mark-start, PB=parsable bottom
|   0|0x00000000c5600000, 0x00000000c5700000, 0x00000000c5700000|100%| O|  |TAMS 0x00000000c5600000| PB 0x00000000c5600000| Untracked 
|   1|0x00000000c5700000, 0x00000000c5800000, 0x00000000c5800000|100%| O|  |TAMS 0x00000000c5700000| PB 0x00000000c5700000| Untracked 
|   2|0x00000000c5800000, 0x00000000c5900000, 0x00000000c5900000|100%| O|  |TAMS 0x00000000c5800000| PB 0x00000000c5800000| Untracked 
|   3|0x00000000c5900000, 0x00000000c5a00000, 0x00000000c5a00000|100%| O|  |TAMS 0x00000000c5900000| PB 0x00000000c5900000| Untracked 
|   4|0x00000000c5a00000, 0x00000000c5a0d9a8, 0x00000000c5b00000|  5%| O|Cm|TAMS 0x00000000c5a00000| PB 0x00000000c5a00000| Complete 
|   5|0x00000000c5b00000, 0x00000000c5c00000, 0x00000000c5c00000|100%|HS|  |TAMS 0x00000000c5b00000| PB 0x00000000c5b00000| Complete 
|   6|0x00000000c5c00000, 0x00000000c5d00000, 0x00000000c5d00000|100%|HC|  |TAMS 0x00000000c5c00000| PB 0x00000000c5c00000| Complete 
|   7|0x00000000c5d00000, 0x00000000c5e00000, 0x00000000c5e00000|100%|HC|  |TAMS 0x00000000c5d00000| PB 0x00000000c5d00000| Complete 
|   8|0x00000000c5e00000, 0x00000000c5f00000, 0x00000000c5f00000|100%|HC|  |TAMS 0x00000000c5e00000| PB 0x00000000c5e00000| Complete 
|   9|0x00000000c5f00000, 0x00000000c5f00000, 0x00000000c6000000|  0%| F|  |TAMS 0x00000000c5f00000| PB 0x00000000c5f00000| Untracked 
|  10|0x00000000c6000000, 0x00000000c6000000, 0x00000000c6100000|  0%| F|  |TAMS 0x00000000c6000000| PB 0x00000000c6000000| Untracked 
|  11|0x00000000c6100000, 0x00000000c6100000, 0x00000000c6200000|  0%| F|  |TAMS 0x00000000c6100000| PB 0x00000000c6100000| Untracked 
|  12|0x00000000c6200000, 0x00000000c6200000, 0x00000000c6300000|  0%| F|  |TAMS 0x00000000c6200000| PB 0x00000000c6200000| Untracked 
|  13|0x00000000c6300000, 0x00000000c6300000, 0x00000000c6400000|  0%| F|  |TAMS 0x00000000c6300000| PB 0x00000000c6300000| Untracked 
|  14|0x00000000c6400000, 0x00000000c6400000, 0x00000000c6500000|  0%| F|  |TAMS 0x00000000c6400000| PB 0x00000000c6400000| Untracked 
|  15|0x00000000c6500000, 0x00000000c6500000, 0x00000000c6600000|  0%| F|  |TAMS 0x00000000c6500000| PB 0x00000000c6500000| Untracked 
|  16|0x00000000c6600000, 0x00000000c6600000, 0x00000000c6700000|  0%| F|  |TAMS 0x00000000c6600000| PB 0x00000000c6600000| Untracked 
|  17|0x00000000c6700000, 0x00000000c6700000, 0x00000000c6800000|  0%| F|  |TAMS 0x00000000c6700000| PB 0x00000000c6700000| Untracked 
|  18|0x00000000c6800000, 0x00000000c6800000, 0x00000000c6900000|  0%| F|  |TAMS 0x00000000c6800000| PB 0x00000000c6800000| Untracked 
|  19|0x00000000c6900000, 0x00000000c6942798, 0x00000000c6a00000| 25%| E|  |TAMS 0x00000000c6900000| PB 0x00000000c6900000| Complete 
|  20|0x00000000c6a00000, 0x00000000c6b00000, 0x00000000c6b00000|100%| E|CS|TAMS 0x00000000c6a00000| PB 0x00000000c6a00000| Complete 
|  21|0x00000000c6b00000, 0x00000000c6c00000, 0x00000000c6c00000|100%| E|CS|TAMS 0x00000000c6b00000| PB 0x00000000c6b00000| Complete 
|  22|0x00000000c6c00000, 0x00000000c6d00000, 0x00000000c6d00000|100%| E|CS|TAMS 0x00000000c6c00000| PB 0x00000000c6c00000| Complete 
|  23|0x00000000c6d00000, 0x00000000c6e00000, 0x00000000c6e00000|100%| E|CS|TAMS 0x00000000c6d00000| PB 0x00000000c6d00000| Complete 
|  24|0x00000000c6e00000, 0x00000000c6f00000, 0x00000000c6f00000|100%| E|CS|TAMS 0x00000000c6e00000| PB 0x00000000c6e00000| Complete 
|  25|0x00000000c6f00000, 0x00000000c7000000, 0x00000000c7000000|100%| E|CS|TAMS 0x00000000c6f00000| PB 0x00000000c6f00000| Complete 
|  41|0x00000000c7f00000, 0x00000000c8000000, 0x00000000c8000000|100%| S|CS|TAMS 0x00000000c7f00000| PB 0x00000000c7f00000| Complete 
|  42|0x00000000c8000000, 0x00000000c8100000, 0x00000000c8100000|100%| S|CS|TAMS 0x00000000c8000000| PB 0x00000000c8000000| Complete 
|  43|0x00000000c8100000, 0x00000000c8200000, 0x00000000c8200000|100%| S|CS|TAMS 0x00000000c8100000| PB 0x00000000c8100000| Complete 
|  59|0x00000000c9100000, 0x00000000c9200000, 0x00000000c9200000|100%| E|CS|TAMS 0x00000000c9100000| PB 0x00000000c9100000| Complete 

Card table byte_map: [0x000002052b560000,0x000002052b740000] _byte_map_base: 0x000002052af35000

Marking Bits: (CMBitMap*) 0x000002051411c940
 Bits: [0x000002052b740000, 0x000002052c5e8000)

Polling page: 0x0000020511e50000

Metaspace:

Usage:
  Non-class:     19.67 MB used.
      Class:      2.48 MB used.
       Both:     22.15 MB used.

Virtual space:
  Non-class space:       64.00 MB reserved,      19.81 MB ( 31%) committed,  1 nodes.
      Class space:        1.00 GB reserved,       2.56 MB ( <1%) committed,  1 nodes.
             Both:        1.06 GB reserved,      22.38 MB (  2%) committed. 

Chunk freelists:
   Non-Class:  12.18 MB
       Class:  13.25 MB
        Both:  25.43 MB

MaxMetaspaceSize: unlimited
CompressedClassSpaceSize: 1.00 GB
Initial GC threshold: 21.00 MB
Current GC threshold: 35.25 MB
CDS: on
 - commit_granule_bytes: 65536.
 - commit_granule_words: 8192.
 - virtual_space_node_default_size: 8388608.
 - enlarge_chunks_in_place: 1.
 - use_allocation_guard: 0.


Internal statistics:

num_allocs_failed_limit: 3.
num_arena_births: 214.
num_arena_deaths: 0.
num_vsnodes_births: 2.
num_vsnodes_deaths: 0.
num_space_committed: 358.
num_space_uncommitted: 0.
num_chunks_returned_to_freelist: 3.
num_chunks_taken_from_freelist: 450.
num_chunk_merges: 0.
num_chunk_splits: 266.
num_chunks_enlarged: 159.
num_inconsistent_stats: 0.

CodeHeap 'non-profiled nmethods': size=120000Kb used=1167Kb max_used=1167Kb free=118832Kb
 bounds [0x0000020524030000, 0x00000205242a0000, 0x000002052b560000]
CodeHeap 'profiled nmethods': size=120000Kb used=6500Kb max_used=6500Kb free=113499Kb
 bounds [0x000002051c560000, 0x000002051cbc0000, 0x0000020523a90000]
CodeHeap 'non-nmethods': size=5760Kb used=1804Kb max_used=1833Kb free=3955Kb
 bounds [0x0000020523a90000, 0x0000020523d00000, 0x0000020524030000]
 total_blobs=4019 nmethods=3204 adapters=719
 compilation: enabled
              stopped_count=0, restarted_count=0
 full_count=0

Compilation events (20 events):
Event: 110.562 Thread 0x000002052eb98780 3172       3       java.awt.image.PackedColorModel::<init> (136 bytes)
Event: 110.565 Thread 0x000002052eb98780 nmethod 3172 0x000002051cbaf510 code [0x000002051cbaf740, 0x000002051cbaffc0]
Event: 110.565 Thread 0x000002052eb98780 3174       3       java.security.AccessController::doPrivileged (9 bytes)
Event: 110.570 Thread 0x000002052eb98780 nmethod 3174 0x000002051cbb0310 code [0x000002051cbb04e0, 0x000002051cbb0818]
Event: 110.570 Thread 0x000002052eb98780 3176       1       java.awt.image.ColorModel::isAlphaPremultiplied (5 bytes)
Event: 110.570 Thread 0x000002052eb98780 nmethod 3176 0x000002052414f790 code [0x000002052414f920, 0x000002052414f9f0]
Event: 110.570 Thread 0x000002052eb98780 3175       1       java.awt.image.SinglePixelPackedSampleModel::getNumDataElements (2 bytes)
Event: 110.570 Thread 0x000002052eb98780 nmethod 3175 0x000002052414fa90 code [0x000002052414fc20, 0x000002052414fce8]
Event: 110.571 Thread 0x000002052eb98780 3173       3       sun.java2d.d3d.D3DGraphicsConfig::getColorModel (95 bytes)
Event: 110.576 Thread 0x000002052eb98780 nmethod 3173 0x000002051cbb0990 code [0x000002051cbb0ba0, 0x000002051cbb1078]
Event: 110.576 Thread 0x000002052eb98780 3177       1       java.awt.image.SampleModel::getNumBands (5 bytes)
Event: 110.577 Thread 0x000002052eb68ce0 nmethod 3168 0x000002052414fd90 code [0x000002052414ff80, 0x0000020524150868]
Event: 110.577 Thread 0x000002052eb98780 nmethod 3177 0x0000020524150a90 code [0x0000020524150c20, 0x0000020524150ce8]
Event: 110.577 Thread 0x000002052eb68ce0 3169   !   4       jdk.internal.logger.LazyLoggers$LazyLoggerAccessor::platform (107 bytes)
Event: 110.577 Thread 0x000002052eb98780 3178       1       java.awt.image.BufferedImage::getColorModel (5 bytes)
Event: 110.577 Thread 0x000002052eb98780 nmethod 3178 0x0000020524150d90 code [0x0000020524150f20, 0x0000020524150fe8]
Event: 110.577 Thread 0x000002052eb98780 3179       1       sun.awt.image.IntegerInterleavedRaster::getPixelStride (5 bytes)
Event: 110.577 Thread 0x000002052eb98780 nmethod 3179 0x0000020524151090 code [0x0000020524151220, 0x00000205241512e8]
Event: 110.578 Thread 0x000002052eb98780 3180       1       java.awt.image.BufferedImage::getRaster (5 bytes)
Event: 110.580 Thread 0x000002052eb98780 nmethod 3180 0x0000020524151390 code [0x0000020524151520, 0x00000205241515e8]

GC Heap History (4 events):
Event: 0.876 GC heap before
{Heap before GC invocations=0 (full 0):
 garbage-first heap   total 61440K, used 13312K [0x00000000c5600000, 0x0000000100000000)
  region size 1024K, 13 young (13312K), 0 survivors (0K)
 Metaspace       used 9868K, committed 10048K, reserved 1114112K
  class space    used 1061K, committed 1152K, reserved 1048576K
}
Event: 0.882 GC heap after
{Heap after GC invocations=1 (full 0):
 garbage-first heap   total 61440K, used 3264K [0x00000000c5600000, 0x0000000100000000)
  region size 1024K, 2 young (2048K), 2 survivors (2048K)
 Metaspace       used 9868K, committed 10048K, reserved 1114112K
  class space    used 1061K, committed 1152K, reserved 1048576K
}
Event: 2.534 GC heap before
{Heap before GC invocations=1 (full 0):
 garbage-first heap   total 61440K, used 16576K [0x00000000c5600000, 0x0000000100000000)
  region size 1024K, 16 young (16384K), 2 survivors (2048K)
 Metaspace       used 21229K, committed 21504K, reserved 1114112K
  class space    used 2423K, committed 2560K, reserved 1048576K
}
Event: 2.545 GC heap after
{Heap after GC invocations=2 (full 0):
 garbage-first heap   total 61440K, used 7222K [0x00000000c5600000, 0x0000000100000000)
  region size 1024K, 3 young (3072K), 3 survivors (3072K)
 Metaspace       used 21229K, committed 21504K, reserved 1114112K
  class space    used 2423K, committed 2560K, reserved 1048576K
}

Dll operation events (12 events):
Event: 0.009 Loaded shared library C:\Program Files\Java\jdk-21\bin\java.dll
Event: 0.055 Loaded shared library C:\Program Files\Java\jdk-21\bin\jsvml.dll
Event: 0.088 Loaded shared library C:\Program Files\Java\jdk-21\bin\net.dll
Event: 0.091 Loaded shared library C:\Program Files\Java\jdk-21\bin\nio.dll
Event: 0.095 Loaded shared library C:\Program Files\Java\jdk-21\bin\zip.dll
Event: 0.116 Loaded shared library C:\Program Files\Java\jdk-21\bin\jimage.dll
Event: 0.165 Loaded shared library C:\Program Files\Java\jdk-21\bin\awt.dll
Event: 0.343 Loaded shared library C:\Program Files\Java\jdk-21\bin\freetype.dll
Event: 0.344 Loaded shared library C:\Program Files\Java\jdk-21\bin\fontmanager.dll
Event: 0.764 Loaded shared library C:\Program Files\Java\jdk-21\bin\extnet.dll
Event: 1.225 Loaded shared library C:\Program Files\Java\jdk-21\bin\sunmscapi.dll
Event: 1.889 Loaded shared library C:\Program Files\Java\jdk-21\bin\javajpeg.dll

Deoptimization events (20 events):
Event: 2.954 Thread 0x000002057430e900 DEOPT PACKING pc=0x000002051c9a7e84 sp=0x000000a48c3fc3c0
Event: 2.954 Thread 0x000002057430e900 DEOPT UNPACKING pc=0x0000020523ae4e42 sp=0x000000a48c3fb748 mode 0
Event: 2.995 Thread 0x000002057430e900 Uncommon trap: trap_request=0xffffff45 fr.pc=0x0000020524111618 relative=0x0000000000000eb8
Event: 2.995 Thread 0x000002057430e900 Uncommon trap: reason=unstable_if action=reinterpret pc=0x0000020524111618 method=sun.java2d.marlin.MarlinCache.copyAARowRLE_WithBlockFlags([I[IIII)V @ 307 c2
Event: 2.995 Thread 0x000002057430e900 DEOPT PACKING pc=0x0000020524111618 sp=0x000000a48c3fd2a0
Event: 2.995 Thread 0x000002057430e900 DEOPT UNPACKING pc=0x0000020523ae46a2 sp=0x000000a48c3fd198 mode 2
Event: 3.501 Thread 0x000002057430e900 DEOPT PACKING pc=0x000002051c9866cd sp=0x000000a48c3fd510
Event: 3.501 Thread 0x000002057430e900 DEOPT UNPACKING pc=0x0000020523ae4e42 sp=0x000000a48c3fc9a0 mode 0
Event: 7.989 Thread 0x000002057430e900 DEOPT PACKING pc=0x000002051c9fa49e sp=0x000000a48c3fd6d0
Event: 7.989 Thread 0x000002057430e900 DEOPT UNPACKING pc=0x0000020523ae4e42 sp=0x000000a48c3fcad0 mode 0
Event: 11.786 Thread 0x000002057430e900 DEOPT PACKING pc=0x000002051ca2b50d sp=0x000000a48c3fd490
Event: 11.786 Thread 0x000002057430e900 DEOPT UNPACKING pc=0x0000020523ae4e42 sp=0x000000a48c3fc888 mode 0
Event: 12.026 Thread 0x000002057430e900 Uncommon trap: trap_request=0xffffff45 fr.pc=0x0000020524125588 relative=0x0000000000001e28
Event: 12.026 Thread 0x000002057430e900 Uncommon trap: reason=unstable_if action=reinterpret pc=0x0000020524125588 method=sun.java2d.marlin.MarlinTileGenerator.getAlphaRLE([BII)V @ 951 c2
Event: 12.026 Thread 0x000002057430e900 DEOPT PACKING pc=0x0000020524125588 sp=0x000000a48c3fd690
Event: 12.026 Thread 0x000002057430e900 DEOPT UNPACKING pc=0x0000020523ae46a2 sp=0x000000a48c3fd520 mode 2
Event: 12.206 Thread 0x000002057430e900 Uncommon trap: trap_request=0xffffff45 fr.pc=0x00000205240ff928 relative=0x00000000000003a8
Event: 12.206 Thread 0x000002057430e900 Uncommon trap: reason=unstable_if action=reinterpret pc=0x00000205240ff928 method=java.awt.MultipleGradientPaintContext.indexIntoGradientsArrays(F)I @ 93 c2
Event: 12.206 Thread 0x000002057430e900 DEOPT PACKING pc=0x00000205240ff928 sp=0x000000a48c3fb7c0
Event: 12.206 Thread 0x000002057430e900 DEOPT UNPACKING pc=0x0000020523ae46a2 sp=0x000000a48c3fb748 mode 2

Classes loaded (20 events):
Event: 12.193 Loading class java/awt/WaitDispatchSupport$4
Event: 12.193 Loading class java/awt/WaitDispatchSupport$4 done
Event: 12.199 Loading class javax/swing/plaf/synth/SynthGraphicsUtils$SynthIconWrapper
Event: 12.199 Loading class javax/swing/plaf/synth/SynthGraphicsUtils$SynthIconWrapper done
Event: 12.199 Loading class javax/swing/plaf/nimbus/OptionPanePainter
Event: 12.200 Loading class javax/swing/plaf/nimbus/OptionPanePainter done
Event: 12.204 Loading class java/awt/geom/EllipseIterator
Event: 12.205 Loading class java/awt/geom/EllipseIterator done
Event: 13.889 Loading class java/awt/KeyboardFocusManager$2
Event: 13.889 Loading class java/awt/KeyboardFocusManager$2 done
Event: 13.890 Loading class sun/awt/SunToolkit$1
Event: 13.890 Loading class sun/awt/SunToolkit$1 done
Event: 13.895 Loading class java/awt/Window$1DisposeAction
Event: 13.895 Loading class java/awt/Window$1DisposeAction done
Event: 13.896 Loading class java/awt/LightweightDispatcher$2
Event: 13.896 Loading class java/awt/LightweightDispatcher$2 done
Event: 110.037 Loading class java/util/WeakHashMap$KeyIterator
Event: 110.098 Loading class java/util/WeakHashMap$HashIterator
Event: 110.179 Loading class java/util/WeakHashMap$HashIterator done
Event: 110.193 Loading class java/util/WeakHashMap$KeyIterator done

Classes unloaded (0 events):
No events

Classes redefined (0 events):
No events

Internal exceptions (20 events):
Event: 0.502 Thread 0x000002057430e900 Exception <a 'java/lang/ClassNotFoundException'{0x00000000c8c9db68}: com/sun/swing/internal/plaf/synth/resources/spi/synthProvider> (0x00000000c8c9db68) 
thrown [s\open\src\hotspot\share\classfile\systemDictionary.cpp, line 312]
Event: 0.526 Thread 0x000002057430e900 Exception <a 'java/lang/NoSuchMethodError'{0x00000000c8b19440}: 'int java.lang.invoke.Invokers$Holder.invokeExact_MT(java.lang.Object, java.lang.Object)'> (0x00000000c8b19440) 
thrown [s\open\src\hotspot\share\interpreter\linkResolver.cpp, line 773]
Event: 0.548 Thread 0x000002057430e900 Exception <a 'java/lang/NoSuchMethodError'{0x00000000c8b62970}: 'void java.lang.invoke.DirectMethodHandle$Holder.invokeStatic(java.lang.Object, java.lang.Object)'> (0x00000000c8b62970) 
thrown [s\open\src\hotspot\share\interpreter\linkResolver.cpp, line 773]
Event: 0.580 Thread 0x000002057430e900 Exception <a 'java/lang/NoSuchMethodError'{0x00000000c8a542e8}: 'java.lang.Object java.lang.invoke.DirectMethodHandle$Holder.invokeInterface(java.lang.Object, java.lang.Object)'> (0x00000000c8a542e8) 
thrown [s\open\src\hotspot\share\interpreter\linkResolver.cpp, line 773]
Event: 0.617 Thread 0x000002057430e900 Exception <a 'java/lang/NoSuchMethodError'{0x00000000c8ace950}: 'void java.lang.invoke.DirectMethodHandle$Holder.invokeStatic(java.lang.Object, java.lang.Object, java.lang.Object)'> (0x00000000c8ace950) 
thrown [s\open\src\hotspot\share\interpreter\linkResolver.cpp, line 773]
Event: 0.618 Thread 0x000002057430e900 Exception <a 'java/lang/NoSuchMethodError'{0x00000000c8ad7c60}: 'java.lang.Object java.lang.invoke.DirectMethodHandle$Holder.invokeVirtual(java.lang.Object, java.lang.Object, java.lang.Object)'> (0x00000000c8ad7c60) 
thrown [s\open\src\hotspot\share\interpreter\linkResolver.cpp, line 773]
Event: 0.908 Thread 0x000002057430e900 Exception <a 'java/lang/NoSuchMethodError'{0x00000000c91bee80}: 'void java.lang.invoke.DirectMethodHandle$Holder.invokeStaticInit(java.lang.Object, java.lang.Object)'> (0x00000000c91bee80) 
thrown [s\open\src\hotspot\share\interpreter\linkResolver.cpp, line 773]
Event: 1.038 Thread 0x000002057430e900 Exception <a 'sun/nio/fs/WindowsException'{0x00000000c8f1fdd8}> (0x00000000c8f1fdd8) 
thrown [s\open\src\hotspot\share\prims\jni.cpp, line 520]
Event: 1.119 Thread 0x000002057430e900 Exception <a 'java/lang/NoSuchMethodError'{0x00000000c8fcdcc8}: 'java.lang.Object java.lang.invoke.DirectMethodHandle$Holder.invokeStaticInit(java.lang.Object, int, int, int, int)'> (0x00000000c8fcdcc8) 
thrown [s\open\src\hotspot\share\interpreter\linkResolver.cpp, line 773]
Event: 1.173 Thread 0x000002057430e900 Exception <a 'java/lang/NoSuchMethodError'{0x00000000c8e8e5b8}: 'java.lang.Object java.lang.invoke.DirectMethodHandle$Holder.invokeStaticInit(java.lang.Object, java.lang.Object, int, int, int, int)'> (0x00000000c8e8e5b8) 
thrown [s\open\src\hotspot\share\interpreter\linkResolver.cpp, line 773]
Event: 1.267 Thread 0x000002057430e900 Exception <a 'java/lang/NoSuchMethodError'{0x00000000c8efd0a0}: 'int java.lang.invoke.DirectMethodHandle$Holder.invokeSpecial(java.lang.Object, java.lang.Object, java.lang.Object)'> (0x00000000c8efd0a0) 
thrown [s\open\src\hotspot\share\interpreter\linkResolver.cpp, line 773]
Event: 1.465 Thread 0x000002057430e900 Exception <a 'java/lang/NoSuchMethodError'{0x00000000c8c0d048}: 'void java.lang.invoke.DirectMethodHandle$Holder.invokeVirtual(java.lang.Object, java.lang.Object)'> (0x00000000c8c0d048) 
thrown [s\open\src\hotspot\share\interpreter\linkResolver.cpp, line 773]
Event: 1.613 Thread 0x000002057430e900 Exception <a 'java/lang/NoSuchMethodError'{0x00000000c8b467f8}: 'java.lang.Object java.lang.invoke.DirectMethodHandle$Holder.newInvokeSpecial(java.lang.Object, java.lang.Object, int)'> (0x00000000c8b467f8) 
thrown [s\open\src\hotspot\share\interpreter\linkResolver.cpp, line 773]
Event: 1.613 Thread 0x000002057430e900 Exception <a 'java/lang/NoSuchMethodError'{0x00000000c8b4ae80}: 'int java.lang.invoke.DirectMethodHandle$Holder.invokeSpecial(java.lang.Object, java.lang.Object, java.lang.Object, int)'> (0x00000000c8b4ae80) 
thrown [s\open\src\hotspot\share\interpreter\linkResolver.cpp, line 773]
Event: 1.615 Thread 0x000002057430e900 Exception <a 'java/lang/NoSuchMethodError'{0x00000000c8b5d6d0}: 'java.lang.Object java.lang.invoke.DirectMethodHandle$Holder.invokeStatic(java.lang.Object, java.lang.Object, java.lang.Object, java.lang.Object, int)'> (0x00000000c8b5d6d0) 
thrown [s\open\src\hotspot\share\interpreter\linkResolver.cpp, line 773]
Event: 1.822 Thread 0x000002057a22f240 Implicit null exception at 0x00000205240801a0 to 0x0000020524080750
Event: 1.822 Thread 0x000002057a22f240 Implicit null exception at 0x000002052407f5a0 to 0x000002052407fb4c
Event: 1.891 Thread 0x000002057a22f240 Exception <a 'java/lang/NoSuchMethodError'{0x00000000c89edfa8}: 'java.lang.Object java.lang.invoke.DirectMethodHandle$Holder.newInvokeSpecial(java.lang.Object, java.lang.Object, java.lang.Object, int, int, int, int, int)'> (0x00000000c89edfa8) 
thrown [s\open\src\hotspot\share\interpreter\linkResolver.cpp, line 773]
Event: 2.006 Thread 0x000002057430e900 Exception <a 'java/lang/NoSuchMethodError'{0x00000000c8872500}: 'void java.lang.invoke.DirectMethodHandle$Holder.invokeStaticInit(java.lang.Object)'> (0x00000000c8872500) 
thrown [s\open\src\hotspot\share\interpreter\linkResolver.cpp, line 773]
Event: 12.191 Thread 0x000002057430e900 Exception <a 'java/lang/NoSuchMethodError'{0x00000000c6d9fae0}: 'int java.lang.invoke.DirectMethodHandle$Holder.invokeStatic(java.lang.Object)'> (0x00000000c6d9fae0) 
thrown [s\open\src\hotspot\share\interpreter\linkResolver.cpp, line 773]

ZGC Phase Switch (0 events):
No events

VM Operations (20 events):
Event: 9.874 Executing VM operation: Cleanup
Event: 9.874 Executing VM operation: Cleanup done
Event: 10.887 Executing VM operation: Cleanup
Event: 10.887 Executing VM operation: Cleanup done
Event: 11.892 Executing VM operation: Cleanup
Event: 11.892 Executing VM operation: Cleanup done
Event: 12.159 Executing VM operation: HandshakeAllThreads (Deoptimize)
Event: 12.159 Executing VM operation: HandshakeAllThreads (Deoptimize) done
Event: 13.173 Executing VM operation: Cleanup
Event: 13.173 Executing VM operation: Cleanup done
Event: 14.182 Executing VM operation: Cleanup
Event: 14.182 Executing VM operation: Cleanup done
Event: 18.199 Executing VM operation: Cleanup
Event: 18.199 Executing VM operation: Cleanup done
Event: 60.144 Executing VM operation: HandshakeAllThreads (HandshakeForDeflation)
Event: 60.145 Executing VM operation: HandshakeAllThreads (HandshakeForDeflation) done
Event: 60.145 Executing VM operation: RendezvousGCThreads
Event: 60.145 Executing VM operation: RendezvousGCThreads done
Event: 110.518 Executing VM operation: Cleanup
Event: 110.533 Executing VM operation: Cleanup done

Events (20 events):
Event: 0.052 Thread 0x000002052eb59c80 Thread added: 0x000002052eb59c80
Event: 0.052 Thread 0x000002052eb5a890 Thread added: 0x000002052eb5a890
Event: 0.052 Thread 0x000002052eb5b4a0 Thread added: 0x000002052eb5b4a0
Event: 0.053 Thread 0x000002052eb68ce0 Thread added: 0x000002052eb68ce0
Event: 0.053 Thread 0x000002052eb98780 Thread added: 0x000002052eb98780
Event: 0.081 Thread 0x00000205740a5d50 Thread added: 0x00000205740a5d50
Event: 0.084 Thread 0x00000205740a6990 Thread added: 0x00000205740a6990
Event: 0.244 Thread 0x000002057429b1d0 Thread added: 0x000002057429b1d0
Event: 0.246 Thread 0x000002057429da80 Thread added: 0x000002057429da80
Event: 0.248 Thread 0x00000205742a66e0 Thread added: 0x00000205742a66e0
Event: 0.424 Thread 0x000002057430e900 Thread added: 0x000002057430e900
Event: 0.424 Thread 0x0000020511eab260 Thread exited: 0x0000020511eab260
Event: 0.424 Thread 0x0000020511eab260 Thread added: 0x0000020511eab260
Event: 0.549 Thread 0x0000020574d065b0 Thread added: 0x0000020574d065b0
Event: 0.598 Thread 0x0000020574dc8820 Thread added: 0x0000020574dc8820
Event: 1.817 Thread 0x000002057a22f240 Thread added: 0x000002057a22f240
Event: 1.957 Thread 0x0000020579cf14b0 Thread added: 0x0000020579cf14b0
Event: 2.501 Thread 0x000002057999aa00 Thread added: 0x000002057999aa00
Event: 2.717 Thread 0x0000020574dc8820 Thread exited: 0x0000020574dc8820
Event: 6.905 Thread 0x000002057a22f240 Thread exited: 0x000002057a22f240


Dynamic libraries:
0x00007ff6a2a10000 - 0x00007ff6a2a20000 	C:\Program Files\Java\jdk-21\bin\java.exe
0x00007ffb66650000 - 0x00007ffb66848000 	C:\WINDOWS\SYSTEM32\ntdll.dll
0x00007ffb65c60000 - 0x00007ffb65d1d000 	C:\WINDOWS\System32\KERNEL32.DLL
0x00007ffb63ef0000 - 0x00007ffb641e6000 	C:\WINDOWS\System32\KERNELBASE.dll
0x00007ffb64380000 - 0x00007ffb64480000 	C:\WINDOWS\System32\ucrtbase.dll
0x00007ffb5f6c0000 - 0x00007ffb5f6db000 	C:\Program Files\Java\jdk-21\bin\VCRUNTIME140.dll
0x00007ffb5f710000 - 0x00007ffb5f729000 	C:\Program Files\Java\jdk-21\bin\jli.dll
0x00007ffb65d90000 - 0x00007ffb65e40000 	C:\WINDOWS\System32\ADVAPI32.dll
0x00007ffb65970000 - 0x00007ffb65a0e000 	C:\WINDOWS\System32\msvcrt.dll
0x00007ffb66570000 - 0x00007ffb66610000 	C:\WINDOWS\System32\sechost.dll
0x00007ffb65fe0000 - 0x00007ffb66103000 	C:\WINDOWS\System32\RPCRT4.dll
0x00007ffb64240000 - 0x00007ffb64267000 	C:\WINDOWS\System32\bcrypt.dll
0x00007ffb65e40000 - 0x00007ffb65fdf000 	C:\WINDOWS\System32\USER32.dll
0x00007ffb52b20000 - 0x00007ffb52dba000 	C:\WINDOWS\WinSxS\amd64_microsoft.windows.common-controls_6595b64144ccf1df_6.0.19041.4355_none_60b8b9eb71f62e16\COMCTL32.dll
0x00007ffb64650000 - 0x00007ffb64672000 	C:\WINDOWS\System32\win32u.dll
0x00007ffb66250000 - 0x00007ffb6627b000 	C:\WINDOWS\System32\GDI32.dll
0x00007ffb64530000 - 0x00007ffb64647000 	C:\WINDOWS\System32\gdi32full.dll
0x00007ffb642e0000 - 0x00007ffb6437d000 	C:\WINDOWS\System32\msvcp_win.dll
0x00007ffb5d220000 - 0x00007ffb5d22a000 	C:\WINDOWS\SYSTEM32\VERSION.dll
0x00007ffb658f0000 - 0x00007ffb65922000 	C:\WINDOWS\System32\IMM32.DLL
0x00007ffb60600000 - 0x00007ffb6060c000 	C:\Program Files\Java\jdk-21\bin\vcruntime140_1.dll
0x00007ffb5d780000 - 0x00007ffb5d80e000 	C:\Program Files\Java\jdk-21\bin\msvcp140.dll
0x00007ffb2b7a0000 - 0x00007ffb2c4b7000 	C:\Program Files\Java\jdk-21\bin\server\jvm.dll
0x00007ffb65d20000 - 0x00007ffb65d8b000 	C:\WINDOWS\System32\WS2_32.dll
0x00007ffb63b50000 - 0x00007ffb63b9b000 	C:\WINDOWS\SYSTEM32\POWRPROF.dll
0x00007ffb5ab50000 - 0x00007ffb5ab77000 	C:\WINDOWS\SYSTEM32\WINMM.dll
0x00007ffb63b30000 - 0x00007ffb63b42000 	C:\WINDOWS\SYSTEM32\UMPDC.dll
0x00007ffb61b80000 - 0x00007ffb61b92000 	C:\WINDOWS\SYSTEM32\kernel.appcore.dll
0x00007ffb5f690000 - 0x00007ffb5f69a000 	C:\Program Files\Java\jdk-21\bin\jimage.dll
0x00007ffb57870000 - 0x00007ffb57a54000 	C:\WINDOWS\SYSTEM32\DBGHELP.DLL
0x00007ffb513f0000 - 0x00007ffb51424000 	C:\WINDOWS\SYSTEM32\dbgcore.DLL
0x00007ffb63e60000 - 0x00007ffb63ee2000 	C:\WINDOWS\System32\bcryptPrimitives.dll
0x00007ffb5f6a0000 - 0x00007ffb5f6bf000 	C:\Program Files\Java\jdk-21\bin\java.dll
0x00007ffb647b0000 - 0x00007ffb64f1b000 	C:\WINDOWS\System32\SHELL32.dll
0x00007ffb61d80000 - 0x00007ffb6251d000 	C:\WINDOWS\SYSTEM32\windows.storage.dll
0x00007ffb65590000 - 0x00007ffb658e3000 	C:\WINDOWS\System32\combase.dll
0x00007ffb63650000 - 0x00007ffb6367e000 	C:\WINDOWS\SYSTEM32\Wldp.dll
0x00007ffb65a10000 - 0x00007ffb65add000 	C:\WINDOWS\System32\OLEAUT32.dll
0x00007ffb653f0000 - 0x00007ffb6549d000 	C:\WINDOWS\System32\SHCORE.dll
0x00007ffb66430000 - 0x00007ffb66485000 	C:\WINDOWS\System32\shlwapi.dll
0x00007ffb63c30000 - 0x00007ffb63c54000 	C:\WINDOWS\SYSTEM32\profapi.dll
0x00007ffb5d810000 - 0x00007ffb5d8e7000 	C:\Program Files\Java\jdk-21\bin\jsvml.dll
0x00007ffb5ed50000 - 0x00007ffb5ed60000 	C:\Program Files\Java\jdk-21\bin\net.dll
0x00007ffb5ada0000 - 0x00007ffb5aeaa000 	C:\WINDOWS\SYSTEM32\WINHTTP.dll
0x00007ffb633b0000 - 0x00007ffb6341a000 	C:\WINDOWS\system32\mswsock.dll
0x00007ffb5ecb0000 - 0x00007ffb5ecc6000 	C:\Program Files\Java\jdk-21\bin\nio.dll
0x00007ffb5e9e0000 - 0x00007ffb5e9f8000 	C:\Program Files\Java\jdk-21\bin\zip.dll
0x00007ffb3b100000 - 0x00007ffb3b28f000 	C:\Program Files\Java\jdk-21\bin\awt.dll
0x00007ffb613f0000 - 0x00007ffb61480000 	C:\WINDOWS\SYSTEM32\apphelp.dll
0x00007ffb61690000 - 0x00007ffb6172e000 	C:\WINDOWS\system32\uxtheme.dll
0x00007ffb65ae0000 - 0x00007ffb65bf4000 	C:\WINDOWS\System32\MSCTF.dll
0x00007ffb64680000 - 0x00007ffb647ab000 	C:\WINDOWS\System32\ole32.dll
0x00007ffb61890000 - 0x00007ffb618bf000 	C:\WINDOWS\system32\DWMAPI.DLL
0x00007ffb58200000 - 0x00007ffb58287000 	C:\Program Files\Java\jdk-21\bin\freetype.dll
0x00007ffb3aee0000 - 0x00007ffb3afc2000 	C:\Program Files\Java\jdk-21\bin\fontmanager.dll
0x00007ffb3afd0000 - 0x00007ffb3b0f5000 	C:\WINDOWS\system32\opengl32.dll
0x00007ffb5e850000 - 0x00007ffb5e87c000 	C:\WINDOWS\SYSTEM32\GLU32.dll
0x00007ffb3b2f0000 - 0x00007ffb3b4be000 	C:\WINDOWS\system32\d3d9.dll
0x00007ffb5ab80000 - 0x00007ffb5ad38000 	C:\WINDOWS\System32\DriverStore\FileRepository\u0376209.inf_amd64_b3bdffadea4def3f\B374968\aticfx64.dll
0x00007ffb51e30000 - 0x00007ffb51e64000 	C:\WINDOWS\System32\DriverStore\FileRepository\u0376209.inf_amd64_b3bdffadea4def3f\B374968\atiu9p64.dll
0x00007ffb350b0000 - 0x00007ffb35e04000 	C:\WINDOWS\System32\DriverStore\FileRepository\u0376209.inf_amd64_b3bdffadea4def3f\B374968\atiumd64.dll
0x0000000076550000 - 0x00000000773c5000 	C:\WINDOWS\System32\DriverStore\FileRepository\u0376209.inf_amd64_b3bdffadea4def3f\B374968\atiumd6a.dll
0x00007ffb64f80000 - 0x00007ffb653ee000 	C:\WINDOWS\System32\SETUPAPI.dll
0x00007ffb641f0000 - 0x00007ffb6423e000 	C:\WINDOWS\System32\cfgmgr32.dll
0x00007ffb58380000 - 0x00007ffb583b0000 	C:\WINDOWS\SYSTEM32\amdihk64.dll
0x00007ffb5afb0000 - 0x00007ffb5afeb000 	C:\WINDOWS\SYSTEM32\dxcore.dll
0x00007ffb630d0000 - 0x00007ffb6319b000 	C:\WINDOWS\SYSTEM32\DNSAPI.dll
0x00007ffb63090000 - 0x00007ffb630cb000 	C:\WINDOWS\SYSTEM32\IPHLPAPI.DLL
0x00007ffb65960000 - 0x00007ffb65968000 	C:\WINDOWS\System32\NSI.dll
0x00007ffb54740000 - 0x00007ffb5474a000 	C:\Windows\System32\rasadhlp.dll
0x00007ffb54100000 - 0x00007ffb54180000 	C:\WINDOWS\System32\fwpuclnt.dll
0x00007ffb5e9d0000 - 0x00007ffb5e9d9000 	C:\Program Files\Java\jdk-21\bin\extnet.dll
0x00007ffb635a0000 - 0x00007ffb635b8000 	C:\WINDOWS\SYSTEM32\CRYPTSP.dll
0x00007ffb62cd0000 - 0x00007ffb62d04000 	C:\WINDOWS\system32\rsaenh.dll
0x00007ffb63be0000 - 0x00007ffb63c0e000 	C:\WINDOWS\SYSTEM32\USERENV.dll
0x00007ffb635c0000 - 0x00007ffb635cc000 	C:\WINDOWS\SYSTEM32\CRYPTBASE.dll
0x00007ffb60610000 - 0x00007ffb6061e000 	C:\Program Files\Java\jdk-21\bin\sunmscapi.dll
0x00007ffb63d00000 - 0x00007ffb63e5e000 	C:\WINDOWS\System32\CRYPT32.dll
0x00007ffb636c0000 - 0x00007ffb636e9000 	C:\WINDOWS\SYSTEM32\ncrypt.dll
0x00007ffb63680000 - 0x00007ffb636bb000 	C:\WINDOWS\SYSTEM32\NTASN1.dll
0x00007ffb4af00000 - 0x00007ffb4af2e000 	C:\Program Files\Java\jdk-21\bin\javajpeg.dll
0x00007ffb66110000 - 0x00007ffb661b9000 	C:\WINDOWS\System32\clbcatq.dll
0x00007ffb5dbb0000 - 0x00007ffb5dd64000 	C:\WINDOWS\SYSTEM32\WindowsCodecs.dll
0x00007ffb44270000 - 0x00007ffb442ae000 	C:\WINDOWS\system32\dataexchange.dll
0x00007ffb5f930000 - 0x00007ffb5fb93000 	C:\WINDOWS\system32\d3d11.dll
0x00007ffb607a0000 - 0x00007ffb60985000 	C:\WINDOWS\system32\dcomp.dll
0x00007ffb62580000 - 0x00007ffb62672000 	C:\WINDOWS\system32\dxgi.dll
0x00007ffb5de30000 - 0x00007ffb5e033000 	C:\WINDOWS\system32\twinapi.appcore.dll
0x00007ffb56fb0000 - 0x00007ffb570a9000 	C:\WINDOWS\SYSTEM32\textinputframework.dll
0x00007ffb60d10000 - 0x00007ffb6106b000 	C:\WINDOWS\System32\CoreUIComponents.dll
0x00007ffb61070000 - 0x00007ffb61162000 	C:\WINDOWS\System32\CoreMessaging.dll
0x00007ffb62df0000 - 0x00007ffb62e23000 	C:\WINDOWS\SYSTEM32\ntmarta.dll
0x00007ffb60620000 - 0x00007ffb60777000 	C:\WINDOWS\SYSTEM32\wintypes.dll

dbghelp: loaded successfully - version: 4.0.5 - missing functions: none
symbol engine: initialized successfully - sym options: 0x614 - pdb path: .;C:\Program Files\Java\jdk-21\bin;C:\WINDOWS\SYSTEM32;C:\WINDOWS\WinSxS\amd64_microsoft.windows.common-controls_6595b64144ccf1df_6.0.19041.4355_none_60b8b9eb71f62e16;C:\Program Files\Java\jdk-21\bin\server;C:\WINDOWS\System32\DriverStore\FileRepository\u0376209.inf_amd64_b3bdffadea4def3f\B374968

VM Arguments:
jvm_args: -Dfile.encoding=UTF-8 -Djava.security.policy=applet.policy 
java_command: Interfaces.A5_ResultsStudent
java_class_path (initial): C:\Program Files\NetBeans-17\netbeans\java\modules\ext\AbsoluteLayout.jar;C:\Users\NIRWAN\3D Objects\New Folder (3)\jcalendar-1.4\lib\jcalendar-1.4.jar;C:\Users\NIRWAN\Downloads\mysql-connector-j-8.3.0\mysql-connector-j-8.3.0\mysql-connector-j-8.3.0.jar;C:\Users\NIRWAN\OneDrive\Documents\mysql-connector-j-8.3.0.jar;C:\Users\NIRWAN\OneDrive\Documents\NetBeansProjects\Student Results Management System\build\classes
Launcher Type: SUN_STANDARD

[Global flags]
     intx CICompilerCount                          = 3                                         {product} {ergonomic}
     uint ConcGCThreads                            = 1                                         {product} {ergonomic}
     uint G1ConcRefinementThreads                  = 4                                         {product} {ergonomic}
   size_t G1HeapRegionSize                         = 1048576                                   {product} {ergonomic}
    uintx GCDrainStackTargetSize                   = 64                                        {product} {ergonomic}
   size_t InitialHeapSize                          = 62914560                                  {product} {ergonomic}
   size_t MarkStackSize                            = 4194304                                   {product} {ergonomic}
   size_t MaxHeapSize                              = 983564288                                 {product} {ergonomic}
   size_t MaxNewSize                               = 589299712                                 {product} {ergonomic}
   size_t MinHeapDeltaBytes                        = 1048576                                   {product} {ergonomic}
   size_t MinHeapSize                              = 8388608                                   {product} {ergonomic}
    uintx NonNMethodCodeHeapSize                   = 5832780                                {pd product} {ergonomic}
    uintx NonProfiledCodeHeapSize                  = 122912730                              {pd product} {ergonomic}
    uintx ProfiledCodeHeapSize                     = 122912730                              {pd product} {ergonomic}
    uintx ReservedCodeCacheSize                    = 251658240                              {pd product} {ergonomic}
     bool SegmentedCodeCache                       = true                                      {product} {ergonomic}
   size_t SoftMaxHeapSize                          = 983564288                              {manageable} {ergonomic}
     bool UseCompressedOops                        = true                           {product lp64_product} {ergonomic}
     bool UseG1GC                                  = true                                      {product} {ergonomic}
     bool UseLargePagesIndividualAllocation        = false                                  {pd product} {ergonomic}

Logging:
Log output configuration:
 #0: stdout all=warning uptime,level,tags foldmultilines=false
 #1: stderr all=off uptime,level,tags foldmultilines=false

Environment Variables:
JAVA_HOME=C:\Program Files\Java\jdk-21
PATH=C:\Program Files\Common Files\Oracle\Java\javapath;C:\Program Files (x86)\NVIDIA Corporation\PhysX\Common;C:\WINDOWS\system32;C:\WINDOWS;C:\WINDOWS\System32\Wbem;C:\WINDOWS\System32\WindowsPowerShell\v1.0\;C:\WINDOWS\System32\OpenSSH\;C:\Program Files\Java\jdk-21\bin;C:\Program Files\MySQL\MySQL Server 8.0\bin;C:\Program Files\MySQL\MySQL Server 8.0\bin;C:\Program Files\MySQL\MySQL Shell 8.0\bin\;C:\Users\NIRWAN\AppData\Local\Microsoft\WindowsApps;
USERNAME=NIRWAN
OS=Windows_NT
PROCESSOR_IDENTIFIER=AMD64 Family 23 Model 17 Stepping 0, AuthenticAMD
TMP=C:\Users\NIRWAN\AppData\Local\Temp
TEMP=C:\Users\NIRWAN\AppData\Local\Temp




Periodic native trim disabled

---------------  S Y S T E M  ---------------

OS:
 Windows 10 , 64 bit Build 19041 (10.0.19041.3636)
OS uptime: 0 days 1:28 hours

CPU: total 4 (initial active 4) (4 cores per cpu, 2 threads per core) family 23 model 17 stepping 0 microcode 0x0, cx8, cmov, fxsr, ht, mmx, 3dnowpref, sse, sse2, sse3, ssse3, sse4a, sse4.1, sse4.2, popcnt, lzcnt, tsc, tscinvbit, avx, avx2, aes, clmul, bmi1, bmi2, adx, sha, fma, vzeroupper, clflush, clflushopt, rdtscp, f16c
Processor Information for all 4 processors :
  Max Mhz: 2500, Current Mhz: 2500, Mhz Limit: 2500

Memory: 4k page, system-wide physical 3747M (240M free)
TotalPageFile size 6747M (AvailPageFile size 0M)
current process WorkingSet (physical memory assigned to process): 44M, peak: 143M
current process commit charge ("private bytes"): 197M, peak: 209M

vm_info: Java HotSpot(TM) 64-Bit Server VM (21.0.2+13-LTS-58) for windows-amd64 JRE (21.0.2+13-LTS-58), built on 2024-01-05T18:32:24Z by "mach5one" with MS VC++ 17.1 (VS2022)

END.
