#
# There is insufficient memory for the Java Runtime Environment to continue.
# Native memory allocation (mmap) failed to map 65536 bytes for Failed to commit metaspace.
# Possible reasons:
#   The system is out of physical RAM or swap space
#   The process is running with CompressedOops enabled, and the Java Heap may be blocking the growth of the native heap
# Possible solutions:
#   Reduce memory load on the system
#   Increase physical memory or swap space
#   Check if swap backing store is full
#   Decrease Java heap size (-Xmx/-Xms)
#   Decrease number of Java threads
#   Decrease Java thread stack sizes (-Xss)
#   Set larger code cache with -XX:ReservedCodeCacheSize=
#   JVM is running with Unscaled Compressed Oops mode in which the Java heap is
#     placed in the first 4GB address space. The Java Heap base address is the
#     maximum limit for the native heap growth. Please use -XX:HeapBaseMinAddress
#     to set the Java Heap base and to place the Java Heap above 4GB virtual address.
# This output file may be truncated or incomplete.
#
#  Out of Memory Error (virtualSpaceNode.cpp:112), pid=7480, tid=10272
#
# JRE version: Java(TM) SE Runtime Environment (21.0.2+13) (build 21.0.2+13-LTS-58)
# Java VM: Java HotSpot(TM) 64-Bit Server VM (21.0.2+13-LTS-58, mixed mode, sharing, tiered, compressed oops, compressed class ptrs, g1 gc, windows-amd64)
# No core dump will be written. Minidumps are not enabled by default on client versions of Windows
#

---------------  S U M M A R Y ------------

Command Line: -Dfile.encoding=UTF-8 -Djava.security.policy=applet.policy --module-path=C:\Users\NIRWAN\OneDrive\Documents\NetBeansProjects\Student Results Management System\build\classes Interfaces.Home

Host: AMD Ryzen 3 2200U with Radeon Vega Mobile Gfx  , 4 cores, 3G,  Windows 10 , 64 bit Build 19041 (10.0.19041.3636)
Time: Wed Apr 24 02:21:30 2024 Sri Lanka Standard Time elapsed time: 0.508680 seconds (0d 0h 0m 0s)

---------------  T H R E A D  ---------------

Current thread (0x00000214cc86d5b0):  JavaThread "main"             [_thread_in_vm, id=10272, stack(0x00000023b5800000,0x00000023b5900000) (1024K)]

Stack: [0x00000023b5800000,0x00000023b5900000]
Native frames: (J=compiled Java code, j=interpreted, Vv=VM code, C=native code)
V  [jvm.dll+0x6cade9]
V  [jvm.dll+0x8569c1]
V  [jvm.dll+0x858d2e]
V  [jvm.dll+0x859413]
V  [jvm.dll+0x280e56]
V  [jvm.dll+0x8526ee]
V  [jvm.dll+0x66e705]
V  [jvm.dll+0x66e76a]
V  [jvm.dll+0x670f96]
V  [jvm.dll+0x670e62]
V  [jvm.dll+0x66f0de]
V  [jvm.dll+0x26b47f]
V  [jvm.dll+0x679305]
V  [jvm.dll+0x217b73]
V  [jvm.dll+0x2180b5]
V  [jvm.dll+0x218ad1]
V  [jvm.dll+0x20dd9e]
V  [jvm.dll+0x5ad3dc]
V  [jvm.dll+0x21f76a]
V  [jvm.dll+0x7cec21]
V  [jvm.dll+0x7cfc85]
V  [jvm.dll+0x7d022f]
V  [jvm.dll+0x7cfed8]
V  [jvm.dll+0x26ed7b]
V  [jvm.dll+0x26efaa]
V  [jvm.dll+0x5d0147]
V  [jvm.dll+0x5d30ff]
V  [jvm.dll+0x3d7870]
V  [jvm.dll+0x3d6eed]
C  0x00000214ddbf96f5

The last pc belongs to invokestatic (printed below).
Java frames: (J=compiled Java code, j=interpreted, Vv=VM code)
j  javax.swing.plaf.nimbus.NimbusDefaults.initializeDefaults(Ljavax/swing/UIDefaults;)V+9191 java.desktop@21.0.2
j  javax.swing.plaf.nimbus.NimbusLookAndFeel.getDefaults()Ljavax/swing/UIDefaults;+38 java.desktop@21.0.2
j  javax.swing.UIManager.setLookAndFeel(Ljavax/swing/LookAndFeel;)V+66 java.desktop@21.0.2
j  javax.swing.UIManager.setLookAndFeel(Ljava/lang/String;)V+34 java.desktop@21.0.2
j  Interfaces.Home.main([Ljava/lang/String;)V+38
v  ~StubRoutines::call_stub 0x00000214ddbe100d
invokestatic  184 invokestatic  [0x00000214ddbf9640, 0x00000214ddbf98e8]  680 bytes
[MachCode]
  0x00000214ddbf9640: 4883 ec08 | c5fa 1104 | 24eb 1f48 | 83ec 10c5 | fb11 0424 | eb14 4883 | ec10 4889 | 0424 48c7 
  0x00000214ddbf9660: 4424 0800 | 0000 00eb | 0150 4c89 | 6dc0 410f | b755 0148 | 8b4d d0c1 | e202 8b5c | d138 c1eb 
  0x00000214ddbf9680: 1081 e3ff | 0000 0081 | fbb8 0000 | 000f 84b4 | 0000 00bb | b800 0000 | e805 0000 | 00e9 9900 
  0x00000214ddbf96a0: 0000 488b | d348 8d44 | 2408 4c89 | 6dc0 498b | cfc5 f877 | 4989 afa8 | 0300 0049 | 8987 9803 
  0x00000214ddbf96c0: 0000 4883 | ec20 40f6 | c40f 0f84 | 1900 0000 | 4883 ec08 | 48b8 806e | 2d11 f97f | 0000 ffd0 
  0x00000214ddbf96e0: 4883 c408 | e90c 0000 | 0048 b880 | 6e2d 11f9 | 7f00 00ff | d048 83c4 | 2049 c787 | 9803 0000 
  0x00000214ddbf9700: 0000 0000 | 49c7 87a8 | 0300 0000 | 0000 0049 | c787 a003 | 0000 0000 | 0000 c5f8 | 7749 837f 
  0x00000214ddbf9720: 0800 0f84 | 0500 0000 | e9d3 77fe | ff4c 8b6d | c04c 8b75 | c84e 8d74 | f500 c341 | 0fb7 5501 
  0x00000214ddbf9740: 488b 4dd0 | c1e2 0248 | 8b5c d140 | 488b 5b08 | 488b 5b08 | 488b 5b18 | 80bb 2001 | 0000 050f 
  0x00000214ddbf9760: 840d 0000 | 004c 3bbb | 3001 0000 | 0f85 21ff | ffff 488b | 5cd1 408b | 54d1 50c1 | ea1c 49ba 
  0x00000214ddbf9780: 10c6 b411 | f97f 0000 | 498b 14d2 | 5248 8b45 | d848 85c0 | 0f84 1200 | 0000 4883 | 4008 0148 
  0x00000214ddbf97a0: 8358 0800 | 4883 c010 | 4889 45d8 | 488b 45d8 | 4885 c00f | 8423 0100 | 0080 78f0 | 0a0f 8519 
  0x00000214ddbf97c0: 0100 0048 | 83c0 084c | 8b68 f841 | 83ed 0041 | 83fd 020f | 8cf8 0000 | 004c 8b6b | 0845 0fb7 
  0x00000214ddbf97e0: 6d2e 4c2b | 2841 83ed | 014e 8b6c | ec08 4d85 | ed75 0748 | 8348 0801 | eb4a 458b | 6d08 49ba 
  0x00000214ddbf9800: 0000 0080 | 1402 0000 | 4d03 ea4c | 3368 0849 | f7c5 fcff | ffff 742c | 41f6 c502 | 7526 4883 
  0x00000214ddbf9820: 7808 0074 | 1b48 8378 | 0801 7414 | 4c33 6808 | 49f7 c5fc | ffff ff74 | 0b48 8348 | 0802 eb04 
  0x00000214ddbf9840: 4c89 6808 | 4883 c010 | 4c8b 68e8 | 4183 ed02 | 4183 fd02 | 0f8c 7700 | 0000 4c8b | 6b08 450f 
  0x00000214ddbf9860: b76d 2e4c | 2b28 4183 | ed01 4e8b | 6cec 084d | 85ed 7507 | 4883 4808 | 01eb 4a45 | 8b6d 0849 
  0x00000214ddbf9880: ba00 0000 | 8014 0200 | 004d 03ea | 4c33 6808 | 49f7 c5fc | ffff ff74 | 2c41 f6c5 | 0275 2648 
  0x00000214ddbf98a0: 8378 0800 | 741b 4883 | 7808 0174 | 144c 3368 | 0849 f7c5 | fcff ffff | 740b 4883 | 4808 02eb 
  0x00000214ddbf98c0: 044c 8968 | 0848 83c0 | 104c 8b68 | d841 83ed | 0441 c1e5 | 0349 03c5 | 4889 45d8 | 4c8d 6c24 
  0x00000214ddbf98e0: 084c 896d | f0ff 6350 
[/MachCode]

---------------  P R O C E S S  ---------------

Threads class SMR info:
_java_thread_list=0x00000214e96ebf20, length=14, elements={
0x00000214cc86d5b0, 0x00000214ccb1bd20, 0x00000214ccb1d990, 0x00000214e94ce400,
0x00000214e94d11f0, 0x00000214e94d23f0, 0x00000214e94d6af0, 0x00000214e94da030,
0x00000214e94dd280, 0x00000214e96a98a0, 0x00000214e976ae10, 0x00000214e97ee320,
0x00000214e97f7c40, 0x00000214e97f86c0
}

Java Threads: ( => current thread )
=>0x00000214cc86d5b0 JavaThread "main"                              [_thread_in_vm, id=10272, stack(0x00000023b5800000,0x00000023b5900000) (1024K)]
  0x00000214ccb1bd20 JavaThread "Reference Handler"          daemon [_thread_blocked, id=11764, stack(0x00000023b6000000,0x00000023b6100000) (1024K)]
  0x00000214ccb1d990 JavaThread "Finalizer"                  daemon [_thread_blocked, id=2644, stack(0x00000023b6100000,0x00000023b6200000) (1024K)]
  0x00000214e94ce400 JavaThread "Signal Dispatcher"          daemon [_thread_blocked, id=3740, stack(0x00000023b6200000,0x00000023b6300000) (1024K)]
  0x00000214e94d11f0 JavaThread "Attach Listener"            daemon [_thread_blocked, id=9008, stack(0x00000023b6300000,0x00000023b6400000) (1024K)]
  0x00000214e94d23f0 JavaThread "Service Thread"             daemon [_thread_blocked, id=4960, stack(0x00000023b6400000,0x00000023b6500000) (1024K)]
  0x00000214e94d6af0 JavaThread "Monitor Deflation Thread"   daemon [_thread_blocked, id=5052, stack(0x00000023b6500000,0x00000023b6600000) (1024K)]
  0x00000214e94da030 JavaThread "C2 CompilerThread0"         daemon [_thread_in_native, id=11692, stack(0x00000023b6600000,0x00000023b6700000) (1024K)]
  0x00000214e94dd280 JavaThread "C1 CompilerThread0"         daemon [_thread_blocked, id=7496, stack(0x00000023b6700000,0x00000023b6800000) (1024K)]
  0x00000214e96a98a0 JavaThread "Common-Cleaner"             daemon [_thread_blocked, id=8612, stack(0x00000023b6800000,0x00000023b6900000) (1024K)]
  0x00000214e976ae10 JavaThread "Notification Thread"        daemon [_thread_blocked, id=1436, stack(0x00000023b6900000,0x00000023b6a00000) (1024K)]
  0x00000214e97ee320 JavaThread "Java2D Disposer"            daemon [_thread_blocked, id=12260, stack(0x00000023b6a00000,0x00000023b6b00000) (1024K)]
  0x00000214e97f7c40 JavaThread "AWT-Shutdown"                      [_thread_blocked, id=12028, stack(0x00000023b6b00000,0x00000023b6c00000) (1024K)]
  0x00000214e97f86c0 JavaThread "AWT-Windows"                daemon [_thread_in_native, id=7920, stack(0x00000023b6c00000,0x00000023b6d00000) (1024K)]
Total: 14

Other Threads:
  0x00000214ccb009c0 VMThread "VM Thread"                           [id=7948, stack(0x00000023b5f00000,0x00000023b6000000) (1024K)]
  0x00000214e94bd300 WatcherThread "VM Periodic Task Thread"        [id=8732, stack(0x00000023b5e00000,0x00000023b5f00000) (1024K)]
  0x00000214cca7bfa0 WorkerThread "GC Thread#0"                     [id=11396, stack(0x00000023b5900000,0x00000023b5a00000) (1024K)]
  0x00000214cca84e80 ConcurrentGCThread "G1 Main Marker"            [id=12000, stack(0x00000023b5a00000,0x00000023b5b00000) (1024K)]
  0x00000214cca86120 WorkerThread "G1 Conc#0"                       [id=1596, stack(0x00000023b5b00000,0x00000023b5c00000) (1024K)]
  0x00000214ccad9880 ConcurrentGCThread "G1 Refine#0"               [id=8228, stack(0x00000023b5c00000,0x00000023b5d00000) (1024K)]
  0x00000214ccada3f0 ConcurrentGCThread "G1 Service"                [id=4936, stack(0x00000023b5d00000,0x00000023b5e00000) (1024K)]
Total: 7

Threads with active compile tasks:
C2 CompilerThread0      550  588       4       java.util.HashMap::resize (356 bytes)
Total: 1

VM state: not at safepoint (normal execution)

VM Mutex/Monitor currently owned by a thread:  ([mutex/lock_event])
[0x00007ff911b3ace8] Metaspace_lock - owner thread: 0x00000214cc86d5b0

Heap address: 0x00000000c5600000, size: 938 MB, Compressed Oops mode: 32-bit

CDS archive(s) mapped at: [0x0000021480000000-0x0000021480c90000-0x0000021480c90000), size 13172736, SharedBaseAddress: 0x0000021480000000, ArchiveRelocationMode: 1.
Compressed class space mapped at: 0x0000021481000000-0x00000214c1000000, reserved size: 1073741824
Narrow klass base: 0x0000021480000000, Narrow klass shift: 0, Narrow klass range: 0x100000000

GC Precious Log:
 CardTable entry size: 512
 Card Set container configuration: InlinePtr #cards 5 size 8 Array Of Cards #cards 12 size 40 Howl #buckets 4 coarsen threshold 1843 Howl Bitmap #cards 512 size 80 coarsen threshold 460 Card regions per heap region 1 cards per card region 2048
 CPUs: 4 total, 4 available
 Memory: 3747M
 Large Page Support: Disabled
 NUMA Support: Disabled
 Compressed Oops: Enabled (32-bit)
 Heap Region Size: 1M
 Heap Min Capacity: 8M
 Heap Initial Capacity: 60M
 Heap Max Capacity: 938M
 Pre-touch: Disabled
 Parallel Workers: 4
 Concurrent Workers: 1
 Concurrent Refinement Workers: 4
 Periodic GC: Disabled

Heap:
 garbage-first heap   total 61440K, used 5120K [0x00000000c5600000, 0x0000000100000000)
  region size 1024K, 6 young (6144K), 0 survivors (0K)
 Metaspace       used 5790K, committed 5888K, reserved 1114112K
  class space    used 660K, committed 704K, reserved 1048576K

Heap Regions: E=young(eden), S=young(survivor), O=old, HS=humongous(starts), HC=humongous(continues), CS=collection set, F=free, TAMS=top-at-mark-start, PB=parsable bottom
|   0|0x00000000c5600000, 0x00000000c5600000, 0x00000000c5700000|  0%| F|  |TAMS 0x00000000c5600000| PB 0x00000000c5600000| Untracked 
|   1|0x00000000c5700000, 0x00000000c5700000, 0x00000000c5800000|  0%| F|  |TAMS 0x00000000c5700000| PB 0x00000000c5700000| Untracked 
|   2|0x00000000c5800000, 0x00000000c5800000, 0x00000000c5900000|  0%| F|  |TAMS 0x00000000c5800000| PB 0x00000000c5800000| Untracked 
|   3|0x00000000c5900000, 0x00000000c5900000, 0x00000000c5a00000|  0%| F|  |TAMS 0x00000000c5900000| PB 0x00000000c5900000| Untracked 
|   4|0x00000000c5a00000, 0x00000000c5a00000, 0x00000000c5b00000|  0%| F|  |TAMS 0x00000000c5a00000| PB 0x00000000c5a00000| Untracked 
|   5|0x00000000c5b00000, 0x00000000c5b00000, 0x00000000c5c00000|  0%| F|  |TAMS 0x00000000c5b00000| PB 0x00000000c5b00000| Untracked 
|   6|0x00000000c5c00000, 0x00000000c5c00000, 0x00000000c5d00000|  0%| F|  |TAMS 0x00000000c5c00000| PB 0x00000000c5c00000| Untracked 
|   7|0x00000000c5d00000, 0x00000000c5d00000, 0x00000000c5e00000|  0%| F|  |TAMS 0x00000000c5d00000| PB 0x00000000c5d00000| Untracked 
|   8|0x00000000c5e00000, 0x00000000c5e00000, 0x00000000c5f00000|  0%| F|  |TAMS 0x00000000c5e00000| PB 0x00000000c5e00000| Untracked 
|   9|0x00000000c5f00000, 0x00000000c5f00000, 0x00000000c6000000|  0%| F|  |TAMS 0x00000000c5f00000| PB 0x00000000c5f00000| Untracked 
|  10|0x00000000c6000000, 0x00000000c6000000, 0x00000000c6100000|  0%| F|  |TAMS 0x00000000c6000000| PB 0x00000000c6000000| Untracked 
|  11|0x00000000c6100000, 0x00000000c6100000, 0x00000000c6200000|  0%| F|  |TAMS 0x00000000c6100000| PB 0x00000000c6100000| Untracked 
|  12|0x00000000c6200000, 0x00000000c6200000, 0x00000000c6300000|  0%| F|  |TAMS 0x00000000c6200000| PB 0x00000000c6200000| Untracked 
|  13|0x00000000c6300000, 0x00000000c6300000, 0x00000000c6400000|  0%| F|  |TAMS 0x00000000c6300000| PB 0x00000000c6300000| Untracked 
|  14|0x00000000c6400000, 0x00000000c6400000, 0x00000000c6500000|  0%| F|  |TAMS 0x00000000c6400000| PB 0x00000000c6400000| Untracked 
|  15|0x00000000c6500000, 0x00000000c6500000, 0x00000000c6600000|  0%| F|  |TAMS 0x00000000c6500000| PB 0x00000000c6500000| Untracked 
|  16|0x00000000c6600000, 0x00000000c6600000, 0x00000000c6700000|  0%| F|  |TAMS 0x00000000c6600000| PB 0x00000000c6600000| Untracked 
|  17|0x00000000c6700000, 0x00000000c6700000, 0x00000000c6800000|  0%| F|  |TAMS 0x00000000c6700000| PB 0x00000000c6700000| Untracked 
|  18|0x00000000c6800000, 0x00000000c6800000, 0x00000000c6900000|  0%| F|  |TAMS 0x00000000c6800000| PB 0x00000000c6800000| Untracked 
|  19|0x00000000c6900000, 0x00000000c6900000, 0x00000000c6a00000|  0%| F|  |TAMS 0x00000000c6900000| PB 0x00000000c6900000| Untracked 
|  20|0x00000000c6a00000, 0x00000000c6a00000, 0x00000000c6b00000|  0%| F|  |TAMS 0x00000000c6a00000| PB 0x00000000c6a00000| Untracked 
|  21|0x00000000c6b00000, 0x00000000c6b00000, 0x00000000c6c00000|  0%| F|  |TAMS 0x00000000c6b00000| PB 0x00000000c6b00000| Untracked 
|  22|0x00000000c6c00000, 0x00000000c6c00000, 0x00000000c6d00000|  0%| F|  |TAMS 0x00000000c6c00000| PB 0x00000000c6c00000| Untracked 
|  23|0x00000000c6d00000, 0x00000000c6d00000, 0x00000000c6e00000|  0%| F|  |TAMS 0x00000000c6d00000| PB 0x00000000c6d00000| Untracked 
|  24|0x00000000c6e00000, 0x00000000c6e00000, 0x00000000c6f00000|  0%| F|  |TAMS 0x00000000c6e00000| PB 0x00000000c6e00000| Untracked 
|  25|0x00000000c6f00000, 0x00000000c6f00000, 0x00000000c7000000|  0%| F|  |TAMS 0x00000000c6f00000| PB 0x00000000c6f00000| Untracked 
|  26|0x00000000c7000000, 0x00000000c7000000, 0x00000000c7100000|  0%| F|  |TAMS 0x00000000c7000000| PB 0x00000000c7000000| Untracked 
|  27|0x00000000c7100000, 0x00000000c7100000, 0x00000000c7200000|  0%| F|  |TAMS 0x00000000c7100000| PB 0x00000000c7100000| Untracked 
|  28|0x00000000c7200000, 0x00000000c7200000, 0x00000000c7300000|  0%| F|  |TAMS 0x00000000c7200000| PB 0x00000000c7200000| Untracked 
|  29|0x00000000c7300000, 0x00000000c7300000, 0x00000000c7400000|  0%| F|  |TAMS 0x00000000c7300000| PB 0x00000000c7300000| Untracked 
|  30|0x00000000c7400000, 0x00000000c7400000, 0x00000000c7500000|  0%| F|  |TAMS 0x00000000c7400000| PB 0x00000000c7400000| Untracked 
|  31|0x00000000c7500000, 0x00000000c7500000, 0x00000000c7600000|  0%| F|  |TAMS 0x00000000c7500000| PB 0x00000000c7500000| Untracked 
|  32|0x00000000c7600000, 0x00000000c7600000, 0x00000000c7700000|  0%| F|  |TAMS 0x00000000c7600000| PB 0x00000000c7600000| Untracked 
|  33|0x00000000c7700000, 0x00000000c7700000, 0x00000000c7800000|  0%| F|  |TAMS 0x00000000c7700000| PB 0x00000000c7700000| Untracked 
|  34|0x00000000c7800000, 0x00000000c7800000, 0x00000000c7900000|  0%| F|  |TAMS 0x00000000c7800000| PB 0x00000000c7800000| Untracked 
|  35|0x00000000c7900000, 0x00000000c7900000, 0x00000000c7a00000|  0%| F|  |TAMS 0x00000000c7900000| PB 0x00000000c7900000| Untracked 
|  36|0x00000000c7a00000, 0x00000000c7a00000, 0x00000000c7b00000|  0%| F|  |TAMS 0x00000000c7a00000| PB 0x00000000c7a00000| Untracked 
|  37|0x00000000c7b00000, 0x00000000c7b00000, 0x00000000c7c00000|  0%| F|  |TAMS 0x00000000c7b00000| PB 0x00000000c7b00000| Untracked 
|  38|0x00000000c7c00000, 0x00000000c7c00000, 0x00000000c7d00000|  0%| F|  |TAMS 0x00000000c7c00000| PB 0x00000000c7c00000| Untracked 
|  39|0x00000000c7d00000, 0x00000000c7d00000, 0x00000000c7e00000|  0%| F|  |TAMS 0x00000000c7d00000| PB 0x00000000c7d00000| Untracked 
|  40|0x00000000c7e00000, 0x00000000c7e00000, 0x00000000c7f00000|  0%| F|  |TAMS 0x00000000c7e00000| PB 0x00000000c7e00000| Untracked 
|  41|0x00000000c7f00000, 0x00000000c7f00000, 0x00000000c8000000|  0%| F|  |TAMS 0x00000000c7f00000| PB 0x00000000c7f00000| Untracked 
|  42|0x00000000c8000000, 0x00000000c8000000, 0x00000000c8100000|  0%| F|  |TAMS 0x00000000c8000000| PB 0x00000000c8000000| Untracked 
|  43|0x00000000c8100000, 0x00000000c8100000, 0x00000000c8200000|  0%| F|  |TAMS 0x00000000c8100000| PB 0x00000000c8100000| Untracked 
|  44|0x00000000c8200000, 0x00000000c8200000, 0x00000000c8300000|  0%| F|  |TAMS 0x00000000c8200000| PB 0x00000000c8200000| Untracked 
|  45|0x00000000c8300000, 0x00000000c8300000, 0x00000000c8400000|  0%| F|  |TAMS 0x00000000c8300000| PB 0x00000000c8300000| Untracked 
|  46|0x00000000c8400000, 0x00000000c8400000, 0x00000000c8500000|  0%| F|  |TAMS 0x00000000c8400000| PB 0x00000000c8400000| Untracked 
|  47|0x00000000c8500000, 0x00000000c8500000, 0x00000000c8600000|  0%| F|  |TAMS 0x00000000c8500000| PB 0x00000000c8500000| Untracked 
|  48|0x00000000c8600000, 0x00000000c8600000, 0x00000000c8700000|  0%| F|  |TAMS 0x00000000c8600000| PB 0x00000000c8600000| Untracked 
|  49|0x00000000c8700000, 0x00000000c8700000, 0x00000000c8800000|  0%| F|  |TAMS 0x00000000c8700000| PB 0x00000000c8700000| Untracked 
|  50|0x00000000c8800000, 0x00000000c8800000, 0x00000000c8900000|  0%| F|  |TAMS 0x00000000c8800000| PB 0x00000000c8800000| Untracked 
|  51|0x00000000c8900000, 0x00000000c8900000, 0x00000000c8a00000|  0%| F|  |TAMS 0x00000000c8900000| PB 0x00000000c8900000| Untracked 
|  52|0x00000000c8a00000, 0x00000000c8a00000, 0x00000000c8b00000|  0%| F|  |TAMS 0x00000000c8a00000| PB 0x00000000c8a00000| Untracked 
|  53|0x00000000c8b00000, 0x00000000c8b00000, 0x00000000c8c00000|  0%| F|  |TAMS 0x00000000c8b00000| PB 0x00000000c8b00000| Untracked 
|  54|0x00000000c8c00000, 0x00000000c8cc83d8, 0x00000000c8d00000| 78%| E|  |TAMS 0x00000000c8c00000| PB 0x00000000c8c00000| Complete 
|  55|0x00000000c8d00000, 0x00000000c8e00000, 0x00000000c8e00000|100%| E|CS|TAMS 0x00000000c8d00000| PB 0x00000000c8d00000| Complete 
|  56|0x00000000c8e00000, 0x00000000c8f00000, 0x00000000c8f00000|100%| E|CS|TAMS 0x00000000c8e00000| PB 0x00000000c8e00000| Complete 
|  57|0x00000000c8f00000, 0x00000000c9000000, 0x00000000c9000000|100%| E|CS|TAMS 0x00000000c8f00000| PB 0x00000000c8f00000| Complete 
|  58|0x00000000c9000000, 0x00000000c9100000, 0x00000000c9100000|100%| E|CS|TAMS 0x00000000c9000000| PB 0x00000000c9000000| Complete 
|  59|0x00000000c9100000, 0x00000000c9200000, 0x00000000c9200000|100%| E|CS|TAMS 0x00000000c9100000| PB 0x00000000c9100000| Complete 

Card table byte_map: [0x00000214e5eb0000,0x00000214e6090000] _byte_map_base: 0x00000214e5885000

Marking Bits: (CMBitMap*) 0x00000214cca7ceb0
 Bits: [0x00000214e6090000, 0x00000214e6f38000)

Polling page: 0x00000214ccb20000

Metaspace:

Usage:
  Non-class:      5.01 MB used.
      Class:    660.33 KB used.
       Both:      5.65 MB used.

Virtual space:
  Non-class space:       64.00 MB reserved,       5.06 MB (  8%) committed,  1 nodes.
      Class space:        1.00 GB reserved,     704.00 KB ( <1%) committed,  1 nodes.
             Both:        1.06 GB reserved,       5.75 MB ( <1%) committed. 

Chunk freelists:
   Non-Class:  10.89 MB
       Class:  15.25 MB
        Both:  26.14 MB

MaxMetaspaceSize: unlimited
CompressedClassSpaceSize: 1.00 GB
Initial GC threshold: 21.00 MB
Current GC threshold: 21.00 MB
CDS: on
 - commit_granule_bytes: 65536.
 - commit_granule_words: 8192.
 - virtual_space_node_default_size: 8388608.
 - enlarge_chunks_in_place: 1.
 - use_allocation_guard: 0.


Internal statistics:

num_allocs_failed_limit: 0.
num_arena_births: 108.
num_arena_deaths: 0.
num_vsnodes_births: 2.
num_vsnodes_deaths: 0.
num_space_committed: 92.
num_space_uncommitted: 0.
num_chunks_returned_to_freelist: 0.
num_chunks_taken_from_freelist: 124.
num_chunk_merges: 0.
num_chunk_splits: 80.
num_chunks_enlarged: 39.
num_inconsistent_stats: 0.

CodeHeap 'non-profiled nmethods': size=120000Kb used=172Kb max_used=172Kb free=119827Kb
 bounds [0x00000214de180000, 0x00000214de3f0000, 0x00000214e56b0000]
CodeHeap 'profiled nmethods': size=120000Kb used=841Kb max_used=841Kb free=119158Kb
 bounds [0x00000214d66b0000, 0x00000214d6920000, 0x00000214ddbe0000]
CodeHeap 'non-nmethods': size=5760Kb used=1437Kb max_used=1437Kb free=4323Kb
 bounds [0x00000214ddbe0000, 0x00000214dde50000, 0x00000214de180000]
 total_blobs=1121 nmethods=595 adapters=431
 compilation: enabled
              stopped_count=0, restarted_count=0
 full_count=0

Compilation events (20 events):
Event: 0.475 Thread 0x00000214e94dd280 nmethod 586 0x00000214d677dd90 code [0x00000214d677df40, 0x00000214d677e110]
Event: 0.486 Thread 0x00000214e94dd280  587       3       java.lang.String::endsWith (15 bytes)
Event: 0.486 Thread 0x00000214e94dd280 nmethod 587 0x00000214d677e210 code [0x00000214d677e3e0, 0x00000214d677e718]
Event: 0.493 Thread 0x00000214e94da030  588       4       java.util.HashMap::resize (356 bytes)
Event: 0.496 Thread 0x00000214e94dd280  590       3       java.util.ArrayList::get (15 bytes)
Event: 0.496 Thread 0x00000214e94dd280 nmethod 590 0x00000214d677e910 code [0x00000214d677eac0, 0x00000214d677ed80]
Event: 0.496 Thread 0x00000214e94dd280  591       3       java.util.Objects::checkIndex (7 bytes)
Event: 0.496 Thread 0x00000214e94dd280 nmethod 591 0x00000214d677ef10 code [0x00000214d677f0c0, 0x00000214d677f1f8]
Event: 0.497 Thread 0x00000214e94dd280  592       3       java.lang.CharacterData::of (136 bytes)
Event: 0.497 Thread 0x00000214e94dd280 nmethod 592 0x00000214d677f290 code [0x00000214d677f4e0, 0x00000214d677fe60]
Event: 0.497 Thread 0x00000214e94dd280  593       3       sun.util.ResourceBundleEnumeration::hasMoreElements (117 bytes)
Event: 0.498 Thread 0x00000214e94dd280 nmethod 593 0x00000214d6780090 code [0x00000214d67802e0, 0x00000214d6780d78]
Event: 0.498 Thread 0x00000214e94dd280  594       3       java.lang.Float::isNaN (12 bytes)
Event: 0.498 Thread 0x00000214e94dd280 nmethod 594 0x00000214d6780f90 code [0x00000214d6781120, 0x00000214d6781288]
Event: 0.500 Thread 0x00000214e94dd280  595       3       java.lang.Float::floatToIntBits (15 bytes)
Event: 0.501 Thread 0x00000214e94dd280 nmethod 595 0x00000214d6781310 code [0x00000214d67814c0, 0x00000214d6781700]
Event: 0.502 Thread 0x00000214e94dd280  596       3       javax.swing.UIDefaults::firePropertyChange (18 bytes)
Event: 0.503 Thread 0x00000214e94dd280 nmethod 596 0x00000214d6781790 code [0x00000214d6781940, 0x00000214d6781b48]
Event: 0.503 Thread 0x00000214e94dd280  597       3       javax.swing.UIDefaults::put (38 bytes)
Event: 0.503 Thread 0x00000214e94dd280 nmethod 597 0x00000214d6781c10 code [0x00000214d6781e00, 0x00000214d6782418]

GC Heap History (0 events):
No events

Dll operation events (9 events):
Event: 0.008 Loaded shared library C:\Program Files\Java\jdk-21\bin\java.dll
Event: 0.047 Loaded shared library C:\Program Files\Java\jdk-21\bin\jsvml.dll
Event: 0.089 Loaded shared library C:\Program Files\Java\jdk-21\bin\net.dll
Event: 0.091 Loaded shared library C:\Program Files\Java\jdk-21\bin\nio.dll
Event: 0.114 Loaded shared library C:\Program Files\Java\jdk-21\bin\zip.dll
Event: 0.166 Loaded shared library C:\Program Files\Java\jdk-21\bin\jimage.dll
Event: 0.206 Loaded shared library C:\Program Files\Java\jdk-21\bin\awt.dll
Event: 0.412 Loaded shared library C:\Program Files\Java\jdk-21\bin\freetype.dll
Event: 0.414 Loaded shared library C:\Program Files\Java\jdk-21\bin\fontmanager.dll

Deoptimization events (4 events):
Event: 0.333 Thread 0x00000214cc86d5b0 Uncommon trap: trap_request=0xffffff45 fr.pc=0x00000214de1904a8 relative=0x0000000000000b48
Event: 0.333 Thread 0x00000214cc86d5b0 Uncommon trap: reason=unstable_if action=reinterpret pc=0x00000214de1904a8 method=java.util.HashMap.putVal(ILjava/lang/Object;Ljava/lang/Object;ZZ)Ljava/lang/Object; @ 81 c2
Event: 0.333 Thread 0x00000214cc86d5b0 DEOPT PACKING pc=0x00000214de1904a8 sp=0x00000023b58fe620
Event: 0.333 Thread 0x00000214cc86d5b0 DEOPT UNPACKING pc=0x00000214ddc346a2 sp=0x00000023b58fe5d0 mode 2

Classes loaded (20 events):
Event: 0.501 Loading class javax/swing/plaf/nimbus/State$StandardState done
Event: 0.501 Loading class javax/swing/plaf/nimbus/ComboBoxArrowButtonEditableState
Event: 0.501 Loading class javax/swing/plaf/nimbus/ComboBoxArrowButtonEditableState done
Event: 0.502 Loading class javax/swing/plaf/nimbus/InternalFrameWindowFocusedState
Event: 0.502 Loading class javax/swing/plaf/nimbus/InternalFrameWindowFocusedState done
Event: 0.502 Loading class javax/swing/plaf/nimbus/InternalFrameTitlePaneWindowFocusedState
Event: 0.502 Loading class javax/swing/plaf/nimbus/InternalFrameTitlePaneWindowFocusedState done
Event: 0.502 Loading class javax/swing/plaf/nimbus/InternalFrameTitlePaneMenuButtonWindowNotFocusedState
Event: 0.502 Loading class javax/swing/plaf/nimbus/InternalFrameTitlePaneMenuButtonWindowNotFocusedState done
Event: 0.502 Loading class javax/swing/plaf/nimbus/InternalFrameTitlePaneIconifyButtonWindowNotFocusedState
Event: 0.502 Loading class javax/swing/plaf/nimbus/InternalFrameTitlePaneIconifyButtonWindowNotFocusedState done
Event: 0.503 Loading class javax/swing/plaf/nimbus/InternalFrameTitlePaneMaximizeButtonWindowNotFocusedState
Event: 0.503 Loading class javax/swing/plaf/nimbus/InternalFrameTitlePaneMaximizeButtonWindowNotFocusedState done
Event: 0.503 Loading class javax/swing/plaf/nimbus/InternalFrameTitlePaneMaximizeButtonWindowMaximizedState
Event: 0.503 Loading class javax/swing/plaf/nimbus/InternalFrameTitlePaneMaximizeButtonWindowMaximizedState done
Event: 0.503 Loading class javax/swing/plaf/nimbus/InternalFrameTitlePaneCloseButtonWindowNotFocusedState
Event: 0.504 Loading class javax/swing/plaf/nimbus/InternalFrameTitlePaneCloseButtonWindowNotFocusedState done
Event: 0.504 Loading class javax/swing/plaf/BorderUIResource
Event: 0.504 Loading class javax/swing/plaf/BorderUIResource done
Event: 0.504 Loading class javax/swing/BorderFactory

Classes unloaded (0 events):
No events

Classes redefined (0 events):
No events

Internal exceptions (20 events):
Event: 0.483 Thread 0x00000214cc86d5b0 Exception <a 'java/lang/ClassNotFoundException'{0x00000000c8c6ff08}: FormattedTextField> (0x00000000c8c6ff08) 
thrown [s\open\src\hotspot\share\classfile\systemDictionary.cpp, line 312]
Event: 0.484 Thread 0x00000214cc86d5b0 Exception <a 'java/lang/ClassNotFoundException'{0x00000000c8c703d8}: PasswordField> (0x00000000c8c703d8) 
thrown [s\open\src\hotspot\share\classfile\systemDictionary.cpp, line 312]
Event: 0.484 Thread 0x00000214cc86d5b0 Exception <a 'java/lang/ClassNotFoundException'{0x00000000c8c70920}: TextArea> (0x00000000c8c70920) 
thrown [s\open\src\hotspot\share\classfile\systemDictionary.cpp, line 312]
Event: 0.486 Thread 0x00000214cc86d5b0 Exception <a 'java/lang/ClassNotFoundException'{0x00000000c8c71240}: TextPane> (0x00000000c8c71240) 
thrown [s\open\src\hotspot\share\classfile\systemDictionary.cpp, line 312]
Event: 0.487 Thread 0x00000214cc86d5b0 Exception <a 'java/lang/ClassNotFoundException'{0x00000000c8c716a8}: EditorPane> (0x00000000c8c716a8) 
thrown [s\open\src\hotspot\share\classfile\systemDictionary.cpp, line 312]
Event: 0.488 Thread 0x00000214cc86d5b0 Exception <a 'java/lang/ClassNotFoundException'{0x00000000c8c71ff8}: ToolBar> (0x00000000c8c71ff8) 
thrown [s\open\src\hotspot\share\classfile\systemDictionary.cpp, line 312]
Event: 0.488 Thread 0x00000214cc86d5b0 Exception <a 'java/lang/ClassNotFoundException'{0x00000000c8c724f0}: ToolBar> (0x00000000c8c724f0) 
thrown [s\open\src\hotspot\share\classfile\systemDictionary.cpp, line 312]
Event: 0.488 Thread 0x00000214cc86d5b0 Exception <a 'java/lang/ClassNotFoundException'{0x00000000c8c72850}: Button> (0x00000000c8c72850) 
thrown [s\open\src\hotspot\share\classfile\systemDictionary.cpp, line 312]
Event: 0.488 Thread 0x00000214cc86d5b0 Exception <a 'java/lang/ClassNotFoundException'{0x00000000c8c72d18}: ToolBar> (0x00000000c8c72d18) 
thrown [s\open\src\hotspot\share\classfile\systemDictionary.cpp, line 312]
Event: 0.488 Thread 0x00000214cc86d5b0 Exception <a 'java/lang/ClassNotFoundException'{0x00000000c8c73088}: ToggleButton> (0x00000000c8c73088) 
thrown [s\open\src\hotspot\share\classfile\systemDictionary.cpp, line 312]
Event: 0.489 Thread 0x00000214cc86d5b0 Exception <a 'java/lang/ClassNotFoundException'{0x00000000c8c734c8}: javax/swing/JToolBarSeparator> (0x00000000c8c734c8) 
thrown [s\open\src\hotspot\share\classfile\systemDictionary.cpp, line 312]
Event: 0.489 Thread 0x00000214cc86d5b0 Exception <a 'java/lang/ClassNotFoundException'{0x00000000c8c737d8}: ToolBarSeparator> (0x00000000c8c737d8) 
thrown [s\open\src\hotspot\share\classfile\systemDictionary.cpp, line 312]
Event: 0.489 Thread 0x00000214cc86d5b0 Exception <a 'java/lang/ClassNotFoundException'{0x00000000c8c73ce0}: ToolTip> (0x00000000c8c73ce0) 
thrown [s\open\src\hotspot\share\classfile\systemDictionary.cpp, line 312]
Event: 0.491 Thread 0x00000214cc86d5b0 Exception <a 'java/lang/ClassNotFoundException'{0x00000000c8c74620}: Tree> (0x00000000c8c74620) 
thrown [s\open\src\hotspot\share\classfile\systemDictionary.cpp, line 312]
Event: 0.491 Thread 0x00000214cc86d5b0 Exception <a 'java/lang/ClassNotFoundException'{0x00000000c8c74b18}: Tree> (0x00000000c8c74b18) 
thrown [s\open\src\hotspot\share\classfile\systemDictionary.cpp, line 312]
Event: 0.491 Thread 0x00000214cc86d5b0 Exception <a 'java/lang/ClassNotFoundException'{0x00000000c8c74e88}: javax/swing/JTreeCell> (0x00000000c8c74e88) 
thrown [s\open\src\hotspot\share\classfile\systemDictionary.cpp, line 312]
Event: 0.491 Thread 0x00000214cc86d5b0 Exception <a 'java/lang/ClassNotFoundException'{0x00000000c8c75190}: TreeCell> (0x00000000c8c75190) 
thrown [s\open\src\hotspot\share\classfile\systemDictionary.cpp, line 312]
Event: 0.492 Thread 0x00000214cc86d5b0 Exception <a 'java/lang/ClassNotFoundException'{0x00000000c8c75938}: RootPane> (0x00000000c8c75938) 
thrown [s\open\src\hotspot\share\classfile\systemDictionary.cpp, line 312]
Event: 0.494 Thread 0x00000214cc86d5b0 Exception <a 'java/lang/ClassNotFoundException'{0x00000000c8c786c8}: com/sun/swing/internal/plaf/metal/resources/spi/metalProvider> (0x00000000c8c786c8) 
thrown [s\open\src\hotspot\share\classfile\systemDictionary.cpp, line 312]
Event: 0.496 Thread 0x00000214cc86d5b0 Exception <a 'java/lang/ClassNotFoundException'{0x00000000c8c7c328}: com/sun/swing/internal/plaf/basic/resources/spi/basicProvider> (0x00000000c8c7c328) 
thrown [s\open\src\hotspot\share\classfile\systemDictionary.cpp, line 312]

ZGC Phase Switch (0 events):
No events

VM Operations (4 events):
Event: 0.096 Executing VM operation: HandshakeAllThreads (Deoptimize)
Event: 0.096 Executing VM operation: HandshakeAllThreads (Deoptimize) done
Event: 0.250 Executing VM operation: HandshakeAllThreads (Deoptimize)
Event: 0.250 Executing VM operation: HandshakeAllThreads (Deoptimize) done

Events (14 events):
Event: 0.028 Thread 0x00000214cc86d5b0 Thread added: 0x00000214cc86d5b0
Event: 0.045 Thread 0x00000214ccb1bd20 Thread added: 0x00000214ccb1bd20
Event: 0.045 Thread 0x00000214ccb1d990 Thread added: 0x00000214ccb1d990
Event: 0.046 Thread 0x00000214e94ce400 Thread added: 0x00000214e94ce400
Event: 0.046 Thread 0x00000214e94d11f0 Thread added: 0x00000214e94d11f0
Event: 0.046 Thread 0x00000214e94d23f0 Thread added: 0x00000214e94d23f0
Event: 0.046 Thread 0x00000214e94d6af0 Thread added: 0x00000214e94d6af0
Event: 0.046 Thread 0x00000214e94da030 Thread added: 0x00000214e94da030
Event: 0.046 Thread 0x00000214e94dd280 Thread added: 0x00000214e94dd280
Event: 0.076 Thread 0x00000214e96a98a0 Thread added: 0x00000214e96a98a0
Event: 0.110 Thread 0x00000214e976ae10 Thread added: 0x00000214e976ae10
Event: 0.296 Thread 0x00000214e97ee320 Thread added: 0x00000214e97ee320
Event: 0.298 Thread 0x00000214e97f7c40 Thread added: 0x00000214e97f7c40
Event: 0.300 Thread 0x00000214e97f86c0 Thread added: 0x00000214e97f86c0


Dynamic libraries:
0x00007ff6c72a0000 - 0x00007ff6c72b0000 	C:\Program Files\Java\jdk-21\bin\java.exe
0x00007ff967b10000 - 0x00007ff967d08000 	C:\WINDOWS\SYSTEM32\ntdll.dll
0x00007ff965be0000 - 0x00007ff965c9d000 	C:\WINDOWS\System32\KERNEL32.DLL
0x00007ff965420000 - 0x00007ff965716000 	C:\WINDOWS\System32\KERNELBASE.dll
0x00007ff965720000 - 0x00007ff965820000 	C:\WINDOWS\System32\ucrtbase.dll
0x00007ff910ee0000 - 0x00007ff910efb000 	C:\Program Files\Java\jdk-21\bin\VCRUNTIME140.dll
0x00007ff93a010000 - 0x00007ff93a029000 	C:\Program Files\Java\jdk-21\bin\jli.dll
0x00007ff967480000 - 0x00007ff967530000 	C:\WINDOWS\System32\ADVAPI32.dll
0x00007ff965b40000 - 0x00007ff965bde000 	C:\WINDOWS\System32\msvcrt.dll
0x00007ff9677e0000 - 0x00007ff967880000 	C:\WINDOWS\System32\sechost.dll
0x00007ff9679a0000 - 0x00007ff967ac3000 	C:\WINDOWS\System32\RPCRT4.dll
0x00007ff9659f0000 - 0x00007ff965a17000 	C:\WINDOWS\System32\bcrypt.dll
0x00007ff966df0000 - 0x00007ff966f8f000 	C:\WINDOWS\System32\USER32.dll
0x00007ff9651c0000 - 0x00007ff9651e2000 	C:\WINDOWS\System32\win32u.dll
0x00007ff951050000 - 0x00007ff9512ea000 	C:\WINDOWS\WinSxS\amd64_microsoft.windows.common-controls_6595b64144ccf1df_6.0.19041.3636_none_60b6a03d71f818d5\COMCTL32.dll
0x00007ff9664a0000 - 0x00007ff9664cb000 	C:\WINDOWS\System32\GDI32.dll
0x00007ff965a20000 - 0x00007ff965b37000 	C:\WINDOWS\System32\gdi32full.dll
0x00007ff965380000 - 0x00007ff96541d000 	C:\WINDOWS\System32\msvcp_win.dll
0x00007ff95d260000 - 0x00007ff95d26a000 	C:\WINDOWS\SYSTEM32\VERSION.dll
0x00007ff967880000 - 0x00007ff9678b2000 	C:\WINDOWS\System32\IMM32.DLL
0x00007ff925cf0000 - 0x00007ff925cfc000 	C:\Program Files\Java\jdk-21\bin\vcruntime140_1.dll
0x00007ff910b30000 - 0x00007ff910bbe000 	C:\Program Files\Java\jdk-21\bin\msvcp140.dll
0x00007ff910f00000 - 0x00007ff911c17000 	C:\Program Files\Java\jdk-21\bin\server\jvm.dll
0x00007ff9678c0000 - 0x00007ff96792b000 	C:\WINDOWS\System32\WS2_32.dll
0x00007ff965020000 - 0x00007ff96506b000 	C:\WINDOWS\SYSTEM32\POWRPROF.dll
0x00007ff95c120000 - 0x00007ff95c147000 	C:\WINDOWS\SYSTEM32\WINMM.dll
0x00007ff965000000 - 0x00007ff965012000 	C:\WINDOWS\SYSTEM32\UMPDC.dll
0x00007ff963050000 - 0x00007ff963062000 	C:\WINDOWS\SYSTEM32\kernel.appcore.dll
0x00007ff91e270000 - 0x00007ff91e27a000 	C:\Program Files\Java\jdk-21\bin\jimage.dll
0x00007ff958d80000 - 0x00007ff958f64000 	C:\WINDOWS\SYSTEM32\DBGHELP.DLL
0x00007ff956140000 - 0x00007ff956174000 	C:\WINDOWS\SYSTEM32\dbgcore.DLL
0x00007ff965240000 - 0x00007ff9652c2000 	C:\WINDOWS\System32\bcryptPrimitives.dll
0x00007ff910e80000 - 0x00007ff910e9f000 	C:\Program Files\Java\jdk-21\bin\java.dll
0x00007ff9664d0000 - 0x00007ff966c3b000 	C:\WINDOWS\System32\SHELL32.dll
0x00007ff963250000 - 0x00007ff9639ee000 	C:\WINDOWS\SYSTEM32\windows.storage.dll
0x00007ff967120000 - 0x00007ff967473000 	C:\WINDOWS\System32\combase.dll
0x00007ff964b20000 - 0x00007ff964b4e000 	C:\WINDOWS\SYSTEM32\Wldp.dll
0x00007ff967050000 - 0x00007ff96711d000 	C:\WINDOWS\System32\OLEAUT32.dll
0x00007ff965ca0000 - 0x00007ff965d4d000 	C:\WINDOWS\System32\SHCORE.dll
0x00007ff967650000 - 0x00007ff9676a5000 	C:\WINDOWS\System32\shlwapi.dll
0x00007ff9650f0000 - 0x00007ff965113000 	C:\WINDOWS\SYSTEM32\profapi.dll
0x00007ff910da0000 - 0x00007ff910e77000 	C:\Program Files\Java\jdk-21\bin\jsvml.dll
0x00007ff91ac50000 - 0x00007ff91ac60000 	C:\Program Files\Java\jdk-21\bin\net.dll
0x00007ff959e20000 - 0x00007ff959f2a000 	C:\WINDOWS\SYSTEM32\WINHTTP.dll
0x00007ff964880000 - 0x00007ff9648ea000 	C:\WINDOWS\system32\mswsock.dll
0x00007ff910d80000 - 0x00007ff910d96000 	C:\Program Files\Java\jdk-21\bin\nio.dll
0x00007ff910d60000 - 0x00007ff910d78000 	C:\Program Files\Java\jdk-21\bin\zip.dll
0x00007ff910bc0000 - 0x00007ff910d4f000 	C:\Program Files\Java\jdk-21\bin\awt.dll
0x00007ff9629a0000 - 0x00007ff962a30000 	C:\WINDOWS\SYSTEM32\apphelp.dll
0x00007ff962b60000 - 0x00007ff962bfe000 	C:\WINDOWS\system32\uxtheme.dll
0x00007ff967530000 - 0x00007ff967645000 	C:\WINDOWS\System32\MSCTF.dll
0x00007ff9676b0000 - 0x00007ff9677db000 	C:\WINDOWS\System32\ole32.dll
0x00007ff962d60000 - 0x00007ff962d8f000 	C:\WINDOWS\system32\DWMAPI.DLL
0x00007ff910940000 - 0x00007ff9109c7000 	C:\Program Files\Java\jdk-21\bin\freetype.dll
0x00007ff910850000 - 0x00007ff910932000 	C:\Program Files\Java\jdk-21\bin\fontmanager.dll

dbghelp: loaded successfully - version: 4.0.5 - missing functions: none
symbol engine: initialized successfully - sym options: 0x614 - pdb path: .;C:\Program Files\Java\jdk-21\bin;C:\WINDOWS\SYSTEM32;C:\WINDOWS\WinSxS\amd64_microsoft.windows.common-controls_6595b64144ccf1df_6.0.19041.3636_none_60b6a03d71f818d5;C:\Program Files\Java\jdk-21\bin\server

VM Arguments:
jvm_args: -Dfile.encoding=UTF-8 -Djava.security.policy=applet.policy --module-path=C:\Users\NIRWAN\OneDrive\Documents\NetBeansProjects\Student Results Management System\build\classes 
java_command: Interfaces.Home
java_class_path (initial): C:\Program Files\NetBeans-17\netbeans\java\modules\ext\AbsoluteLayout.jar;C:\Users\NIRWAN\3D Objects\New Folder (3)\jcalendar-1.4\lib\jcalendar-1.4.jar;C:\Users\NIRWAN\Downloads\mysql-connector-j-8.3.0\mysql-connector-j-8.3.0\mysql-connector-j-8.3.0.jar;C:\Users\NIRWAN\OneDrive\Documents\mysql-connector-j-8.3.0.jar;C:\Users\NIRWAN\OneDrive\Documents\NetBeansProjects\Student Results Management System\build\classes
Launcher Type: SUN_STANDARD

[Global flags]
     intx CICompilerCount                          = 3                                         {product} {ergonomic}
     uint ConcGCThreads                            = 1                                         {product} {ergonomic}
     uint G1ConcRefinementThreads                  = 4                                         {product} {ergonomic}
   size_t G1HeapRegionSize                         = 1048576                                   {product} {ergonomic}
    uintx GCDrainStackTargetSize                   = 64                                        {product} {ergonomic}
   size_t InitialHeapSize                          = 62914560                                  {product} {ergonomic}
   size_t MarkStackSize                            = 4194304                                   {product} {ergonomic}
   size_t MaxHeapSize                              = 983564288                                 {product} {ergonomic}
   size_t MaxNewSize                               = 589299712                                 {product} {ergonomic}
   size_t MinHeapDeltaBytes                        = 1048576                                   {product} {ergonomic}
   size_t MinHeapSize                              = 8388608                                   {product} {ergonomic}
    uintx NonNMethodCodeHeapSize                   = 5832780                                {pd product} {ergonomic}
    uintx NonProfiledCodeHeapSize                  = 122912730                              {pd product} {ergonomic}
    uintx ProfiledCodeHeapSize                     = 122912730                              {pd product} {ergonomic}
    uintx ReservedCodeCacheSize                    = 251658240                              {pd product} {ergonomic}
     bool SegmentedCodeCache                       = true                                      {product} {ergonomic}
   size_t SoftMaxHeapSize                          = 983564288                              {manageable} {ergonomic}
     bool UseCompressedOops                        = true                           {product lp64_product} {ergonomic}
     bool UseG1GC                                  = true                                      {product} {ergonomic}
     bool UseLargePagesIndividualAllocation        = false                                  {pd product} {ergonomic}

Logging:
Log output configuration:
 #0: stdout all=warning uptime,level,tags foldmultilines=false
 #1: stderr all=off uptime,level,tags foldmultilines=false

Environment Variables:
JAVA_HOME=C:\Program Files\Java\jdk-21
PATH=C:\Program Files\Common Files\Oracle\Java\javapath;C:\Program Files (x86)\NVIDIA Corporation\PhysX\Common;C:\WINDOWS\system32;C:\WINDOWS;C:\WINDOWS\System32\Wbem;C:\WINDOWS\System32\WindowsPowerShell\v1.0\;C:\WINDOWS\System32\OpenSSH\;C:\Program Files\Java\jdk-21\bin;C:\Program Files\MySQL\MySQL Server 8.0\bin;C:\Program Files\MySQL\MySQL Server 8.0\bin;C:\Program Files\MySQL\MySQL Shell 8.0\bin\;C:\Users\NIRWAN\AppData\Local\Microsoft\WindowsApps;
USERNAME=NIRWAN
OS=Windows_NT
PROCESSOR_IDENTIFIER=AMD64 Family 23 Model 17 Stepping 0, AuthenticAMD
TMP=C:\Users\NIRWAN\AppData\Local\Temp
TEMP=C:\Users\NIRWAN\AppData\Local\Temp




Periodic native trim disabled

---------------  S Y S T E M  ---------------

OS:
 Windows 10 , 64 bit Build 19041 (10.0.19041.3636)
OS uptime: 0 days 7:00 hours

CPU: total 4 (initial active 4) (4 cores per cpu, 2 threads per core) family 23 model 17 stepping 0 microcode 0x0, cx8, cmov, fxsr, ht, mmx, 3dnowpref, sse, sse2, sse3, ssse3, sse4a, sse4.1, sse4.2, popcnt, lzcnt, tsc, tscinvbit, avx, avx2, aes, clmul, bmi1, bmi2, adx, sha, fma, vzeroupper, clflush, clflushopt, rdtscp, f16c
Processor Information for all 4 processors :
  Max Mhz: 2500, Current Mhz: 2500, Mhz Limit: 2500

Memory: 4k page, system-wide physical 3747M (436M free)
TotalPageFile size 6747M (AvailPageFile size 4M)
current process WorkingSet (physical memory assigned to process): 50M, peak: 50M
current process commit charge ("private bytes"): 138M, peak: 139M

vm_info: Java HotSpot(TM) 64-Bit Server VM (21.0.2+13-LTS-58) for windows-amd64 JRE (21.0.2+13-LTS-58), built on 2024-01-05T18:32:24Z by "mach5one" with MS VC++ 17.1 (VS2022)

END.
