#
# There is insufficient memory for the Java Runtime Environment to continue.
# Native memory allocation (malloc) failed to allocate 758224 bytes for Chunk::new
# Possible reasons:
#   The system is out of physical RAM or swap space
#   The process is running with CompressedOops enabled, and the Java Heap may be blocking the growth of the native heap
# Possible solutions:
#   Reduce memory load on the system
#   Increase physical memory or swap space
#   Check if swap backing store is full
#   Decrease Java heap size (-Xmx/-Xms)
#   Decrease number of Java threads
#   Decrease Java thread stack sizes (-Xss)
#   Set larger code cache with -XX:ReservedCodeCacheSize=
#   JVM is running with Unscaled Compressed Oops mode in which the Java heap is
#     placed in the first 4GB address space. The Java Heap base address is the
#     maximum limit for the native heap growth. Please use -XX:HeapBaseMinAddress
#     to set the Java Heap base and to place the Java Heap above 4GB virtual address.
# This output file may be truncated or incomplete.
#
#  Out of Memory Error (arena.cpp:168), pid=11684, tid=4092
#
# JRE version: Java(TM) SE Runtime Environment (21.0.2+13) (build 21.0.2+13-LTS-58)
# Java VM: Java HotSpot(TM) 64-Bit Server VM (21.0.2+13-LTS-58, mixed mode, sharing, tiered, compressed oops, compressed class ptrs, g1 gc, windows-amd64)
# No core dump will be written. Minidumps are not enabled by default on client versions of Windows
#

---------------  S U M M A R Y ------------

Command Line: -Dfile.encoding=UTF-8 -Djava.security.policy=applet.policy --module-path=C:\Users\NIRWAN\OneDrive\Documents\NetBeansProjects\Student Results Management System\build\classes Interfaces.AddStudentForm

Host: AMD Ryzen 3 2200U with Radeon Vega Mobile Gfx  , 4 cores, 3G,  Windows 10 , 64 bit Build 19041 (10.0.19041.3636)
Time: Wed Apr 24 01:46:50 2024 Sri Lanka Standard Time elapsed time: 628.878022 seconds (0d 0h 10m 28s)

---------------  T H R E A D  ---------------

Current thread (0x000001fddb4b4ae0):  JavaThread "C2 CompilerThread0" daemon [_thread_in_native, id=4092, stack(0x00000047fff00000,0x0000004800000000) (1024K)]


Current CompileTask:
C2: 628878 4163   !   4       sun.java2d.SunGraphics2D::drawImage (310 bytes)

Stack: [0x00000047fff00000,0x0000004800000000]
Native frames: (J=compiled Java code, j=interpreted, Vv=VM code, C=native code)
V  [jvm.dll+0x6cade9]
V  [jvm.dll+0x8569c1]
V  [jvm.dll+0x858d2e]
V  [jvm.dll+0x859413]
V  [jvm.dll+0x280e56]
V  [jvm.dll+0xc3f3d]
V  [jvm.dll+0xc4473]
V  [jvm.dll+0x3b5c2c]
V  [jvm.dll+0x382855]
V  [jvm.dll+0x381cca]
V  [jvm.dll+0x249bd0]
V  [jvm.dll+0x2491b1]
V  [jvm.dll+0x1c9634]
V  [jvm.dll+0x258859]
V  [jvm.dll+0x256e3a]
V  [jvm.dll+0x3ef6c6]
V  [jvm.dll+0x7ff568]
V  [jvm.dll+0x6c953d]
C  [ucrtbase.dll+0x21bb2]
C  [KERNEL32.DLL+0x17344]
C  [ntdll.dll+0x526b1]


---------------  P R O C E S S  ---------------

Threads class SMR info:
_java_thread_list=0x000001fe2687e040, length=18, elements={
0x000001fddb49df50, 0x000001fddb49e770, 0x000001fddb4a7160, 0x000001fddb4abe60,
0x000001fddb4aca70, 0x000001fddb4ad680, 0x000001fddb4b4ae0, 0x000001fddb4bbed0,
0x000001fddb6c5220, 0x000001fddb77ccd0, 0x000001fddb8af850, 0x000001fddb8b0680,
0x000001fddb8b0cf0, 0x000001fe214683b0, 0x000001fdbe7c8b50, 0x000001fe219a3b60,
0x000001fe264273d0, 0x000001fe26812390
}

Java Threads: ( => current thread )
  0x000001fddb49df50 JavaThread "Reference Handler"          daemon [_thread_blocked, id=1540, stack(0x00000047ff900000,0x00000047ffa00000) (1024K)]
  0x000001fddb49e770 JavaThread "Finalizer"                  daemon [_thread_blocked, id=11672, stack(0x00000047ffa00000,0x00000047ffb00000) (1024K)]
  0x000001fddb4a7160 JavaThread "Signal Dispatcher"          daemon [_thread_blocked, id=9452, stack(0x00000047ffb00000,0x00000047ffc00000) (1024K)]
  0x000001fddb4abe60 JavaThread "Attach Listener"            daemon [_thread_blocked, id=12228, stack(0x00000047ffc00000,0x00000047ffd00000) (1024K)]
  0x000001fddb4aca70 JavaThread "Service Thread"             daemon [_thread_blocked, id=8176, stack(0x00000047ffd00000,0x00000047ffe00000) (1024K)]
  0x000001fddb4ad680 JavaThread "Monitor Deflation Thread"   daemon [_thread_blocked, id=10432, stack(0x00000047ffe00000,0x00000047fff00000) (1024K)]
=>0x000001fddb4b4ae0 JavaThread "C2 CompilerThread0"         daemon [_thread_in_native, id=4092, stack(0x00000047fff00000,0x0000004800000000) (1024K)]
  0x000001fddb4bbed0 JavaThread "C1 CompilerThread0"         daemon [_thread_blocked, id=388, stack(0x0000004780000000,0x0000004780100000) (1024K)]
  0x000001fddb6c5220 JavaThread "Common-Cleaner"             daemon [_thread_blocked, id=1228, stack(0x0000004780100000,0x0000004780200000) (1024K)]
  0x000001fddb77ccd0 JavaThread "Notification Thread"        daemon [_thread_blocked, id=4404, stack(0x0000004780200000,0x0000004780300000) (1024K)]
  0x000001fddb8af850 JavaThread "Java2D Disposer"            daemon [_thread_blocked, id=4632, stack(0x0000004780300000,0x0000004780400000) (1024K)]
  0x000001fddb8b0680 JavaThread "AWT-Shutdown"                      [_thread_blocked, id=8204, stack(0x0000004780400000,0x0000004780500000) (1024K)]
  0x000001fddb8b0cf0 JavaThread "AWT-Windows"                daemon [_thread_in_native, id=8704, stack(0x0000004780500000,0x0000004780600000) (1024K)]
  0x000001fe214683b0 JavaThread "AWT-EventQueue-0"                  [_thread_in_native, id=8240, stack(0x0000004780600000,0x0000004780700000) (1024K)]
  0x000001fdbe7c8b50 JavaThread "DestroyJavaVM"                     [_thread_blocked, id=10568, stack(0x00000047ff100000,0x00000047ff200000) (1024K)]
  0x000001fe219a3b60 JavaThread "mysql-cj-abandoned-connection-cleanup" daemon [_thread_blocked, id=10996, stack(0x0000004780e00000,0x0000004780f00000) (1024K)]
  0x000001fe264273d0 JavaThread "TimerQueue"                 daemon [_thread_blocked, id=12052, stack(0x0000004781200000,0x0000004781300000) (1024K)]
  0x000001fe26812390 JavaThread "D3D Screen Updater"         daemon [_thread_blocked, id=3504, stack(0x0000004781500000,0x0000004781600000) (1024K)]
Total: 18

Other Threads:
  0x000001fdc0af0cb0 VMThread "VM Thread"                           [id=11076, stack(0x00000047ff800000,0x00000047ff900000) (1024K)]
  0x000001fddb49ce10 WatcherThread "VM Periodic Task Thread"        [id=3356, stack(0x00000047ff700000,0x00000047ff800000) (1024K)]
  0x000001fdc0a6bb90 WorkerThread "GC Thread#0"                     [id=896, stack(0x00000047ff200000,0x00000047ff300000) (1024K)]
  0x000001fe21bd2150 WorkerThread "GC Thread#1"                     [id=252, stack(0x0000004780f00000,0x0000004781000000) (1024K)]
  0x000001fe21bd24f0 WorkerThread "GC Thread#2"                     [id=6200, stack(0x0000004781000000,0x0000004781100000) (1024K)]
  0x000001fe21bd2890 WorkerThread "GC Thread#3"                     [id=7772, stack(0x0000004781100000,0x0000004781200000) (1024K)]
  0x000001fdc0a757e0 ConcurrentGCThread "G1 Main Marker"            [id=6464, stack(0x00000047ff300000,0x00000047ff400000) (1024K)]
  0x000001fdc0a761f0 WorkerThread "G1 Conc#0"                       [id=9500, stack(0x00000047ff400000,0x00000047ff500000) (1024K)]
  0x000001fdc0ac8760 ConcurrentGCThread "G1 Refine#0"               [id=10848, stack(0x00000047ff500000,0x00000047ff600000) (1024K)]
  0x000001fdc0ac91e0 ConcurrentGCThread "G1 Service"                [id=244, stack(0x00000047ff600000,0x00000047ff700000) (1024K)]
Total: 10

Threads with active compile tasks:
C2 CompilerThread0   628962 4163   !   4       sun.java2d.SunGraphics2D::drawImage (310 bytes)
Total: 1

VM state: not at safepoint (normal execution)

VM Mutex/Monitor currently owned by a thread: None

Heap address: 0x00000000c5600000, size: 938 MB, Compressed Oops mode: 32-bit

CDS archive(s) mapped at: [0x000001fddc000000-0x000001fddcc90000-0x000001fddcc90000), size 13172736, SharedBaseAddress: 0x000001fddc000000, ArchiveRelocationMode: 1.
Compressed class space mapped at: 0x000001fddd000000-0x000001fe1d000000, reserved size: 1073741824
Narrow klass base: 0x000001fddc000000, Narrow klass shift: 0, Narrow klass range: 0x100000000

GC Precious Log:
 CardTable entry size: 512
 Card Set container configuration: InlinePtr #cards 5 size 8 Array Of Cards #cards 12 size 40 Howl #buckets 4 coarsen threshold 1843 Howl Bitmap #cards 512 size 80 coarsen threshold 460 Card regions per heap region 1 cards per card region 2048
 CPUs: 4 total, 4 available
 Memory: 3747M
 Large Page Support: Disabled
 NUMA Support: Disabled
 Compressed Oops: Enabled (32-bit)
 Heap Region Size: 1M
 Heap Min Capacity: 8M
 Heap Initial Capacity: 60M
 Heap Max Capacity: 938M
 Pre-touch: Disabled
 Parallel Workers: 4
 Concurrent Workers: 1
 Concurrent Refinement Workers: 4
 Periodic GC: Disabled

Heap:
 garbage-first heap   total 30720K, used 26642K [0x00000000c5600000, 0x0000000100000000)
  region size 1024K, 12 young (12288K), 1 survivors (1024K)
 Metaspace       used 24000K, committed 24256K, reserved 1114112K
  class space    used 2649K, committed 2816K, reserved 1048576K

Heap Regions: E=young(eden), S=young(survivor), O=old, HS=humongous(starts), HC=humongous(continues), CS=collection set, F=free, TAMS=top-at-mark-start, PB=parsable bottom
|   0|0x00000000c5600000, 0x00000000c5700000, 0x00000000c5700000|100%| O|  |TAMS 0x00000000c5600000| PB 0x00000000c5600000| Untracked 
|   1|0x00000000c5700000, 0x00000000c5800000, 0x00000000c5800000|100%| O|  |TAMS 0x00000000c5700000| PB 0x00000000c5700000| Untracked 
|   2|0x00000000c5800000, 0x00000000c5900000, 0x00000000c5900000|100%| O|  |TAMS 0x00000000c5800000| PB 0x00000000c5800000| Untracked 
|   3|0x00000000c5900000, 0x00000000c5a00000, 0x00000000c5a00000|100%| O|  |TAMS 0x00000000c5900000| PB 0x00000000c5900000| Untracked 
|   4|0x00000000c5a00000, 0x00000000c5a19820, 0x00000000c5b00000|  9%| O|Cm|TAMS 0x00000000c5a00000| PB 0x00000000c5a00000| Complete 
|   5|0x00000000c5b00000, 0x00000000c5c00000, 0x00000000c5c00000|100%| O|  |TAMS 0x00000000c5b00000| PB 0x00000000c5b00000| Untracked 
|   6|0x00000000c5c00000, 0x00000000c5d00000, 0x00000000c5d00000|100%| O|  |TAMS 0x00000000c5c00000| PB 0x00000000c5c00000| Untracked 
|   7|0x00000000c5d00000, 0x00000000c5e00000, 0x00000000c5e00000|100%| O|  |TAMS 0x00000000c5d00000| PB 0x00000000c5d00000| Untracked 
|   8|0x00000000c5e00000, 0x00000000c5e00000, 0x00000000c5f00000|  0%| F|  |TAMS 0x00000000c5e00000| PB 0x00000000c5e00000| Untracked 
|   9|0x00000000c5f00000, 0x00000000c5f00000, 0x00000000c6000000|  0%| F|  |TAMS 0x00000000c5f00000| PB 0x00000000c5f00000| Untracked 
|  10|0x00000000c6000000, 0x00000000c6095f20, 0x00000000c6100000| 58%| E|  |TAMS 0x00000000c6000000| PB 0x00000000c6000000| Complete 
|  11|0x00000000c6100000, 0x00000000c61eb280, 0x00000000c6200000| 91%| S|CS|TAMS 0x00000000c6100000| PB 0x00000000c6100000| Complete 
|  12|0x00000000c6200000, 0x00000000c6300000, 0x00000000c6300000|100%|HS|  |TAMS 0x00000000c6200000| PB 0x00000000c6200000| Complete 
|  13|0x00000000c6300000, 0x00000000c6400000, 0x00000000c6400000|100%|HC|  |TAMS 0x00000000c6300000| PB 0x00000000c6300000| Complete 
|  14|0x00000000c6400000, 0x00000000c6500000, 0x00000000c6500000|100%|HC|  |TAMS 0x00000000c6400000| PB 0x00000000c6400000| Complete 
|  15|0x00000000c6500000, 0x00000000c6600000, 0x00000000c6600000|100%|HC|  |TAMS 0x00000000c6500000| PB 0x00000000c6500000| Complete 
|  16|0x00000000c6600000, 0x00000000c6700000, 0x00000000c6700000|100%|HS|  |TAMS 0x00000000c6600000| PB 0x00000000c6600000| Complete 
|  17|0x00000000c6700000, 0x00000000c6800000, 0x00000000c6800000|100%|HC|  |TAMS 0x00000000c6700000| PB 0x00000000c6700000| Complete 
|  18|0x00000000c6800000, 0x00000000c6900000, 0x00000000c6900000|100%|HC|  |TAMS 0x00000000c6800000| PB 0x00000000c6800000| Complete 
|  19|0x00000000c6900000, 0x00000000c6a00000, 0x00000000c6a00000|100%|HC|  |TAMS 0x00000000c6900000| PB 0x00000000c6900000| Complete 
|  20|0x00000000c6a00000, 0x00000000c6b00000, 0x00000000c6b00000|100%| E|CS|TAMS 0x00000000c6a00000| PB 0x00000000c6a00000| Complete 
|  21|0x00000000c6b00000, 0x00000000c6c00000, 0x00000000c6c00000|100%| E|CS|TAMS 0x00000000c6b00000| PB 0x00000000c6b00000| Complete 
|  22|0x00000000c6c00000, 0x00000000c6d00000, 0x00000000c6d00000|100%| E|CS|TAMS 0x00000000c6c00000| PB 0x00000000c6c00000| Complete 
|  23|0x00000000c6d00000, 0x00000000c6e00000, 0x00000000c6e00000|100%| E|CS|TAMS 0x00000000c6d00000| PB 0x00000000c6d00000| Complete 
|  24|0x00000000c6e00000, 0x00000000c6f00000, 0x00000000c6f00000|100%| E|CS|TAMS 0x00000000c6e00000| PB 0x00000000c6e00000| Complete 
|  25|0x00000000c6f00000, 0x00000000c7000000, 0x00000000c7000000|100%| E|CS|TAMS 0x00000000c6f00000| PB 0x00000000c6f00000| Complete 
|  42|0x00000000c8000000, 0x00000000c8100000, 0x00000000c8100000|100%| E|CS|TAMS 0x00000000c8000000| PB 0x00000000c8000000| Complete 
|  43|0x00000000c8100000, 0x00000000c8200000, 0x00000000c8200000|100%| E|CS|TAMS 0x00000000c8100000| PB 0x00000000c8100000| Complete 
|  44|0x00000000c8200000, 0x00000000c8300000, 0x00000000c8300000|100%| E|CS|TAMS 0x00000000c8200000| PB 0x00000000c8200000| Complete 
|  59|0x00000000c9100000, 0x00000000c9200000, 0x00000000c9200000|100%| E|CS|TAMS 0x00000000c9100000| PB 0x00000000c9100000| Complete 

Card table byte_map: [0x000001fdd7eb0000,0x000001fdd8090000] _byte_map_base: 0x000001fdd7885000

Marking Bits: (CMBitMap*) 0x000001fdc0a6d9c0
 Bits: [0x000001fdd8090000, 0x000001fdd8f38000)

Polling page: 0x000001fdbe9b0000

Metaspace:

Usage:
  Non-class:     20.85 MB used.
      Class:      2.59 MB used.
       Both:     23.44 MB used.

Virtual space:
  Non-class space:       64.00 MB reserved,      20.94 MB ( 33%) committed,  1 nodes.
      Class space:        1.00 GB reserved,       2.75 MB ( <1%) committed,  1 nodes.
             Both:        1.06 GB reserved,      23.69 MB (  2%) committed. 

Chunk freelists:
   Non-Class:  11.00 MB
       Class:  13.23 MB
        Both:  24.23 MB

MaxMetaspaceSize: unlimited
CompressedClassSpaceSize: 1.00 GB
Initial GC threshold: 21.00 MB
Current GC threshold: 35.31 MB
CDS: on
 - commit_granule_bytes: 65536.
 - commit_granule_words: 8192.
 - virtual_space_node_default_size: 8388608.
 - enlarge_chunks_in_place: 1.
 - use_allocation_guard: 0.


Internal statistics:

num_allocs_failed_limit: 3.
num_arena_births: 214.
num_arena_deaths: 0.
num_vsnodes_births: 2.
num_vsnodes_deaths: 0.
num_space_committed: 379.
num_space_uncommitted: 0.
num_chunks_returned_to_freelist: 3.
num_chunks_taken_from_freelist: 465.
num_chunk_merges: 3.
num_chunk_splits: 279.
num_chunks_enlarged: 164.
num_inconsistent_stats: 0.

CodeHeap 'non-profiled nmethods': size=120000Kb used=2040Kb max_used=2040Kb free=117959Kb
 bounds [0x000001fdd0980000, 0x000001fdd0bf0000, 0x000001fdd7eb0000]
CodeHeap 'profiled nmethods': size=120000Kb used=8713Kb max_used=8713Kb free=111286Kb
 bounds [0x000001fdc8eb0000, 0x000001fdc9740000, 0x000001fdd03e0000]
CodeHeap 'non-nmethods': size=5760Kb used=1820Kb max_used=1858Kb free=3939Kb
 bounds [0x000001fdd03e0000, 0x000001fdd0650000, 0x000001fdd0980000]
 total_blobs=5042 nmethods=4214 adapters=730
 compilation: enabled
              stopped_count=0, restarted_count=0
 full_count=0

Compilation events (20 events):
Event: 628.548 Thread 0x000001fddb4bbed0 4194       3       java.awt.image.BufferedImage::<init> (1021 bytes)
Event: 628.556 Thread 0x000001fddb4bbed0 nmethod 4194 0x000001fdc971bc90 code [0x000001fdc971c3e0, 0x000001fdc9721c18]
Event: 628.557 Thread 0x000001fddb4bbed0 4195       3       java.awt.image.DirectColorModel::isCompatibleRaster (93 bytes)
Event: 628.558 Thread 0x000001fddb4bbed0 nmethod 4195 0x000001fdc9723190 code [0x000001fdc97233c0, 0x000001fdc9723dd0]
Event: 628.558 Thread 0x000001fddb4bbed0 4196       3       sun.awt.image.PixelConverter$Argb::rgbToPixel (2 bytes)
Event: 628.558 Thread 0x000001fddb4bbed0 nmethod 4196 0x000001fdc9724090 code [0x000001fdc9724220, 0x000001fdc9724330]
Event: 628.560 Thread 0x000001fddb4bbed0 4198       3       java.awt.geom.Rectangle2D$Double::<init> (15 bytes)
Event: 628.560 Thread 0x000001fddb4bbed0 nmethod 4198 0x000001fdc9724390 code [0x000001fdc9724540, 0x000001fdc97247e0]
Event: 628.580 Thread 0x000001fddb4bbed0 4200       3       sun.java2d.SunGraphics2D::drawImage (11 bytes)
Event: 628.580 Thread 0x000001fddb4bbed0 nmethod 4200 0x000001fdc9724910 code [0x000001fdc9724ac0, 0x000001fdc9724c08]
Event: 628.751 Thread 0x000001fddb4b4ae0 nmethod 4162 0x000001fdd0b74890 code [0x000001fdd0b74ea0, 0x000001fdd0b79e20]
Event: 628.752 Thread 0x000001fddb4b4ae0 4197       4       java.awt.MultipleGradientPaintContext::indexIntoGradientsArrays (190 bytes)
Event: 628.760 Thread 0x000001fddb4b4ae0 nmethod 4197 0x000001fdd0b7d690 code [0x000001fdd0b7d880, 0x000001fdd0b7dd00]
Event: 628.761 Thread 0x000001fddb4b4ae0 4163   !   4       sun.java2d.SunGraphics2D::drawImage (310 bytes)
Event: 628.836 Thread 0x000001fddb4bbed0 4201       3       sun.java2d.loops.ProcessPath$DrawHandler::setBounds (16 bytes)
Event: 628.836 Thread 0x000001fddb4bbed0 nmethod 4201 0x000001fdc9724c90 code [0x000001fdc9724e40, 0x000001fdc9725000]
Event: 628.836 Thread 0x000001fddb4bbed0 4202       3       sun.java2d.pipe.BufferedRenderPipe$BufferedDrawHandler::updateScanlineCount (20 bytes)
Event: 628.836 Thread 0x000001fddb4bbed0 nmethod 4202 0x000001fdc9725110 code [0x000001fdc97252c0, 0x000001fdc9725420]
Event: 628.836 Thread 0x000001fddb4bbed0 4203       3       sun.java2d.pipe.RenderBuffer::putInt (17 bytes)
Event: 628.837 Thread 0x000001fddb4bbed0 nmethod 4203 0x000001fdc9725510 code [0x000001fdc97256c0, 0x000001fdc9725850]

GC Heap History (6 events):
Event: 1.276 GC heap before
{Heap before GC invocations=0 (full 0):
 garbage-first heap   total 61440K, used 13312K [0x00000000c5600000, 0x0000000100000000)
  region size 1024K, 13 young (13312K), 0 survivors (0K)
 Metaspace       used 9903K, committed 10112K, reserved 1114112K
  class space    used 1070K, committed 1152K, reserved 1048576K
}
Event: 1.285 GC heap after
{Heap after GC invocations=1 (full 0):
 garbage-first heap   total 61440K, used 3178K [0x00000000c5600000, 0x0000000100000000)
  region size 1024K, 2 young (2048K), 2 survivors (2048K)
 Metaspace       used 9903K, committed 10112K, reserved 1114112K
  class space    used 1070K, committed 1152K, reserved 1048576K
}
Event: 3.046 GC heap before
{Heap before GC invocations=1 (full 0):
 garbage-first heap   total 61440K, used 15466K [0x00000000c5600000, 0x0000000100000000)
  region size 1024K, 15 young (15360K), 2 survivors (2048K)
 Metaspace       used 21297K, committed 21504K, reserved 1114112K
  class space    used 2471K, committed 2560K, reserved 1048576K
}
Event: 3.058 GC heap after
{Heap after GC invocations=2 (full 0):
 garbage-first heap   total 61440K, used 7270K [0x00000000c5600000, 0x0000000100000000)
  region size 1024K, 3 young (3072K), 3 survivors (3072K)
 Metaspace       used 21297K, committed 21504K, reserved 1114112K
  class space    used 2471K, committed 2560K, reserved 1048576K
}
Event: 25.017 GC heap before
{Heap before GC invocations=3 (full 0):
 garbage-first heap   total 30720K, used 21606K [0x00000000c5600000, 0x0000000100000000)
  region size 1024K, 18 young (18432K), 3 survivors (3072K)
 Metaspace       used 23749K, committed 24064K, reserved 1114112K
  class space    used 2639K, committed 2816K, reserved 1048576K
}
Event: 25.023 GC heap after
{Heap after GC invocations=4 (full 0):
 garbage-first heap   total 30720K, used 8210K [0x00000000c5600000, 0x0000000100000000)
  region size 1024K, 1 young (1024K), 1 survivors (1024K)
 Metaspace       used 23749K, committed 24064K, reserved 1114112K
  class space    used 2639K, committed 2816K, reserved 1048576K
}

Dll operation events (13 events):
Event: 0.028 Loaded shared library C:\Program Files\Java\jdk-21\bin\java.dll
Event: 0.128 Loaded shared library C:\Program Files\Java\jdk-21\bin\jsvml.dll
Event: 0.234 Loaded shared library C:\Program Files\Java\jdk-21\bin\net.dll
Event: 0.237 Loaded shared library C:\Program Files\Java\jdk-21\bin\nio.dll
Event: 0.288 Loaded shared library C:\Program Files\Java\jdk-21\bin\zip.dll
Event: 0.332 Loaded shared library C:\Program Files\Java\jdk-21\bin\jimage.dll
Event: 0.358 Loaded shared library C:\Program Files\Java\jdk-21\bin\awt.dll
Event: 0.662 Loaded shared library C:\Program Files\Java\jdk-21\bin\freetype.dll
Event: 0.664 Loaded shared library C:\Program Files\Java\jdk-21\bin\fontmanager.dll
Event: 1.163 Loaded shared library C:\Program Files\Java\jdk-21\bin\extnet.dll
Event: 1.624 Loaded shared library C:\Program Files\Java\jdk-21\bin\sunmscapi.dll
Event: 2.110 Loaded shared library C:\Program Files\Java\jdk-21\bin\verify.dll
Event: 2.631 Loaded shared library C:\Program Files\Java\jdk-21\bin\javajpeg.dll

Deoptimization events (20 events):
Event: 628.443 Thread 0x000001fe214683b0 DEOPT PACKING pc=0x000001fdd0b6f6d4 sp=0x00000047806fc090
Event: 628.443 Thread 0x000001fe214683b0 DEOPT UNPACKING pc=0x000001fdd04346a2 sp=0x00000047806fc008 mode 2
Event: 628.444 Thread 0x000001fe214683b0 Uncommon trap: trap_request=0xffffffbe fr.pc=0x000001fdd0b6f6d4 relative=0x00000000000006d4
Event: 628.444 Thread 0x000001fe214683b0 Uncommon trap: reason=profile_predicate action=maybe_recompile pc=0x000001fdd0b6f6d4 method=java.awt.LinearGradientPaintContext.fillRaster([IIIIIII)V @ 53 c2
Event: 628.444 Thread 0x000001fe214683b0 DEOPT PACKING pc=0x000001fdd0b6f6d4 sp=0x00000047806fc090
Event: 628.444 Thread 0x000001fe214683b0 DEOPT UNPACKING pc=0x000001fdd04346a2 sp=0x00000047806fc008 mode 2
Event: 628.513 Thread 0x000001fe214683b0 Uncommon trap: trap_request=0xffffff45 fr.pc=0x000001fdd0b70f08 relative=0x0000000000000768
Event: 628.513 Thread 0x000001fe214683b0 Uncommon trap: reason=unstable_if action=reinterpret pc=0x000001fdd0b70f08 method=java.awt.MultipleGradientPaintContext.indexIntoGradientsArrays(F)I @ 13 c2
Event: 628.513 Thread 0x000001fe214683b0 DEOPT PACKING pc=0x000001fdd0b70f08 sp=0x00000047806fc000
Event: 628.513 Thread 0x000001fe214683b0 DEOPT UNPACKING pc=0x000001fdd04346a2 sp=0x00000047806fbef0 mode 2
Event: 628.513 Thread 0x000001fe214683b0 Uncommon trap: trap_request=0xffffff45 fr.pc=0x000001fdd0b70198 relative=0x0000000000000398
Event: 628.513 Thread 0x000001fe214683b0 Uncommon trap: reason=unstable_if action=reinterpret pc=0x000001fdd0b70198 method=java.awt.MultipleGradientPaintContext.indexIntoGradientsArrays(F)I @ 13 c2
Event: 628.513 Thread 0x000001fe214683b0 DEOPT PACKING pc=0x000001fdd0b70198 sp=0x00000047806fbf60
Event: 628.513 Thread 0x000001fe214683b0 DEOPT UNPACKING pc=0x000001fdd04346a2 sp=0x00000047806fbee8 mode 2
Event: 628.549 Thread 0x000001fe214683b0 DEOPT PACKING pc=0x000001fdc9711c3f sp=0x00000047806fc180
Event: 628.549 Thread 0x000001fe214683b0 DEOPT UNPACKING pc=0x000001fdd0434e42 sp=0x00000047806fb5f8 mode 0
Event: 628.797 Thread 0x000001fe214683b0 DEOPT PACKING pc=0x000001fdc9711c3f sp=0x00000047806fc340
Event: 628.797 Thread 0x000001fe214683b0 DEOPT UNPACKING pc=0x000001fdd0434e42 sp=0x00000047806fb7b8 mode 0
Event: 628.850 Thread 0x000001fe214683b0 DEOPT PACKING pc=0x000001fdc9711c3f sp=0x00000047806fc090
Event: 628.850 Thread 0x000001fe214683b0 DEOPT UNPACKING pc=0x000001fdd0434e42 sp=0x00000047806fb508 mode 0

Classes loaded (20 events):
Event: 40.330 Loading class sun/awt/DebugSettings
Event: 40.331 Loading class sun/awt/DebugSettings done
Event: 40.331 Loading class javax/swing/JComponent$KeyboardState
Event: 40.331 Loading class javax/swing/JComponent$KeyboardState done
Event: 40.331 Loading class javax/swing/JComponent$IntVector
Event: 40.331 Loading class javax/swing/JComponent$IntVector done
Event: 40.332 Loading class javax/swing/JComponent$ActionStandin
Event: 40.332 Loading class javax/swing/JComponent$ActionStandin done
Event: 47.354 Loading class java/security/DomainCombiner
Event: 47.361 Loading class java/security/DomainCombiner done
Event: 623.601 Loading class java/util/WeakHashMap$KeyIterator
Event: 623.604 Loading class java/util/WeakHashMap$HashIterator
Event: 623.606 Loading class java/util/WeakHashMap$HashIterator done
Event: 623.606 Loading class java/util/WeakHashMap$KeyIterator done
Event: 624.005 Loading class javax/swing/RepaintManager$DisplayChangedRunnable
Event: 624.007 Loading class javax/swing/RepaintManager$DisplayChangedRunnable done
Event: 628.345 Loading class sun/awt/image/BufferedImageDevice
Event: 628.346 Loading class sun/awt/image/BufferedImageDevice done
Event: 628.369 Loading class sun/awt/image/BufImgVolatileSurfaceManager
Event: 628.370 Loading class sun/awt/image/BufImgVolatileSurfaceManager done

Classes unloaded (0 events):
No events

Classes redefined (0 events):
No events

Internal exceptions (20 events):
Event: 0.922 Thread 0x000001fe214683b0 Exception <a 'java/lang/NoSuchMethodError'{0x00000000c8bc29f8}: 'void java.lang.invoke.DirectMethodHandle$Holder.invokeStatic(java.lang.Object, java.lang.Object)'> (0x00000000c8bc29f8) 
thrown [s\open\src\hotspot\share\interpreter\linkResolver.cpp, line 773]
Event: 0.977 Thread 0x000001fe214683b0 Exception <a 'java/lang/NoSuchMethodError'{0x00000000c8a90430}: 'java.lang.Object java.lang.invoke.DirectMethodHandle$Holder.invokeInterface(java.lang.Object, java.lang.Object)'> (0x00000000c8a90430) 
thrown [s\open\src\hotspot\share\interpreter\linkResolver.cpp, line 773]
Event: 1.018 Thread 0x000001fe214683b0 Exception <a 'java/lang/NoSuchMethodError'{0x00000000c89102a0}: 'void java.lang.invoke.DirectMethodHandle$Holder.invokeStatic(java.lang.Object, java.lang.Object, java.lang.Object)'> (0x00000000c89102a0) 
thrown [s\open\src\hotspot\share\interpreter\linkResolver.cpp, line 773]
Event: 1.031 Thread 0x000001fe214683b0 Exception <a 'java/lang/NoSuchMethodError'{0x00000000c8918f88}: 'java.lang.Object java.lang.invoke.DirectMethodHandle$Holder.invokeVirtual(java.lang.Object, java.lang.Object, java.lang.Object)'> (0x00000000c8918f88) 
thrown [s\open\src\hotspot\share\interpreter\linkResolver.cpp, line 773]
Event: 1.318 Thread 0x000001fe214683b0 Exception <a 'java/lang/NoSuchMethodError'{0x00000000c91e21b8}: 'void java.lang.invoke.DirectMethodHandle$Holder.invokeStaticInit(java.lang.Object, java.lang.Object)'> (0x00000000c91e21b8) 
thrown [s\open\src\hotspot\share\interpreter\linkResolver.cpp, line 773]
Event: 1.430 Thread 0x000001fe214683b0 Exception <a 'sun/nio/fs/WindowsException'{0x00000000c8f25d50}> (0x00000000c8f25d50) 
thrown [s\open\src\hotspot\share\prims\jni.cpp, line 520]
Event: 1.493 Thread 0x000001fe214683b0 Exception <a 'java/lang/NoSuchMethodError'{0x00000000c8fd3d88}: 'java.lang.Object java.lang.invoke.DirectMethodHandle$Holder.invokeStaticInit(java.lang.Object, int, int, int, int)'> (0x00000000c8fd3d88) 
thrown [s\open\src\hotspot\share\interpreter\linkResolver.cpp, line 773]
Event: 1.568 Thread 0x000001fe214683b0 Exception <a 'java/lang/NoSuchMethodError'{0x00000000c8e5b908}: 'java.lang.Object java.lang.invoke.DirectMethodHandle$Holder.invokeStaticInit(java.lang.Object, java.lang.Object, int, int, int, int)'> (0x00000000c8e5b908) 
thrown [s\open\src\hotspot\share\interpreter\linkResolver.cpp, line 773]
Event: 1.667 Thread 0x000001fe214683b0 Exception <a 'java/lang/NoSuchMethodError'{0x00000000c8ed92b0}: 'int java.lang.invoke.DirectMethodHandle$Holder.invokeSpecial(java.lang.Object, java.lang.Object, java.lang.Object)'> (0x00000000c8ed92b0) 
thrown [s\open\src\hotspot\share\interpreter\linkResolver.cpp, line 773]
Event: 1.884 Thread 0x000001fe214683b0 Exception <a 'java/lang/NoSuchMethodError'{0x00000000c8de4a18}: 'void java.lang.invoke.DirectMethodHandle$Holder.invokeVirtual(java.lang.Object, java.lang.Object)'> (0x00000000c8de4a18) 
thrown [s\open\src\hotspot\share\interpreter\linkResolver.cpp, line 773]
Event: 2.067 Thread 0x000001fe214683b0 Exception <a 'java/lang/NoSuchMethodError'{0x00000000c8b274c0}: 'java.lang.Object java.lang.invoke.DirectMethodHandle$Holder.newInvokeSpecial(java.lang.Object, java.lang.Object, int)'> (0x00000000c8b274c0) 
thrown [s\open\src\hotspot\share\interpreter\linkResolver.cpp, line 773]
Event: 2.067 Thread 0x000001fe214683b0 Exception <a 'java/lang/NoSuchMethodError'{0x00000000c8b2bb48}: 'int java.lang.invoke.DirectMethodHandle$Holder.invokeSpecial(java.lang.Object, java.lang.Object, java.lang.Object, int)'> (0x00000000c8b2bb48) 
thrown [s\open\src\hotspot\share\interpreter\linkResolver.cpp, line 773]
Event: 2.069 Thread 0x000001fe214683b0 Exception <a 'java/lang/NoSuchMethodError'{0x00000000c8b3e3c0}: 'java.lang.Object java.lang.invoke.DirectMethodHandle$Holder.invokeStatic(java.lang.Object, java.lang.Object, java.lang.Object, java.lang.Object, int)'> (0x00000000c8b3e3c0) 
thrown [s\open\src\hotspot\share\interpreter\linkResolver.cpp, line 773]
Event: 2.544 Thread 0x000001fe2652cc60 Exception <a 'java/lang/NoSuchMethodError'{0x00000000c873e3c8}: 'java.lang.Object java.lang.invoke.DirectMethodHandle$Holder.newInvokeSpecial(java.lang.Object, java.lang.Object, java.lang.Object, int, int, int, int, int)'> (0x00000000c873e3c8) 
thrown [s\open\src\hotspot\share\interpreter\linkResolver.cpp, line 773]
Event: 2.718 Thread 0x000001fe214683b0 Exception <a 'java/lang/NoSuchMethodError'{0x00000000c87eccf0}: 'void java.lang.invoke.DirectMethodHandle$Holder.invokeStaticInit(java.lang.Object)'> (0x00000000c87eccf0) 
thrown [s\open\src\hotspot\share\interpreter\linkResolver.cpp, line 773]
Event: 24.024 Thread 0x000001fe214683b0 Implicit null exception at 0x000001fdd0ac263a to 0x000001fdd0ac41ec
Event: 628.442 Thread 0x000001fe214683b0 Implicit null exception at 0x000001fdd0b6f0d2 to 0x000001fdd0b6f69a
Event: 628.442 Thread 0x000001fe214683b0 Implicit null exception at 0x000001fdd0b6f0d2 to 0x000001fdd0b6f69a
Event: 628.442 Thread 0x000001fe214683b0 Implicit null exception at 0x000001fdd0b6f0d2 to 0x000001fdd0b6f69a
Event: 628.444 Thread 0x000001fe214683b0 Implicit null exception at 0x000001fdd0b6f0d2 to 0x000001fdd0b6f69a

ZGC Phase Switch (0 events):
No events

VM Operations (20 events):
Event: 85.327 Executing VM operation: Cleanup
Event: 85.327 Executing VM operation: Cleanup done
Event: 116.589 Executing VM operation: Cleanup
Event: 116.589 Executing VM operation: Cleanup done
Event: 180.010 Executing VM operation: Cleanup
Event: 180.010 Executing VM operation: Cleanup done
Event: 612.143 Executing VM operation: Cleanup
Event: 612.144 Executing VM operation: Cleanup done
Event: 624.335 Executing VM operation: Cleanup
Event: 624.370 Executing VM operation: Cleanup done
Event: 625.375 Executing VM operation: Cleanup
Event: 625.375 Executing VM operation: Cleanup done
Event: 628.343 Executing VM operation: HandshakeAllThreads (Deoptimize)
Event: 628.344 Executing VM operation: HandshakeAllThreads (Deoptimize) done
Event: 628.344 Executing VM operation: Cleanup
Event: 628.344 Executing VM operation: Cleanup done
Event: 628.371 Executing VM operation: HandshakeAllThreads (Deoptimize)
Event: 628.371 Executing VM operation: HandshakeAllThreads (Deoptimize) done
Event: 628.372 Executing VM operation: HandshakeAllThreads (Deoptimize)
Event: 628.372 Executing VM operation: HandshakeAllThreads (Deoptimize) done

Events (20 events):
Event: 0.124 Thread 0x000001fddb49e770 Thread added: 0x000001fddb49e770
Event: 0.125 Thread 0x000001fddb4a7160 Thread added: 0x000001fddb4a7160
Event: 0.125 Thread 0x000001fddb4abe60 Thread added: 0x000001fddb4abe60
Event: 0.125 Thread 0x000001fddb4aca70 Thread added: 0x000001fddb4aca70
Event: 0.125 Thread 0x000001fddb4ad680 Thread added: 0x000001fddb4ad680
Event: 0.125 Thread 0x000001fddb4b4ae0 Thread added: 0x000001fddb4b4ae0
Event: 0.125 Thread 0x000001fddb4bbed0 Thread added: 0x000001fddb4bbed0
Event: 0.210 Thread 0x000001fddb6c5220 Thread added: 0x000001fddb6c5220
Event: 0.280 Thread 0x000001fddb77ccd0 Thread added: 0x000001fddb77ccd0
Event: 0.518 Thread 0x000001fddb8af850 Thread added: 0x000001fddb8af850
Event: 0.520 Thread 0x000001fddb8b0680 Thread added: 0x000001fddb8b0680
Event: 0.523 Thread 0x000001fddb8b0cf0 Thread added: 0x000001fddb8b0cf0
Event: 0.771 Thread 0x000001fe214683b0 Thread added: 0x000001fe214683b0
Event: 0.771 Thread 0x000001fdbe7c8b50 Thread exited: 0x000001fdbe7c8b50
Event: 0.772 Thread 0x000001fdbe7c8b50 Thread added: 0x000001fdbe7c8b50
Event: 0.923 Thread 0x000001fe219a3b60 Thread added: 0x000001fe219a3b60
Event: 2.314 Thread 0x000001fe264273d0 Thread added: 0x000001fe264273d0
Event: 2.538 Thread 0x000001fe2652cc60 Thread added: 0x000001fe2652cc60
Event: 3.122 Thread 0x000001fe26812390 Thread added: 0x000001fe26812390
Event: 7.660 Thread 0x000001fe2652cc60 Thread exited: 0x000001fe2652cc60


Dynamic libraries:
0x00007ff6c72a0000 - 0x00007ff6c72b0000 	C:\Program Files\Java\jdk-21\bin\java.exe
0x00007ff967b10000 - 0x00007ff967d08000 	C:\WINDOWS\SYSTEM32\ntdll.dll
0x00007ff965be0000 - 0x00007ff965c9d000 	C:\WINDOWS\System32\KERNEL32.DLL
0x00007ff965420000 - 0x00007ff965716000 	C:\WINDOWS\System32\KERNELBASE.dll
0x00007ff965720000 - 0x00007ff965820000 	C:\WINDOWS\System32\ucrtbase.dll
0x00007ff93a010000 - 0x00007ff93a029000 	C:\Program Files\Java\jdk-21\bin\jli.dll
0x00007ff967480000 - 0x00007ff967530000 	C:\WINDOWS\System32\ADVAPI32.dll
0x00007ff965b40000 - 0x00007ff965bde000 	C:\WINDOWS\System32\msvcrt.dll
0x00007ff9677e0000 - 0x00007ff967880000 	C:\WINDOWS\System32\sechost.dll
0x00007ff9679a0000 - 0x00007ff967ac3000 	C:\WINDOWS\System32\RPCRT4.dll
0x00007ff9659f0000 - 0x00007ff965a17000 	C:\WINDOWS\System32\bcrypt.dll
0x00007ff966df0000 - 0x00007ff966f8f000 	C:\WINDOWS\System32\USER32.dll
0x00007ff9651c0000 - 0x00007ff9651e2000 	C:\WINDOWS\System32\win32u.dll
0x00007ff9664a0000 - 0x00007ff9664cb000 	C:\WINDOWS\System32\GDI32.dll
0x00007ff965a20000 - 0x00007ff965b37000 	C:\WINDOWS\System32\gdi32full.dll
0x00007ff965380000 - 0x00007ff96541d000 	C:\WINDOWS\System32\msvcp_win.dll
0x00007ff910ee0000 - 0x00007ff910efb000 	C:\Program Files\Java\jdk-21\bin\VCRUNTIME140.dll
0x00007ff951050000 - 0x00007ff9512ea000 	C:\WINDOWS\WinSxS\amd64_microsoft.windows.common-controls_6595b64144ccf1df_6.0.19041.3636_none_60b6a03d71f818d5\COMCTL32.dll
0x00007ff95d260000 - 0x00007ff95d26a000 	C:\WINDOWS\SYSTEM32\VERSION.dll
0x00007ff967880000 - 0x00007ff9678b2000 	C:\WINDOWS\System32\IMM32.DLL
0x00007ff925cf0000 - 0x00007ff925cfc000 	C:\Program Files\Java\jdk-21\bin\vcruntime140_1.dll
0x00007ff910b30000 - 0x00007ff910bbe000 	C:\Program Files\Java\jdk-21\bin\msvcp140.dll
0x00007ff910f00000 - 0x00007ff911c17000 	C:\Program Files\Java\jdk-21\bin\server\jvm.dll
0x00007ff9678c0000 - 0x00007ff96792b000 	C:\WINDOWS\System32\WS2_32.dll
0x00007ff965020000 - 0x00007ff96506b000 	C:\WINDOWS\SYSTEM32\POWRPROF.dll
0x00007ff95c120000 - 0x00007ff95c147000 	C:\WINDOWS\SYSTEM32\WINMM.dll
0x00007ff965000000 - 0x00007ff965012000 	C:\WINDOWS\SYSTEM32\UMPDC.dll
0x00007ff963050000 - 0x00007ff963062000 	C:\WINDOWS\SYSTEM32\kernel.appcore.dll
0x00007ff91e270000 - 0x00007ff91e27a000 	C:\Program Files\Java\jdk-21\bin\jimage.dll
0x00007ff958d80000 - 0x00007ff958f64000 	C:\WINDOWS\SYSTEM32\DBGHELP.DLL
0x00007ff956140000 - 0x00007ff956174000 	C:\WINDOWS\SYSTEM32\dbgcore.DLL
0x00007ff965240000 - 0x00007ff9652c2000 	C:\WINDOWS\System32\bcryptPrimitives.dll
0x00007ff910e80000 - 0x00007ff910e9f000 	C:\Program Files\Java\jdk-21\bin\java.dll
0x00007ff9664d0000 - 0x00007ff966c3b000 	C:\WINDOWS\System32\SHELL32.dll
0x00007ff963250000 - 0x00007ff9639ee000 	C:\WINDOWS\SYSTEM32\windows.storage.dll
0x00007ff967120000 - 0x00007ff967473000 	C:\WINDOWS\System32\combase.dll
0x00007ff964b20000 - 0x00007ff964b4e000 	C:\WINDOWS\SYSTEM32\Wldp.dll
0x00007ff967050000 - 0x00007ff96711d000 	C:\WINDOWS\System32\OLEAUT32.dll
0x00007ff965ca0000 - 0x00007ff965d4d000 	C:\WINDOWS\System32\SHCORE.dll
0x00007ff967650000 - 0x00007ff9676a5000 	C:\WINDOWS\System32\shlwapi.dll
0x00007ff9650f0000 - 0x00007ff965113000 	C:\WINDOWS\SYSTEM32\profapi.dll
0x00007ff910da0000 - 0x00007ff910e77000 	C:\Program Files\Java\jdk-21\bin\jsvml.dll
0x00007ff91ac50000 - 0x00007ff91ac60000 	C:\Program Files\Java\jdk-21\bin\net.dll
0x00007ff959e20000 - 0x00007ff959f2a000 	C:\WINDOWS\SYSTEM32\WINHTTP.dll
0x00007ff964880000 - 0x00007ff9648ea000 	C:\WINDOWS\system32\mswsock.dll
0x00007ff910d80000 - 0x00007ff910d96000 	C:\Program Files\Java\jdk-21\bin\nio.dll
0x00007ff910d60000 - 0x00007ff910d78000 	C:\Program Files\Java\jdk-21\bin\zip.dll
0x00007ff910bc0000 - 0x00007ff910d4f000 	C:\Program Files\Java\jdk-21\bin\awt.dll
0x00007ff9629a0000 - 0x00007ff962a30000 	C:\WINDOWS\SYSTEM32\apphelp.dll
0x00007ff962b60000 - 0x00007ff962bfe000 	C:\WINDOWS\system32\uxtheme.dll
0x00007ff967530000 - 0x00007ff967645000 	C:\WINDOWS\System32\MSCTF.dll
0x00007ff9676b0000 - 0x00007ff9677db000 	C:\WINDOWS\System32\ole32.dll
0x00007ff962d60000 - 0x00007ff962d8f000 	C:\WINDOWS\system32\DWMAPI.DLL
0x00007ff910940000 - 0x00007ff9109c7000 	C:\Program Files\Java\jdk-21\bin\freetype.dll
0x00007ff910850000 - 0x00007ff910932000 	C:\Program Files\Java\jdk-21\bin\fontmanager.dll
0x00007ff910a00000 - 0x00007ff910b25000 	C:\WINDOWS\system32\opengl32.dll
0x00007ff960030000 - 0x00007ff96005c000 	C:\WINDOWS\SYSTEM32\GLU32.dll
0x00007ff93a110000 - 0x00007ff93a2dd000 	C:\WINDOWS\system32\d3d9.dll
0x00007ff95c150000 - 0x00007ff95c308000 	C:\WINDOWS\System32\DriverStore\FileRepository\u0376209.inf_amd64_b3bdffadea4def3f\B374968\aticfx64.dll
0x00007ff931020000 - 0x00007ff931054000 	C:\WINDOWS\System32\DriverStore\FileRepository\u0376209.inf_amd64_b3bdffadea4def3f\B374968\atiu9p64.dll
0x00007ff913370000 - 0x00007ff9140c4000 	C:\WINDOWS\System32\DriverStore\FileRepository\u0376209.inf_amd64_b3bdffadea4def3f\B374968\atiumd64.dll
0x0000000074560000 - 0x00000000753d5000 	C:\WINDOWS\System32\DriverStore\FileRepository\u0376209.inf_amd64_b3bdffadea4def3f\B374968\atiumd6a.dll
0x00007ff965e10000 - 0x00007ff96627e000 	C:\WINDOWS\System32\SETUPAPI.dll
0x00007ff9651f0000 - 0x00007ff96523e000 	C:\WINDOWS\System32\cfgmgr32.dll
0x00007ff959df0000 - 0x00007ff959e20000 	C:\WINDOWS\SYSTEM32\amdihk64.dll
0x00007ff95c3b0000 - 0x00007ff95c3eb000 	C:\WINDOWS\SYSTEM32\dxcore.dll
0x00007ff9645a0000 - 0x00007ff96466b000 	C:\WINDOWS\SYSTEM32\DNSAPI.dll
0x00007ff964560000 - 0x00007ff96459b000 	C:\WINDOWS\SYSTEM32\IPHLPAPI.DLL
0x00007ff967930000 - 0x00007ff967938000 	C:\WINDOWS\System32\NSI.dll
0x00007ff9571c0000 - 0x00007ff9571ca000 	C:\Windows\System32\rasadhlp.dll
0x00007ff957360000 - 0x00007ff9573e0000 	C:\WINDOWS\System32\fwpuclnt.dll
0x00007ff960060000 - 0x00007ff960069000 	C:\Program Files\Java\jdk-21\bin\extnet.dll
0x00007ff964a70000 - 0x00007ff964a88000 	C:\WINDOWS\SYSTEM32\CRYPTSP.dll
0x00007ff9641a0000 - 0x00007ff9641d4000 	C:\WINDOWS\system32\rsaenh.dll
0x00007ff965070000 - 0x00007ff96509e000 	C:\WINDOWS\SYSTEM32\USERENV.dll
0x00007ff964a90000 - 0x00007ff964a9c000 	C:\WINDOWS\SYSTEM32\CRYPTBASE.dll
0x00007ff95fb30000 - 0x00007ff95fb3e000 	C:\Program Files\Java\jdk-21\bin\sunmscapi.dll
0x00007ff965890000 - 0x00007ff9659ee000 	C:\WINDOWS\System32\CRYPT32.dll
0x00007ff964b90000 - 0x00007ff964bb8000 	C:\WINDOWS\SYSTEM32\ncrypt.dll
0x00007ff964b50000 - 0x00007ff964b8b000 	C:\WINDOWS\SYSTEM32\NTASN1.dll
0x00007ff910d50000 - 0x00007ff910d60000 	C:\Program Files\Java\jdk-21\bin\verify.dll
0x00007ff960cd0000 - 0x00007ff960cfe000 	C:\Program Files\Java\jdk-21\bin\javajpeg.dll
0x00007ff965d50000 - 0x00007ff965df9000 	C:\WINDOWS\System32\clbcatq.dll
0x00007ff95f080000 - 0x00007ff95f234000 	C:\WINDOWS\SYSTEM32\WindowsCodecs.dll
0x00007ff94f220000 - 0x00007ff94f25e000 	C:\WINDOWS\system32\dataexchange.dll
0x00007ff961130000 - 0x00007ff961393000 	C:\WINDOWS\system32\d3d11.dll
0x00007ff961dc0000 - 0x00007ff961fa5000 	C:\WINDOWS\system32\dcomp.dll
0x00007ff963a50000 - 0x00007ff963b43000 	C:\WINDOWS\system32\dxgi.dll
0x00007ff95f280000 - 0x00007ff95f483000 	C:\WINDOWS\system32\twinapi.appcore.dll
0x00007ff952e90000 - 0x00007ff952f89000 	C:\WINDOWS\SYSTEM32\textinputframework.dll
0x00007ff961fb0000 - 0x00007ff96230b000 	C:\WINDOWS\System32\CoreUIComponents.dll
0x00007ff962770000 - 0x00007ff962862000 	C:\WINDOWS\System32\CoreMessaging.dll
0x00007ff9642c0000 - 0x00007ff9642f3000 	C:\WINDOWS\SYSTEM32\ntmarta.dll
0x00007ff960fd0000 - 0x00007ff961127000 	C:\WINDOWS\SYSTEM32\wintypes.dll
0x00007ff94fcd0000 - 0x00007ff94fd7c000 	C:\WINDOWS\SYSTEM32\TextShaping.dll

dbghelp: loaded successfully - version: 4.0.5 - missing functions: none
symbol engine: initialized successfully - sym options: 0x614 - pdb path: .;C:\Program Files\Java\jdk-21\bin;C:\WINDOWS\SYSTEM32;C:\WINDOWS\WinSxS\amd64_microsoft.windows.common-controls_6595b64144ccf1df_6.0.19041.3636_none_60b6a03d71f818d5;C:\Program Files\Java\jdk-21\bin\server;C:\WINDOWS\System32\DriverStore\FileRepository\u0376209.inf_amd64_b3bdffadea4def3f\B374968

VM Arguments:
jvm_args: -Dfile.encoding=UTF-8 -Djava.security.policy=applet.policy --module-path=C:\Users\NIRWAN\OneDrive\Documents\NetBeansProjects\Student Results Management System\build\classes 
java_command: Interfaces.AddStudentForm
java_class_path (initial): C:\Program Files\NetBeans-17\netbeans\java\modules\ext\AbsoluteLayout.jar;C:\Users\NIRWAN\3D Objects\New Folder (3)\jcalendar-1.4\lib\jcalendar-1.4.jar;C:\Users\NIRWAN\Downloads\mysql-connector-j-8.3.0\mysql-connector-j-8.3.0\mysql-connector-j-8.3.0.jar;C:\Users\NIRWAN\OneDrive\Documents\mysql-connector-j-8.3.0.jar;C:\Users\NIRWAN\OneDrive\Documents\NetBeansProjects\Student Results Management System\build\classes
Launcher Type: SUN_STANDARD

[Global flags]
     intx CICompilerCount                          = 3                                         {product} {ergonomic}
     uint ConcGCThreads                            = 1                                         {product} {ergonomic}
     uint G1ConcRefinementThreads                  = 4                                         {product} {ergonomic}
   size_t G1HeapRegionSize                         = 1048576                                   {product} {ergonomic}
    uintx GCDrainStackTargetSize                   = 64                                        {product} {ergonomic}
   size_t InitialHeapSize                          = 62914560                                  {product} {ergonomic}
   size_t MarkStackSize                            = 4194304                                   {product} {ergonomic}
   size_t MaxHeapSize                              = 983564288                                 {product} {ergonomic}
   size_t MaxNewSize                               = 589299712                                 {product} {ergonomic}
   size_t MinHeapDeltaBytes                        = 1048576                                   {product} {ergonomic}
   size_t MinHeapSize                              = 8388608                                   {product} {ergonomic}
    uintx NonNMethodCodeHeapSize                   = 5832780                                {pd product} {ergonomic}
    uintx NonProfiledCodeHeapSize                  = 122912730                              {pd product} {ergonomic}
    uintx ProfiledCodeHeapSize                     = 122912730                              {pd product} {ergonomic}
    uintx ReservedCodeCacheSize                    = 251658240                              {pd product} {ergonomic}
     bool SegmentedCodeCache                       = true                                      {product} {ergonomic}
   size_t SoftMaxHeapSize                          = 983564288                              {manageable} {ergonomic}
     bool UseCompressedOops                        = true                           {product lp64_product} {ergonomic}
     bool UseG1GC                                  = true                                      {product} {ergonomic}
     bool UseLargePagesIndividualAllocation        = false                                  {pd product} {ergonomic}

Logging:
Log output configuration:
 #0: stdout all=warning uptime,level,tags foldmultilines=false
 #1: stderr all=off uptime,level,tags foldmultilines=false

Environment Variables:
JAVA_HOME=C:\Program Files\Java\jdk-21
PATH=C:\Program Files\Common Files\Oracle\Java\javapath;C:\Program Files (x86)\NVIDIA Corporation\PhysX\Common;C:\WINDOWS\system32;C:\WINDOWS;C:\WINDOWS\System32\Wbem;C:\WINDOWS\System32\WindowsPowerShell\v1.0\;C:\WINDOWS\System32\OpenSSH\;C:\Program Files\Java\jdk-21\bin;C:\Program Files\MySQL\MySQL Server 8.0\bin;C:\Program Files\MySQL\MySQL Server 8.0\bin;C:\Program Files\MySQL\MySQL Shell 8.0\bin\;C:\Users\NIRWAN\AppData\Local\Microsoft\WindowsApps;
USERNAME=NIRWAN
OS=Windows_NT
PROCESSOR_IDENTIFIER=AMD64 Family 23 Model 17 Stepping 0, AuthenticAMD
TMP=C:\Users\NIRWAN\AppData\Local\Temp
TEMP=C:\Users\NIRWAN\AppData\Local\Temp




Periodic native trim disabled

---------------  S Y S T E M  ---------------

OS:
 Windows 10 , 64 bit Build 19041 (10.0.19041.3636)
OS uptime: 0 days 6:25 hours

CPU: total 4 (initial active 4) (4 cores per cpu, 2 threads per core) family 23 model 17 stepping 0 microcode 0x0, cx8, cmov, fxsr, ht, mmx, 3dnowpref, sse, sse2, sse3, ssse3, sse4a, sse4.1, sse4.2, popcnt, lzcnt, tsc, tscinvbit, avx, avx2, aes, clmul, bmi1, bmi2, adx, sha, fma, vzeroupper, clflush, clflushopt, rdtscp, f16c
Processor Information for all 4 processors :
  Max Mhz: 2500, Current Mhz: 2500, Mhz Limit: 2500

Memory: 4k page, system-wide physical 3747M (221M free)
TotalPageFile size 6747M (AvailPageFile size 44M)
current process WorkingSet (physical memory assigned to process): 103M, peak: 170M
current process commit charge ("private bytes"): 213M, peak: 224M

vm_info: Java HotSpot(TM) 64-Bit Server VM (21.0.2+13-LTS-58) for windows-amd64 JRE (21.0.2+13-LTS-58), built on 2024-01-05T18:32:24Z by "mach5one" with MS VC++ 17.1 (VS2022)

END.
