#
# There is insufficient memory for the Java Runtime Environment to continue.
# Native memory allocation (malloc) failed to allocate 1097856 bytes for Chunk::new
# Possible reasons:
#   The system is out of physical RAM or swap space
#   The process is running with CompressedOops enabled, and the Java Heap may be blocking the growth of the native heap
# Possible solutions:
#   Reduce memory load on the system
#   Increase physical memory or swap space
#   Check if swap backing store is full
#   Decrease Java heap size (-Xmx/-Xms)
#   Decrease number of Java threads
#   Decrease Java thread stack sizes (-Xss)
#   Set larger code cache with -XX:ReservedCodeCacheSize=
#   JVM is running with Unscaled Compressed Oops mode in which the Java heap is
#     placed in the first 4GB address space. The Java Heap base address is the
#     maximum limit for the native heap growth. Please use -XX:HeapBaseMinAddress
#     to set the Java Heap base and to place the Java Heap above 4GB virtual address.
# This output file may be truncated or incomplete.
#
#  Out of Memory Error (arena.cpp:168), pid=2568, tid=2884
#
# JRE version: Java(TM) SE Runtime Environment (21.0.2+13) (build 21.0.2+13-LTS-58)
# Java VM: Java HotSpot(TM) 64-Bit Server VM (21.0.2+13-LTS-58, mixed mode, sharing, tiered, compressed oops, compressed class ptrs, g1 gc, windows-amd64)
# No core dump will be written. Minidumps are not enabled by default on client versions of Windows
#

---------------  S U M M A R Y ------------

Command Line: -Dfile.encoding=UTF-8 -Djava.security.policy=applet.policy Interfaces.A4_CourseSubject

Host: AMD Ryzen 3 2200U with Radeon Vega Mobile Gfx  , 4 cores, 3G,  Windows 10 , 64 bit Build 19041 (10.0.19041.3636)
Time: Thu May 30 05:59:13 2024 Sri Lanka Standard Time elapsed time: 169.424920 seconds (0d 0h 2m 49s)

---------------  T H R E A D  ---------------

Current thread (0x000002006a4b9f20):  JavaThread "C2 CompilerThread0" daemon [_thread_in_native, id=2884, stack(0x0000005ed1800000,0x0000005ed1900000) (1024K)]


Current CompileTask:
C2: 169425 3602       4       sun.security.ec.ECOperations::setDouble (463 bytes)

Stack: [0x0000005ed1800000,0x0000005ed1900000]
Native frames: (J=compiled Java code, j=interpreted, Vv=VM code, C=native code)
V  [jvm.dll+0x6cade9]
V  [jvm.dll+0x8569c1]
V  [jvm.dll+0x858d2e]
V  [jvm.dll+0x859413]
V  [jvm.dll+0x280e56]
V  [jvm.dll+0xc3f3d]
V  [jvm.dll+0xc4473]
V  [jvm.dll+0x2f437f]
V  [jvm.dll+0x5f5056]
V  [jvm.dll+0x252d7f]
V  [jvm.dll+0x25315f]
V  [jvm.dll+0x24b8e0]
V  [jvm.dll+0x2490a3]
V  [jvm.dll+0x1c9634]
V  [jvm.dll+0x258859]
V  [jvm.dll+0x256e3a]
V  [jvm.dll+0x3ef6c6]
V  [jvm.dll+0x7ff568]
V  [jvm.dll+0x6c953d]
C  [ucrtbase.dll+0x21bb2]
C  [KERNEL32.DLL+0x17344]
C  [ntdll.dll+0x526b1]


---------------  P R O C E S S  ---------------

Threads class SMR info:
_java_thread_list=0x00000200745107f0, length=19, elements={
0x000002006a4a28a0, 0x000002004fb0e500, 0x000002006a4a6370, 0x000002006a4a95f0,
0x000002006a4b4220, 0x000002006a4b5c90, 0x000002006a4b9f20, 0x000002006a4bfa00,
0x000002006a701420, 0x000002006a705c70, 0x000002006a8f2880, 0x000002006a8ffd80,
0x000002006a904810, 0x000002006a960b50, 0x000002004d81d5b0, 0x0000020071998370,
0x0000020074519580, 0x00000200747fd340, 0x00000200747ff410
}

Java Threads: ( => current thread )
  0x000002006a4a28a0 JavaThread "Reference Handler"          daemon [_thread_blocked, id=10160, stack(0x0000005ed1200000,0x0000005ed1300000) (1024K)]
  0x000002004fb0e500 JavaThread "Finalizer"                  daemon [_thread_blocked, id=10088, stack(0x0000005ed1300000,0x0000005ed1400000) (1024K)]
  0x000002006a4a6370 JavaThread "Signal Dispatcher"          daemon [_thread_blocked, id=10152, stack(0x0000005ed1400000,0x0000005ed1500000) (1024K)]
  0x000002006a4a95f0 JavaThread "Attach Listener"            daemon [_thread_blocked, id=8488, stack(0x0000005ed1500000,0x0000005ed1600000) (1024K)]
  0x000002006a4b4220 JavaThread "Service Thread"             daemon [_thread_blocked, id=5488, stack(0x0000005ed1600000,0x0000005ed1700000) (1024K)]
  0x000002006a4b5c90 JavaThread "Monitor Deflation Thread"   daemon [_thread_blocked, id=6124, stack(0x0000005ed1700000,0x0000005ed1800000) (1024K)]
=>0x000002006a4b9f20 JavaThread "C2 CompilerThread0"         daemon [_thread_in_native, id=2884, stack(0x0000005ed1800000,0x0000005ed1900000) (1024K)]
  0x000002006a4bfa00 JavaThread "C1 CompilerThread0"         daemon [_thread_blocked, id=7848, stack(0x0000005ed1900000,0x0000005ed1a00000) (1024K)]
  0x000002006a701420 JavaThread "Notification Thread"        daemon [_thread_blocked, id=1368, stack(0x0000005ed1a00000,0x0000005ed1b00000) (1024K)]
  0x000002006a705c70 JavaThread "Common-Cleaner"             daemon [_thread_blocked, id=5340, stack(0x0000005ed1b00000,0x0000005ed1c00000) (1024K)]
  0x000002006a8f2880 JavaThread "Java2D Disposer"            daemon [_thread_blocked, id=6620, stack(0x0000005ed1c00000,0x0000005ed1d00000) (1024K)]
  0x000002006a8ffd80 JavaThread "AWT-Shutdown"                      [_thread_blocked, id=11028, stack(0x0000005ed1d00000,0x0000005ed1e00000) (1024K)]
  0x000002006a904810 JavaThread "AWT-Windows"                daemon [_thread_in_native, id=916, stack(0x0000005ed1e00000,0x0000005ed1f00000) (1024K)]
  0x000002006a960b50 JavaThread "AWT-EventQueue-0"                  [_thread_blocked, id=7820, stack(0x0000005ed1f00000,0x0000005ed2000000) (1024K)]
  0x000002004d81d5b0 JavaThread "DestroyJavaVM"                     [_thread_blocked, id=9804, stack(0x0000005ed0a00000,0x0000005ed0b00000) (1024K)]
  0x0000020071998370 JavaThread "mysql-cj-abandoned-connection-cleanup" daemon [_thread_blocked, id=5560, stack(0x0000005ed2600000,0x0000005ed2700000) (1024K)]
  0x0000020074519580 JavaThread "D3D Screen Updater"         daemon [_thread_blocked, id=1064, stack(0x0000005ed2c00000,0x0000005ed2d00000) (1024K)]
  0x00000200747fd340 JavaThread "TimerQueue"                 daemon [_thread_blocked, id=5732, stack(0x0000005ed2d00000,0x0000005ed2e00000) (1024K)]
  0x00000200747ff410 JavaThread "Image Fetcher 0"            daemon [_thread_blocked, id=3264, stack(0x0000005ed0700000,0x0000005ed0800000) (1024K)]
Total: 19

Other Threads:
  0x000002004faf6fa0 VMThread "VM Thread"                           [id=8960, stack(0x0000005ed1100000,0x0000005ed1200000) (1024K)]
  0x000002004fadffa0 WatcherThread "VM Periodic Task Thread"        [id=7124, stack(0x0000005ed1000000,0x0000005ed1100000) (1024K)]
  0x000002004fa6b250 WorkerThread "GC Thread#0"                     [id=5256, stack(0x0000005ed0b00000,0x0000005ed0c00000) (1024K)]
  0x0000020071b1c5f0 WorkerThread "GC Thread#1"                     [id=8284, stack(0x0000005ed2700000,0x0000005ed2800000) (1024K)]
  0x0000020071b1c990 WorkerThread "GC Thread#2"                     [id=8516, stack(0x0000005ed2800000,0x0000005ed2900000) (1024K)]
  0x0000020071ad1270 WorkerThread "GC Thread#3"                     [id=7944, stack(0x0000005ed2900000,0x0000005ed2a00000) (1024K)]
  0x000002004fa75050 ConcurrentGCThread "G1 Main Marker"            [id=2412, stack(0x0000005ed0c00000,0x0000005ed0d00000) (1024K)]
  0x000002004fa75a60 WorkerThread "G1 Conc#0"                       [id=8596, stack(0x0000005ed0d00000,0x0000005ed0e00000) (1024K)]
  0x000002004facc930 ConcurrentGCThread "G1 Refine#0"               [id=8148, stack(0x0000005ed0e00000,0x0000005ed0f00000) (1024K)]
  0x000002004fad0170 ConcurrentGCThread "G1 Service"                [id=7368, stack(0x0000005ed0f00000,0x0000005ed1000000) (1024K)]
Total: 10

Threads with active compile tasks:
C2 CompilerThread0   169487 3602       4       sun.security.ec.ECOperations::setDouble (463 bytes)
Total: 1

VM state: not at safepoint (normal execution)

VM Mutex/Monitor currently owned by a thread: None

Heap address: 0x00000000c5600000, size: 938 MB, Compressed Oops mode: 32-bit

CDS archive(s) mapped at: [0x0000020000000000-0x0000020000c90000-0x0000020000c90000), size 13172736, SharedBaseAddress: 0x0000020000000000, ArchiveRelocationMode: 1.
Compressed class space mapped at: 0x0000020001000000-0x0000020041000000, reserved size: 1073741824
Narrow klass base: 0x0000020000000000, Narrow klass shift: 0, Narrow klass range: 0x100000000

GC Precious Log:
 CardTable entry size: 512
 Card Set container configuration: InlinePtr #cards 5 size 8 Array Of Cards #cards 12 size 40 Howl #buckets 4 coarsen threshold 1843 Howl Bitmap #cards 512 size 80 coarsen threshold 460 Card regions per heap region 1 cards per card region 2048
 CPUs: 4 total, 4 available
 Memory: 3747M
 Large Page Support: Disabled
 NUMA Support: Disabled
 Compressed Oops: Enabled (32-bit)
 Heap Region Size: 1M
 Heap Min Capacity: 8M
 Heap Initial Capacity: 60M
 Heap Max Capacity: 938M
 Pre-touch: Disabled
 Parallel Workers: 4
 Concurrent Workers: 1
 Concurrent Refinement Workers: 4
 Periodic GC: Disabled

Heap:
 garbage-first heap   total 30720K, used 16496K [0x00000000c5600000, 0x0000000100000000)
  region size 1024K, 14 young (14336K), 3 survivors (3072K)
 Metaspace       used 23421K, committed 23680K, reserved 1114112K
  class space    used 2579K, committed 2688K, reserved 1048576K

Heap Regions: E=young(eden), S=young(survivor), O=old, HS=humongous(starts), HC=humongous(continues), CS=collection set, F=free, TAMS=top-at-mark-start, PB=parsable bottom
|   0|0x00000000c5600000, 0x00000000c5700000, 0x00000000c5700000|100%| O|  |TAMS 0x00000000c5600000| PB 0x00000000c5600000| Untracked 
|   1|0x00000000c5700000, 0x00000000c5800000, 0x00000000c5800000|100%| O|  |TAMS 0x00000000c5700000| PB 0x00000000c5700000| Untracked 
|   2|0x00000000c5800000, 0x00000000c5900000, 0x00000000c5900000|100%| O|  |TAMS 0x00000000c5800000| PB 0x00000000c5800000| Untracked 
|   3|0x00000000c5900000, 0x00000000c5a00000, 0x00000000c5a00000|100%| O|  |TAMS 0x00000000c5900000| PB 0x00000000c5900000| Untracked 
|   4|0x00000000c5a00000, 0x00000000c5a1c0b0, 0x00000000c5b00000| 10%| O|Cm|TAMS 0x00000000c5a00000| PB 0x00000000c5a00000| Complete 
|   5|0x00000000c5b00000, 0x00000000c5b00000, 0x00000000c5c00000|  0%| F|  |TAMS 0x00000000c5b00000| PB 0x00000000c5b00000| Untracked 
|   6|0x00000000c5c00000, 0x00000000c5c00000, 0x00000000c5d00000|  0%| F|  |TAMS 0x00000000c5c00000| PB 0x00000000c5c00000| Untracked 
|   7|0x00000000c5d00000, 0x00000000c5d00000, 0x00000000c5e00000|  0%| F|  |TAMS 0x00000000c5d00000| PB 0x00000000c5d00000| Untracked 
|   8|0x00000000c5e00000, 0x00000000c5e00000, 0x00000000c5f00000|  0%| F|  |TAMS 0x00000000c5e00000| PB 0x00000000c5e00000| Untracked 
|   9|0x00000000c5f00000, 0x00000000c5f00000, 0x00000000c6000000|  0%| F|  |TAMS 0x00000000c5f00000| PB 0x00000000c5f00000| Untracked 
|  10|0x00000000c6000000, 0x00000000c6000000, 0x00000000c6100000|  0%| F|  |TAMS 0x00000000c6000000| PB 0x00000000c6000000| Untracked 
|  11|0x00000000c6100000, 0x00000000c6100000, 0x00000000c6200000|  0%| F|  |TAMS 0x00000000c6100000| PB 0x00000000c6100000| Untracked 
|  12|0x00000000c6200000, 0x00000000c6200000, 0x00000000c6300000|  0%| F|  |TAMS 0x00000000c6200000| PB 0x00000000c6200000| Untracked 
|  13|0x00000000c6300000, 0x00000000c6300000, 0x00000000c6400000|  0%| F|  |TAMS 0x00000000c6300000| PB 0x00000000c6300000| Untracked 
|  14|0x00000000c6400000, 0x00000000c6400000, 0x00000000c6500000|  0%| F|  |TAMS 0x00000000c6400000| PB 0x00000000c6400000| Untracked 
|  15|0x00000000c6500000, 0x00000000c6500000, 0x00000000c6600000|  0%| F|  |TAMS 0x00000000c6500000| PB 0x00000000c6500000| Untracked 
|  16|0x00000000c6600000, 0x00000000c66bfc40, 0x00000000c6700000| 74%| E|  |TAMS 0x00000000c6600000| PB 0x00000000c6600000| Complete 
|  17|0x00000000c6700000, 0x00000000c6800000, 0x00000000c6800000|100%| E|CS|TAMS 0x00000000c6700000| PB 0x00000000c6700000| Complete 
|  18|0x00000000c6800000, 0x00000000c68ffa00, 0x00000000c6900000| 99%| E|  |TAMS 0x00000000c6800000| PB 0x00000000c6800000| Complete 
|  19|0x00000000c6900000, 0x00000000c6a00000, 0x00000000c6a00000|100%| E|CS|TAMS 0x00000000c6900000| PB 0x00000000c6900000| Complete 
|  20|0x00000000c6a00000, 0x00000000c6b00000, 0x00000000c6b00000|100%| E|CS|TAMS 0x00000000c6a00000| PB 0x00000000c6a00000| Complete 
|  21|0x00000000c6b00000, 0x00000000c6c00000, 0x00000000c6c00000|100%| E|CS|TAMS 0x00000000c6b00000| PB 0x00000000c6b00000| Complete 
|  22|0x00000000c6c00000, 0x00000000c6d00000, 0x00000000c6d00000|100%| E|CS|TAMS 0x00000000c6c00000| PB 0x00000000c6c00000| Complete 
|  23|0x00000000c6d00000, 0x00000000c6e00000, 0x00000000c6e00000|100%| E|CS|TAMS 0x00000000c6d00000| PB 0x00000000c6d00000| Complete 
|  24|0x00000000c6e00000, 0x00000000c6f00000, 0x00000000c6f00000|100%| E|CS|TAMS 0x00000000c6e00000| PB 0x00000000c6e00000| Complete 
|  25|0x00000000c6f00000, 0x00000000c7000000, 0x00000000c7000000|100%| E|CS|TAMS 0x00000000c6f00000| PB 0x00000000c6f00000| Complete 
|  42|0x00000000c8000000, 0x00000000c8100000, 0x00000000c8100000|100%| S|CS|TAMS 0x00000000c8000000| PB 0x00000000c8000000| Complete 
|  43|0x00000000c8100000, 0x00000000c8200000, 0x00000000c8200000|100%| S|CS|TAMS 0x00000000c8100000| PB 0x00000000c8100000| Complete 
|  44|0x00000000c8200000, 0x00000000c8300000, 0x00000000c8300000|100%| S|CS|TAMS 0x00000000c8200000| PB 0x00000000c8200000| Complete 
|  59|0x00000000c9100000, 0x00000000c9200000, 0x00000000c9200000|100%| E|CS|TAMS 0x00000000c9100000| PB 0x00000000c9100000| Complete 

Card table byte_map: [0x0000020066eb0000,0x0000020067090000] _byte_map_base: 0x0000020066885000

Marking Bits: (CMBitMap*) 0x000002004fa6d080
 Bits: [0x0000020067090000, 0x0000020067f38000)

Polling page: 0x000002004da00000

Metaspace:

Usage:
  Non-class:     20.35 MB used.
      Class:      2.52 MB used.
       Both:     22.87 MB used.

Virtual space:
  Non-class space:       64.00 MB reserved,      20.50 MB ( 32%) committed,  1 nodes.
      Class space:        1.00 GB reserved,       2.62 MB ( <1%) committed,  1 nodes.
             Both:        1.06 GB reserved,      23.12 MB (  2%) committed. 

Chunk freelists:
   Non-Class:  10.95 MB
       Class:  13.22 MB
        Both:  24.17 MB

MaxMetaspaceSize: unlimited
CompressedClassSpaceSize: 1.00 GB
Initial GC threshold: 21.00 MB
Current GC threshold: 35.12 MB
CDS: on
 - commit_granule_bytes: 65536.
 - commit_granule_words: 8192.
 - virtual_space_node_default_size: 8388608.
 - enlarge_chunks_in_place: 1.
 - use_allocation_guard: 0.


Internal statistics:

num_allocs_failed_limit: 3.
num_arena_births: 216.
num_arena_deaths: 0.
num_vsnodes_births: 2.
num_vsnodes_deaths: 0.
num_space_committed: 370.
num_space_uncommitted: 0.
num_chunks_returned_to_freelist: 3.
num_chunks_taken_from_freelist: 459.
num_chunk_merges: 0.
num_chunk_splits: 268.
num_chunks_enlarged: 159.
num_inconsistent_stats: 0.

CodeHeap 'non-profiled nmethods': size=120000Kb used=1461Kb max_used=1461Kb free=118538Kb
 bounds [0x000002005f980000, 0x000002005fbf0000, 0x0000020066eb0000]
CodeHeap 'profiled nmethods': size=120000Kb used=7428Kb max_used=7428Kb free=112571Kb
 bounds [0x0000020057eb0000, 0x0000020058600000, 0x000002005f3e0000]
CodeHeap 'non-nmethods': size=5760Kb used=1811Kb max_used=1844Kb free=3949Kb
 bounds [0x000002005f3e0000, 0x000002005f650000, 0x000002005f980000]
 total_blobs=4448 nmethods=3628 adapters=724
 compilation: enabled
              stopped_count=0, restarted_count=0
 full_count=0

Compilation events (20 events):
Event: 169.236 Thread 0x000002006a4bfa00 3614       1       javax.crypto.JceSecurity$WeakIdentityWrapper::hashCode (5 bytes)
Event: 169.236 Thread 0x000002006a4bfa00 nmethod 3614 0x000002005faebc90 code [0x000002005faebe20, 0x000002005faebee8]
Event: 169.237 Thread 0x000002006a4bfa00 3615       3       com.mysql.cj.protocol.a.NativePacketPayload::readBytes (155 bytes)
Event: 169.238 Thread 0x000002006a4bfa00 nmethod 3615 0x00000200585e7a90 code [0x00000200585e7cc0, 0x00000200585e8268]
Event: 169.243 Thread 0x000002006a4bfa00 3616       1       com.sun.crypto.provider.AESCrypt::getBlockSize (3 bytes)
Event: 169.243 Thread 0x000002006a4bfa00 nmethod 3616 0x000002005faebf90 code [0x000002005faec120, 0x000002005faec1e8]
Event: 169.243 Thread 0x000002006a4bfa00 3617       3       com.mysql.cj.protocol.a.NativePacketHeader::getMessageSize (48 bytes)
Event: 169.244 Thread 0x000002006a4bfa00 nmethod 3617 0x00000200585e8490 code [0x00000200585e8700, 0x00000200585e8f20]
Event: 169.244 Thread 0x000002006a4bfa00 3619       3       com.mysql.cj.util.LazyString::<init> (26 bytes)
Event: 169.244 Thread 0x000002006a4bfa00 nmethod 3619 0x00000200585e9290 code [0x00000200585e9440, 0x00000200585e9668]
Event: 169.244 Thread 0x000002006a4bfa00 3618       1       com.mysql.cj.protocol.a.NativeServerSession::getCharsetSettings (5 bytes)
Event: 169.244 Thread 0x000002006a4bfa00 nmethod 3618 0x000002005faec290 code [0x000002005faec420, 0x000002005faec4e8]
Event: 169.256 Thread 0x000002006a4bfa00 3620       3       com.mysql.cj.util.StringInspector::incrementPosition (77 bytes)
Event: 169.257 Thread 0x000002006a4bfa00 nmethod 3620 0x00000200585e9710 code [0x00000200585e9940, 0x00000200585ea200]
Event: 169.258 Thread 0x000002006a4bfa00 3621       3       com.mysql.cj.util.StringInspector::indexOfNextChar (9 bytes)
Event: 169.258 Thread 0x000002006a4bfa00 nmethod 3621 0x00000200585ea510 code [0x00000200585ea6c0, 0x00000200585ea800]
Event: 169.258 Thread 0x000002006a4bfa00 3622       3       com.mysql.cj.util.StringInspector::incrementPosition (9 bytes)
Event: 169.258 Thread 0x000002006a4bfa00 nmethod 3622 0x00000200585ea890 code [0x00000200585eaa40, 0x00000200585eab98]
Event: 169.413 Thread 0x000002006a4bfa00 3623       1       java.lang.Module::getName (5 bytes)
Event: 169.414 Thread 0x000002006a4bfa00 nmethod 3623 0x000002005faec590 code [0x000002005faec720, 0x000002005faec7e8]

GC Heap History (4 events):
Event: 0.889 GC heap before
{Heap before GC invocations=0 (full 0):
 garbage-first heap   total 61440K, used 13312K [0x00000000c5600000, 0x0000000100000000)
  region size 1024K, 13 young (13312K), 0 survivors (0K)
 Metaspace       used 9879K, committed 10112K, reserved 1114112K
  class space    used 1063K, committed 1152K, reserved 1048576K
}
Event: 0.895 GC heap after
{Heap after GC invocations=1 (full 0):
 garbage-first heap   total 61440K, used 3384K [0x00000000c5600000, 0x0000000100000000)
  region size 1024K, 2 young (2048K), 2 survivors (2048K)
 Metaspace       used 9879K, committed 10112K, reserved 1114112K
  class space    used 1063K, committed 1152K, reserved 1048576K
}
Event: 2.766 GC heap before
{Heap before GC invocations=1 (full 0):
 garbage-first heap   total 61440K, used 15672K [0x00000000c5600000, 0x0000000100000000)
  region size 1024K, 15 young (15360K), 2 survivors (2048K)
 Metaspace       used 21310K, committed 21504K, reserved 1114112K
  class space    used 2438K, committed 2496K, reserved 1048576K
}
Event: 2.776 GC heap after
{Heap after GC invocations=2 (full 0):
 garbage-first heap   total 61440K, used 7280K [0x00000000c5600000, 0x0000000100000000)
  region size 1024K, 3 young (3072K), 3 survivors (3072K)
 Metaspace       used 21310K, committed 21504K, reserved 1114112K
  class space    used 2438K, committed 2496K, reserved 1048576K
}

Dll operation events (12 events):
Event: 0.010 Loaded shared library C:\Program Files\Java\jdk-21\bin\java.dll
Event: 0.057 Loaded shared library C:\Program Files\Java\jdk-21\bin\jsvml.dll
Event: 0.092 Loaded shared library C:\Program Files\Java\jdk-21\bin\net.dll
Event: 0.094 Loaded shared library C:\Program Files\Java\jdk-21\bin\nio.dll
Event: 0.098 Loaded shared library C:\Program Files\Java\jdk-21\bin\zip.dll
Event: 0.137 Loaded shared library C:\Program Files\Java\jdk-21\bin\jimage.dll
Event: 0.170 Loaded shared library C:\Program Files\Java\jdk-21\bin\awt.dll
Event: 0.343 Loaded shared library C:\Program Files\Java\jdk-21\bin\freetype.dll
Event: 0.344 Loaded shared library C:\Program Files\Java\jdk-21\bin\fontmanager.dll
Event: 0.778 Loaded shared library C:\Program Files\Java\jdk-21\bin\extnet.dll
Event: 0.993 Loaded shared library C:\Program Files\Java\jdk-21\bin\sunmscapi.dll
Event: 2.034 Loaded shared library C:\Program Files\Java\jdk-21\bin\javajpeg.dll

Deoptimization events (20 events):
Event: 169.172 Thread 0x000002006a960b50 Uncommon trap: trap_request=0xffffffde fr.pc=0x000002005f9ea494 relative=0x0000000000000254
Event: 169.172 Thread 0x000002006a960b50 Uncommon trap: reason=class_check action=maybe_recompile pc=0x000002005f9ea494 method=sun.security.util.math.intpoly.IntegerPolynomial.multByInt([JJ)V @ 26 c2
Event: 169.172 Thread 0x000002006a960b50 DEOPT PACKING pc=0x000002005f9ea494 sp=0x0000005ed1ffd8f0
Event: 169.172 Thread 0x000002006a960b50 DEOPT UNPACKING pc=0x000002005f4346a2 sp=0x0000005ed1ffd8c0 mode 2
Event: 169.173 Thread 0x000002006a960b50 Uncommon trap: trap_request=0xffffffde fr.pc=0x000002005f9ea494 relative=0x0000000000000254
Event: 169.173 Thread 0x000002006a960b50 Uncommon trap: reason=class_check action=maybe_recompile pc=0x000002005f9ea494 method=sun.security.util.math.intpoly.IntegerPolynomial.multByInt([JJ)V @ 26 c2
Event: 169.173 Thread 0x000002006a960b50 DEOPT PACKING pc=0x000002005f9ea494 sp=0x0000005ed1ffd8f0
Event: 169.173 Thread 0x000002006a960b50 DEOPT UNPACKING pc=0x000002005f4346a2 sp=0x0000005ed1ffd8c0 mode 2
Event: 169.173 Thread 0x000002006a960b50 Uncommon trap: trap_request=0xffffffde fr.pc=0x000002005f9ea494 relative=0x0000000000000254
Event: 169.173 Thread 0x000002006a960b50 Uncommon trap: reason=class_check action=maybe_recompile pc=0x000002005f9ea494 method=sun.security.util.math.intpoly.IntegerPolynomial.multByInt([JJ)V @ 26 c2
Event: 169.173 Thread 0x000002006a960b50 DEOPT PACKING pc=0x000002005f9ea494 sp=0x0000005ed1ffd8f0
Event: 169.173 Thread 0x000002006a960b50 DEOPT UNPACKING pc=0x000002005f4346a2 sp=0x0000005ed1ffd8c0 mode 2
Event: 169.190 Thread 0x000002006a960b50 Uncommon trap: trap_request=0xffffff6e fr.pc=0x000002005f9f4fe0 relative=0x0000000000000240
Event: 169.190 Thread 0x000002006a960b50 Uncommon trap: reason=loop_limit_check action=maybe_recompile pc=0x000002005f9f4fe0 method=java.math.BigInteger.implMulAdd([I[IIII)I @ 26 c2
Event: 169.190 Thread 0x000002006a960b50 DEOPT PACKING pc=0x000002005f9f4fe0 sp=0x0000005ed1ffd5a0
Event: 169.190 Thread 0x000002006a960b50 DEOPT UNPACKING pc=0x000002005f4346a2 sp=0x0000005ed1ffd4f0 mode 2
Event: 169.200 Thread 0x000002006a960b50 DEOPT PACKING pc=0x00000200580ff5cb sp=0x0000005ed1ffd920
Event: 169.200 Thread 0x000002006a960b50 DEOPT UNPACKING pc=0x000002005f434e42 sp=0x0000005ed1ffcd50 mode 0
Event: 169.200 Thread 0x000002006a960b50 DEOPT PACKING pc=0x00000200580ff5fe sp=0x0000005ed1ffd920
Event: 169.200 Thread 0x000002006a960b50 DEOPT UNPACKING pc=0x000002005f434e42 sp=0x0000005ed1ffcd50 mode 0

Classes loaded (20 events):
Event: 168.492 Loading class sun/awt/image/PNGImageDecoder
Event: 168.497 Loading class sun/awt/image/PNGImageDecoder done
Event: 168.499 Loading class sun/awt/image/PNGFilterInputStream
Event: 168.500 Loading class sun/awt/image/PNGFilterInputStream done
Event: 169.062 Loading class sun/font/StandardGlyphVector
Event: 169.071 Loading class java/awt/font/GlyphVector
Event: 169.072 Loading class java/awt/font/GlyphVector done
Event: 169.072 Loading class sun/font/StandardGlyphVector done
Event: 169.073 Loading class sun/font/FontSubstitution
Event: 169.073 Loading class sun/font/FontSubstitution done
Event: 169.073 Loading class sun/font/StandardGlyphVector$GlyphStrike
Event: 169.074 Loading class sun/font/StandardGlyphVector$GlyphStrike done
Event: 169.402 Loading class sun/security/ssl/Alert
Event: 169.403 Loading class sun/security/ssl/Alert done
Event: 169.405 Loading class sun/security/ssl/Alert$AlertConsumer
Event: 169.407 Loading class sun/security/ssl/Alert$AlertConsumer done
Event: 169.407 Loading class sun/security/ssl/Alert$Level
Event: 169.408 Loading class sun/security/ssl/Alert$Level done
Event: 169.410 Loading class java/io/InterruptedIOException
Event: 169.412 Loading class java/io/InterruptedIOException done

Classes unloaded (0 events):
No events

Classes redefined (0 events):
No events

Internal exceptions (20 events):
Event: 0.610 Thread 0x000002006a960b50 Exception <a 'java/lang/NoSuchMethodError'{0x00000000c8a210b0}: 'java.lang.Object java.lang.invoke.DirectMethodHandle$Holder.invokeInterface(java.lang.Object, java.lang.Object)'> (0x00000000c8a210b0) 
thrown [s\open\src\hotspot\share\interpreter\linkResolver.cpp, line 773]
Event: 0.643 Thread 0x000002006a960b50 Exception <a 'java/lang/NoSuchMethodError'{0x00000000c8a9b7c8}: 'void java.lang.invoke.DirectMethodHandle$Holder.invokeStatic(java.lang.Object, java.lang.Object, java.lang.Object)'> (0x00000000c8a9b7c8) 
thrown [s\open\src\hotspot\share\interpreter\linkResolver.cpp, line 773]
Event: 0.644 Thread 0x000002006a960b50 Exception <a 'java/lang/NoSuchMethodError'{0x00000000c8aa4890}: 'java.lang.Object java.lang.invoke.DirectMethodHandle$Holder.invokeVirtual(java.lang.Object, java.lang.Object, java.lang.Object)'> (0x00000000c8aa4890) 
thrown [s\open\src\hotspot\share\interpreter\linkResolver.cpp, line 773]
Event: 0.922 Thread 0x000002006a960b50 Exception <a 'java/lang/NoSuchMethodError'{0x00000000c918db08}: 'void java.lang.invoke.DirectMethodHandle$Holder.invokeStaticInit(java.lang.Object, java.lang.Object)'> (0x00000000c918db08) 
thrown [s\open\src\hotspot\share\interpreter\linkResolver.cpp, line 773]
Event: 1.057 Thread 0x000002006a960b50 Exception <a 'sun/nio/fs/WindowsException'{0x00000000c90efe70}> (0x00000000c90efe70) 
thrown [s\open\src\hotspot\share\prims\jni.cpp, line 520]
Event: 1.130 Thread 0x000002006a960b50 Exception <a 'java/lang/NoSuchMethodError'{0x00000000c8f9de90}: 'java.lang.Object java.lang.invoke.DirectMethodHandle$Holder.invokeStaticInit(java.lang.Object, int, int, int, int)'> (0x00000000c8f9de90) 
thrown [s\open\src\hotspot\share\interpreter\linkResolver.cpp, line 773]
Event: 1.320 Thread 0x000002006a960b50 Exception <a 'java/lang/NoSuchMethodError'{0x00000000c8e5fcb0}: 'java.lang.Object java.lang.invoke.DirectMethodHandle$Holder.invokeStaticInit(java.lang.Object, java.lang.Object, int, int, int, int)'> (0x00000000c8e5fcb0) 
thrown [s\open\src\hotspot\share\interpreter\linkResolver.cpp, line 773]
Event: 1.400 Thread 0x000002006a960b50 Exception <a 'java/lang/NoSuchMethodError'{0x00000000c8ed21b0}: 'int java.lang.invoke.DirectMethodHandle$Holder.invokeSpecial(java.lang.Object, java.lang.Object, java.lang.Object)'> (0x00000000c8ed21b0) 
thrown [s\open\src\hotspot\share\interpreter\linkResolver.cpp, line 773]
Event: 1.594 Thread 0x000002006a960b50 Exception <a 'java/lang/NoSuchMethodError'{0x00000000c8de1ac0}: 'void java.lang.invoke.DirectMethodHandle$Holder.invokeVirtual(java.lang.Object, java.lang.Object)'> (0x00000000c8de1ac0) 
thrown [s\open\src\hotspot\share\interpreter\linkResolver.cpp, line 773]
Event: 1.775 Thread 0x000002006a960b50 Exception <a 'java/lang/NoSuchMethodError'{0x00000000c8b19be0}: 'java.lang.Object java.lang.invoke.DirectMethodHandle$Holder.newInvokeSpecial(java.lang.Object, java.lang.Object, int)'> (0x00000000c8b19be0) 
thrown [s\open\src\hotspot\share\interpreter\linkResolver.cpp, line 773]
Event: 1.776 Thread 0x000002006a960b50 Exception <a 'java/lang/NoSuchMethodError'{0x00000000c8b1e268}: 'int java.lang.invoke.DirectMethodHandle$Holder.invokeSpecial(java.lang.Object, java.lang.Object, java.lang.Object, int)'> (0x00000000c8b1e268) 
thrown [s\open\src\hotspot\share\interpreter\linkResolver.cpp, line 773]
Event: 1.778 Thread 0x000002006a960b50 Exception <a 'java/lang/NoSuchMethodError'{0x00000000c8b30aa8}: 'java.lang.Object java.lang.invoke.DirectMethodHandle$Holder.invokeStatic(java.lang.Object, java.lang.Object, java.lang.Object, java.lang.Object, int)'> (0x00000000c8b30aa8) 
thrown [s\open\src\hotspot\share\interpreter\linkResolver.cpp, line 773]
Event: 1.979 Thread 0x00000200743408e0 Implicit null exception at 0x000002005f9d1120 to 0x000002005f9d16d0
Event: 1.979 Thread 0x00000200743408e0 Implicit null exception at 0x000002005f9d0220 to 0x000002005f9d07c4
Event: 2.037 Thread 0x00000200743408e0 Exception <a 'java/lang/NoSuchMethodError'{0x00000000c881e120}: 'java.lang.Object java.lang.invoke.DirectMethodHandle$Holder.newInvokeSpecial(java.lang.Object, java.lang.Object, java.lang.Object, int, int, int, int, int)'> (0x00000000c881e120) 
thrown [s\open\src\hotspot\share\interpreter\linkResolver.cpp, line 773]
Event: 2.125 Thread 0x000002006a960b50 Exception <a 'java/lang/NoSuchMethodError'{0x00000000c886d318}: 'void java.lang.invoke.DirectMethodHandle$Holder.invokeStaticInit(java.lang.Object)'> (0x00000000c886d318) 
thrown [s\open\src\hotspot\share\interpreter\linkResolver.cpp, line 773]
Event: 7.455 Thread 0x000002006a960b50 Implicit null exception at 0x000002005fa4885e to 0x000002005fa488ba
Event: 7.489 Thread 0x000002006a960b50 Exception <a 'java/lang/NoSuchMethodError'{0x00000000c6ec8250}: 'int java.lang.invoke.DirectMethodHandle$Holder.invokeStatic(java.lang.Object)'> (0x00000000c6ec8250) 
thrown [s\open\src\hotspot\share\interpreter\linkResolver.cpp, line 773]
Event: 9.125 Thread 0x000002006a960b50 Exception <a 'java/lang/ClassNotFoundException'{0x00000000c6de1198}: sun/util/logging/resources/spi/loggingProvider> (0x00000000c6de1198) 
thrown [s\open\src\hotspot\share\classfile\systemDictionary.cpp, line 312]
Event: 169.409 Thread 0x000002006a960b50 Exception <a 'java/io/IOException'{0x00000000c667bf50}> (0x00000000c667bf50) 
thrown [s\open\src\hotspot\share\prims\jni.cpp, line 520]

ZGC Phase Switch (0 events):
No events

VM Operations (20 events):
Event: 60.129 Executing VM operation: HandshakeAllThreads (HandshakeForDeflation)
Event: 60.129 Executing VM operation: HandshakeAllThreads (HandshakeForDeflation) done
Event: 60.129 Executing VM operation: RendezvousGCThreads
Event: 60.129 Executing VM operation: RendezvousGCThreads done
Event: 114.585 Executing VM operation: Cleanup
Event: 114.585 Executing VM operation: Cleanup done
Event: 120.372 Executing VM operation: HandshakeAllThreads (HandshakeForDeflation)
Event: 120.372 Executing VM operation: HandshakeAllThreads (HandshakeForDeflation) done
Event: 120.372 Executing VM operation: RendezvousGCThreads
Event: 120.372 Executing VM operation: RendezvousGCThreads done
Event: 164.645 Executing VM operation: Cleanup
Event: 164.645 Executing VM operation: Cleanup done
Event: 165.657 Executing VM operation: Cleanup
Event: 165.657 Executing VM operation: Cleanup done
Event: 166.664 Executing VM operation: Cleanup
Event: 166.664 Executing VM operation: Cleanup done
Event: 167.677 Executing VM operation: Cleanup
Event: 167.677 Executing VM operation: Cleanup done
Event: 168.681 Executing VM operation: Cleanup
Event: 168.681 Executing VM operation: Cleanup done

Events (20 events):
Event: 0.055 Thread 0x000002006a4a6370 Thread added: 0x000002006a4a6370
Event: 0.055 Thread 0x000002006a4a95f0 Thread added: 0x000002006a4a95f0
Event: 0.055 Thread 0x000002006a4b4220 Thread added: 0x000002006a4b4220
Event: 0.055 Thread 0x000002006a4b5c90 Thread added: 0x000002006a4b5c90
Event: 0.055 Thread 0x000002006a4b9f20 Thread added: 0x000002006a4b9f20
Event: 0.055 Thread 0x000002006a4bfa00 Thread added: 0x000002006a4bfa00
Event: 0.084 Thread 0x000002006a701420 Thread added: 0x000002006a701420
Event: 0.088 Thread 0x000002006a705c70 Thread added: 0x000002006a705c70
Event: 0.245 Thread 0x000002006a8f2880 Thread added: 0x000002006a8f2880
Event: 0.247 Thread 0x000002006a8ffd80 Thread added: 0x000002006a8ffd80
Event: 0.249 Thread 0x000002006a904810 Thread added: 0x000002006a904810
Event: 0.420 Thread 0x000002006a960b50 Thread added: 0x000002006a960b50
Event: 0.421 Thread 0x000002004d81d5b0 Thread exited: 0x000002004d81d5b0
Event: 0.421 Thread 0x000002004d81d5b0 Thread added: 0x000002004d81d5b0
Event: 0.567 Thread 0x0000020071998370 Thread added: 0x0000020071998370
Event: 1.973 Thread 0x00000200743408e0 Thread added: 0x00000200743408e0
Event: 2.627 Thread 0x0000020074519580 Thread added: 0x0000020074519580
Event: 3.111 Thread 0x00000200747fd340 Thread added: 0x00000200747fd340
Event: 7.053 Thread 0x00000200743408e0 Thread exited: 0x00000200743408e0
Event: 168.482 Thread 0x00000200747ff410 Thread added: 0x00000200747ff410


Dynamic libraries:
0x00007ff737220000 - 0x00007ff737230000 	C:\Program Files\Java\jdk-21\bin\java.exe
0x00007ffe92c90000 - 0x00007ffe92e88000 	C:\WINDOWS\SYSTEM32\ntdll.dll
0x00007ffe912e0000 - 0x00007ffe9139d000 	C:\WINDOWS\System32\KERNEL32.DLL
0x00007ffe905d0000 - 0x00007ffe908c6000 	C:\WINDOWS\System32\KERNELBASE.dll
0x00007ffe90970000 - 0x00007ffe90a70000 	C:\WINDOWS\System32\ucrtbase.dll
0x00007ffe7e330000 - 0x00007ffe7e34b000 	C:\Program Files\Java\jdk-21\bin\VCRUNTIME140.dll
0x00007ffe8d9c0000 - 0x00007ffe8d9d9000 	C:\Program Files\Java\jdk-21\bin\jli.dll
0x00007ffe927f0000 - 0x00007ffe928a0000 	C:\WINDOWS\System32\ADVAPI32.dll
0x00007ffe91fe0000 - 0x00007ffe9207e000 	C:\WINDOWS\System32\msvcrt.dll
0x00007ffe92730000 - 0x00007ffe927d0000 	C:\WINDOWS\System32\sechost.dll
0x00007ffe92590000 - 0x00007ffe926b3000 	C:\WINDOWS\System32\RPCRT4.dll
0x00007ffe905a0000 - 0x00007ffe905c7000 	C:\WINDOWS\System32\bcrypt.dll
0x00007ffe92950000 - 0x00007ffe92aef000 	C:\WINDOWS\System32\USER32.dll
0x00007ffe90a70000 - 0x00007ffe90a92000 	C:\WINDOWS\System32\win32u.dll
0x00007ffe92080000 - 0x00007ffe920ab000 	C:\WINDOWS\System32\GDI32.dll
0x00007ffe7f0a0000 - 0x00007ffe7f33a000 	C:\WINDOWS\WinSxS\amd64_microsoft.windows.common-controls_6595b64144ccf1df_6.0.19041.4355_none_60b8b9eb71f62e16\COMCTL32.dll
0x00007ffe90340000 - 0x00007ffe90457000 	C:\WINDOWS\System32\gdi32full.dll
0x00007ffe908d0000 - 0x00007ffe9096d000 	C:\WINDOWS\System32\msvcp_win.dll
0x00007ffe871a0000 - 0x00007ffe871aa000 	C:\WINDOWS\SYSTEM32\VERSION.dll
0x00007ffe92c10000 - 0x00007ffe92c42000 	C:\WINDOWS\System32\IMM32.DLL
0x00007ffe86200000 - 0x00007ffe8620c000 	C:\Program Files\Java\jdk-21\bin\vcruntime140_1.dll
0x00007ffe60d60000 - 0x00007ffe60dee000 	C:\Program Files\Java\jdk-21\bin\msvcp140.dll
0x00007ffe61060000 - 0x00007ffe61d77000 	C:\Program Files\Java\jdk-21\bin\server\jvm.dll
0x00007ffe91ee0000 - 0x00007ffe91f4b000 	C:\WINDOWS\System32\WS2_32.dll
0x00007ffe90190000 - 0x00007ffe901db000 	C:\WINDOWS\SYSTEM32\POWRPROF.dll
0x00007ffe87170000 - 0x00007ffe87197000 	C:\WINDOWS\SYSTEM32\WINMM.dll
0x00007ffe90170000 - 0x00007ffe90182000 	C:\WINDOWS\SYSTEM32\UMPDC.dll
0x00007ffe8e1c0000 - 0x00007ffe8e1d2000 	C:\WINDOWS\SYSTEM32\kernel.appcore.dll
0x00007ffe85fe0000 - 0x00007ffe85fea000 	C:\Program Files\Java\jdk-21\bin\jimage.dll
0x00007ffe862e0000 - 0x00007ffe864c4000 	C:\WINDOWS\SYSTEM32\DBGHELP.DLL
0x00007ffe7db10000 - 0x00007ffe7db44000 	C:\WINDOWS\SYSTEM32\dbgcore.DLL
0x00007ffe90510000 - 0x00007ffe90592000 	C:\WINDOWS\System32\bcryptPrimitives.dll
0x00007ffe7e2e0000 - 0x00007ffe7e2ff000 	C:\Program Files\Java\jdk-21\bin\java.dll
0x00007ffe91540000 - 0x00007ffe91cab000 	C:\WINDOWS\System32\SHELL32.dll
0x00007ffe8e3c0000 - 0x00007ffe8eb5d000 	C:\WINDOWS\SYSTEM32\windows.storage.dll
0x00007ffe92230000 - 0x00007ffe92583000 	C:\WINDOWS\System32\combase.dll
0x00007ffe8fc90000 - 0x00007ffe8fcbe000 	C:\WINDOWS\SYSTEM32\Wldp.dll
0x00007ffe92160000 - 0x00007ffe9222d000 	C:\WINDOWS\System32\OLEAUT32.dll
0x00007ffe920b0000 - 0x00007ffe9215d000 	C:\WINDOWS\System32\SHCORE.dll
0x00007ffe913a0000 - 0x00007ffe913f5000 	C:\WINDOWS\System32\shlwapi.dll
0x00007ffe90270000 - 0x00007ffe90294000 	C:\WINDOWS\SYSTEM32\profapi.dll
0x00007ffe60f80000 - 0x00007ffe61057000 	C:\Program Files\Java\jdk-21\bin\jsvml.dll
0x00007ffe7e8f0000 - 0x00007ffe7e900000 	C:\Program Files\Java\jdk-21\bin\net.dll
0x00007ffe87370000 - 0x00007ffe8747a000 	C:\WINDOWS\SYSTEM32\WINHTTP.dll
0x00007ffe8f9f0000 - 0x00007ffe8fa5a000 	C:\WINDOWS\system32\mswsock.dll
0x00007ffe7e2a0000 - 0x00007ffe7e2b6000 	C:\Program Files\Java\jdk-21\bin\nio.dll
0x00007ffe779c0000 - 0x00007ffe779d8000 	C:\Program Files\Java\jdk-21\bin\zip.dll
0x00007ffe60df0000 - 0x00007ffe60f7f000 	C:\Program Files\Java\jdk-21\bin\awt.dll
0x00007ffe8db20000 - 0x00007ffe8dbb0000 	C:\WINDOWS\SYSTEM32\apphelp.dll
0x00007ffe8dcd0000 - 0x00007ffe8dd6e000 	C:\WINDOWS\system32\uxtheme.dll
0x00007ffe92af0000 - 0x00007ffe92c04000 	C:\WINDOWS\System32\MSCTF.dll
0x00007ffe911b0000 - 0x00007ffe912db000 	C:\WINDOWS\System32\ole32.dll
0x00007ffe8ded0000 - 0x00007ffe8deff000 	C:\WINDOWS\system32\DWMAPI.DLL
0x00007ffe8ad00000 - 0x00007ffe8ad87000 	C:\Program Files\Java\jdk-21\bin\freetype.dll
0x00007ffe8ac10000 - 0x00007ffe8acf2000 	C:\Program Files\Java\jdk-21\bin\fontmanager.dll
0x00007ffe8ae20000 - 0x00007ffe8af45000 	C:\WINDOWS\system32\opengl32.dll
0x00007ffe8b480000 - 0x00007ffe8b4ac000 	C:\WINDOWS\SYSTEM32\GLU32.dll
0x00007ffe80190000 - 0x00007ffe8035e000 	C:\WINDOWS\system32\d3d9.dll
0x00007ffe871b0000 - 0x00007ffe87368000 	C:\WINDOWS\System32\DriverStore\FileRepository\u0376209.inf_amd64_b3bdffadea4def3f\B374968\aticfx64.dll
0x00007ffe8d980000 - 0x00007ffe8d9b4000 	C:\WINDOWS\System32\DriverStore\FileRepository\u0376209.inf_amd64_b3bdffadea4def3f\B374968\atiu9p64.dll
0x00007ffe63d70000 - 0x00007ffe64ac4000 	C:\WINDOWS\System32\DriverStore\FileRepository\u0376209.inf_amd64_b3bdffadea4def3f\B374968\atiumd64.dll
0x0000000076bd0000 - 0x0000000077a45000 	C:\WINDOWS\System32\DriverStore\FileRepository\u0376209.inf_amd64_b3bdffadea4def3f\B374968\atiumd6a.dll
0x00007ffe90ce0000 - 0x00007ffe9114e000 	C:\WINDOWS\System32\SETUPAPI.dll
0x00007ffe90c70000 - 0x00007ffe90cbe000 	C:\WINDOWS\System32\cfgmgr32.dll
0x00007ffe86f70000 - 0x00007ffe86fa0000 	C:\WINDOWS\SYSTEM32\amdihk64.dll
0x00007ffe875a0000 - 0x00007ffe875db000 	C:\WINDOWS\SYSTEM32\dxcore.dll
0x00007ffe8f710000 - 0x00007ffe8f7db000 	C:\WINDOWS\SYSTEM32\DNSAPI.dll
0x00007ffe8f6d0000 - 0x00007ffe8f70b000 	C:\WINDOWS\SYSTEM32\IPHLPAPI.DLL
0x00007ffe927e0000 - 0x00007ffe927e8000 	C:\WINDOWS\System32\NSI.dll
0x00007ffe84d90000 - 0x00007ffe84d9a000 	C:\Windows\System32\rasadhlp.dll
0x00007ffe80710000 - 0x00007ffe80790000 	C:\WINDOWS\System32\fwpuclnt.dll
0x00007ffe7e320000 - 0x00007ffe7e329000 	C:\Program Files\Java\jdk-21\bin\extnet.dll
0x00007ffe8d900000 - 0x00007ffe8d90e000 	C:\Program Files\Java\jdk-21\bin\sunmscapi.dll
0x00007ffe90aa0000 - 0x00007ffe90bfe000 	C:\WINDOWS\System32\CRYPT32.dll
0x00007ffe8fd00000 - 0x00007ffe8fd29000 	C:\WINDOWS\SYSTEM32\ncrypt.dll
0x00007ffe8fcc0000 - 0x00007ffe8fcfb000 	C:\WINDOWS\SYSTEM32\NTASN1.dll
0x00007ffe8fbe0000 - 0x00007ffe8fbf8000 	C:\WINDOWS\SYSTEM32\CRYPTSP.dll
0x00007ffe8f310000 - 0x00007ffe8f344000 	C:\WINDOWS\system32\rsaenh.dll
0x00007ffe90220000 - 0x00007ffe9024e000 	C:\WINDOWS\SYSTEM32\USERENV.dll
0x00007ffe8fc00000 - 0x00007ffe8fc0c000 	C:\WINDOWS\SYSTEM32\CRYPTBASE.dll
0x00007ffe86230000 - 0x00007ffe8625e000 	C:\Program Files\Java\jdk-21\bin\javajpeg.dll
0x00007ffe928a0000 - 0x00007ffe92949000 	C:\WINDOWS\System32\clbcatq.dll
0x00007ffe8a230000 - 0x00007ffe8a3e4000 	C:\WINDOWS\SYSTEM32\WindowsCodecs.dll
0x00007ffe70910000 - 0x00007ffe7094e000 	C:\WINDOWS\system32\dataexchange.dll
0x00007ffe8c5b0000 - 0x00007ffe8c813000 	C:\WINDOWS\system32\d3d11.dll
0x00007ffe8cf30000 - 0x00007ffe8d115000 	C:\WINDOWS\system32\dcomp.dll
0x00007ffe8ebc0000 - 0x00007ffe8ecb2000 	C:\WINDOWS\system32\dxgi.dll
0x00007ffe8a680000 - 0x00007ffe8a883000 	C:\WINDOWS\system32\twinapi.appcore.dll
0x00007ffe85b70000 - 0x00007ffe85c69000 	C:\WINDOWS\SYSTEM32\textinputframework.dll
0x00007ffe8d800000 - 0x00007ffe8d8f2000 	C:\WINDOWS\System32\CoreMessaging.dll
0x00007ffe8d4a0000 - 0x00007ffe8d7fb000 	C:\WINDOWS\System32\CoreUIComponents.dll
0x00007ffe8cdd0000 - 0x00007ffe8cf27000 	C:\WINDOWS\SYSTEM32\wintypes.dll
0x00007ffe8f430000 - 0x00007ffe8f463000 	C:\WINDOWS\SYSTEM32\ntmarta.dll
0x00007ffe7f8e0000 - 0x00007ffe7f98c000 	C:\WINDOWS\SYSTEM32\TextShaping.dll

dbghelp: loaded successfully - version: 4.0.5 - missing functions: none
symbol engine: initialized successfully - sym options: 0x614 - pdb path: .;C:\Program Files\Java\jdk-21\bin;C:\WINDOWS\SYSTEM32;C:\WINDOWS\WinSxS\amd64_microsoft.windows.common-controls_6595b64144ccf1df_6.0.19041.4355_none_60b8b9eb71f62e16;C:\Program Files\Java\jdk-21\bin\server;C:\WINDOWS\System32\DriverStore\FileRepository\u0376209.inf_amd64_b3bdffadea4def3f\B374968

VM Arguments:
jvm_args: -Dfile.encoding=UTF-8 -Djava.security.policy=applet.policy 
java_command: Interfaces.A4_CourseSubject
java_class_path (initial): C:\Program Files\NetBeans-17\netbeans\java\modules\ext\AbsoluteLayout.jar;C:\Users\NIRWAN\3D Objects\New Folder (3)\jcalendar-1.4\lib\jcalendar-1.4.jar;C:\Users\NIRWAN\Downloads\mysql-connector-j-8.3.0\mysql-connector-j-8.3.0\mysql-connector-j-8.3.0.jar;C:\Users\NIRWAN\OneDrive\Documents\mysql-connector-j-8.3.0.jar;C:\Users\NIRWAN\OneDrive\Documents\NetBeansProjects\Student Results Management System\build\classes
Launcher Type: SUN_STANDARD

[Global flags]
     intx CICompilerCount                          = 3                                         {product} {ergonomic}
     uint ConcGCThreads                            = 1                                         {product} {ergonomic}
     uint G1ConcRefinementThreads                  = 4                                         {product} {ergonomic}
   size_t G1HeapRegionSize                         = 1048576                                   {product} {ergonomic}
    uintx GCDrainStackTargetSize                   = 64                                        {product} {ergonomic}
   size_t InitialHeapSize                          = 62914560                                  {product} {ergonomic}
   size_t MarkStackSize                            = 4194304                                   {product} {ergonomic}
   size_t MaxHeapSize                              = 983564288                                 {product} {ergonomic}
   size_t MaxNewSize                               = 589299712                                 {product} {ergonomic}
   size_t MinHeapDeltaBytes                        = 1048576                                   {product} {ergonomic}
   size_t MinHeapSize                              = 8388608                                   {product} {ergonomic}
    uintx NonNMethodCodeHeapSize                   = 5832780                                {pd product} {ergonomic}
    uintx NonProfiledCodeHeapSize                  = 122912730                              {pd product} {ergonomic}
    uintx ProfiledCodeHeapSize                     = 122912730                              {pd product} {ergonomic}
    uintx ReservedCodeCacheSize                    = 251658240                              {pd product} {ergonomic}
     bool SegmentedCodeCache                       = true                                      {product} {ergonomic}
   size_t SoftMaxHeapSize                          = 983564288                              {manageable} {ergonomic}
     bool UseCompressedOops                        = true                           {product lp64_product} {ergonomic}
     bool UseG1GC                                  = true                                      {product} {ergonomic}
     bool UseLargePagesIndividualAllocation        = false                                  {pd product} {ergonomic}

Logging:
Log output configuration:
 #0: stdout all=warning uptime,level,tags foldmultilines=false
 #1: stderr all=off uptime,level,tags foldmultilines=false

Environment Variables:
JAVA_HOME=C:\Program Files\Java\jdk-21
PATH=C:\Program Files\Common Files\Oracle\Java\javapath;C:\Program Files (x86)\NVIDIA Corporation\PhysX\Common;C:\WINDOWS\system32;C:\WINDOWS;C:\WINDOWS\System32\Wbem;C:\WINDOWS\System32\WindowsPowerShell\v1.0\;C:\WINDOWS\System32\OpenSSH\;C:\Program Files\Java\jdk-21\bin;C:\Program Files\MySQL\MySQL Server 8.0\bin;C:\Program Files\MySQL\MySQL Server 8.0\bin;C:\Program Files\MySQL\MySQL Shell 8.0\bin\;C:\Users\NIRWAN\AppData\Local\Microsoft\WindowsApps;
USERNAME=NIRWAN
OS=Windows_NT
PROCESSOR_IDENTIFIER=AMD64 Family 23 Model 17 Stepping 0, AuthenticAMD
TMP=C:\Users\NIRWAN\AppData\Local\Temp
TEMP=C:\Users\NIRWAN\AppData\Local\Temp




Periodic native trim disabled

---------------  S Y S T E M  ---------------

OS:
 Windows 10 , 64 bit Build 19041 (10.0.19041.3636)
OS uptime: 0 days 0:29 hours

CPU: total 4 (initial active 4) (4 cores per cpu, 2 threads per core) family 23 model 17 stepping 0 microcode 0x0, cx8, cmov, fxsr, ht, mmx, 3dnowpref, sse, sse2, sse3, ssse3, sse4a, sse4.1, sse4.2, popcnt, lzcnt, tsc, tscinvbit, avx, avx2, aes, clmul, bmi1, bmi2, adx, sha, fma, vzeroupper, clflush, clflushopt, rdtscp, f16c
Processor Information for all 4 processors :
  Max Mhz: 2500, Current Mhz: 2500, Mhz Limit: 2500

Memory: 4k page, system-wide physical 3747M (210M free)
TotalPageFile size 6747M (AvailPageFile size 0M)
current process WorkingSet (physical memory assigned to process): 89M, peak: 147M
current process commit charge ("private bytes"): 216M, peak: 217M

vm_info: Java HotSpot(TM) 64-Bit Server VM (21.0.2+13-LTS-58) for windows-amd64 JRE (21.0.2+13-LTS-58), built on 2024-01-05T18:32:24Z by "mach5one" with MS VC++ 17.1 (VS2022)

END.
