#
# There is insufficient memory for the Java Runtime Environment to continue.
# Native memory allocation (malloc) failed to allocate 524288 bytes for AllocateHeap
# Possible reasons:
#   The system is out of physical RAM or swap space
#   The process is running with CompressedOops enabled, and the Java Heap may be blocking the growth of the native heap
# Possible solutions:
#   Reduce memory load on the system
#   Increase physical memory or swap space
#   Check if swap backing store is full
#   Decrease Java heap size (-Xmx/-Xms)
#   Decrease number of Java threads
#   Decrease Java thread stack sizes (-Xss)
#   Set larger code cache with -XX:ReservedCodeCacheSize=
#   JVM is running with Unscaled Compressed Oops mode in which the Java heap is
#     placed in the first 4GB address space. The Java Heap base address is the
#     maximum limit for the native heap growth. Please use -XX:HeapBaseMinAddress
#     to set the Java Heap base and to place the Java Heap above 4GB virtual address.
# This output file may be truncated or incomplete.
#
#  Out of Memory Error (allocation.cpp:44), pid=2084, tid=10644
#
# JRE version:  (21.0.2+13) (build )
# Java VM: Java HotSpot(TM) 64-Bit Server VM (21.0.2+13-LTS-58, mixed mode, tiered, compressed oops, compressed class ptrs, g1 gc, windows-amd64)
# No core dump will be written. Minidumps are not enabled by default on client versions of Windows
#

---------------  S U M M A R Y ------------

Command Line: -Dapplication.home=C:\Program Files\Java\jdk-21 --add-modules=ALL-DEFAULT -Xms8m -Djdk.module.main=jdk.compiler jdk.compiler/com.sun.tools.javac.Main -d C:\Users\NIRWAN\OneDrive\Documents\NetBeansProjects\Student Results Management System\build\classes -classpath C:\Users\NIRWAN\OneDrive\Documents\NetBeansProjects\Student Results Management System\build\classes;C:\Program Files\NetBeans-17\netbeans\java\modules\ext\AbsoluteLayout.jar;C:\Users\NIRWAN\3D Objects\New Folder (3)\jcalendar-1.4\lib\jcalendar-1.4.jar;C:\Users\NIRWAN\Downloads\mysql-connector-j-8.3.0\mysql-connector-j-8.3.0\mysql-connector-j-8.3.0.jar;C:\Users\NIRWAN\OneDrive\Documents\mysql-connector-j-8.3.0.jar -sourcepath C:\Users\NIRWAN\OneDrive\Documents\NetBeansProjects\Student Results Management System\src -target 21 -encoding UTF-8 -g -processorpath C:\Program Files\NetBeans-17\netbeans\java\modules\ext\AbsoluteLayout.jar;C:\Users\NIRWAN\3D Objects\New Folder (3)\jcalendar-1.4\lib\jcalendar-1.4.jar;C:\Users\NIRWAN\Downloads\mysql-connector-j-8.3.0\mysql-connector-j-8.3.0\mysql-connector-j-8.3.0.jar;C:\Users\NIRWAN\OneDrive\Documents\mysql-connector-j-8.3.0.jar;C:\Users\NIRWAN\OneDrive\Documents\NetBeansProjects\Student Results Management System\build\empty -s C:\Users\NIRWAN\OneDrive\Documents\NetBeansProjects\Student Results Management System\build\generated-sources\ap-source-output -source 21 C:\Users\NIRWAN\OneDrive\Documents\NetBeansProjects\Student Results Management System\src\Interfaces\A5_ResultsStudent.java

Host: AMD Ryzen 3 2200U with Radeon Vega Mobile Gfx  , 4 cores, 3G,  Windows 10 , 64 bit Build 19041 (10.0.19041.3636)
Time: Tue May 28 20:12:09 2024 Sri Lanka Standard Time elapsed time: 0.021616 seconds (0d 0h 0m 0s)

---------------  T H R E A D  ---------------

Current thread (0x00000198675b3720):  JavaThread "Unknown thread" [_thread_in_vm, id=10644, stack(0x0000006784200000,0x0000006784300000) (1024K)]

Stack: [0x0000006784200000,0x0000006784300000]
Native frames: (J=compiled Java code, j=interpreted, Vv=VM code, C=native code)
V  [jvm.dll+0x6cade9]
V  [jvm.dll+0x8569c1]
V  [jvm.dll+0x858d2e]
V  [jvm.dll+0x859413]
V  [jvm.dll+0x280e56]
V  [jvm.dll+0xbeb17]
V  [jvm.dll+0x75aaf0]
V  [jvm.dll+0x75aa7e]
V  [jvm.dll+0x75b00c]
V  [jvm.dll+0x81f11b]
V  [jvm.dll+0x3bba01]
V  [jvm.dll+0x807928]
V  [jvm.dll+0x44f50e]
V  [jvm.dll+0x450e11]
C  [jli.dll+0x52a3]
C  [ucrtbase.dll+0x21bb2]
C  [KERNEL32.DLL+0x17344]
C  [ntdll.dll+0x526b1]


---------------  P R O C E S S  ---------------

Threads class SMR info:
_java_thread_list=0x00007fff577abb88, length=0, elements={
}

Java Threads: ( => current thread )
Total: 0

Other Threads:
  0x00000198675e0a30 WorkerThread "GC Thread#0"                     [id=124, stack(0x0000006784300000,0x0000006784400000) (1024K)]
  0x00000198675e9010 ConcurrentGCThread "G1 Main Marker"            [id=7928, stack(0x0000006784400000,0x0000006784500000) (1024K)]
  0x00000198675ea1c0 WorkerThread "G1 Conc#0"                       [id=860, stack(0x0000006784500000,0x0000006784600000) (1024K)]
  0x0000019867604cc0 ConcurrentGCThread "G1 Refine#0"               [id=2740, stack(0x0000006784600000,0x0000006784700000) (1024K)]
  0x0000019867606350 ConcurrentGCThread "G1 Service"                [id=4376, stack(0x0000006784700000,0x0000006784800000) (1024K)]

=>0x00000198675b3720 (exited) JavaThread "Unknown thread"    [_thread_in_vm, id=10644, stack(0x0000006784200000,0x0000006784300000) (1024K)]
Total: 6

Threads with active compile tasks:
Total: 0

VM state: not at safepoint (not fully initialized)

VM Mutex/Monitor currently owned by a thread: None

Heap address: 0x00000000c5600000, size: 938 MB, Compressed Oops mode: 32-bit

CDS archive(s) not mapped
Compressed class space mapped at: 0x0000000100000000-0x0000000140000000, reserved size: 1073741824
Narrow klass base: 0x0000000000000000, Narrow klass shift: 3, Narrow klass range: 0x140000000

GC Precious Log:
 CardTable entry size: 512
 Card Set container configuration: InlinePtr #cards 5 size 8 Array Of Cards #cards 12 size 40 Howl #buckets 4 coarsen threshold 1843 Howl Bitmap #cards 512 size 80 coarsen threshold 460 Card regions per heap region 1 cards per card region 2048
 CPUs: 4 total, 4 available
 Memory: 3747M
 Large Page Support: Disabled
 NUMA Support: Disabled
 Compressed Oops: Enabled (32-bit)
 Heap Region Size: 1M
 Heap Min Capacity: 8M
 Heap Initial Capacity: 8M
 Heap Max Capacity: 938M
 Pre-touch: Disabled
 Parallel Workers: 4
 Concurrent Workers: 1
 Concurrent Refinement Workers: 4
 Periodic GC: Disabled

Heap:
 garbage-first heap   total 8192K, used 0K [0x00000000c5600000, 0x0000000100000000)
  region size 1024K, 0 young (0K), 0 survivors (0K)
 Metaspace       used 0K, committed 0K, reserved 1048576K
  class space    used 0K, committed 0K, reserved 1048576K

Heap Regions: E=young(eden), S=young(survivor), O=old, HS=humongous(starts), HC=humongous(continues), CS=collection set, F=free, TAMS=top-at-mark-start, PB=parsable bottom
|   0|0x00000000c5600000, 0x00000000c5600000, 0x00000000c5700000|  0%| F|  |TAMS 0x00000000c5600000| PB 0x00000000c5600000| Untracked 
|   1|0x00000000c5700000, 0x00000000c5700000, 0x00000000c5800000|  0%| F|  |TAMS 0x00000000c5700000| PB 0x00000000c5700000| Untracked 
|   2|0x00000000c5800000, 0x00000000c5800000, 0x00000000c5900000|  0%| F|  |TAMS 0x00000000c5800000| PB 0x00000000c5800000| Untracked 
|   3|0x00000000c5900000, 0x00000000c5900000, 0x00000000c5a00000|  0%| F|  |TAMS 0x00000000c5900000| PB 0x00000000c5900000| Untracked 
|   4|0x00000000c5a00000, 0x00000000c5a00000, 0x00000000c5b00000|  0%| F|  |TAMS 0x00000000c5a00000| PB 0x00000000c5a00000| Untracked 
|   5|0x00000000c5b00000, 0x00000000c5b00000, 0x00000000c5c00000|  0%| F|  |TAMS 0x00000000c5b00000| PB 0x00000000c5b00000| Untracked 
|   6|0x00000000c5c00000, 0x00000000c5c00000, 0x00000000c5d00000|  0%| F|  |TAMS 0x00000000c5c00000| PB 0x00000000c5c00000| Untracked 
|   7|0x00000000c5d00000, 0x00000000c5d00000, 0x00000000c5e00000|  0%| F|  |TAMS 0x00000000c5d00000| PB 0x00000000c5d00000| Untracked 

Card table byte_map: [0x000001987ea20000,0x000001987ec00000] _byte_map_base: 0x000001987e3f5000

Marking Bits: (CMBitMap*) 0x00000198675e1040
 Bits: [0x000001987ec00000, 0x000001987faa8000)

GC Heap History (0 events):
No events

Dll operation events (1 events):
Event: 0.012 Loaded shared library C:\Program Files\Java\jdk-21\bin\java.dll

Deoptimization events (0 events):
No events

Classes loaded (0 events):
No events

Classes unloaded (0 events):
No events

Classes redefined (0 events):
No events

Internal exceptions (0 events):
No events

ZGC Phase Switch (0 events):
No events

VM Operations (0 events):
No events

Events (0 events):
No events


Dynamic libraries:
0x00007ff6129c0000 - 0x00007ff6129c8000 	C:\Program Files\Java\jdk-21\bin\javac.exe
0x00007fff91e30000 - 0x00007fff92028000 	C:\WINDOWS\SYSTEM32\ntdll.dll
0x00007fff91cb0000 - 0x00007fff91d6d000 	C:\WINDOWS\System32\KERNEL32.DLL
0x00007fff8f7e0000 - 0x00007fff8fad6000 	C:\WINDOWS\System32\KERNELBASE.dll
0x00007fff8fae0000 - 0x00007fff8fbe0000 	C:\WINDOWS\System32\ucrtbase.dll
0x00007fff8a7f0000 - 0x00007fff8a80b000 	C:\Program Files\Java\jdk-21\bin\VCRUNTIME140.dll
0x00007fff8b360000 - 0x00007fff8b379000 	C:\Program Files\Java\jdk-21\bin\jli.dll
0x00007fff919c0000 - 0x00007fff91a70000 	C:\WINDOWS\System32\ADVAPI32.dll
0x00007fff901c0000 - 0x00007fff9025e000 	C:\WINDOWS\System32\msvcrt.dll
0x00007fff90260000 - 0x00007fff90300000 	C:\WINDOWS\System32\sechost.dll
0x00007fff91a70000 - 0x00007fff91b93000 	C:\WINDOWS\System32\RPCRT4.dll
0x00007fff8fbe0000 - 0x00007fff8fc07000 	C:\WINDOWS\System32\bcrypt.dll
0x00007fff90340000 - 0x00007fff904df000 	C:\WINDOWS\System32\USER32.dll
0x00007fff794c0000 - 0x00007fff7975a000 	C:\WINDOWS\WinSxS\amd64_microsoft.windows.common-controls_6595b64144ccf1df_6.0.19041.4355_none_60b8b9eb71f62e16\COMCTL32.dll
0x00007fff8fe30000 - 0x00007fff8fe52000 	C:\WINDOWS\System32\win32u.dll
0x00007fff90790000 - 0x00007fff907bb000 	C:\WINDOWS\System32\GDI32.dll
0x00007fff8fc80000 - 0x00007fff8fd97000 	C:\WINDOWS\System32\gdi32full.dll
0x00007fff8f4e0000 - 0x00007fff8f57d000 	C:\WINDOWS\System32\msvcp_win.dll
0x00007fff86310000 - 0x00007fff8631a000 	C:\WINDOWS\SYSTEM32\VERSION.dll
0x00007fff90300000 - 0x00007fff90332000 	C:\WINDOWS\System32\IMM32.DLL
0x00007fff8ae70000 - 0x00007fff8ae7c000 	C:\Program Files\Java\jdk-21\bin\vcruntime140_1.dll
0x00007fff761f0000 - 0x00007fff7627e000 	C:\Program Files\Java\jdk-21\bin\msvcp140.dll
0x00007fff56be0000 - 0x00007fff578f7000 	C:\Program Files\Java\jdk-21\bin\server\jvm.dll
0x00007fff91d70000 - 0x00007fff91ddb000 	C:\WINDOWS\System32\WS2_32.dll
0x00007fff8f330000 - 0x00007fff8f37b000 	C:\WINDOWS\SYSTEM32\POWRPROF.dll
0x00007fff848f0000 - 0x00007fff84917000 	C:\WINDOWS\SYSTEM32\WINMM.dll
0x00007fff8f310000 - 0x00007fff8f322000 	C:\WINDOWS\SYSTEM32\UMPDC.dll
0x00007fff8d360000 - 0x00007fff8d372000 	C:\WINDOWS\SYSTEM32\kernel.appcore.dll
0x00007fff8a8d0000 - 0x00007fff8a8da000 	C:\Program Files\Java\jdk-21\bin\jimage.dll
0x00007fff84f10000 - 0x00007fff850f4000 	C:\WINDOWS\SYSTEM32\DBGHELP.DLL
0x00007fff7dba0000 - 0x00007fff7dbd4000 	C:\WINDOWS\SYSTEM32\dbgcore.DLL
0x00007fff8fda0000 - 0x00007fff8fe22000 	C:\WINDOWS\System32\bcryptPrimitives.dll
0x00007fff8a7d0000 - 0x00007fff8a7ef000 	C:\Program Files\Java\jdk-21\bin\java.dll

dbghelp: loaded successfully - version: 4.0.5 - missing functions: none
symbol engine: initialized successfully - sym options: 0x614 - pdb path: .;C:\Program Files\Java\jdk-21\bin;C:\WINDOWS\SYSTEM32;C:\WINDOWS\WinSxS\amd64_microsoft.windows.common-controls_6595b64144ccf1df_6.0.19041.4355_none_60b8b9eb71f62e16;C:\Program Files\Java\jdk-21\bin\server

VM Arguments:
jvm_args: -Dapplication.home=C:\Program Files\Java\jdk-21 --add-modules=ALL-DEFAULT -Xms8m -Djdk.module.main=jdk.compiler 
java_command: jdk.compiler/com.sun.tools.javac.Main -d C:\Users\NIRWAN\OneDrive\Documents\NetBeansProjects\Student Results Management System\build\classes -classpath C:\Users\NIRWAN\OneDrive\Documents\NetBeansProjects\Student Results Management System\build\classes;C:\Program Files\NetBeans-17\netbeans\java\modules\ext\AbsoluteLayout.jar;C:\Users\NIRWAN\3D Objects\New Folder (3)\jcalendar-1.4\lib\jcalendar-1.4.jar;C:\Users\NIRWAN\Downloads\mysql-connector-j-8.3.0\mysql-connector-j-8.3.0\mysql-connector-j-8.3.0.jar;C:\Users\NIRWAN\OneDrive\Documents\mysql-connector-j-8.3.0.jar -sourcepath C:\Users\NIRWAN\OneDrive\Documents\NetBeansProjects\Student Results Management System\src -target 21 -encoding UTF-8 -g -processorpath C:\Program Files\NetBeans-17\netbeans\java\modules\ext\AbsoluteLayout.jar;C:\Users\NIRWAN\3D Objects\New Folder (3)\jcalendar-1.4\lib\jcalendar-1.4.jar;C:\Users\NIRWAN\Downloads\mysql-connector-j-8.3.0\mysql-connector-j-8.3.0\mysql-connector-j-8.3.0.jar;C:\Users\NIRWAN\OneDrive\Documents\mysql-connector-j-8.3.0.jar;C:\Users\NIRWAN\OneDrive\Documents\NetBeansProjects\Student Results Management System\build\empty -s C:\Users\NIRWAN\OneDrive\Documents\NetBeansProjects\Student Results Management System\build\generated-sources\ap-source-output -source 21 C:\Users\NIRWAN\OneDrive\Documents\NetBeansProjects\Student Results Management System\src\Interfaces\A5_ResultsStudent.java
java_class_path (initial): <not set>
Launcher Type: SUN_STANDARD

[Global flags]
     intx CICompilerCount                          = 3                                         {product} {ergonomic}
     uint ConcGCThreads                            = 1                                         {product} {ergonomic}
     uint G1ConcRefinementThreads                  = 4                                         {product} {ergonomic}
   size_t G1HeapRegionSize                         = 1048576                                   {product} {ergonomic}
    uintx GCDrainStackTargetSize                   = 64                                        {product} {ergonomic}
   size_t InitialHeapSize                          = 8388608                                   {product} {command line}
   size_t MarkStackSize                            = 4194304                                   {product} {ergonomic}
   size_t MaxHeapSize                              = 983564288                                 {product} {ergonomic}
   size_t MaxNewSize                               = 589299712                                 {product} {ergonomic}
   size_t MinHeapDeltaBytes                        = 1048576                                   {product} {ergonomic}
   size_t MinHeapSize                              = 8388608                                   {product} {command line}
    uintx NonNMethodCodeHeapSize                   = 5832780                                {pd product} {ergonomic}
    uintx NonProfiledCodeHeapSize                  = 122912730                              {pd product} {ergonomic}
    uintx ProfiledCodeHeapSize                     = 122912730                              {pd product} {ergonomic}
    uintx ReservedCodeCacheSize                    = 251658240                              {pd product} {ergonomic}
     bool SegmentedCodeCache                       = true                                      {product} {ergonomic}
   size_t SoftMaxHeapSize                          = 983564288                              {manageable} {ergonomic}
     bool UseCompressedOops                        = true                           {product lp64_product} {ergonomic}
     bool UseG1GC                                  = true                                      {product} {ergonomic}
     bool UseLargePagesIndividualAllocation        = false                                  {pd product} {ergonomic}

Logging:
Log output configuration:
 #0: stdout all=warning uptime,level,tags foldmultilines=false
 #1: stderr all=off uptime,level,tags foldmultilines=false

Environment Variables:
JAVA_HOME=C:\Program Files\Java\jdk-21
PATH=C:\Program Files\Common Files\Oracle\Java\javapath;C:\Program Files (x86)\NVIDIA Corporation\PhysX\Common;C:\WINDOWS\system32;C:\WINDOWS;C:\WINDOWS\System32\Wbem;C:\WINDOWS\System32\WindowsPowerShell\v1.0\;C:\WINDOWS\System32\OpenSSH\;C:\Program Files\Java\jdk-21\bin;C:\Program Files\MySQL\MySQL Server 8.0\bin;C:\Program Files\MySQL\MySQL Server 8.0\bin;C:\Program Files\MySQL\MySQL Shell 8.0\bin\;C:\Users\NIRWAN\AppData\Local\Microsoft\WindowsApps;
USERNAME=NIRWAN
OS=Windows_NT
PROCESSOR_IDENTIFIER=AMD64 Family 23 Model 17 Stepping 0, AuthenticAMD
TMP=C:\Users\NIRWAN\AppData\Local\Temp
TEMP=C:\Users\NIRWAN\AppData\Local\Temp




Periodic native trim disabled

---------------  S Y S T E M  ---------------

OS:
 Windows 10 , 64 bit Build 19041 (10.0.19041.3636)
OS uptime: 0 days 2:46 hours

CPU: total 4 (initial active 4) (4 cores per cpu, 2 threads per core) family 23 model 17 stepping 0 microcode 0x0, cx8, cmov, fxsr, ht, mmx, 3dnowpref, sse, sse2, sse3, ssse3, sse4a, sse4.1, sse4.2, popcnt, lzcnt, tsc, tscinvbit, avx, avx2, aes, clmul, bmi1, bmi2, adx, sha, fma, vzeroupper, clflush, clflushopt, rdtscp, f16c
Processor Information for all 4 processors :
  Max Mhz: 2500, Current Mhz: 2500, Mhz Limit: 2500

Memory: 4k page, system-wide physical 3747M (251M free)
TotalPageFile size 6747M (AvailPageFile size 4M)
current process WorkingSet (physical memory assigned to process): 10M, peak: 10M
current process commit charge ("private bytes"): 60M, peak: 64M

vm_info: Java HotSpot(TM) 64-Bit Server VM (21.0.2+13-LTS-58) for windows-amd64 JRE (21.0.2+13-LTS-58), built on 2024-01-05T18:32:24Z by "mach5one" with MS VC++ 17.1 (VS2022)

END.
